Picked up JAVA_TOOL_OPTIONS: -XX:CICompilerCount=2 -XX:ParallelGCThreads=2 -XX:ConcGCThreads=2 -Djdk.net.URLClassPath.disableClassPathURLCheck=true 
Java HotSpot(TM) 64-Bit Server VM warning: ignoring option MaxPermSize=512m; support was removed in 8.0
Picked up _JAVA_OPTIONS: -Djdk.net.URLClassPath.disableClassPathURLCheck=true
Apache Maven 3.5.0 (Red Hat 3.5.0-4.3)
Maven home: /opt/rh/rh-maven35/root/usr/share/maven
Java version: 1.8.0_181, vendor: Oracle Corporation
Java home: /scratch/jmcampos/RTA/repair_them_all_framework/jdks/jdk1.8.0_181/jre
Default locale: en_US, platform encoding: UTF-8
OS name: "linux", version: "4.14.132-1.el7.retpoline.x86_64", arch: "amd64", family: "unix"
[INFO] Scanning for projects...
[INFO] 
[INFO] ------------------------------------------------------------------------
[INFO] Building vcdjavaclient 0.1
[INFO] ------------------------------------------------------------------------
[INFO] 
[INFO] --- protoc-jar-maven-plugin:3.4.0:run (default) @ vcdjavaclient ---
[INFO] Resolving artifact: com.google.protobuf:protoc:3.4.0, platform: linux-x86_64
protoc-jar: executing: [/tmp/protoc1080700111847322995.exe, --version]
[INFO] Protoc command: /tmp/protoc1080700111847322995.exe
[INFO] Input directories:
[INFO]     /scratch/tmp-rta/Bears_vitorenesduarte-VCD-java-client_437204853-437571024_java-8/src/main/proto
[INFO] Output targets:
[INFO]     java: /scratch/tmp-rta/Bears_vitorenesduarte-VCD-java-client_437204853-437571024_java-8/src/main/java (add: main, clean: false, plugin: null, outputOptions: null)
libprotoc 3.4.0
[INFO]     Processing (java): client.proto
protoc-jar: executing: [/tmp/protoc1080700111847322995.exe, -I/scratch/tmp-rta/Bears_vitorenesduarte-VCD-java-client_437204853-437571024_java-8/src/main/proto, --java_out=/scratch/tmp-rta/Bears_vitorenesduarte-VCD-java-client_437204853-437571024_java-8/src/main/java, /scratch/tmp-rta/Bears_vitorenesduarte-VCD-java-client_437204853-437571024_java-8/src/main/proto/client.proto]
[INFO] Adding generated classes to classpath
[INFO] 
[INFO] --- build-helper-maven-plugin:3.0.0:add-source (default) @ vcdjavaclient ---
[INFO] Source directory: /scratch/tmp-rta/Bears_vitorenesduarte-VCD-java-client_437204853-437571024_java-8/src/test added.
[INFO] 
[INFO] --- maven-resources-plugin:2.6:resources (default-resources) @ vcdjavaclient ---
[INFO] Using 'UTF-8' encoding to copy filtered resources.
[INFO] skip non existing resourceDirectory /scratch/tmp-rta/Bears_vitorenesduarte-VCD-java-client_437204853-437571024_java-8/src/main/resources
[INFO] 
[INFO] --- maven-compiler-plugin:3.1:compile (default-compile) @ vcdjavaclient ---
[INFO] Changes detected - recompiling the module!
[INFO] Compiling 32 source files to /scratch/tmp-rta/Bears_vitorenesduarte-VCD-java-client_437204853-437571024_java-8/target/classes
[WARNING] /scratch/tmp-rta/Bears_vitorenesduarte-VCD-java-client_437204853-437571024_java-8/src/test/java/org/imdea/vcd/queue/DepQueueTest.java: Some input files use unchecked or unsafe operations.
[WARNING] /scratch/tmp-rta/Bears_vitorenesduarte-VCD-java-client_437204853-437571024_java-8/src/test/java/org/imdea/vcd/queue/DepQueueTest.java: Recompile with -Xlint:unchecked for details.
[INFO] 
[INFO] --- maven-resources-plugin:2.6:testResources (default-testResources) @ vcdjavaclient ---
[INFO] Using 'UTF-8' encoding to copy filtered resources.
[INFO] skip non existing resourceDirectory /scratch/tmp-rta/Bears_vitorenesduarte-VCD-java-client_437204853-437571024_java-8/src/test/resources
[INFO] 
[INFO] --- maven-compiler-plugin:3.1:testCompile (default-testCompile) @ vcdjavaclient ---
[INFO] Nothing to compile - all classes are up to date
[INFO] 
[INFO] --- maven-surefire-plugin:2.12.4:test (default-test) @ vcdjavaclient ---
[INFO] Surefire report directory: /scratch/tmp-rta/Bears_vitorenesduarte-VCD-java-client_437204853-437571024_java-8/target/surefire-reports
[INFO] Downloading: https://repo.maven.apache.org/maven2/org/apache/maven/surefire/surefire-junit4/2.12.4/surefire-junit4-2.12.4.pom
[INFO] Downloaded: https://repo.maven.apache.org/maven2/org/apache/maven/surefire/surefire-junit4/2.12.4/surefire-junit4-2.12.4.pom (2.4 kB at 881 B/s)
[INFO] Downloading: https://repo.maven.apache.org/maven2/org/apache/maven/surefire/surefire-providers/2.12.4/surefire-providers-2.12.4.pom
[INFO] Downloaded: https://repo.maven.apache.org/maven2/org/apache/maven/surefire/surefire-providers/2.12.4/surefire-providers-2.12.4.pom (2.3 kB at 196 kB/s)
[INFO] Downloading: https://repo.maven.apache.org/maven2/org/apache/maven/surefire/surefire-junit4/2.12.4/surefire-junit4-2.12.4.jar
[INFO] Downloaded: https://repo.maven.apache.org/maven2/org/apache/maven/surefire/surefire-junit4/2.12.4/surefire-junit4-2.12.4.jar (37 kB at 1.5 MB/s)

-------------------------------------------------------
 T E S T S
-------------------------------------------------------
Picked up JAVA_TOOL_OPTIONS: -XX:CICompilerCount=2 -XX:ParallelGCThreads=2 -XX:ConcGCThreads=2 -Djdk.net.URLClassPath.disableClassPathURLCheck=true -XX:CICompilerCount=2 -XX:ParallelGCThreads=2 -XX:ConcGCThreads=2 -Djdk.net.URLClassPath.disableClassPathURLCheck=true 
Picked up _JAVA_OPTIONS: -Djdk.net.URLClassPath.disableClassPathURLCheck=true
Running org.imdea.vcd.queue.ConfQueueTest
Tests run: 9, Failures: 0, Errors: 0, Skipped: 0, Time elapsed: 25.726 sec
Running org.imdea.vcd.queue.DepQueueTest
Tests run: 4, Failures: 0, Errors: 0, Skipped: 0, Time elapsed: 15.843 sec
Running org.imdea.vcd.queue.clock.MaxIntTest
Tests run: 3, Failures: 0, Errors: 0, Skipped: 0, Time elapsed: 0.001 sec
Running org.imdea.vcd.queue.clock.ClockTest
Tests run: 4, Failures: 0, Errors: 0, Skipped: 0, Time elapsed: 0 sec
Running org.imdea.vcd.queue.clock.ExceptionSetTest
Tests run: 4, Failures: 0, Errors: 0, Skipped: 0, Time elapsed: 0 sec

Results :

Tests run: 24, Failures: 0, Errors: 0, Skipped: 0

[INFO] ------------------------------------------------------------------------
[INFO] BUILD SUCCESS
[INFO] ------------------------------------------------------------------------
[INFO] Total time: 58.746 s
[INFO] Finished at: 2020-03-14T17:06:53-07:00
[INFO] Final Memory: 28M/1048M
[INFO] ------------------------------------------------------------------------
