Picked up JAVA_TOOL_OPTIONS: -XX:CICompilerCount=2 -XX:ParallelGCThreads=2 -XX:ConcGCThreads=2 -Djdk.net.URLClassPath.disableClassPathURLCheck=true 
Java HotSpot(TM) 64-Bit Server VM warning: ignoring option MaxPermSize=512m; support was removed in 8.0
Picked up _JAVA_OPTIONS: -Djdk.net.URLClassPath.disableClassPathURLCheck=true
Apache Maven 3.5.0 (Red Hat 3.5.0-4.3)
Maven home: /opt/rh/rh-maven35/root/usr/share/maven
Java version: 1.8.0_181, vendor: Oracle Corporation
Java home: /scratch/jmcampos/RTA/repair_them_all_framework/jdks/jdk1.8.0_181/jre
Default locale: en_US, platform encoding: UTF-8
OS name: "linux", version: "4.14.158-1.el7.retpoline.x86_64", arch: "amd64", family: "unix"
[INFO] Scanning for projects...
[INFO] 
[INFO] ------------------------------------------------------------------------
[INFO] Building money-transfer-service 0.1
[INFO] ------------------------------------------------------------------------
[INFO] 
[INFO] --- gmavenplus-plugin:1.6.2:addTestSources (default) @ money-transfer-service ---
[INFO] Downloading: https://dl.bintray.com/groovy/maven/org/apache/maven/maven-plugin-api/3.0.1/maven-plugin-api-3.0.1.pom
[INFO] Downloading: https://repo.maven.apache.org/maven2/org/apache/maven/maven-plugin-api/3.0.1/maven-plugin-api-3.0.1.pom
[INFO] Downloaded: https://repo.maven.apache.org/maven2/org/apache/maven/maven-plugin-api/3.0.1/maven-plugin-api-3.0.1.pom (2.3 kB at 27 kB/s)
[INFO] Downloading: https://dl.bintray.com/groovy/maven/org/apache/maven/maven/3.0.1/maven-3.0.1.pom
[INFO] Downloading: https://repo.maven.apache.org/maven2/org/apache/maven/maven/3.0.1/maven-3.0.1.pom
[INFO] Downloaded: https://repo.maven.apache.org/maven2/org/apache/maven/maven/3.0.1/maven-3.0.1.pom (23 kB at 537 kB/s)
[INFO] Downloading: https://dl.bintray.com/groovy/maven/org/apache/maven/maven-model/3.0.1/maven-model-3.0.1.pom
[INFO] Downloading: https://repo.maven.apache.org/maven2/org/apache/maven/maven-model/3.0.1/maven-model-3.0.1.pom
[INFO] Downloaded: https://repo.maven.apache.org/maven2/org/apache/maven/maven-model/3.0.1/maven-model-3.0.1.pom (3.9 kB at 126 kB/s)
[INFO] Downloading: https://dl.bintray.com/groovy/maven/org/apache/maven/maven-artifact/3.0.1/maven-artifact-3.0.1.pom
[INFO] Downloading: https://repo.maven.apache.org/maven2/org/apache/maven/maven-artifact/3.0.1/maven-artifact-3.0.1.pom
[INFO] Downloaded: https://repo.maven.apache.org/maven2/org/apache/maven/maven-artifact/3.0.1/maven-artifact-3.0.1.pom (1.9 kB at 148 kB/s)
[INFO] Downloading: https://dl.bintray.com/groovy/maven/org/sonatype/sisu/sisu-inject-plexus/1.4.3.1/sisu-inject-plexus-1.4.3.1.pom
[INFO] Downloading: https://repo.maven.apache.org/maven2/org/sonatype/sisu/sisu-inject-plexus/1.4.3.1/sisu-inject-plexus-1.4.3.1.pom
[INFO] Downloaded: https://repo.maven.apache.org/maven2/org/sonatype/sisu/sisu-inject-plexus/1.4.3.1/sisu-inject-plexus-1.4.3.1.pom (5.2 kB at 180 kB/s)
[INFO] Downloading: https://dl.bintray.com/groovy/maven/org/sonatype/sisu/inject/guice-plexus/1.4.3.1/guice-plexus-1.4.3.1.pom
[INFO] Downloading: https://repo.maven.apache.org/maven2/org/sonatype/sisu/inject/guice-plexus/1.4.3.1/guice-plexus-1.4.3.1.pom
[INFO] Downloaded: https://repo.maven.apache.org/maven2/org/sonatype/sisu/inject/guice-plexus/1.4.3.1/guice-plexus-1.4.3.1.pom (3.0 kB at 178 kB/s)
[INFO] Downloading: https://dl.bintray.com/groovy/maven/org/sonatype/sisu/inject/guice-bean/1.4.3.1/guice-bean-1.4.3.1.pom
[INFO] Downloading: https://repo.maven.apache.org/maven2/org/sonatype/sisu/inject/guice-bean/1.4.3.1/guice-bean-1.4.3.1.pom
[INFO] Downloaded: https://repo.maven.apache.org/maven2/org/sonatype/sisu/inject/guice-bean/1.4.3.1/guice-bean-1.4.3.1.pom (2.5 kB at 168 kB/s)
[INFO] Downloading: https://dl.bintray.com/groovy/maven/org/sonatype/sisu/sisu-inject/1.4.3.1/sisu-inject-1.4.3.1.pom
[INFO] Downloading: https://repo.maven.apache.org/maven2/org/sonatype/sisu/sisu-inject/1.4.3.1/sisu-inject-1.4.3.1.pom
[INFO] Downloaded: https://repo.maven.apache.org/maven2/org/sonatype/sisu/sisu-inject/1.4.3.1/sisu-inject-1.4.3.1.pom (1.2 kB at 57 kB/s)
[INFO] Downloading: https://dl.bintray.com/groovy/maven/org/sonatype/sisu/sisu-parent/1.4.3.1/sisu-parent-1.4.3.1.pom
[INFO] Downloading: https://repo.maven.apache.org/maven2/org/sonatype/sisu/sisu-parent/1.4.3.1/sisu-parent-1.4.3.1.pom
[INFO] Downloaded: https://repo.maven.apache.org/maven2/org/sonatype/sisu/sisu-parent/1.4.3.1/sisu-parent-1.4.3.1.pom (8.1 kB at 385 kB/s)
[INFO] Downloading: https://dl.bintray.com/groovy/maven/org/sonatype/forge/forge-parent/6/forge-parent-6.pom
[INFO] Downloading: https://repo.maven.apache.org/maven2/org/sonatype/forge/forge-parent/6/forge-parent-6.pom
[INFO] Downloaded: https://repo.maven.apache.org/maven2/org/sonatype/forge/forge-parent/6/forge-parent-6.pom (11 kB at 896 kB/s)
[INFO] Downloading: https://dl.bintray.com/groovy/maven/org/codehaus/plexus/plexus-classworlds/2.2.3/plexus-classworlds-2.2.3.pom
[INFO] Downloading: https://repo.maven.apache.org/maven2/org/codehaus/plexus/plexus-classworlds/2.2.3/plexus-classworlds-2.2.3.pom
[INFO] Downloaded: https://repo.maven.apache.org/maven2/org/codehaus/plexus/plexus-classworlds/2.2.3/plexus-classworlds-2.2.3.pom (4.0 kB at 210 kB/s)
[INFO] Downloading: https://dl.bintray.com/groovy/maven/org/sonatype/sisu/sisu-inject-bean/1.4.3.1/sisu-inject-bean-1.4.3.1.pom
[INFO] Downloading: https://repo.maven.apache.org/maven2/org/sonatype/sisu/sisu-inject-bean/1.4.3.1/sisu-inject-bean-1.4.3.1.pom
[INFO] Downloaded: https://repo.maven.apache.org/maven2/org/sonatype/sisu/sisu-inject-bean/1.4.3.1/sisu-inject-bean-1.4.3.1.pom (5.3 kB at 252 kB/s)
[INFO] Downloading: https://dl.bintray.com/groovy/maven/org/sonatype/sisu/sisu-guice/2.9.1/sisu-guice-2.9.1.pom
[INFO] Downloading: https://repo.maven.apache.org/maven2/org/sonatype/sisu/sisu-guice/2.9.1/sisu-guice-2.9.1.pom
[INFO] Downloaded: https://repo.maven.apache.org/maven2/org/sonatype/sisu/sisu-guice/2.9.1/sisu-guice-2.9.1.pom (6.7 kB at 304 kB/s)
[INFO] Downloading: https://dl.bintray.com/groovy/maven/org/sonatype/sisu/inject/guice-parent/2.9.1/guice-parent-2.9.1.pom
[INFO] Downloading: https://repo.maven.apache.org/maven2/org/sonatype/sisu/inject/guice-parent/2.9.1/guice-parent-2.9.1.pom
[INFO] Downloaded: https://repo.maven.apache.org/maven2/org/sonatype/sisu/inject/guice-parent/2.9.1/guice-parent-2.9.1.pom (12 kB at 411 kB/s)
[INFO] Downloading: https://dl.bintray.com/groovy/maven/org/apache/maven/maven-core/3.0.1/maven-core-3.0.1.pom
[INFO] Downloading: https://repo.maven.apache.org/maven2/org/apache/maven/maven-core/3.0.1/maven-core-3.0.1.pom
[INFO] Downloaded: https://repo.maven.apache.org/maven2/org/apache/maven/maven-core/3.0.1/maven-core-3.0.1.pom (6.6 kB at 255 kB/s)
[INFO] Downloading: https://dl.bintray.com/groovy/maven/org/apache/maven/maven-settings/3.0.1/maven-settings-3.0.1.pom
[INFO] Downloading: https://repo.maven.apache.org/maven2/org/apache/maven/maven-settings/3.0.1/maven-settings-3.0.1.pom
[INFO] Downloaded: https://repo.maven.apache.org/maven2/org/apache/maven/maven-settings/3.0.1/maven-settings-3.0.1.pom (1.9 kB at 72 kB/s)
[INFO] Downloading: https://dl.bintray.com/groovy/maven/org/apache/maven/maven-settings-builder/3.0.1/maven-settings-builder-3.0.1.pom
[INFO] Downloading: https://repo.maven.apache.org/maven2/org/apache/maven/maven-settings-builder/3.0.1/maven-settings-builder-3.0.1.pom
[INFO] Downloaded: https://repo.maven.apache.org/maven2/org/apache/maven/maven-settings-builder/3.0.1/maven-settings-builder-3.0.1.pom (2.2 kB at 222 kB/s)
[INFO] Downloading: https://dl.bintray.com/groovy/maven/org/codehaus/plexus/plexus-interpolation/1.14/plexus-interpolation-1.14.pom
[INFO] Downloading: https://repo.maven.apache.org/maven2/org/codehaus/plexus/plexus-interpolation/1.14/plexus-interpolation-1.14.pom
[INFO] Downloaded: https://repo.maven.apache.org/maven2/org/codehaus/plexus/plexus-interpolation/1.14/plexus-interpolation-1.14.pom (910 B at 76 kB/s)
[INFO] Downloading: https://dl.bintray.com/groovy/maven/org/codehaus/plexus/plexus-components/1.1.18/plexus-components-1.1.18.pom
[INFO] Downloading: https://repo.maven.apache.org/maven2/org/codehaus/plexus/plexus-components/1.1.18/plexus-components-1.1.18.pom
[INFO] Downloaded: https://repo.maven.apache.org/maven2/org/codehaus/plexus/plexus-components/1.1.18/plexus-components-1.1.18.pom (5.4 kB at 382 kB/s)
[INFO] Downloading: https://dl.bintray.com/groovy/maven/org/apache/maven/maven-repository-metadata/3.0.1/maven-repository-metadata-3.0.1.pom
[INFO] Downloading: https://repo.maven.apache.org/maven2/org/apache/maven/maven-repository-metadata/3.0.1/maven-repository-metadata-3.0.1.pom
[INFO] Downloaded: https://repo.maven.apache.org/maven2/org/apache/maven/maven-repository-metadata/3.0.1/maven-repository-metadata-3.0.1.pom (1.9 kB at 138 kB/s)
[INFO] Downloading: https://dl.bintray.com/groovy/maven/org/apache/maven/maven-model-builder/3.0.1/maven-model-builder-3.0.1.pom
[INFO] Downloading: https://repo.maven.apache.org/maven2/org/apache/maven/maven-model-builder/3.0.1/maven-model-builder-3.0.1.pom
[INFO] Downloaded: https://repo.maven.apache.org/maven2/org/apache/maven/maven-model-builder/3.0.1/maven-model-builder-3.0.1.pom (2.2 kB at 118 kB/s)
[INFO] Downloading: https://dl.bintray.com/groovy/maven/org/apache/maven/maven-aether-provider/3.0.1/maven-aether-provider-3.0.1.pom
[INFO] Downloading: https://repo.maven.apache.org/maven2/org/apache/maven/maven-aether-provider/3.0.1/maven-aether-provider-3.0.1.pom
[INFO] Downloaded: https://repo.maven.apache.org/maven2/org/apache/maven/maven-aether-provider/3.0.1/maven-aether-provider-3.0.1.pom (2.9 kB at 124 kB/s)
[INFO] Downloading: https://dl.bintray.com/groovy/maven/org/sonatype/aether/aether-api/1.8/aether-api-1.8.pom
[INFO] Downloading: https://repo.maven.apache.org/maven2/org/sonatype/aether/aether-api/1.8/aether-api-1.8.pom
[INFO] Downloaded: https://repo.maven.apache.org/maven2/org/sonatype/aether/aether-api/1.8/aether-api-1.8.pom (1.3 kB at 75 kB/s)
[INFO] Downloading: https://dl.bintray.com/groovy/maven/org/sonatype/aether/aether-parent/1.8/aether-parent-1.8.pom
[INFO] Downloading: https://repo.maven.apache.org/maven2/org/sonatype/aether/aether-parent/1.8/aether-parent-1.8.pom
[INFO] Downloaded: https://repo.maven.apache.org/maven2/org/sonatype/aether/aether-parent/1.8/aether-parent-1.8.pom (9.3 kB at 665 kB/s)
[INFO] Downloading: https://dl.bintray.com/groovy/maven/org/sonatype/aether/aether-spi/1.8/aether-spi-1.8.pom
[INFO] Downloading: https://repo.maven.apache.org/maven2/org/sonatype/aether/aether-spi/1.8/aether-spi-1.8.pom
[INFO] Downloaded: https://repo.maven.apache.org/maven2/org/sonatype/aether/aether-spi/1.8/aether-spi-1.8.pom (1.3 kB at 87 kB/s)
[INFO] Downloading: https://dl.bintray.com/groovy/maven/org/sonatype/aether/aether-util/1.8/aether-util-1.8.pom
[INFO] Downloading: https://repo.maven.apache.org/maven2/org/sonatype/aether/aether-util/1.8/aether-util-1.8.pom
[INFO] Downloaded: https://repo.maven.apache.org/maven2/org/sonatype/aether/aether-util/1.8/aether-util-1.8.pom (1.6 kB at 87 kB/s)
[INFO] Downloading: https://dl.bintray.com/groovy/maven/org/sonatype/aether/aether-impl/1.8/aether-impl-1.8.pom
[INFO] Downloading: https://repo.maven.apache.org/maven2/org/sonatype/aether/aether-impl/1.8/aether-impl-1.8.pom
[INFO] Downloaded: https://repo.maven.apache.org/maven2/org/sonatype/aether/aether-impl/1.8/aether-impl-1.8.pom (2.9 kB at 118 kB/s)
[INFO] Downloading: https://dl.bintray.com/groovy/maven/org/codehaus/plexus/plexus-classworlds/2.4/plexus-classworlds-2.4.pom
[INFO] Downloading: https://repo.maven.apache.org/maven2/org/codehaus/plexus/plexus-classworlds/2.4/plexus-classworlds-2.4.pom
[INFO] Downloaded: https://repo.maven.apache.org/maven2/org/codehaus/plexus/plexus-classworlds/2.4/plexus-classworlds-2.4.pom (3.9 kB at 353 kB/s)
[INFO] Downloading: https://dl.bintray.com/groovy/maven/org/apache/maven/shared/file-management/3.0.0/file-management-3.0.0.pom
[INFO] Downloading: https://repo.maven.apache.org/maven2/org/apache/maven/shared/file-management/3.0.0/file-management-3.0.0.pom
[INFO] Downloaded: https://repo.maven.apache.org/maven2/org/apache/maven/shared/file-management/3.0.0/file-management-3.0.0.pom (4.7 kB at 151 kB/s)
[INFO] Downloading: https://dl.bintray.com/groovy/maven/org/apache/maven/shared/maven-shared-components/22/maven-shared-components-22.pom
[INFO] Downloading: https://repo.maven.apache.org/maven2/org/apache/maven/shared/maven-shared-components/22/maven-shared-components-22.pom
[INFO] Downloaded: https://repo.maven.apache.org/maven2/org/apache/maven/shared/maven-shared-components/22/maven-shared-components-22.pom (5.1 kB at 341 kB/s)
[INFO] Downloading: https://dl.bintray.com/groovy/maven/org/apache/maven/maven-parent/27/maven-parent-27.pom
[INFO] Downloading: https://repo.maven.apache.org/maven2/org/apache/maven/maven-parent/27/maven-parent-27.pom
[INFO] Downloaded: https://repo.maven.apache.org/maven2/org/apache/maven/maven-parent/27/maven-parent-27.pom (41 kB at 2.0 MB/s)
[INFO] Downloading: https://dl.bintray.com/groovy/maven/org/apache/apache/17/apache-17.pom
[INFO] Downloading: https://repo.maven.apache.org/maven2/org/apache/apache/17/apache-17.pom
[INFO] Downloaded: https://repo.maven.apache.org/maven2/org/apache/apache/17/apache-17.pom (16 kB at 698 kB/s)
[INFO] Downloading: https://dl.bintray.com/groovy/maven/org/apache/maven/maven-plugin-api/3.0/maven-plugin-api-3.0.pom
[INFO] Downloading: https://repo.maven.apache.org/maven2/org/apache/maven/maven-plugin-api/3.0/maven-plugin-api-3.0.pom
[INFO] Downloaded: https://repo.maven.apache.org/maven2/org/apache/maven/maven-plugin-api/3.0/maven-plugin-api-3.0.pom (2.3 kB at 143 kB/s)
[INFO] Downloading: https://dl.bintray.com/groovy/maven/org/apache/maven/maven-model/3.0/maven-model-3.0.pom
[INFO] Downloading: https://repo.maven.apache.org/maven2/org/apache/maven/maven-model/3.0/maven-model-3.0.pom
[INFO] Downloaded: https://repo.maven.apache.org/maven2/org/apache/maven/maven-model/3.0/maven-model-3.0.pom (3.9 kB at 324 kB/s)
[INFO] Downloading: https://dl.bintray.com/groovy/maven/org/sonatype/sisu/sisu-inject-plexus/1.4.2/sisu-inject-plexus-1.4.2.pom
[INFO] Downloading: https://repo.maven.apache.org/maven2/org/sonatype/sisu/sisu-inject-plexus/1.4.2/sisu-inject-plexus-1.4.2.pom
[INFO] Downloaded: https://repo.maven.apache.org/maven2/org/sonatype/sisu/sisu-inject-plexus/1.4.2/sisu-inject-plexus-1.4.2.pom (5.4 kB at 268 kB/s)
[INFO] Downloading: https://dl.bintray.com/groovy/maven/org/sonatype/sisu/inject/guice-plexus/1.4.2/guice-plexus-1.4.2.pom
[INFO] Downloading: https://repo.maven.apache.org/maven2/org/sonatype/sisu/inject/guice-plexus/1.4.2/guice-plexus-1.4.2.pom
[INFO] Downloaded: https://repo.maven.apache.org/maven2/org/sonatype/sisu/inject/guice-plexus/1.4.2/guice-plexus-1.4.2.pom (3.1 kB at 87 kB/s)
[INFO] Downloading: https://dl.bintray.com/groovy/maven/org/sonatype/sisu/inject/guice-bean/1.4.2/guice-bean-1.4.2.pom
[INFO] Downloading: https://repo.maven.apache.org/maven2/org/sonatype/sisu/inject/guice-bean/1.4.2/guice-bean-1.4.2.pom
[INFO] Downloaded: https://repo.maven.apache.org/maven2/org/sonatype/sisu/inject/guice-bean/1.4.2/guice-bean-1.4.2.pom (2.6 kB at 290 kB/s)
[INFO] Downloading: https://dl.bintray.com/groovy/maven/org/sonatype/sisu/sisu-inject/1.4.2/sisu-inject-1.4.2.pom
[INFO] Downloading: https://repo.maven.apache.org/maven2/org/sonatype/sisu/sisu-inject/1.4.2/sisu-inject-1.4.2.pom
[INFO] Downloaded: https://repo.maven.apache.org/maven2/org/sonatype/sisu/sisu-inject/1.4.2/sisu-inject-1.4.2.pom (1.2 kB at 139 kB/s)
[INFO] Downloading: https://dl.bintray.com/groovy/maven/org/sonatype/sisu/sisu-parent/1.4.2/sisu-parent-1.4.2.pom
[INFO] Downloading: https://repo.maven.apache.org/maven2/org/sonatype/sisu/sisu-parent/1.4.2/sisu-parent-1.4.2.pom
[INFO] Downloaded: https://repo.maven.apache.org/maven2/org/sonatype/sisu/sisu-parent/1.4.2/sisu-parent-1.4.2.pom (7.8 kB at 486 kB/s)
[INFO] Downloading: https://dl.bintray.com/groovy/maven/org/codehaus/plexus/plexus-component-annotations/1.5.4/plexus-component-annotations-1.5.4.pom
[INFO] Downloading: https://repo.maven.apache.org/maven2/org/codehaus/plexus/plexus-component-annotations/1.5.4/plexus-component-annotations-1.5.4.pom
[INFO] Downloaded: https://repo.maven.apache.org/maven2/org/codehaus/plexus/plexus-component-annotations/1.5.4/plexus-component-annotations-1.5.4.pom (815 B at 82 kB/s)
[INFO] Downloading: https://dl.bintray.com/groovy/maven/org/codehaus/plexus/plexus-containers/1.5.4/plexus-containers-1.5.4.pom
[INFO] Downloading: https://repo.maven.apache.org/maven2/org/codehaus/plexus/plexus-containers/1.5.4/plexus-containers-1.5.4.pom
[INFO] Downloaded: https://repo.maven.apache.org/maven2/org/codehaus/plexus/plexus-containers/1.5.4/plexus-containers-1.5.4.pom (4.2 kB at 249 kB/s)
[INFO] Downloading: https://dl.bintray.com/groovy/maven/org/codehaus/plexus/plexus/2.0.5/plexus-2.0.5.pom
[INFO] Downloading: https://repo.maven.apache.org/maven2/org/codehaus/plexus/plexus/2.0.5/plexus-2.0.5.pom
[INFO] Downloaded: https://repo.maven.apache.org/maven2/org/codehaus/plexus/plexus/2.0.5/plexus-2.0.5.pom (17 kB at 620 kB/s)
[INFO] Downloading: https://dl.bintray.com/groovy/maven/org/sonatype/sisu/sisu-inject-bean/1.4.2/sisu-inject-bean-1.4.2.pom
[INFO] Downloading: https://repo.maven.apache.org/maven2/org/sonatype/sisu/sisu-inject-bean/1.4.2/sisu-inject-bean-1.4.2.pom
[INFO] Downloaded: https://repo.maven.apache.org/maven2/org/sonatype/sisu/sisu-inject-bean/1.4.2/sisu-inject-bean-1.4.2.pom (5.5 kB at 420 kB/s)
[INFO] Downloading: https://dl.bintray.com/groovy/maven/org/sonatype/sisu/sisu-guice/2.1.7/sisu-guice-2.1.7.pom
[INFO] Downloading: https://repo.maven.apache.org/maven2/org/sonatype/sisu/sisu-guice/2.1.7/sisu-guice-2.1.7.pom
[INFO] Downloaded: https://repo.maven.apache.org/maven2/org/sonatype/sisu/sisu-guice/2.1.7/sisu-guice-2.1.7.pom (11 kB at 851 kB/s)
[INFO] Downloading: https://dl.bintray.com/groovy/maven/org/apache/maven/shared/maven-shared-io/3.0.0/maven-shared-io-3.0.0.pom
[INFO] Downloading: https://repo.maven.apache.org/maven2/org/apache/maven/shared/maven-shared-io/3.0.0/maven-shared-io-3.0.0.pom
[INFO] Downloaded: https://repo.maven.apache.org/maven2/org/apache/maven/shared/maven-shared-io/3.0.0/maven-shared-io-3.0.0.pom (4.2 kB at 297 kB/s)
[INFO] Downloading: https://dl.bintray.com/groovy/maven/org/apache/maven/maven-compat/3.0/maven-compat-3.0.pom
[INFO] Downloading: https://repo.maven.apache.org/maven2/org/apache/maven/maven-compat/3.0/maven-compat-3.0.pom
[INFO] Downloaded: https://repo.maven.apache.org/maven2/org/apache/maven/maven-compat/3.0/maven-compat-3.0.pom (4.0 kB at 447 kB/s)
[INFO] Downloading: https://dl.bintray.com/groovy/maven/org/apache/maven/maven-model-builder/3.0/maven-model-builder-3.0.pom
[INFO] Downloading: https://repo.maven.apache.org/maven2/org/apache/maven/maven-model-builder/3.0/maven-model-builder-3.0.pom
[INFO] Downloaded: https://repo.maven.apache.org/maven2/org/apache/maven/maven-model-builder/3.0/maven-model-builder-3.0.pom (2.2 kB at 44 kB/s)
[INFO] Downloading: https://dl.bintray.com/groovy/maven/org/apache/maven/maven-settings/3.0/maven-settings-3.0.pom
[INFO] Downloading: https://repo.maven.apache.org/maven2/org/apache/maven/maven-settings/3.0/maven-settings-3.0.pom
[INFO] Downloaded: https://repo.maven.apache.org/maven2/org/apache/maven/maven-settings/3.0/maven-settings-3.0.pom (1.9 kB at 30 kB/s)
[INFO] Downloading: https://dl.bintray.com/groovy/maven/org/apache/maven/maven-core/3.0/maven-core-3.0.pom
[INFO] Downloading: https://repo.maven.apache.org/maven2/org/apache/maven/maven-core/3.0/maven-core-3.0.pom
[INFO] Downloaded: https://repo.maven.apache.org/maven2/org/apache/maven/maven-core/3.0/maven-core-3.0.pom (6.6 kB at 603 kB/s)
[INFO] Downloading: https://dl.bintray.com/groovy/maven/org/apache/maven/maven-settings-builder/3.0/maven-settings-builder-3.0.pom
[INFO] Downloading: https://repo.maven.apache.org/maven2/org/apache/maven/maven-settings-builder/3.0/maven-settings-builder-3.0.pom
[INFO] Downloaded: https://repo.maven.apache.org/maven2/org/apache/maven/maven-settings-builder/3.0/maven-settings-builder-3.0.pom (2.2 kB at 278 kB/s)
[INFO] Downloading: https://dl.bintray.com/groovy/maven/org/apache/maven/maven-repository-metadata/3.0/maven-repository-metadata-3.0.pom
[INFO] Downloading: https://repo.maven.apache.org/maven2/org/apache/maven/maven-repository-metadata/3.0/maven-repository-metadata-3.0.pom
[INFO] Downloaded: https://repo.maven.apache.org/maven2/org/apache/maven/maven-repository-metadata/3.0/maven-repository-metadata-3.0.pom (1.9 kB at 175 kB/s)
[INFO] Downloading: https://dl.bintray.com/groovy/maven/org/apache/maven/maven-aether-provider/3.0/maven-aether-provider-3.0.pom
[INFO] Downloading: https://repo.maven.apache.org/maven2/org/apache/maven/maven-aether-provider/3.0/maven-aether-provider-3.0.pom
[INFO] Downloaded: https://repo.maven.apache.org/maven2/org/apache/maven/maven-aether-provider/3.0/maven-aether-provider-3.0.pom (2.5 kB at 154 kB/s)
[INFO] Downloading: https://dl.bintray.com/groovy/maven/org/sonatype/aether/aether-api/1.7/aether-api-1.7.pom
[INFO] Downloading: https://repo.maven.apache.org/maven2/org/sonatype/aether/aether-api/1.7/aether-api-1.7.pom
[INFO] Downloaded: https://repo.maven.apache.org/maven2/org/sonatype/aether/aether-api/1.7/aether-api-1.7.pom (1.7 kB at 209 kB/s)
[INFO] Downloading: https://dl.bintray.com/groovy/maven/org/sonatype/aether/aether-parent/1.7/aether-parent-1.7.pom
[INFO] Downloading: https://repo.maven.apache.org/maven2/org/sonatype/aether/aether-parent/1.7/aether-parent-1.7.pom
[INFO] Downloaded: https://repo.maven.apache.org/maven2/org/sonatype/aether/aether-parent/1.7/aether-parent-1.7.pom (7.7 kB at 297 kB/s)
[INFO] Downloading: https://dl.bintray.com/groovy/maven/org/sonatype/aether/aether-util/1.7/aether-util-1.7.pom
[INFO] Downloading: https://repo.maven.apache.org/maven2/org/sonatype/aether/aether-util/1.7/aether-util-1.7.pom
[INFO] Downloaded: https://repo.maven.apache.org/maven2/org/sonatype/aether/aether-util/1.7/aether-util-1.7.pom (2.1 kB at 229 kB/s)
[INFO] Downloading: https://dl.bintray.com/groovy/maven/org/sonatype/aether/aether-impl/1.7/aether-impl-1.7.pom
[INFO] Downloading: https://repo.maven.apache.org/maven2/org/sonatype/aether/aether-impl/1.7/aether-impl-1.7.pom
[INFO] Downloaded: https://repo.maven.apache.org/maven2/org/sonatype/aether/aether-impl/1.7/aether-impl-1.7.pom (3.7 kB at 119 kB/s)
[INFO] Downloading: https://dl.bintray.com/groovy/maven/org/sonatype/aether/aether-spi/1.7/aether-spi-1.7.pom
[INFO] Downloading: https://repo.maven.apache.org/maven2/org/sonatype/aether/aether-spi/1.7/aether-spi-1.7.pom
[INFO] Downloaded: https://repo.maven.apache.org/maven2/org/sonatype/aether/aether-spi/1.7/aether-spi-1.7.pom (1.7 kB at 158 kB/s)
[INFO] Downloading: https://dl.bintray.com/groovy/maven/org/apache/maven/wagon/wagon-provider-api/1.0-beta-6/wagon-provider-api-1.0-beta-6.pom
[INFO] Downloading: https://repo.maven.apache.org/maven2/org/apache/maven/wagon/wagon-provider-api/1.0-beta-6/wagon-provider-api-1.0-beta-6.pom
[INFO] Downloaded: https://repo.maven.apache.org/maven2/org/apache/maven/wagon/wagon-provider-api/1.0-beta-6/wagon-provider-api-1.0-beta-6.pom (1.8 kB at 49 kB/s)
[INFO] Downloading: https://dl.bintray.com/groovy/maven/org/apache/maven/wagon/wagon/1.0-beta-6/wagon-1.0-beta-6.pom
[INFO] Downloading: https://repo.maven.apache.org/maven2/org/apache/maven/wagon/wagon/1.0-beta-6/wagon-1.0-beta-6.pom
[INFO] Downloaded: https://repo.maven.apache.org/maven2/org/apache/maven/wagon/wagon/1.0-beta-6/wagon-1.0-beta-6.pom (12 kB at 1.2 MB/s)
[INFO] Downloading: https://dl.bintray.com/groovy/maven/org/codehaus/plexus/plexus-utils/1.4.2/plexus-utils-1.4.2.pom
[INFO] Downloading: https://repo.maven.apache.org/maven2/org/codehaus/plexus/plexus-utils/1.4.2/plexus-utils-1.4.2.pom
[INFO] Downloaded: https://repo.maven.apache.org/maven2/org/codehaus/plexus/plexus-utils/1.4.2/plexus-utils-1.4.2.pom (2.0 kB at 196 kB/s)
[INFO] Downloading: https://dl.bintray.com/groovy/maven/org/apache/maven/wagon/wagon-provider-api/2.10/wagon-provider-api-2.10.pom
[INFO] Downloading: https://repo.maven.apache.org/maven2/org/apache/maven/wagon/wagon-provider-api/2.10/wagon-provider-api-2.10.pom
[INFO] Downloaded: https://repo.maven.apache.org/maven2/org/apache/maven/wagon/wagon-provider-api/2.10/wagon-provider-api-2.10.pom (1.7 kB at 157 kB/s)
[INFO] Downloading: https://dl.bintray.com/groovy/maven/org/apache/maven/wagon/wagon/2.10/wagon-2.10.pom
[INFO] Downloading: https://repo.maven.apache.org/maven2/org/apache/maven/wagon/wagon/2.10/wagon-2.10.pom
[INFO] Downloaded: https://repo.maven.apache.org/maven2/org/apache/maven/wagon/wagon/2.10/wagon-2.10.pom (21 kB at 855 kB/s)
[INFO] Downloading: https://dl.bintray.com/groovy/maven/org/apache/maven/shared/maven-shared-utils/3.0.0/maven-shared-utils-3.0.0.pom
[INFO] Downloading: https://repo.maven.apache.org/maven2/org/apache/maven/shared/maven-shared-utils/3.0.0/maven-shared-utils-3.0.0.pom
[INFO] Downloaded: https://repo.maven.apache.org/maven2/org/apache/maven/shared/maven-shared-utils/3.0.0/maven-shared-utils-3.0.0.pom (5.6 kB at 372 kB/s)
[INFO] Downloading: https://dl.bintray.com/groovy/maven/org/apache/maven/shared/maven-shared-components/21/maven-shared-components-21.pom
[INFO] Downloading: https://repo.maven.apache.org/maven2/org/apache/maven/shared/maven-shared-components/21/maven-shared-components-21.pom
[INFO] Downloaded: https://repo.maven.apache.org/maven2/org/apache/maven/shared/maven-shared-components/21/maven-shared-components-21.pom (5.1 kB at 204 kB/s)
[INFO] Downloading: https://dl.bintray.com/groovy/maven/org/apache/maven/maven-parent/25/maven-parent-25.pom
[INFO] Downloading: https://repo.maven.apache.org/maven2/org/apache/maven/maven-parent/25/maven-parent-25.pom
[INFO] Downloaded: https://repo.maven.apache.org/maven2/org/apache/maven/maven-parent/25/maven-parent-25.pom (37 kB at 891 kB/s)
[INFO] Downloading: https://dl.bintray.com/groovy/maven/org/apache/apache/15/apache-15.pom
[INFO] Downloading: https://repo.maven.apache.org/maven2/org/apache/apache/15/apache-15.pom
[INFO] Downloaded: https://repo.maven.apache.org/maven2/org/apache/apache/15/apache-15.pom (15 kB at 331 kB/s)
[INFO] Downloading: https://dl.bintray.com/groovy/maven/commons-io/commons-io/2.4/commons-io-2.4.pom
[INFO] Downloading: https://repo.maven.apache.org/maven2/commons-io/commons-io/2.4/commons-io-2.4.pom
[INFO] Downloaded: https://repo.maven.apache.org/maven2/commons-io/commons-io/2.4/commons-io-2.4.pom (10 kB at 508 kB/s)
[INFO] Downloading: https://dl.bintray.com/groovy/maven/org/apache/commons/commons-parent/25/commons-parent-25.pom
[INFO] Downloading: https://repo.maven.apache.org/maven2/org/apache/commons/commons-parent/25/commons-parent-25.pom
[INFO] Downloaded: https://repo.maven.apache.org/maven2/org/apache/commons/commons-parent/25/commons-parent-25.pom (48 kB at 1.6 MB/s)
[INFO] Downloading: https://dl.bintray.com/groovy/maven/org/codehaus/plexus/plexus-utils/3.0.22/plexus-utils-3.0.22.pom
[INFO] Downloading: https://repo.maven.apache.org/maven2/org/codehaus/plexus/plexus-utils/3.0.22/plexus-utils-3.0.22.pom
[INFO] Downloaded: https://repo.maven.apache.org/maven2/org/codehaus/plexus/plexus-utils/3.0.22/plexus-utils-3.0.22.pom (3.8 kB at 274 kB/s)
[INFO] Downloading: https://dl.bintray.com/groovy/maven/org/codehaus/plexus/plexus-container-default/1.7.1/plexus-container-default-1.7.1.pom
[INFO] Downloading: https://repo.maven.apache.org/maven2/org/codehaus/plexus/plexus-container-default/1.7.1/plexus-container-default-1.7.1.pom
[INFO] Downloaded: https://repo.maven.apache.org/maven2/org/codehaus/plexus/plexus-container-default/1.7.1/plexus-container-default-1.7.1.pom (2.8 kB at 184 kB/s)
[INFO] Downloading: https://dl.bintray.com/groovy/maven/org/codehaus/plexus/plexus-classworlds/2.5.1/plexus-classworlds-2.5.1.pom
[INFO] Downloading: https://repo.maven.apache.org/maven2/org/codehaus/plexus/plexus-classworlds/2.5.1/plexus-classworlds-2.5.1.pom
[INFO] Downloaded: https://repo.maven.apache.org/maven2/org/codehaus/plexus/plexus-classworlds/2.5.1/plexus-classworlds-2.5.1.pom (5.0 kB at 264 kB/s)
[INFO] Downloading: https://dl.bintray.com/groovy/maven/org/apache/xbean/xbean-reflect/3.7/xbean-reflect-3.7.pom
[INFO] Downloading: https://repo.maven.apache.org/maven2/org/apache/xbean/xbean-reflect/3.7/xbean-reflect-3.7.pom
[INFO] Downloaded: https://repo.maven.apache.org/maven2/org/apache/xbean/xbean-reflect/3.7/xbean-reflect-3.7.pom (5.1 kB at 566 kB/s)
[INFO] Downloading: https://dl.bintray.com/groovy/maven/org/apache/xbean/xbean/3.7/xbean-3.7.pom
[INFO] Downloading: https://repo.maven.apache.org/maven2/org/apache/xbean/xbean/3.7/xbean-3.7.pom
[INFO] Downloaded: https://repo.maven.apache.org/maven2/org/apache/xbean/xbean/3.7/xbean-3.7.pom (15 kB at 5.3 kB/s)
[INFO] Downloading: https://dl.bintray.com/groovy/maven/org/apache/geronimo/genesis/genesis-java5-flava/2.0/genesis-java5-flava-2.0.pom
[INFO] Downloading: https://repo.maven.apache.org/maven2/org/apache/geronimo/genesis/genesis-java5-flava/2.0/genesis-java5-flava-2.0.pom
[INFO] Downloaded: https://repo.maven.apache.org/maven2/org/apache/geronimo/genesis/genesis-java5-flava/2.0/genesis-java5-flava-2.0.pom (5.5 kB at 366 kB/s)
[INFO] Downloading: https://dl.bintray.com/groovy/maven/org/apache/geronimo/genesis/genesis-default-flava/2.0/genesis-default-flava-2.0.pom
[INFO] Downloading: https://repo.maven.apache.org/maven2/org/apache/geronimo/genesis/genesis-default-flava/2.0/genesis-default-flava-2.0.pom
[INFO] Downloaded: https://repo.maven.apache.org/maven2/org/apache/geronimo/genesis/genesis-default-flava/2.0/genesis-default-flava-2.0.pom (18 kB at 2.0 MB/s)
[INFO] Downloading: https://dl.bintray.com/groovy/maven/org/apache/geronimo/genesis/genesis/2.0/genesis-2.0.pom
[INFO] Downloading: https://repo.maven.apache.org/maven2/org/apache/geronimo/genesis/genesis/2.0/genesis-2.0.pom
[INFO] Downloaded: https://repo.maven.apache.org/maven2/org/apache/geronimo/genesis/genesis/2.0/genesis-2.0.pom (18 kB at 275 kB/s)
[INFO] Downloading: https://dl.bintray.com/groovy/maven/org/fusesource/jansi/jansi/1.17.1/jansi-1.17.1.pom
[INFO] Downloading: https://repo.maven.apache.org/maven2/org/fusesource/jansi/jansi/1.17.1/jansi-1.17.1.pom
[INFO] Downloaded: https://repo.maven.apache.org/maven2/org/fusesource/jansi/jansi/1.17.1/jansi-1.17.1.pom (3.5 kB at 289 kB/s)
[INFO] Downloading: https://dl.bintray.com/groovy/maven/org/fusesource/jansi/jansi-project/1.17.1/jansi-project-1.17.1.pom
[INFO] Downloading: https://repo.maven.apache.org/maven2/org/fusesource/jansi/jansi-project/1.17.1/jansi-project-1.17.1.pom
[INFO] Downloaded: https://repo.maven.apache.org/maven2/org/fusesource/jansi/jansi-project/1.17.1/jansi-project-1.17.1.pom (10 kB at 1.0 MB/s)
[INFO] Downloading: https://dl.bintray.com/groovy/maven/org/fusesource/fusesource-pom/1.11/fusesource-pom-1.11.pom
[INFO] Downloading: https://repo.maven.apache.org/maven2/org/fusesource/fusesource-pom/1.11/fusesource-pom-1.11.pom
[INFO] Downloaded: https://repo.maven.apache.org/maven2/org/fusesource/fusesource-pom/1.11/fusesource-pom-1.11.pom (15 kB at 1.2 MB/s)
[INFO] Downloading: https://dl.bintray.com/groovy/maven/jline/jline/2.14.6/jline-2.14.6.pom
[INFO] Downloading: https://repo.maven.apache.org/maven2/jline/jline/2.14.6/jline-2.14.6.pom
[INFO] Downloaded: https://repo.maven.apache.org/maven2/jline/jline/2.14.6/jline-2.14.6.pom (20 kB at 1.5 MB/s)
[INFO] Downloading: https://dl.bintray.com/groovy/maven/org/apache/ant/ant/1.10.5/ant-1.10.5.pom
[INFO] Downloading: https://repo.maven.apache.org/maven2/org/apache/ant/ant/1.10.5/ant-1.10.5.pom
[INFO] Downloaded: https://repo.maven.apache.org/maven2/org/apache/ant/ant/1.10.5/ant-1.10.5.pom (10 kB at 698 kB/s)
[INFO] Downloading: https://dl.bintray.com/groovy/maven/org/apache/ant/ant-parent/1.10.5/ant-parent-1.10.5.pom
[INFO] Downloading: https://repo.maven.apache.org/maven2/org/apache/ant/ant-parent/1.10.5/ant-parent-1.10.5.pom
[INFO] Downloaded: https://repo.maven.apache.org/maven2/org/apache/ant/ant-parent/1.10.5/ant-parent-1.10.5.pom (5.7 kB at 570 kB/s)
[INFO] Downloading: https://dl.bintray.com/groovy/maven/org/apache/ant/ant-launcher/1.10.5/ant-launcher-1.10.5.pom
[INFO] Downloading: https://repo.maven.apache.org/maven2/org/apache/ant/ant-launcher/1.10.5/ant-launcher-1.10.5.pom
[INFO] Downloaded: https://repo.maven.apache.org/maven2/org/apache/ant/ant-launcher/1.10.5/ant-launcher-1.10.5.pom (2.3 kB at 234 kB/s)
[INFO] Downloading: https://dl.bintray.com/groovy/maven/org/apache/ivy/ivy/2.4.0/ivy-2.4.0.pom
[INFO] Downloading: https://repo.maven.apache.org/maven2/org/apache/ivy/ivy/2.4.0/ivy-2.4.0.pom
[INFO] Downloaded: https://repo.maven.apache.org/maven2/org/apache/ivy/ivy/2.4.0/ivy-2.4.0.pom (6.3 kB at 523 kB/s)
[INFO] Downloading: https://dl.bintray.com/groovy/maven/org/apache/maven/maven-plugin-api/3.0.1/maven-plugin-api-3.0.1.jar
[INFO] Downloading: https://dl.bintray.com/groovy/maven/org/sonatype/sisu/sisu-inject-plexus/1.4.3.1/sisu-inject-plexus-1.4.3.1.jar
[INFO] Downloading: https://dl.bintray.com/groovy/maven/org/sonatype/sisu/sisu-inject-bean/1.4.3.1/sisu-inject-bean-1.4.3.1.jar
[INFO] Downloading: https://dl.bintray.com/groovy/maven/org/apache/maven/maven-artifact/3.0.1/maven-artifact-3.0.1.jar
[INFO] Downloading: https://dl.bintray.com/groovy/maven/org/sonatype/sisu/sisu-guice/2.9.1/sisu-guice-2.9.1-noaop.jar
[INFO] Downloading: https://dl.bintray.com/groovy/maven/org/apache/maven/maven-model/3.0.1/maven-model-3.0.1.jar
[INFO] Downloading: https://dl.bintray.com/groovy/maven/org/codehaus/plexus/plexus-utils/2.0.4/plexus-utils-2.0.4.jar
[INFO] Downloading: https://dl.bintray.com/groovy/maven/org/apache/maven/maven-core/3.0.1/maven-core-3.0.1.jar
[INFO] Downloading: https://dl.bintray.com/groovy/maven/org/apache/maven/maven-settings/3.0.1/maven-settings-3.0.1.jar
[INFO] Downloading: https://dl.bintray.com/groovy/maven/org/apache/maven/maven-settings-builder/3.0.1/maven-settings-builder-3.0.1.jar
[INFO] Downloading: https://dl.bintray.com/groovy/maven/org/apache/maven/maven-repository-metadata/3.0.1/maven-repository-metadata-3.0.1.jar
[INFO] Downloading: https://dl.bintray.com/groovy/maven/org/apache/maven/maven-model-builder/3.0.1/maven-model-builder-3.0.1.jar
[INFO] Downloading: https://dl.bintray.com/groovy/maven/org/apache/maven/maven-aether-provider/3.0.1/maven-aether-provider-3.0.1.jar
[INFO] Downloading: https://dl.bintray.com/groovy/maven/org/sonatype/aether/aether-spi/1.8/aether-spi-1.8.jar
[INFO] Downloading: https://dl.bintray.com/groovy/maven/org/sonatype/aether/aether-impl/1.8/aether-impl-1.8.jar
[INFO] Downloading: https://dl.bintray.com/groovy/maven/org/sonatype/aether/aether-api/1.8/aether-api-1.8.jar
[INFO] Downloading: https://dl.bintray.com/groovy/maven/org/sonatype/aether/aether-util/1.8/aether-util-1.8.jar
[INFO] Downloading: https://dl.bintray.com/groovy/maven/org/codehaus/plexus/plexus-interpolation/1.14/plexus-interpolation-1.14.jar
[INFO] Downloading: https://dl.bintray.com/groovy/maven/org/apache/maven/shared/file-management/3.0.0/file-management-3.0.0.jar
[INFO] Downloading: https://dl.bintray.com/groovy/maven/org/apache/maven/shared/maven-shared-io/3.0.0/maven-shared-io-3.0.0.jar
[INFO] Downloading: https://dl.bintray.com/groovy/maven/org/apache/maven/maven-compat/3.0/maven-compat-3.0.jar
[INFO] Downloading: https://dl.bintray.com/groovy/maven/org/apache/maven/wagon/wagon-provider-api/2.10/wagon-provider-api-2.10.jar
[INFO] Downloading: https://dl.bintray.com/groovy/maven/org/apache/maven/shared/maven-shared-utils/3.0.0/maven-shared-utils-3.0.0.jar
[INFO] Downloading: https://dl.bintray.com/groovy/maven/commons-io/commons-io/2.4/commons-io-2.4.jar
[INFO] Downloading: https://dl.bintray.com/groovy/maven/org/codehaus/plexus/plexus-container-default/1.7.1/plexus-container-default-1.7.1.jar
[INFO] Downloading: https://dl.bintray.com/groovy/maven/org/apache/xbean/xbean-reflect/3.7/xbean-reflect-3.7.jar
[INFO] Downloading: https://dl.bintray.com/groovy/maven/org/codehaus/plexus/plexus-classworlds/2.5.2/plexus-classworlds-2.5.2.jar
[INFO] Downloading: https://dl.bintray.com/groovy/maven/org/fusesource/jansi/jansi/1.17.1/jansi-1.17.1.jar
[INFO] Downloading: https://dl.bintray.com/groovy/maven/jline/jline/2.14.6/jline-2.14.6.jar
[INFO] Downloading: https://dl.bintray.com/groovy/maven/org/apache/ant/ant/1.10.5/ant-1.10.5.jar
[INFO] Downloading: https://dl.bintray.com/groovy/maven/org/apache/ant/ant-launcher/1.10.5/ant-launcher-1.10.5.jar
[INFO] Downloading: https://dl.bintray.com/groovy/maven/org/apache/ivy/ivy/2.4.0/ivy-2.4.0.jar
[INFO] Downloading: https://repo.maven.apache.org/maven2/org/apache/maven/maven-plugin-api/3.0.1/maven-plugin-api-3.0.1.jar
[INFO] Downloading: https://repo.maven.apache.org/maven2/org/apache/maven/maven-artifact/3.0.1/maven-artifact-3.0.1.jar
[INFO] Downloading: https://repo.maven.apache.org/maven2/org/sonatype/sisu/sisu-inject-plexus/1.4.3.1/sisu-inject-plexus-1.4.3.1.jar
[INFO] Downloading: https://repo.maven.apache.org/maven2/org/sonatype/sisu/sisu-inject-bean/1.4.3.1/sisu-inject-bean-1.4.3.1.jar
[INFO] Downloading: https://repo.maven.apache.org/maven2/org/sonatype/sisu/sisu-guice/2.9.1/sisu-guice-2.9.1-noaop.jar
[INFO] Downloaded: https://repo.maven.apache.org/maven2/org/apache/maven/maven-plugin-api/3.0.1/maven-plugin-api-3.0.1.jar (0 B at 0 B/s)
[INFO] Downloading: https://repo.maven.apache.org/maven2/org/apache/maven/maven-model/3.0.1/maven-model-3.0.1.jar
[INFO] Downloaded: https://repo.maven.apache.org/maven2/org/apache/maven/maven-model/3.0.1/maven-model-3.0.1.jar (0 B at 0 B/s)
[INFO] Downloading: https://repo.maven.apache.org/maven2/org/codehaus/plexus/plexus-utils/2.0.4/plexus-utils-2.0.4.jar
[INFO] Downloaded: https://repo.maven.apache.org/maven2/org/apache/maven/maven-artifact/3.0.1/maven-artifact-3.0.1.jar (52 kB at 1.2 MB/s)
[INFO] Downloading: https://repo.maven.apache.org/maven2/org/apache/maven/maven-core/3.0.1/maven-core-3.0.1.jar
[INFO] Downloaded: https://repo.maven.apache.org/maven2/org/apache/maven/maven-core/3.0.1/maven-core-3.0.1.jar (0 B at 0 B/s)
[INFO] Downloading: https://repo.maven.apache.org/maven2/org/apache/maven/maven-settings/3.0.1/maven-settings-3.0.1.jar
[INFO] Downloaded: https://repo.maven.apache.org/maven2/org/sonatype/sisu/sisu-inject-bean/1.4.3.1/sisu-inject-bean-1.4.3.1.jar (160 kB at 2.9 MB/s)
[INFO] Downloading: https://repo.maven.apache.org/maven2/org/apache/maven/maven-settings-builder/3.0.1/maven-settings-builder-3.0.1.jar
[INFO] Downloaded: https://repo.maven.apache.org/maven2/org/apache/maven/maven-settings/3.0.1/maven-settings-3.0.1.jar (47 kB at 648 kB/s)
[INFO] Downloading: https://repo.maven.apache.org/maven2/org/apache/maven/maven-repository-metadata/3.0.1/maven-repository-metadata-3.0.1.jar
[INFO] Downloaded: https://repo.maven.apache.org/maven2/org/codehaus/plexus/plexus-utils/2.0.4/plexus-utils-2.0.4.jar (222 kB at 2.0 MB/s)
[INFO] Downloading: https://repo.maven.apache.org/maven2/org/apache/maven/maven-model-builder/3.0.1/maven-model-builder-3.0.1.jar
[INFO] Downloaded: https://repo.maven.apache.org/maven2/org/apache/maven/maven-settings-builder/3.0.1/maven-settings-builder-3.0.1.jar (41 kB at 345 kB/s)
[INFO] Downloading: https://repo.maven.apache.org/maven2/org/apache/maven/maven-aether-provider/3.0.1/maven-aether-provider-3.0.1.jar
[INFO] Downloaded: https://repo.maven.apache.org/maven2/org/apache/maven/maven-aether-provider/3.0.1/maven-aether-provider-3.0.1.jar (52 kB at 357 kB/s)
[INFO] Downloading: https://repo.maven.apache.org/maven2/org/sonatype/aether/aether-spi/1.8/aether-spi-1.8.jar
[INFO] Downloaded: https://repo.maven.apache.org/maven2/org/sonatype/sisu/sisu-inject-plexus/1.4.3.1/sisu-inject-plexus-1.4.3.1.jar (205 kB at 1.3 MB/s)
[INFO] Downloading: https://repo.maven.apache.org/maven2/org/sonatype/aether/aether-impl/1.8/aether-impl-1.8.jar
[INFO] Downloaded: https://repo.maven.apache.org/maven2/org/apache/maven/maven-repository-metadata/3.0.1/maven-repository-metadata-3.0.1.jar (30 kB at 192 kB/s)
[INFO] Downloading: https://repo.maven.apache.org/maven2/org/sonatype/aether/aether-api/1.8/aether-api-1.8.jar
[INFO] Downloaded: https://repo.maven.apache.org/maven2/org/sonatype/sisu/sisu-guice/2.9.1/sisu-guice-2.9.1-noaop.jar (477 kB at 2.7 MB/s)
[INFO] Downloading: https://repo.maven.apache.org/maven2/org/sonatype/aether/aether-util/1.8/aether-util-1.8.jar
[INFO] Downloaded: https://repo.maven.apache.org/maven2/org/apache/maven/maven-model-builder/3.0.1/maven-model-builder-3.0.1.jar (148 kB at 805 kB/s)
[INFO] Downloading: https://repo.maven.apache.org/maven2/org/codehaus/plexus/plexus-interpolation/1.14/plexus-interpolation-1.14.jar
[INFO] Downloaded: https://repo.maven.apache.org/maven2/org/sonatype/aether/aether-spi/1.8/aether-spi-1.8.jar (14 kB at 73 kB/s)
[INFO] Downloading: https://repo.maven.apache.org/maven2/org/apache/maven/shared/file-management/3.0.0/file-management-3.0.0.jar
[INFO] Downloaded: https://repo.maven.apache.org/maven2/org/apache/maven/shared/file-management/3.0.0/file-management-3.0.0.jar (0 B at 0 B/s)
[INFO] Downloading: https://repo.maven.apache.org/maven2/org/apache/maven/shared/maven-shared-io/3.0.0/maven-shared-io-3.0.0.jar
[INFO] Downloaded: https://repo.maven.apache.org/maven2/org/codehaus/plexus/plexus-interpolation/1.14/plexus-interpolation-1.14.jar (61 kB at 299 kB/s)
[INFO] Downloading: https://repo.maven.apache.org/maven2/org/apache/maven/maven-compat/3.0/maven-compat-3.0.jar
[INFO] Downloaded: https://repo.maven.apache.org/maven2/org/sonatype/aether/aether-util/1.8/aether-util-1.8.jar (115 kB at 559 kB/s)
[INFO] Downloaded: https://repo.maven.apache.org/maven2/org/sonatype/aether/aether-api/1.8/aether-api-1.8.jar (77 kB at 375 kB/s)
[INFO] Downloading: https://repo.maven.apache.org/maven2/org/apache/maven/wagon/wagon-provider-api/2.10/wagon-provider-api-2.10.jar
[INFO] Downloading: https://repo.maven.apache.org/maven2/org/apache/maven/shared/maven-shared-utils/3.0.0/maven-shared-utils-3.0.0.jar
[INFO] Downloaded: https://repo.maven.apache.org/maven2/org/sonatype/aether/aether-impl/1.8/aether-impl-1.8.jar (109 kB at 459 kB/s)
[INFO] Downloading: https://repo.maven.apache.org/maven2/commons-io/commons-io/2.4/commons-io-2.4.jar
[INFO] Downloaded: https://repo.maven.apache.org/maven2/org/apache/maven/shared/maven-shared-io/3.0.0/maven-shared-io-3.0.0.jar (41 kB at 171 kB/s)
[INFO] Downloading: https://repo.maven.apache.org/maven2/org/codehaus/plexus/plexus-container-default/1.7.1/plexus-container-default-1.7.1.jar
[INFO] Downloaded: https://repo.maven.apache.org/maven2/org/codehaus/plexus/plexus-container-default/1.7.1/plexus-container-default-1.7.1.jar (0 B at 0 B/s)
[INFO] Downloading: https://repo.maven.apache.org/maven2/org/apache/xbean/xbean-reflect/3.7/xbean-reflect-3.7.jar
[INFO] Downloaded: https://repo.maven.apache.org/maven2/org/apache/maven/wagon/wagon-provider-api/2.10/wagon-provider-api-2.10.jar (54 kB at 210 kB/s)
[INFO] Downloading: https://repo.maven.apache.org/maven2/org/codehaus/plexus/plexus-classworlds/2.5.2/plexus-classworlds-2.5.2.jar
[INFO] Downloaded: https://repo.maven.apache.org/maven2/org/codehaus/plexus/plexus-classworlds/2.5.2/plexus-classworlds-2.5.2.jar (0 B at 0 B/s)
[INFO] Downloading: https://repo.maven.apache.org/maven2/org/fusesource/jansi/jansi/1.17.1/jansi-1.17.1.jar
[INFO] Downloaded: https://repo.maven.apache.org/maven2/org/fusesource/jansi/jansi/1.17.1/jansi-1.17.1.jar (0 B at 0 B/s)
[INFO] Downloading: https://repo.maven.apache.org/maven2/jline/jline/2.14.6/jline-2.14.6.jar
[INFO] Downloaded: https://repo.maven.apache.org/maven2/jline/jline/2.14.6/jline-2.14.6.jar (0 B at 0 B/s)
[INFO] Downloading: https://repo.maven.apache.org/maven2/org/apache/ant/ant/1.10.5/ant-1.10.5.jar
[INFO] Downloaded: https://repo.maven.apache.org/maven2/org/apache/ant/ant/1.10.5/ant-1.10.5.jar (0 B at 0 B/s)
[INFO] Downloading: https://repo.maven.apache.org/maven2/org/apache/ant/ant-launcher/1.10.5/ant-launcher-1.10.5.jar
[INFO] Downloaded: https://repo.maven.apache.org/maven2/commons-io/commons-io/2.4/commons-io-2.4.jar (185 kB at 678 kB/s)
[INFO] Downloading: https://repo.maven.apache.org/maven2/org/apache/ivy/ivy/2.4.0/ivy-2.4.0.jar
[INFO] Downloaded: https://repo.maven.apache.org/maven2/org/apache/ivy/ivy/2.4.0/ivy-2.4.0.jar (0 B at 0 B/s)
[INFO] Downloaded: https://repo.maven.apache.org/maven2/org/apache/ant/ant-launcher/1.10.5/ant-launcher-1.10.5.jar (19 kB at 63 kB/s)
[INFO] Downloaded: https://repo.maven.apache.org/maven2/org/apache/maven/maven-compat/3.0/maven-compat-3.0.jar (285 kB at 943 kB/s)
[INFO] Downloaded: https://repo.maven.apache.org/maven2/org/apache/xbean/xbean-reflect/3.7/xbean-reflect-3.7.jar (148 kB at 490 kB/s)
[INFO] Downloaded: https://repo.maven.apache.org/maven2/org/apache/maven/shared/maven-shared-utils/3.0.0/maven-shared-utils-3.0.0.jar (155 kB at 512 kB/s)
[INFO] 
[INFO] --- jacoco-maven-plugin:0.8.2:prepare-agent (prepare-agent) @ money-transfer-service ---
[INFO] Downloading: https://dl.bintray.com/groovy/maven/junit/junit/4.8.2/junit-4.8.2.pom
[INFO] Downloading: https://repo.maven.apache.org/maven2/junit/junit/4.8.2/junit-4.8.2.pom
[INFO] Downloaded: https://repo.maven.apache.org/maven2/junit/junit/4.8.2/junit-4.8.2.pom (1.5 kB at 82 kB/s)
[INFO] Downloading: https://dl.bintray.com/groovy/maven/org/apache/maven/reporting/maven-reporting-impl/2.1/maven-reporting-impl-2.1.pom
[INFO] Downloading: https://repo.maven.apache.org/maven2/org/apache/maven/reporting/maven-reporting-impl/2.1/maven-reporting-impl-2.1.pom
[INFO] Downloaded: https://repo.maven.apache.org/maven2/org/apache/maven/reporting/maven-reporting-impl/2.1/maven-reporting-impl-2.1.pom (4.5 kB at 411 kB/s)
[INFO] Downloading: https://dl.bintray.com/groovy/maven/org/apache/maven/maven-project/2.0.10/maven-project-2.0.10.pom
[INFO] Downloading: https://repo.maven.apache.org/maven2/org/apache/maven/maven-project/2.0.10/maven-project-2.0.10.pom
[INFO] Downloaded: https://repo.maven.apache.org/maven2/org/apache/maven/maven-project/2.0.10/maven-project-2.0.10.pom (2.8 kB at 316 kB/s)
[INFO] Downloading: https://dl.bintray.com/groovy/maven/org/apache/maven/maven/2.0.10/maven-2.0.10.pom
[INFO] Downloading: https://repo.maven.apache.org/maven2/org/apache/maven/maven/2.0.10/maven-2.0.10.pom
[INFO] Downloaded: https://repo.maven.apache.org/maven2/org/apache/maven/maven/2.0.10/maven-2.0.10.pom (24 kB at 1.9 MB/s)
[INFO] Downloading: https://dl.bintray.com/groovy/maven/org/apache/maven/maven-settings/2.0.10/maven-settings-2.0.10.pom
[INFO] Downloading: https://repo.maven.apache.org/maven2/org/apache/maven/maven-settings/2.0.10/maven-settings-2.0.10.pom
[INFO] Downloaded: https://repo.maven.apache.org/maven2/org/apache/maven/maven-settings/2.0.10/maven-settings-2.0.10.pom (2.2 kB at 203 kB/s)
[INFO] Downloading: https://dl.bintray.com/groovy/maven/org/apache/maven/maven-model/2.0.10/maven-model-2.0.10.pom
[INFO] Downloading: https://repo.maven.apache.org/maven2/org/apache/maven/maven-model/2.0.10/maven-model-2.0.10.pom
[INFO] Downloaded: https://repo.maven.apache.org/maven2/org/apache/maven/maven-model/2.0.10/maven-model-2.0.10.pom (3.3 kB at 334 kB/s)
[INFO] Downloading: https://dl.bintray.com/groovy/maven/org/codehaus/plexus/plexus-interpolation/1.1/plexus-interpolation-1.1.pom
[INFO] Downloading: https://repo.maven.apache.org/maven2/org/codehaus/plexus/plexus-interpolation/1.1/plexus-interpolation-1.1.pom
[INFO] Downloaded: https://repo.maven.apache.org/maven2/org/codehaus/plexus/plexus-interpolation/1.1/plexus-interpolation-1.1.pom (1.4 kB at 80 kB/s)
[INFO] Downloading: https://dl.bintray.com/groovy/maven/org/apache/maven/maven-profile/2.0.10/maven-profile-2.0.10.pom
[INFO] Downloading: https://repo.maven.apache.org/maven2/org/apache/maven/maven-profile/2.0.10/maven-profile-2.0.10.pom
[INFO] Downloaded: https://repo.maven.apache.org/maven2/org/apache/maven/maven-profile/2.0.10/maven-profile-2.0.10.pom (2.1 kB at 262 kB/s)
[INFO] Downloading: https://dl.bintray.com/groovy/maven/org/apache/maven/maven-artifact-manager/2.0.10/maven-artifact-manager-2.0.10.pom
[INFO] Downloading: https://repo.maven.apache.org/maven2/org/apache/maven/maven-artifact-manager/2.0.10/maven-artifact-manager-2.0.10.pom
[INFO] Downloaded: https://repo.maven.apache.org/maven2/org/apache/maven/maven-artifact-manager/2.0.10/maven-artifact-manager-2.0.10.pom (2.7 kB at 208 kB/s)
[INFO] Downloading: https://dl.bintray.com/groovy/maven/org/apache/maven/maven-repository-metadata/2.0.10/maven-repository-metadata-2.0.10.pom
[INFO] Downloading: https://repo.maven.apache.org/maven2/org/apache/maven/maven-repository-metadata/2.0.10/maven-repository-metadata-2.0.10.pom
[INFO] Downloaded: https://repo.maven.apache.org/maven2/org/apache/maven/maven-repository-metadata/2.0.10/maven-repository-metadata-2.0.10.pom (2.3 kB at 257 kB/s)
[INFO] Downloading: https://dl.bintray.com/groovy/maven/org/apache/maven/maven-artifact/2.0.10/maven-artifact-2.0.10.pom
[INFO] Downloading: https://repo.maven.apache.org/maven2/org/apache/maven/maven-artifact/2.0.10/maven-artifact-2.0.10.pom
[INFO] Downloaded: https://repo.maven.apache.org/maven2/org/apache/maven/maven-artifact/2.0.10/maven-artifact-2.0.10.pom (1.6 kB at 180 kB/s)
[INFO] Downloading: https://dl.bintray.com/groovy/maven/org/apache/maven/maven-plugin-registry/2.0.10/maven-plugin-registry-2.0.10.pom
[INFO] Downloading: https://repo.maven.apache.org/maven2/org/apache/maven/maven-plugin-registry/2.0.10/maven-plugin-registry-2.0.10.pom
[INFO] Downloaded: https://repo.maven.apache.org/maven2/org/apache/maven/maven-plugin-registry/2.0.10/maven-plugin-registry-2.0.10.pom (2.0 kB at 252 kB/s)
[INFO] Downloading: https://dl.bintray.com/groovy/maven/org/apache/maven/maven-plugin-api/2.0.10/maven-plugin-api-2.0.10.pom
[INFO] Downloading: https://repo.maven.apache.org/maven2/org/apache/maven/maven-plugin-api/2.0.10/maven-plugin-api-2.0.10.pom
[INFO] Downloaded: https://repo.maven.apache.org/maven2/org/apache/maven/maven-plugin-api/2.0.10/maven-plugin-api-2.0.10.pom (1.5 kB at 136 kB/s)
[INFO] Downloading: https://dl.bintray.com/groovy/maven/org/apache/maven/doxia/doxia-sink-api/1.1.2/doxia-sink-api-1.1.2.pom
[INFO] Downloading: https://repo.maven.apache.org/maven2/org/apache/maven/doxia/doxia-sink-api/1.1.2/doxia-sink-api-1.1.2.pom
[INFO] Downloaded: https://repo.maven.apache.org/maven2/org/apache/maven/doxia/doxia-sink-api/1.1.2/doxia-sink-api-1.1.2.pom (1.6 kB at 225 kB/s)
[INFO] Downloading: https://dl.bintray.com/groovy/maven/org/apache/maven/doxia/doxia/1.1.2/doxia-1.1.2.pom
[INFO] Downloading: https://repo.maven.apache.org/maven2/org/apache/maven/doxia/doxia/1.1.2/doxia-1.1.2.pom
[INFO] Downloaded: https://repo.maven.apache.org/maven2/org/apache/maven/doxia/doxia/1.1.2/doxia-1.1.2.pom (18 kB at 1.2 MB/s)
[INFO] Downloading: https://dl.bintray.com/groovy/maven/org/apache/maven/doxia/doxia-logging-api/1.1.2/doxia-logging-api-1.1.2.pom
[INFO] Downloading: https://repo.maven.apache.org/maven2/org/apache/maven/doxia/doxia-logging-api/1.1.2/doxia-logging-api-1.1.2.pom
[INFO] Downloaded: https://repo.maven.apache.org/maven2/org/apache/maven/doxia/doxia-logging-api/1.1.2/doxia-logging-api-1.1.2.pom (1.6 kB at 176 kB/s)
[INFO] Downloading: https://dl.bintray.com/groovy/maven/org/apache/maven/doxia/doxia-core/1.1.2/doxia-core-1.1.2.pom
[INFO] Downloading: https://repo.maven.apache.org/maven2/org/apache/maven/doxia/doxia-core/1.1.2/doxia-core-1.1.2.pom
[INFO] Downloaded: https://repo.maven.apache.org/maven2/org/apache/maven/doxia/doxia-core/1.1.2/doxia-core-1.1.2.pom (3.7 kB at 465 kB/s)
[INFO] Downloading: https://dl.bintray.com/groovy/maven/org/codehaus/plexus/plexus-utils/1.5.12/plexus-utils-1.5.12.pom
[INFO] Downloading: https://repo.maven.apache.org/maven2/org/codehaus/plexus/plexus-utils/1.5.12/plexus-utils-1.5.12.pom
[INFO] Downloaded: https://repo.maven.apache.org/maven2/org/codehaus/plexus/plexus-utils/1.5.12/plexus-utils-1.5.12.pom (5.6 kB at 704 kB/s)
[INFO] Downloading: https://dl.bintray.com/groovy/maven/xerces/xercesImpl/2.8.1/xercesImpl-2.8.1.pom
[INFO] Downloading: https://repo.maven.apache.org/maven2/xerces/xercesImpl/2.8.1/xercesImpl-2.8.1.pom
[INFO] Downloaded: https://repo.maven.apache.org/maven2/xerces/xercesImpl/2.8.1/xercesImpl-2.8.1.pom (2.2 kB at 245 kB/s)
[INFO] Downloading: https://dl.bintray.com/groovy/maven/xml-apis/xml-apis/1.3.03/xml-apis-1.3.03.pom
[INFO] Downloading: https://repo.maven.apache.org/maven2/xml-apis/xml-apis/1.3.03/xml-apis-1.3.03.pom
[INFO] Downloaded: https://repo.maven.apache.org/maven2/xml-apis/xml-apis/1.3.03/xml-apis-1.3.03.pom (738 B at 105 kB/s)
[INFO] Downloading: https://dl.bintray.com/groovy/maven/org/apache/apache/1/apache-1.pom
[INFO] Downloading: https://repo.maven.apache.org/maven2/org/apache/apache/1/apache-1.pom
[INFO] Downloaded: https://repo.maven.apache.org/maven2/org/apache/apache/1/apache-1.pom (3.4 kB at 379 kB/s)
[INFO] Downloading: https://dl.bintray.com/groovy/maven/commons-httpclient/commons-httpclient/3.1/commons-httpclient-3.1.pom
[INFO] Downloading: https://repo.maven.apache.org/maven2/commons-httpclient/commons-httpclient/3.1/commons-httpclient-3.1.pom
[INFO] Downloaded: https://repo.maven.apache.org/maven2/commons-httpclient/commons-httpclient/3.1/commons-httpclient-3.1.pom (7.8 kB at 863 kB/s)
[INFO] Downloading: https://dl.bintray.com/groovy/maven/commons-codec/commons-codec/1.2/commons-codec-1.2.pom
[INFO] Downloading: https://repo.maven.apache.org/maven2/commons-codec/commons-codec/1.2/commons-codec-1.2.pom
[INFO] Downloaded: https://repo.maven.apache.org/maven2/commons-codec/commons-codec/1.2/commons-codec-1.2.pom (3.8 kB at 319 kB/s)
[INFO] Downloading: https://dl.bintray.com/groovy/maven/org/apache/maven/doxia/doxia-site-renderer/1.1.2/doxia-site-renderer-1.1.2.pom
[INFO] Downloading: https://repo.maven.apache.org/maven2/org/apache/maven/doxia/doxia-site-renderer/1.1.2/doxia-site-renderer-1.1.2.pom
[INFO] Downloaded: https://repo.maven.apache.org/maven2/org/apache/maven/doxia/doxia-site-renderer/1.1.2/doxia-site-renderer-1.1.2.pom (6.1 kB at 76 kB/s)
[INFO] Downloading: https://dl.bintray.com/groovy/maven/org/apache/maven/doxia/doxia-sitetools/1.1.2/doxia-sitetools-1.1.2.pom
[INFO] Downloading: https://repo.maven.apache.org/maven2/org/apache/maven/doxia/doxia-sitetools/1.1.2/doxia-sitetools-1.1.2.pom
[INFO] Downloaded: https://repo.maven.apache.org/maven2/org/apache/maven/doxia/doxia-sitetools/1.1.2/doxia-sitetools-1.1.2.pom (15 kB at 1.5 MB/s)
[INFO] Downloading: https://dl.bintray.com/groovy/maven/org/apache/maven/doxia/doxia-decoration-model/1.1.2/doxia-decoration-model-1.1.2.pom
[INFO] Downloading: https://repo.maven.apache.org/maven2/org/apache/maven/doxia/doxia-decoration-model/1.1.2/doxia-decoration-model-1.1.2.pom
[INFO] Downloaded: https://repo.maven.apache.org/maven2/org/apache/maven/doxia/doxia-decoration-model/1.1.2/doxia-decoration-model-1.1.2.pom (3.0 kB at 372 kB/s)
[INFO] Downloading: https://dl.bintray.com/groovy/maven/org/apache/maven/doxia/doxia-module-xhtml/1.1.2/doxia-module-xhtml-1.1.2.pom
[INFO] Downloading: https://repo.maven.apache.org/maven2/org/apache/maven/doxia/doxia-module-xhtml/1.1.2/doxia-module-xhtml-1.1.2.pom
[INFO] Downloaded: https://repo.maven.apache.org/maven2/org/apache/maven/doxia/doxia-module-xhtml/1.1.2/doxia-module-xhtml-1.1.2.pom (1.6 kB at 134 kB/s)
[INFO] Downloading: https://dl.bintray.com/groovy/maven/org/apache/maven/doxia/doxia-modules/1.1.2/doxia-modules-1.1.2.pom
[INFO] Downloading: https://repo.maven.apache.org/maven2/org/apache/maven/doxia/doxia-modules/1.1.2/doxia-modules-1.1.2.pom
[INFO] Downloaded: https://repo.maven.apache.org/maven2/org/apache/maven/doxia/doxia-modules/1.1.2/doxia-modules-1.1.2.pom (2.4 kB at 174 kB/s)
[INFO] Downloading: https://dl.bintray.com/groovy/maven/org/apache/maven/doxia/doxia-module-fml/1.1.2/doxia-module-fml-1.1.2.pom
[INFO] Downloading: https://repo.maven.apache.org/maven2/org/apache/maven/doxia/doxia-module-fml/1.1.2/doxia-module-fml-1.1.2.pom
[INFO] Downloaded: https://repo.maven.apache.org/maven2/org/apache/maven/doxia/doxia-module-fml/1.1.2/doxia-module-fml-1.1.2.pom (5.5 kB at 785 kB/s)
[INFO] Downloading: https://dl.bintray.com/groovy/maven/commons-collections/commons-collections/3.2.2/commons-collections-3.2.2.pom
[INFO] Downloading: https://repo.maven.apache.org/maven2/commons-collections/commons-collections/3.2.2/commons-collections-3.2.2.pom
[INFO] Downloaded: https://repo.maven.apache.org/maven2/commons-collections/commons-collections/3.2.2/commons-collections-3.2.2.pom (12 kB at 954 kB/s)
[INFO] Downloading: https://dl.bintray.com/groovy/maven/org/jacoco/org.jacoco.agent/0.8.2/org.jacoco.agent-0.8.2.pom
[INFO] Downloading: https://repo.maven.apache.org/maven2/org/jacoco/org.jacoco.agent/0.8.2/org.jacoco.agent-0.8.2.pom
[INFO] Downloaded: https://repo.maven.apache.org/maven2/org/jacoco/org.jacoco.agent/0.8.2/org.jacoco.agent-0.8.2.pom (3.5 kB at 147 kB/s)
[INFO] Downloading: https://dl.bintray.com/groovy/maven/org/jacoco/org.jacoco.core/0.8.2/org.jacoco.core-0.8.2.pom
[INFO] Downloading: https://repo.maven.apache.org/maven2/org/jacoco/org.jacoco.core/0.8.2/org.jacoco.core-0.8.2.pom
[INFO] Downloaded: https://repo.maven.apache.org/maven2/org/jacoco/org.jacoco.core/0.8.2/org.jacoco.core-0.8.2.pom (2.1 kB at 235 kB/s)
[INFO] Downloading: https://dl.bintray.com/groovy/maven/org/ow2/asm/asm/6.2.1/asm-6.2.1.pom
[INFO] Downloading: https://repo.maven.apache.org/maven2/org/ow2/asm/asm/6.2.1/asm-6.2.1.pom
[INFO] Downloaded: https://repo.maven.apache.org/maven2/org/ow2/asm/asm/6.2.1/asm-6.2.1.pom (2.9 kB at 294 kB/s)
[INFO] Downloading: https://dl.bintray.com/groovy/maven/org/ow2/ow2/1.5/ow2-1.5.pom
[INFO] Downloading: https://repo.maven.apache.org/maven2/org/ow2/ow2/1.5/ow2-1.5.pom
[INFO] Downloaded: https://repo.maven.apache.org/maven2/org/ow2/ow2/1.5/ow2-1.5.pom (11 kB at 244 kB/s)
[INFO] Downloading: https://dl.bintray.com/groovy/maven/org/ow2/asm/asm-commons/6.2.1/asm-commons-6.2.1.pom
[INFO] Downloading: https://repo.maven.apache.org/maven2/org/ow2/asm/asm-commons/6.2.1/asm-commons-6.2.1.pom
[INFO] Downloaded: https://repo.maven.apache.org/maven2/org/ow2/asm/asm-commons/6.2.1/asm-commons-6.2.1.pom (3.7 kB at 306 kB/s)
[INFO] Downloading: https://dl.bintray.com/groovy/maven/org/ow2/asm/asm-tree/6.2.1/asm-tree-6.2.1.pom
[INFO] Downloading: https://repo.maven.apache.org/maven2/org/ow2/asm/asm-tree/6.2.1/asm-tree-6.2.1.pom
[INFO] Downloaded: https://repo.maven.apache.org/maven2/org/ow2/asm/asm-tree/6.2.1/asm-tree-6.2.1.pom (3.1 kB at 348 kB/s)
[INFO] Downloading: https://dl.bintray.com/groovy/maven/org/ow2/asm/asm-analysis/6.2.1/asm-analysis-6.2.1.pom
[INFO] Downloading: https://repo.maven.apache.org/maven2/org/ow2/asm/asm-analysis/6.2.1/asm-analysis-6.2.1.pom
[INFO] Downloaded: https://repo.maven.apache.org/maven2/org/ow2/asm/asm-analysis/6.2.1/asm-analysis-6.2.1.pom (3.2 kB at 316 kB/s)
[INFO] Downloading: https://dl.bintray.com/groovy/maven/org/jacoco/org.jacoco.report/0.8.2/org.jacoco.report-0.8.2.pom
[INFO] Downloading: https://repo.maven.apache.org/maven2/org/jacoco/org.jacoco.report/0.8.2/org.jacoco.report-0.8.2.pom
[INFO] Downloaded: https://repo.maven.apache.org/maven2/org/jacoco/org.jacoco.report/0.8.2/org.jacoco.report-0.8.2.pom (1.9 kB at 174 kB/s)
[INFO] Downloading: https://dl.bintray.com/groovy/maven/org/apache/maven/maven-plugin-api/2.2.1/maven-plugin-api-2.2.1.jar
[INFO] Downloading: https://dl.bintray.com/groovy/maven/org/apache/maven/maven-project/2.2.1/maven-project-2.2.1.jar
[INFO] Downloading: https://dl.bintray.com/groovy/maven/org/apache/maven/maven-model/2.2.1/maven-model-2.2.1.jar
[INFO] Downloading: https://dl.bintray.com/groovy/maven/org/apache/maven/maven-artifact-manager/2.2.1/maven-artifact-manager-2.2.1.jar
[INFO] Downloading: https://dl.bintray.com/groovy/maven/org/apache/maven/maven-artifact/2.2.1/maven-artifact-2.2.1.jar
[INFO] Downloading: https://dl.bintray.com/groovy/maven/junit/junit/4.8.2/junit-4.8.2.jar
[INFO] Downloading: https://dl.bintray.com/groovy/maven/org/codehaus/plexus/plexus-utils/3.0.22/plexus-utils-3.0.22.jar
[INFO] Downloading: https://dl.bintray.com/groovy/maven/org/apache/maven/reporting/maven-reporting-api/2.2.1/maven-reporting-api-2.2.1.jar
[INFO] Downloading: https://dl.bintray.com/groovy/maven/org/apache/maven/doxia/doxia-sink-api/1.1/doxia-sink-api-1.1.jar
[INFO] Downloading: https://dl.bintray.com/groovy/maven/org/apache/maven/doxia/doxia-logging-api/1.1/doxia-logging-api-1.1.jar
[INFO] Downloading: https://dl.bintray.com/groovy/maven/org/apache/maven/reporting/maven-reporting-impl/2.1/maven-reporting-impl-2.1.jar
[INFO] Downloading: https://dl.bintray.com/groovy/maven/org/apache/maven/doxia/doxia-core/1.1.2/doxia-core-1.1.2.jar
[INFO] Downloading: https://dl.bintray.com/groovy/maven/xerces/xercesImpl/2.8.1/xercesImpl-2.8.1.jar
[INFO] Downloading: https://dl.bintray.com/groovy/maven/commons-httpclient/commons-httpclient/3.1/commons-httpclient-3.1.jar
[INFO] Downloading: https://dl.bintray.com/groovy/maven/commons-codec/commons-codec/1.2/commons-codec-1.2.jar
[INFO] Downloading: https://dl.bintray.com/groovy/maven/org/apache/maven/doxia/doxia-site-renderer/1.1.2/doxia-site-renderer-1.1.2.jar
[INFO] Downloading: https://dl.bintray.com/groovy/maven/org/apache/maven/doxia/doxia-decoration-model/1.1.2/doxia-decoration-model-1.1.2.jar
[INFO] Downloading: https://dl.bintray.com/groovy/maven/org/apache/maven/doxia/doxia-module-xhtml/1.1.2/doxia-module-xhtml-1.1.2.jar
[INFO] Downloading: https://dl.bintray.com/groovy/maven/org/apache/maven/doxia/doxia-module-fml/1.1.2/doxia-module-fml-1.1.2.jar
[INFO] Downloading: https://dl.bintray.com/groovy/maven/commons-collections/commons-collections/3.2.2/commons-collections-3.2.2.jar
[INFO] Downloading: https://dl.bintray.com/groovy/maven/org/jacoco/org.jacoco.agent/0.8.2/org.jacoco.agent-0.8.2-runtime.jar
[INFO] Downloading: https://dl.bintray.com/groovy/maven/org/jacoco/org.jacoco.core/0.8.2/org.jacoco.core-0.8.2.jar
[INFO] Downloading: https://dl.bintray.com/groovy/maven/org/ow2/asm/asm/6.2.1/asm-6.2.1.jar
[INFO] Downloading: https://dl.bintray.com/groovy/maven/org/ow2/asm/asm-commons/6.2.1/asm-commons-6.2.1.jar
[INFO] Downloading: https://dl.bintray.com/groovy/maven/org/ow2/asm/asm-analysis/6.2.1/asm-analysis-6.2.1.jar
[INFO] Downloading: https://dl.bintray.com/groovy/maven/org/ow2/asm/asm-tree/6.2.1/asm-tree-6.2.1.jar
[INFO] Downloading: https://dl.bintray.com/groovy/maven/org/jacoco/org.jacoco.report/0.8.2/org.jacoco.report-0.8.2.jar
[INFO] Downloading: https://repo.maven.apache.org/maven2/org/apache/maven/maven-plugin-api/2.2.1/maven-plugin-api-2.2.1.jar
[INFO] Downloading: https://repo.maven.apache.org/maven2/org/apache/maven/maven-project/2.2.1/maven-project-2.2.1.jar
[INFO] Downloading: https://repo.maven.apache.org/maven2/org/apache/maven/maven-model/2.2.1/maven-model-2.2.1.jar
[INFO] Downloaded: https://repo.maven.apache.org/maven2/org/apache/maven/maven-plugin-api/2.2.1/maven-plugin-api-2.2.1.jar (0 B at 0 B/s)
[INFO] Downloading: https://repo.maven.apache.org/maven2/org/apache/maven/maven-artifact-manager/2.2.1/maven-artifact-manager-2.2.1.jar
[INFO] Downloading: https://repo.maven.apache.org/maven2/junit/junit/4.8.2/junit-4.8.2.jar
[INFO] Downloading: https://repo.maven.apache.org/maven2/org/apache/maven/maven-artifact/2.2.1/maven-artifact-2.2.1.jar
[INFO] Downloaded: https://repo.maven.apache.org/maven2/org/apache/maven/maven-model/2.2.1/maven-model-2.2.1.jar (0 B at 0 B/s)
[INFO] Downloading: https://repo.maven.apache.org/maven2/org/codehaus/plexus/plexus-utils/3.0.22/plexus-utils-3.0.22.jar
[INFO] Downloaded: https://repo.maven.apache.org/maven2/org/apache/maven/maven-artifact-manager/2.2.1/maven-artifact-manager-2.2.1.jar (0 B at 0 B/s)
[INFO] Downloading: https://repo.maven.apache.org/maven2/org/apache/maven/reporting/maven-reporting-api/2.2.1/maven-reporting-api-2.2.1.jar
[INFO] Downloaded: https://repo.maven.apache.org/maven2/org/apache/maven/maven-project/2.2.1/maven-project-2.2.1.jar (0 B at 0 B/s)
[INFO] Downloading: https://repo.maven.apache.org/maven2/org/apache/maven/doxia/doxia-sink-api/1.1/doxia-sink-api-1.1.jar
[INFO] Downloaded: https://repo.maven.apache.org/maven2/org/apache/maven/reporting/maven-reporting-api/2.2.1/maven-reporting-api-2.2.1.jar (0 B at 0 B/s)
[INFO] Downloading: https://repo.maven.apache.org/maven2/org/apache/maven/doxia/doxia-logging-api/1.1/doxia-logging-api-1.1.jar
[INFO] Downloaded: https://repo.maven.apache.org/maven2/org/codehaus/plexus/plexus-utils/3.0.22/plexus-utils-3.0.22.jar (0 B at 0 B/s)
[INFO] Downloading: https://repo.maven.apache.org/maven2/org/apache/maven/reporting/maven-reporting-impl/2.1/maven-reporting-impl-2.1.jar
[INFO] Downloaded: https://repo.maven.apache.org/maven2/org/apache/maven/maven-artifact/2.2.1/maven-artifact-2.2.1.jar (0 B at 0 B/s)
[INFO] Downloading: https://repo.maven.apache.org/maven2/org/apache/maven/doxia/doxia-core/1.1.2/doxia-core-1.1.2.jar
[INFO] Downloaded: https://repo.maven.apache.org/maven2/org/apache/maven/reporting/maven-reporting-impl/2.1/maven-reporting-impl-2.1.jar (0 B at 0 B/s)
[INFO] Downloading: https://repo.maven.apache.org/maven2/xerces/xercesImpl/2.8.1/xercesImpl-2.8.1.jar
[INFO] Downloaded: https://repo.maven.apache.org/maven2/org/apache/maven/doxia/doxia-sink-api/1.1/doxia-sink-api-1.1.jar (13 kB at 313 kB/s)
[INFO] Downloading: https://repo.maven.apache.org/maven2/commons-httpclient/commons-httpclient/3.1/commons-httpclient-3.1.jar
[INFO] Downloaded: https://repo.maven.apache.org/maven2/org/apache/maven/doxia/doxia-logging-api/1.1/doxia-logging-api-1.1.jar (11 kB at 155 kB/s)
[INFO] Downloaded: https://repo.maven.apache.org/maven2/org/apache/maven/doxia/doxia-core/1.1.2/doxia-core-1.1.2.jar (158 kB at 2.2 MB/s)
[INFO] Downloading: https://repo.maven.apache.org/maven2/commons-codec/commons-codec/1.2/commons-codec-1.2.jar
[INFO] Downloading: https://repo.maven.apache.org/maven2/org/apache/maven/doxia/doxia-site-renderer/1.1.2/doxia-site-renderer-1.1.2.jar
[INFO] Downloaded: https://repo.maven.apache.org/maven2/junit/junit/4.8.2/junit-4.8.2.jar (237 kB at 2.9 MB/s)
[INFO] Downloading: https://repo.maven.apache.org/maven2/org/apache/maven/doxia/doxia-decoration-model/1.1.2/doxia-decoration-model-1.1.2.jar
[INFO] Downloaded: https://repo.maven.apache.org/maven2/commons-codec/commons-codec/1.2/commons-codec-1.2.jar (30 kB at 346 kB/s)
[INFO] Downloading: https://repo.maven.apache.org/maven2/org/apache/maven/doxia/doxia-module-xhtml/1.1.2/doxia-module-xhtml-1.1.2.jar
[INFO] Downloaded: https://repo.maven.apache.org/maven2/commons-httpclient/commons-httpclient/3.1/commons-httpclient-3.1.jar (305 kB at 3.2 MB/s)
[INFO] Downloading: https://repo.maven.apache.org/maven2/org/apache/maven/doxia/doxia-module-fml/1.1.2/doxia-module-fml-1.1.2.jar
[INFO] Downloaded: https://repo.maven.apache.org/maven2/org/apache/maven/doxia/doxia-decoration-model/1.1.2/doxia-decoration-model-1.1.2.jar (52 kB at 551 kB/s)
[INFO] Downloading: https://repo.maven.apache.org/maven2/commons-collections/commons-collections/3.2.2/commons-collections-3.2.2.jar
[INFO] Downloaded: https://repo.maven.apache.org/maven2/org/apache/maven/doxia/doxia-module-fml/1.1.2/doxia-module-fml-1.1.2.jar (37 kB at 340 kB/s)
[INFO] Downloading: https://repo.maven.apache.org/maven2/org/jacoco/org.jacoco.agent/0.8.2/org.jacoco.agent-0.8.2-runtime.jar
[INFO] Downloaded: https://repo.maven.apache.org/maven2/org/jacoco/org.jacoco.agent/0.8.2/org.jacoco.agent-0.8.2-runtime.jar (0 B at 0 B/s)
[INFO] Downloading: https://repo.maven.apache.org/maven2/org/jacoco/org.jacoco.core/0.8.2/org.jacoco.core-0.8.2.jar
[INFO] Downloaded: https://repo.maven.apache.org/maven2/org/jacoco/org.jacoco.core/0.8.2/org.jacoco.core-0.8.2.jar (0 B at 0 B/s)
[INFO] Downloading: https://repo.maven.apache.org/maven2/org/ow2/asm/asm/6.2.1/asm-6.2.1.jar
[INFO] Downloaded: https://repo.maven.apache.org/maven2/org/ow2/asm/asm/6.2.1/asm-6.2.1.jar (0 B at 0 B/s)
[INFO] Downloading: https://repo.maven.apache.org/maven2/org/ow2/asm/asm-commons/6.2.1/asm-commons-6.2.1.jar
[INFO] Downloaded: https://repo.maven.apache.org/maven2/org/ow2/asm/asm-commons/6.2.1/asm-commons-6.2.1.jar (0 B at 0 B/s)
[INFO] Downloading: https://repo.maven.apache.org/maven2/org/ow2/asm/asm-analysis/6.2.1/asm-analysis-6.2.1.jar
[INFO] Downloaded: https://repo.maven.apache.org/maven2/org/apache/maven/doxia/doxia-site-renderer/1.1.2/doxia-site-renderer-1.1.2.jar (50 kB at 350 kB/s)
[INFO] Downloaded: https://repo.maven.apache.org/maven2/org/apache/maven/doxia/doxia-module-xhtml/1.1.2/doxia-module-xhtml-1.1.2.jar (15 kB at 105 kB/s)
[INFO] Downloading: https://repo.maven.apache.org/maven2/org/ow2/asm/asm-tree/6.2.1/asm-tree-6.2.1.jar
[INFO] Downloading: https://repo.maven.apache.org/maven2/org/jacoco/org.jacoco.report/0.8.2/org.jacoco.report-0.8.2.jar
[INFO] Downloaded: https://repo.maven.apache.org/maven2/org/jacoco/org.jacoco.report/0.8.2/org.jacoco.report-0.8.2.jar (0 B at 0 B/s)
[INFO] Downloaded: https://repo.maven.apache.org/maven2/org/ow2/asm/asm-analysis/6.2.1/asm-analysis-6.2.1.jar (33 kB at 209 kB/s)
[INFO] Downloaded: https://repo.maven.apache.org/maven2/org/ow2/asm/asm-tree/6.2.1/asm-tree-6.2.1.jar (50 kB at 319 kB/s)
[INFO] Downloaded: https://repo.maven.apache.org/maven2/commons-collections/commons-collections/3.2.2/commons-collections-3.2.2.jar (588 kB at 3.4 MB/s)
[INFO] Downloaded: https://repo.maven.apache.org/maven2/xerces/xercesImpl/2.8.1/xercesImpl-2.8.1.jar (1.2 MB at 5.6 MB/s)
[INFO] maven.surefire.argLine set to -javaagent:/scratch/tmp-rta/Bears_DmitriiSerikov-money-transfer-service_446104441-446106577_java-8/.m2/org/jacoco/org.jacoco.agent/0.8.2/org.jacoco.agent-0.8.2-runtime.jar=destfile=/scratch/tmp-rta/Bears_DmitriiSerikov-money-transfer-service_446104441-446106577_java-8/target/jacoco.exec
[INFO] 
[INFO] --- maven-resources-plugin:2.6:resources (default-resources) @ money-transfer-service ---
[INFO] Downloading: https://dl.bintray.com/groovy/maven/org/apache/maven/maven-plugin-api/2.0.6/maven-plugin-api-2.0.6.jar
[INFO] Downloading: https://dl.bintray.com/groovy/maven/org/apache/maven/maven-project/2.0.6/maven-project-2.0.6.jar
[INFO] Downloading: https://dl.bintray.com/groovy/maven/org/apache/maven/maven-artifact-manager/2.0.6/maven-artifact-manager-2.0.6.jar
[INFO] Downloading: https://dl.bintray.com/groovy/maven/org/apache/maven/maven-core/2.0.6/maven-core-2.0.6.jar
[INFO] Downloading: https://dl.bintray.com/groovy/maven/org/apache/maven/maven-artifact/2.0.6/maven-artifact-2.0.6.jar
[INFO] Downloading: https://dl.bintray.com/groovy/maven/org/apache/maven/maven-settings/2.0.6/maven-settings-2.0.6.jar
[INFO] Downloading: https://dl.bintray.com/groovy/maven/org/apache/maven/maven-model/2.0.6/maven-model-2.0.6.jar
[INFO] Downloading: https://dl.bintray.com/groovy/maven/org/apache/maven/maven-monitor/2.0.6/maven-monitor-2.0.6.jar
[INFO] Downloading: https://dl.bintray.com/groovy/maven/org/codehaus/plexus/plexus-utils/2.0.5/plexus-utils-2.0.5.jar
[INFO] Downloading: https://dl.bintray.com/groovy/maven/org/apache/maven/shared/maven-filtering/1.1/maven-filtering-1.1.jar
[INFO] Downloading: https://dl.bintray.com/groovy/maven/org/codehaus/plexus/plexus-interpolation/1.13/plexus-interpolation-1.13.jar
[INFO] Downloading: https://repo.maven.apache.org/maven2/org/apache/maven/maven-plugin-api/2.0.6/maven-plugin-api-2.0.6.jar
[INFO] Downloading: https://repo.maven.apache.org/maven2/org/apache/maven/maven-project/2.0.6/maven-project-2.0.6.jar
[INFO] Downloading: https://repo.maven.apache.org/maven2/org/apache/maven/maven-artifact-manager/2.0.6/maven-artifact-manager-2.0.6.jar
[INFO] Downloaded: https://repo.maven.apache.org/maven2/org/apache/maven/maven-artifact-manager/2.0.6/maven-artifact-manager-2.0.6.jar (0 B at 0 B/s)
[INFO] Downloaded: https://repo.maven.apache.org/maven2/org/apache/maven/maven-project/2.0.6/maven-project-2.0.6.jar (0 B at 0 B/s)
[INFO] Downloaded: https://repo.maven.apache.org/maven2/org/apache/maven/maven-plugin-api/2.0.6/maven-plugin-api-2.0.6.jar (0 B at 0 B/s)
[INFO] Downloading: https://repo.maven.apache.org/maven2/org/apache/maven/maven-core/2.0.6/maven-core-2.0.6.jar
[INFO] Downloading: https://repo.maven.apache.org/maven2/org/apache/maven/maven-artifact/2.0.6/maven-artifact-2.0.6.jar
[INFO] Downloading: https://repo.maven.apache.org/maven2/org/apache/maven/maven-settings/2.0.6/maven-settings-2.0.6.jar
[INFO] Downloading: https://repo.maven.apache.org/maven2/org/apache/maven/maven-model/2.0.6/maven-model-2.0.6.jar
[INFO] Downloading: https://repo.maven.apache.org/maven2/org/apache/maven/maven-monitor/2.0.6/maven-monitor-2.0.6.jar
[INFO] Downloaded: https://repo.maven.apache.org/maven2/org/apache/maven/maven-artifact/2.0.6/maven-artifact-2.0.6.jar (0 B at 0 B/s)
[INFO] Downloading: https://repo.maven.apache.org/maven2/org/codehaus/plexus/plexus-utils/2.0.5/plexus-utils-2.0.5.jar
[INFO] Downloaded: https://repo.maven.apache.org/maven2/org/apache/maven/maven-core/2.0.6/maven-core-2.0.6.jar (0 B at 0 B/s)
[INFO] Downloading: https://repo.maven.apache.org/maven2/org/apache/maven/shared/maven-filtering/1.1/maven-filtering-1.1.jar
[INFO] Downloaded: https://repo.maven.apache.org/maven2/org/apache/maven/maven-settings/2.0.6/maven-settings-2.0.6.jar (0 B at 0 B/s)
[INFO] Downloading: https://repo.maven.apache.org/maven2/org/codehaus/plexus/plexus-interpolation/1.13/plexus-interpolation-1.13.jar
[INFO] Downloaded: https://repo.maven.apache.org/maven2/org/apache/maven/maven-monitor/2.0.6/maven-monitor-2.0.6.jar (0 B at 0 B/s)
[INFO] Downloaded: https://repo.maven.apache.org/maven2/org/codehaus/plexus/plexus-utils/2.0.5/plexus-utils-2.0.5.jar (0 B at 0 B/s)
[INFO] Downloaded: https://repo.maven.apache.org/maven2/org/apache/maven/maven-model/2.0.6/maven-model-2.0.6.jar (0 B at 0 B/s)
[INFO] Downloaded: https://repo.maven.apache.org/maven2/org/apache/maven/shared/maven-filtering/1.1/maven-filtering-1.1.jar (0 B at 0 B/s)
[INFO] Downloaded: https://repo.maven.apache.org/maven2/org/codehaus/plexus/plexus-interpolation/1.13/plexus-interpolation-1.13.jar (0 B at 0 B/s)
[INFO] Using 'UTF-8' encoding to copy filtered resources.
[INFO] Copying 2 resources
[INFO] 
[INFO] --- maven-compiler-plugin:3.7.0:compile (default-compile) @ money-transfer-service ---
[INFO] Downloading: https://dl.bintray.com/groovy/maven/org/codehaus/plexus/plexus-component-annotations/1.6/plexus-component-annotations-1.6.pom
[INFO] Downloading: https://repo.maven.apache.org/maven2/org/codehaus/plexus/plexus-component-annotations/1.6/plexus-component-annotations-1.6.pom
[INFO] Downloaded: https://repo.maven.apache.org/maven2/org/codehaus/plexus/plexus-component-annotations/1.6/plexus-component-annotations-1.6.pom (748 B at 14 kB/s)
[INFO] Downloading: https://dl.bintray.com/groovy/maven/org/codehaus/plexus/plexus-containers/1.6/plexus-containers-1.6.pom
[INFO] Downloading: https://repo.maven.apache.org/maven2/org/codehaus/plexus/plexus-containers/1.6/plexus-containers-1.6.pom
[INFO] Downloaded: https://repo.maven.apache.org/maven2/org/codehaus/plexus/plexus-containers/1.6/plexus-containers-1.6.pom (3.8 kB at 314 kB/s)
[INFO] Downloading: https://dl.bintray.com/groovy/maven/org/codehaus/plexus/plexus/3.3.2/plexus-3.3.2.pom
[INFO] Downloading: https://repo.maven.apache.org/maven2/org/codehaus/plexus/plexus/3.3.2/plexus-3.3.2.pom
[INFO] Downloaded: https://repo.maven.apache.org/maven2/org/codehaus/plexus/plexus/3.3.2/plexus-3.3.2.pom (22 kB at 1.7 MB/s)
[INFO] Downloading: https://dl.bintray.com/groovy/maven/org/apache/maven/shared/maven-shared-utils/3.1.0/maven-shared-utils-3.1.0.pom
[INFO] Downloading: https://repo.maven.apache.org/maven2/org/apache/maven/shared/maven-shared-utils/3.1.0/maven-shared-utils-3.1.0.pom
[INFO] Downloaded: https://repo.maven.apache.org/maven2/org/apache/maven/shared/maven-shared-utils/3.1.0/maven-shared-utils-3.1.0.pom (5.0 kB at 356 kB/s)
[INFO] Downloading: https://dl.bintray.com/groovy/maven/org/codehaus/plexus/plexus-java/0.9.2/plexus-java-0.9.2.pom
[INFO] Downloading: https://repo.maven.apache.org/maven2/org/codehaus/plexus/plexus-java/0.9.2/plexus-java-0.9.2.pom
[INFO] Downloaded: https://repo.maven.apache.org/maven2/org/codehaus/plexus/plexus-java/0.9.2/plexus-java-0.9.2.pom (2.4 kB at 244 kB/s)
[INFO] Downloading: https://dl.bintray.com/groovy/maven/org/codehaus/plexus/plexus-languages/0.9.2/plexus-languages-0.9.2.pom
[INFO] Downloading: https://repo.maven.apache.org/maven2/org/codehaus/plexus/plexus-languages/0.9.2/plexus-languages-0.9.2.pom
[INFO] Downloaded: https://repo.maven.apache.org/maven2/org/codehaus/plexus/plexus-languages/0.9.2/plexus-languages-0.9.2.pom (2.3 kB at 285 kB/s)
[INFO] Downloading: https://dl.bintray.com/groovy/maven/org/ow2/asm/asm/6.0_BETA/asm-6.0_BETA.pom
[INFO] Downloading: https://repo.maven.apache.org/maven2/org/ow2/asm/asm/6.0_BETA/asm-6.0_BETA.pom
[INFO] Downloaded: https://repo.maven.apache.org/maven2/org/ow2/asm/asm/6.0_BETA/asm-6.0_BETA.pom (1.9 kB at 242 kB/s)
[INFO] Downloading: https://dl.bintray.com/groovy/maven/org/ow2/asm/asm-parent/6.0_BETA/asm-parent-6.0_BETA.pom
[INFO] Downloading: https://repo.maven.apache.org/maven2/org/ow2/asm/asm-parent/6.0_BETA/asm-parent-6.0_BETA.pom
[INFO] Downloaded: https://repo.maven.apache.org/maven2/org/ow2/asm/asm-parent/6.0_BETA/asm-parent-6.0_BETA.pom (5.5 kB at 611 kB/s)
[INFO] Downloading: https://dl.bintray.com/groovy/maven/com/thoughtworks/qdox/qdox/2.0-M7/qdox-2.0-M7.pom
[INFO] Downloading: https://repo.maven.apache.org/maven2/com/thoughtworks/qdox/qdox/2.0-M7/qdox-2.0-M7.pom
[INFO] Downloaded: https://repo.maven.apache.org/maven2/com/thoughtworks/qdox/qdox/2.0-M7/qdox-2.0-M7.pom (16 kB at 368 kB/s)
[INFO] Downloading: https://dl.bintray.com/groovy/maven/org/codehaus/plexus/plexus-compiler-api/2.8.2/plexus-compiler-api-2.8.2.pom
[INFO] Downloading: https://repo.maven.apache.org/maven2/org/codehaus/plexus/plexus-compiler-api/2.8.2/plexus-compiler-api-2.8.2.pom
[INFO] Downloaded: https://repo.maven.apache.org/maven2/org/codehaus/plexus/plexus-compiler-api/2.8.2/plexus-compiler-api-2.8.2.pom (867 B at 108 kB/s)
[INFO] Downloading: https://dl.bintray.com/groovy/maven/org/codehaus/plexus/plexus-compiler/2.8.2/plexus-compiler-2.8.2.pom
[INFO] Downloading: https://repo.maven.apache.org/maven2/org/codehaus/plexus/plexus-compiler/2.8.2/plexus-compiler-2.8.2.pom
[INFO] Downloaded: https://repo.maven.apache.org/maven2/org/codehaus/plexus/plexus-compiler/2.8.2/plexus-compiler-2.8.2.pom (4.9 kB at 444 kB/s)
[INFO] Downloading: https://dl.bintray.com/groovy/maven/org/codehaus/plexus/plexus-components/4.0/plexus-components-4.0.pom
[INFO] Downloading: https://repo.maven.apache.org/maven2/org/codehaus/plexus/plexus-components/4.0/plexus-components-4.0.pom
[INFO] Downloaded: https://repo.maven.apache.org/maven2/org/codehaus/plexus/plexus-components/4.0/plexus-components-4.0.pom (2.7 kB at 332 kB/s)
[INFO] Downloading: https://dl.bintray.com/groovy/maven/org/codehaus/plexus/plexus-compiler-manager/2.8.2/plexus-compiler-manager-2.8.2.pom
[INFO] Downloading: https://repo.maven.apache.org/maven2/org/codehaus/plexus/plexus-compiler-manager/2.8.2/plexus-compiler-manager-2.8.2.pom
[INFO] Downloaded: https://repo.maven.apache.org/maven2/org/codehaus/plexus/plexus-compiler-manager/2.8.2/plexus-compiler-manager-2.8.2.pom (692 B at 53 kB/s)
[INFO] Downloading: https://dl.bintray.com/groovy/maven/org/codehaus/plexus/plexus-compiler-javac/2.8.2/plexus-compiler-javac-2.8.2.pom
[INFO] Downloading: https://repo.maven.apache.org/maven2/org/codehaus/plexus/plexus-compiler-javac/2.8.2/plexus-compiler-javac-2.8.2.pom
[INFO] Downloaded: https://repo.maven.apache.org/maven2/org/codehaus/plexus/plexus-compiler-javac/2.8.2/plexus-compiler-javac-2.8.2.pom (771 B at 43 kB/s)
[INFO] Downloading: https://dl.bintray.com/groovy/maven/org/codehaus/plexus/plexus-compilers/2.8.2/plexus-compilers-2.8.2.pom
[INFO] Downloading: https://repo.maven.apache.org/maven2/org/codehaus/plexus/plexus-compilers/2.8.2/plexus-compilers-2.8.2.pom
[INFO] Downloaded: https://repo.maven.apache.org/maven2/org/codehaus/plexus/plexus-compilers/2.8.2/plexus-compilers-2.8.2.pom (1.3 kB at 168 kB/s)
[INFO] Downloading: https://dl.bintray.com/groovy/maven/org/apache/maven/maven-plugin-api/3.0/maven-plugin-api-3.0.jar
[INFO] Downloading: https://dl.bintray.com/groovy/maven/org/apache/maven/maven-model/3.0/maven-model-3.0.jar
[INFO] Downloading: https://dl.bintray.com/groovy/maven/org/sonatype/sisu/sisu-inject-plexus/1.4.2/sisu-inject-plexus-1.4.2.jar
[INFO] Downloading: https://dl.bintray.com/groovy/maven/org/sonatype/sisu/sisu-inject-bean/1.4.2/sisu-inject-bean-1.4.2.jar
[INFO] Downloading: https://dl.bintray.com/groovy/maven/org/sonatype/sisu/sisu-guice/2.1.7/sisu-guice-2.1.7-noaop.jar
[INFO] Downloading: https://dl.bintray.com/groovy/maven/org/apache/maven/maven-artifact/3.0/maven-artifact-3.0.jar
[INFO] Downloading: https://dl.bintray.com/groovy/maven/org/apache/maven/maven-core/3.0/maven-core-3.0.jar
[INFO] Downloading: https://dl.bintray.com/groovy/maven/org/apache/maven/maven-settings/3.0/maven-settings-3.0.jar
[INFO] Downloading: https://dl.bintray.com/groovy/maven/org/apache/maven/maven-settings-builder/3.0/maven-settings-builder-3.0.jar
[INFO] Downloading: https://dl.bintray.com/groovy/maven/org/apache/maven/maven-repository-metadata/3.0/maven-repository-metadata-3.0.jar
[INFO] Downloading: https://dl.bintray.com/groovy/maven/org/apache/maven/maven-model-builder/3.0/maven-model-builder-3.0.jar
[INFO] Downloading: https://dl.bintray.com/groovy/maven/org/apache/maven/maven-aether-provider/3.0/maven-aether-provider-3.0.jar
[INFO] Downloading: https://dl.bintray.com/groovy/maven/org/sonatype/aether/aether-impl/1.7/aether-impl-1.7.jar
[INFO] Downloading: https://dl.bintray.com/groovy/maven/org/sonatype/aether/aether-spi/1.7/aether-spi-1.7.jar
[INFO] Downloading: https://dl.bintray.com/groovy/maven/org/sonatype/aether/aether-api/1.7/aether-api-1.7.jar
[INFO] Downloading: https://dl.bintray.com/groovy/maven/org/sonatype/aether/aether-util/1.7/aether-util-1.7.jar
[INFO] Downloading: https://dl.bintray.com/groovy/maven/org/codehaus/plexus/plexus-classworlds/2.2.3/plexus-classworlds-2.2.3.jar
[INFO] Downloading: https://dl.bintray.com/groovy/maven/org/codehaus/plexus/plexus-component-annotations/1.6/plexus-component-annotations-1.6.jar
[INFO] Downloading: https://dl.bintray.com/groovy/maven/org/apache/maven/shared/maven-shared-utils/3.1.0/maven-shared-utils-3.1.0.jar
[INFO] Downloading: https://dl.bintray.com/groovy/maven/commons-io/commons-io/2.5/commons-io-2.5.jar
[INFO] Downloading: https://dl.bintray.com/groovy/maven/org/apache/maven/shared/maven-shared-incremental/1.1/maven-shared-incremental-1.1.jar
[INFO] Downloading: https://dl.bintray.com/groovy/maven/org/codehaus/plexus/plexus-java/0.9.2/plexus-java-0.9.2.jar
[INFO] Downloading: https://dl.bintray.com/groovy/maven/org/ow2/asm/asm/6.0_BETA/asm-6.0_BETA.jar
[INFO] Downloading: https://dl.bintray.com/groovy/maven/com/thoughtworks/qdox/qdox/2.0-M7/qdox-2.0-M7.jar
[INFO] Downloading: https://dl.bintray.com/groovy/maven/org/codehaus/plexus/plexus-compiler-api/2.8.2/plexus-compiler-api-2.8.2.jar
[INFO] Downloading: https://dl.bintray.com/groovy/maven/org/codehaus/plexus/plexus-compiler-manager/2.8.2/plexus-compiler-manager-2.8.2.jar
[INFO] Downloading: https://dl.bintray.com/groovy/maven/org/codehaus/plexus/plexus-compiler-javac/2.8.2/plexus-compiler-javac-2.8.2.jar
[INFO] Downloading: https://repo.maven.apache.org/maven2/org/apache/maven/maven-plugin-api/3.0/maven-plugin-api-3.0.jar
[INFO] Downloading: https://repo.maven.apache.org/maven2/org/apache/maven/maven-model/3.0/maven-model-3.0.jar
[INFO] Downloading: https://repo.maven.apache.org/maven2/org/sonatype/sisu/sisu-inject-plexus/1.4.2/sisu-inject-plexus-1.4.2.jar
[INFO] Downloading: https://repo.maven.apache.org/maven2/org/sonatype/sisu/sisu-inject-bean/1.4.2/sisu-inject-bean-1.4.2.jar
[INFO] Downloaded: https://repo.maven.apache.org/maven2/org/apache/maven/maven-plugin-api/3.0/maven-plugin-api-3.0.jar (0 B at 0 B/s)
[INFO] Downloading: https://repo.maven.apache.org/maven2/org/sonatype/sisu/sisu-guice/2.1.7/sisu-guice-2.1.7-noaop.jar
[INFO] Downloading: https://repo.maven.apache.org/maven2/org/apache/maven/maven-artifact/3.0/maven-artifact-3.0.jar
[INFO] Downloaded: https://repo.maven.apache.org/maven2/org/apache/maven/maven-model/3.0/maven-model-3.0.jar (0 B at 0 B/s)
[INFO] Downloading: https://repo.maven.apache.org/maven2/org/apache/maven/maven-core/3.0/maven-core-3.0.jar
[INFO] Downloaded: https://repo.maven.apache.org/maven2/org/apache/maven/maven-artifact/3.0/maven-artifact-3.0.jar (0 B at 0 B/s)
[INFO] Downloading: https://repo.maven.apache.org/maven2/org/apache/maven/maven-settings/3.0/maven-settings-3.0.jar
[INFO] Downloaded: https://repo.maven.apache.org/maven2/org/apache/maven/maven-core/3.0/maven-core-3.0.jar (0 B at 0 B/s)
[INFO] Downloading: https://repo.maven.apache.org/maven2/org/apache/maven/maven-settings-builder/3.0/maven-settings-builder-3.0.jar
[INFO] Downloaded: https://repo.maven.apache.org/maven2/org/apache/maven/maven-settings/3.0/maven-settings-3.0.jar (0 B at 0 B/s)
[INFO] Downloading: https://repo.maven.apache.org/maven2/org/apache/maven/maven-repository-metadata/3.0/maven-repository-metadata-3.0.jar
[INFO] Downloaded: https://repo.maven.apache.org/maven2/org/apache/maven/maven-settings-builder/3.0/maven-settings-builder-3.0.jar (0 B at 0 B/s)
[INFO] Downloading: https://repo.maven.apache.org/maven2/org/apache/maven/maven-model-builder/3.0/maven-model-builder-3.0.jar
[INFO] Downloaded: https://repo.maven.apache.org/maven2/org/apache/maven/maven-repository-metadata/3.0/maven-repository-metadata-3.0.jar (30 kB at 700 kB/s)
[INFO] Downloading: https://repo.maven.apache.org/maven2/org/apache/maven/maven-aether-provider/3.0/maven-aether-provider-3.0.jar
[INFO] Downloaded: https://repo.maven.apache.org/maven2/org/sonatype/sisu/sisu-inject-bean/1.4.2/sisu-inject-bean-1.4.2.jar (153 kB at 3.2 MB/s)
[INFO] Downloading: https://repo.maven.apache.org/maven2/org/sonatype/aether/aether-impl/1.7/aether-impl-1.7.jar
[INFO] Downloaded: https://repo.maven.apache.org/maven2/org/sonatype/sisu/sisu-inject-plexus/1.4.2/sisu-inject-plexus-1.4.2.jar (202 kB at 3.1 MB/s)
[INFO] Downloading: https://repo.maven.apache.org/maven2/org/sonatype/aether/aether-spi/1.7/aether-spi-1.7.jar
[INFO] Downloaded: https://repo.maven.apache.org/maven2/org/sonatype/aether/aether-spi/1.7/aether-spi-1.7.jar (14 kB at 199 kB/s)
[INFO] Downloading: https://repo.maven.apache.org/maven2/org/sonatype/aether/aether-api/1.7/aether-api-1.7.jar
[INFO] Downloaded: https://repo.maven.apache.org/maven2/org/apache/maven/maven-aether-provider/3.0/maven-aether-provider-3.0.jar (51 kB at 721 kB/s)
[INFO] Downloading: https://repo.maven.apache.org/maven2/org/sonatype/aether/aether-util/1.7/aether-util-1.7.jar
[INFO] Downloaded: https://repo.maven.apache.org/maven2/org/sonatype/aether/aether-impl/1.7/aether-impl-1.7.jar (106 kB at 1.5 MB/s)
[INFO] Downloading: https://repo.maven.apache.org/maven2/org/codehaus/plexus/plexus-classworlds/2.2.3/plexus-classworlds-2.2.3.jar
[INFO] Downloaded: https://repo.maven.apache.org/maven2/org/apache/maven/maven-model-builder/3.0/maven-model-builder-3.0.jar (148 kB at 1.9 MB/s)
[INFO] Downloading: https://repo.maven.apache.org/maven2/org/codehaus/plexus/plexus-component-annotations/1.6/plexus-component-annotations-1.6.jar
[INFO] Downloaded: https://repo.maven.apache.org/maven2/org/sonatype/aether/aether-api/1.7/aether-api-1.7.jar (74 kB at 894 kB/s)
[INFO] Downloading: https://repo.maven.apache.org/maven2/org/apache/maven/shared/maven-shared-utils/3.1.0/maven-shared-utils-3.1.0.jar
[INFO] Downloaded: https://repo.maven.apache.org/maven2/org/codehaus/plexus/plexus-classworlds/2.2.3/plexus-classworlds-2.2.3.jar (46 kB at 530 kB/s)
[INFO] Downloaded: https://repo.maven.apache.org/maven2/org/apache/maven/shared/maven-shared-utils/3.1.0/maven-shared-utils-3.1.0.jar (0 B at 0 B/s)
[INFO] Downloading: https://repo.maven.apache.org/maven2/org/apache/maven/shared/maven-shared-incremental/1.1/maven-shared-incremental-1.1.jar
[INFO] Downloading: https://repo.maven.apache.org/maven2/commons-io/commons-io/2.5/commons-io-2.5.jar
[INFO] Downloaded: https://repo.maven.apache.org/maven2/org/apache/maven/shared/maven-shared-incremental/1.1/maven-shared-incremental-1.1.jar (0 B at 0 B/s)
[INFO] Downloading: https://repo.maven.apache.org/maven2/org/codehaus/plexus/plexus-java/0.9.2/plexus-java-0.9.2.jar
[INFO] Downloaded: https://repo.maven.apache.org/maven2/commons-io/commons-io/2.5/commons-io-2.5.jar (0 B at 0 B/s)
[INFO] Downloading: https://repo.maven.apache.org/maven2/org/ow2/asm/asm/6.0_BETA/asm-6.0_BETA.jar
[INFO] Downloaded: https://repo.maven.apache.org/maven2/org/codehaus/plexus/plexus-java/0.9.2/plexus-java-0.9.2.jar (0 B at 0 B/s)
[INFO] Downloading: https://repo.maven.apache.org/maven2/com/thoughtworks/qdox/qdox/2.0-M7/qdox-2.0-M7.jar
[INFO] Downloaded: https://repo.maven.apache.org/maven2/org/sonatype/sisu/sisu-guice/2.1.7/sisu-guice-2.1.7-noaop.jar (472 kB at 4.7 MB/s)
[INFO] Downloading: https://repo.maven.apache.org/maven2/org/codehaus/plexus/plexus-compiler-api/2.8.2/plexus-compiler-api-2.8.2.jar
[INFO] Downloaded: https://repo.maven.apache.org/maven2/org/codehaus/plexus/plexus-component-annotations/1.6/plexus-component-annotations-1.6.jar (4.3 kB at 42 kB/s)
[INFO] Downloading: https://repo.maven.apache.org/maven2/org/codehaus/plexus/plexus-compiler-manager/2.8.2/plexus-compiler-manager-2.8.2.jar
[INFO] Downloaded: https://repo.maven.apache.org/maven2/org/codehaus/plexus/plexus-compiler-manager/2.8.2/plexus-compiler-manager-2.8.2.jar (0 B at 0 B/s)
[INFO] Downloaded: https://repo.maven.apache.org/maven2/org/codehaus/plexus/plexus-compiler-api/2.8.2/plexus-compiler-api-2.8.2.jar (0 B at 0 B/s)
[INFO] Downloading: https://repo.maven.apache.org/maven2/org/codehaus/plexus/plexus-compiler-javac/2.8.2/plexus-compiler-javac-2.8.2.jar
[INFO] Downloaded: https://repo.maven.apache.org/maven2/org/ow2/asm/asm/6.0_BETA/asm-6.0_BETA.jar (56 kB at 533 kB/s)
[INFO] Downloaded: https://repo.maven.apache.org/maven2/org/codehaus/plexus/plexus-compiler-javac/2.8.2/plexus-compiler-javac-2.8.2.jar (0 B at 0 B/s)
[INFO] Downloaded: https://repo.maven.apache.org/maven2/org/sonatype/aether/aether-util/1.7/aether-util-1.7.jar (108 kB at 973 kB/s)
[INFO] Downloaded: https://repo.maven.apache.org/maven2/com/thoughtworks/qdox/qdox/2.0-M7/qdox-2.0-M7.jar (315 kB at 2.0 MB/s)
[INFO] Downloading: https://jcenter.bintray.com/org/codehaus/groovy/groovy/2.5.1/groovy-2.5.1.jar
[INFO] Downloaded: https://jcenter.bintray.com/org/codehaus/groovy/groovy/2.5.1/groovy-2.5.1.jar (5.4 MB at 4.3 MB/s)
[INFO] Changes detected - recompiling the module!
[INFO] Compiling 31 source files to /scratch/tmp-rta/Bears_DmitriiSerikov-money-transfer-service_446104441-446106577_java-8/target/classes
[INFO] 
[INFO] --- maven-resources-plugin:2.6:testResources (default-testResources) @ money-transfer-service ---
[INFO] Using 'UTF-8' encoding to copy filtered resources.
[INFO] skip non existing resourceDirectory /scratch/tmp-rta/Bears_DmitriiSerikov-money-transfer-service_446104441-446106577_java-8/src/test/resources
[INFO] 
[INFO] --- maven-compiler-plugin:3.7.0:testCompile (default-testCompile) @ money-transfer-service ---
[INFO] Changes detected - recompiling the module!
[INFO] Compiling 2 source files to /scratch/tmp-rta/Bears_DmitriiSerikov-money-transfer-service_446104441-446106577_java-8/target/test-classes
[INFO] 
[INFO] --- gmavenplus-plugin:1.6.2:compileTests (default) @ money-transfer-service ---
[INFO] Using Groovy 2.5.1 to perform compileTests.
[INFO] Compiled 62 files.
[INFO] 
[INFO] --- maven-surefire-plugin:2.22.1:test (default-test) @ money-transfer-service ---
[INFO] Downloading: https://dl.bintray.com/groovy/maven/org/apache/maven/surefire/maven-surefire-common/2.22.1/maven-surefire-common-2.22.1.pom
[INFO] Downloading: https://repo.maven.apache.org/maven2/org/apache/maven/surefire/maven-surefire-common/2.22.1/maven-surefire-common-2.22.1.pom
[INFO] Downloaded: https://repo.maven.apache.org/maven2/org/apache/maven/surefire/maven-surefire-common/2.22.1/maven-surefire-common-2.22.1.pom (11 kB at 636 kB/s)
[INFO] Downloading: https://dl.bintray.com/groovy/maven/org/apache/maven/plugin-tools/maven-plugin-annotations/3.5.2/maven-plugin-annotations-3.5.2.pom
[INFO] Downloading: https://repo.maven.apache.org/maven2/org/apache/maven/plugin-tools/maven-plugin-annotations/3.5.2/maven-plugin-annotations-3.5.2.pom
[INFO] Downloaded: https://repo.maven.apache.org/maven2/org/apache/maven/plugin-tools/maven-plugin-annotations/3.5.2/maven-plugin-annotations-3.5.2.pom (1.6 kB at 58 kB/s)
[INFO] Downloading: https://dl.bintray.com/groovy/maven/org/apache/maven/plugin-tools/maven-plugin-tools/3.5.2/maven-plugin-tools-3.5.2.pom
[INFO] Downloading: https://repo.maven.apache.org/maven2/org/apache/maven/plugin-tools/maven-plugin-tools/3.5.2/maven-plugin-tools-3.5.2.pom
[INFO] Downloaded: https://repo.maven.apache.org/maven2/org/apache/maven/plugin-tools/maven-plugin-tools/3.5.2/maven-plugin-tools-3.5.2.pom (15 kB at 1.3 MB/s)
[INFO] Downloading: https://dl.bintray.com/groovy/maven/org/apache/maven/maven-parent/31/maven-parent-31.pom
[INFO] Downloading: https://repo.maven.apache.org/maven2/org/apache/maven/maven-parent/31/maven-parent-31.pom
[INFO] Downloaded: https://repo.maven.apache.org/maven2/org/apache/maven/maven-parent/31/maven-parent-31.pom (43 kB at 1.8 MB/s)
[INFO] Downloading: https://dl.bintray.com/groovy/maven/org/apache/maven/surefire/surefire-api/2.22.1/surefire-api-2.22.1.pom
[INFO] Downloading: https://repo.maven.apache.org/maven2/org/apache/maven/surefire/surefire-api/2.22.1/surefire-api-2.22.1.pom
[INFO] Downloaded: https://repo.maven.apache.org/maven2/org/apache/maven/surefire/surefire-api/2.22.1/surefire-api-2.22.1.pom (3.5 kB at 322 kB/s)
[INFO] Downloading: https://dl.bintray.com/groovy/maven/org/apache/maven/surefire/surefire-logger-api/2.22.1/surefire-logger-api-2.22.1.pom
[INFO] Downloading: https://repo.maven.apache.org/maven2/org/apache/maven/surefire/surefire-logger-api/2.22.1/surefire-logger-api-2.22.1.pom
[INFO] Downloaded: https://repo.maven.apache.org/maven2/org/apache/maven/surefire/surefire-logger-api/2.22.1/surefire-logger-api-2.22.1.pom (2.0 kB at 218 kB/s)
[INFO] Downloading: https://dl.bintray.com/groovy/maven/org/apache/maven/surefire/surefire-booter/2.22.1/surefire-booter-2.22.1.pom
[INFO] Downloading: https://repo.maven.apache.org/maven2/org/apache/maven/surefire/surefire-booter/2.22.1/surefire-booter-2.22.1.pom
[INFO] Downloaded: https://repo.maven.apache.org/maven2/org/apache/maven/surefire/surefire-booter/2.22.1/surefire-booter-2.22.1.pom (7.5 kB at 466 kB/s)
[INFO] Downloading: https://dl.bintray.com/groovy/maven/org/codehaus/plexus/plexus-java/0.9.10/plexus-java-0.9.10.pom
[INFO] Downloading: https://repo.maven.apache.org/maven2/org/codehaus/plexus/plexus-java/0.9.10/plexus-java-0.9.10.pom
[INFO] Downloaded: https://repo.maven.apache.org/maven2/org/codehaus/plexus/plexus-java/0.9.10/plexus-java-0.9.10.pom (5.1 kB at 204 kB/s)
[INFO] Downloading: https://dl.bintray.com/groovy/maven/org/codehaus/plexus/plexus-languages/0.9.10/plexus-languages-0.9.10.pom
[INFO] Downloading: https://repo.maven.apache.org/maven2/org/codehaus/plexus/plexus-languages/0.9.10/plexus-languages-0.9.10.pom
[INFO] Downloaded: https://repo.maven.apache.org/maven2/org/codehaus/plexus/plexus-languages/0.9.10/plexus-languages-0.9.10.pom (4.1 kB at 518 kB/s)
[INFO] Downloading: https://dl.bintray.com/groovy/maven/org/ow2/asm/asm/6.2/asm-6.2.pom
[INFO] Downloading: https://repo.maven.apache.org/maven2/org/ow2/asm/asm/6.2/asm-6.2.pom
[INFO] Downloaded: https://repo.maven.apache.org/maven2/org/ow2/asm/asm/6.2/asm-6.2.pom (2.9 kB at 326 kB/s)
[INFO] Downloading: https://dl.bintray.com/groovy/maven/com/thoughtworks/qdox/qdox/2.0-M8/qdox-2.0-M8.pom
[INFO] Downloading: https://repo.maven.apache.org/maven2/com/thoughtworks/qdox/qdox/2.0-M8/qdox-2.0-M8.pom
[INFO] Downloaded: https://repo.maven.apache.org/maven2/com/thoughtworks/qdox/qdox/2.0-M8/qdox-2.0-M8.pom (16 kB at 1.2 MB/s)
[INFO] Downloading: https://dl.bintray.com/groovy/maven/org/apache/maven/surefire/maven-surefire-common/2.22.1/maven-surefire-common-2.22.1.jar
[INFO] Downloading: https://dl.bintray.com/groovy/maven/org/apache/maven/plugin-tools/maven-plugin-annotations/3.5.2/maven-plugin-annotations-3.5.2.jar
[INFO] Downloading: https://dl.bintray.com/groovy/maven/org/apache/maven/surefire/surefire-api/2.22.1/surefire-api-2.22.1.jar
[INFO] Downloading: https://dl.bintray.com/groovy/maven/org/apache/maven/surefire/surefire-logger-api/2.22.1/surefire-logger-api-2.22.1.jar
[INFO] Downloading: https://dl.bintray.com/groovy/maven/org/apache/maven/surefire/surefire-booter/2.22.1/surefire-booter-2.22.1.jar
[INFO] Downloading: https://dl.bintray.com/groovy/maven/org/codehaus/plexus/plexus-utils/1.5.15/plexus-utils-1.5.15.jar
[INFO] Downloading: https://dl.bintray.com/groovy/maven/junit/junit/4.12/junit-4.12.jar
[INFO] Downloading: https://dl.bintray.com/groovy/maven/org/hamcrest/hamcrest-core/1.3/hamcrest-core-1.3.jar
[INFO] Downloading: https://dl.bintray.com/groovy/maven/org/apache/maven/maven-core/2.2.1/maven-core-2.2.1.jar
[INFO] Downloading: https://dl.bintray.com/groovy/maven/org/apache/maven/maven-toolchain/2.2.1/maven-toolchain-2.2.1.jar
[INFO] Downloading: https://dl.bintray.com/groovy/maven/org/codehaus/plexus/plexus-java/0.9.10/plexus-java-0.9.10.jar
[INFO] Downloading: https://dl.bintray.com/groovy/maven/org/ow2/asm/asm/6.2/asm-6.2.jar
[INFO] Downloading: https://dl.bintray.com/groovy/maven/com/thoughtworks/qdox/qdox/2.0-M8/qdox-2.0-M8.jar
[INFO] Downloading: https://repo.maven.apache.org/maven2/org/apache/maven/surefire/maven-surefire-common/2.22.1/maven-surefire-common-2.22.1.jar
[INFO] Downloading: https://repo.maven.apache.org/maven2/org/apache/maven/plugin-tools/maven-plugin-annotations/3.5.2/maven-plugin-annotations-3.5.2.jar
[INFO] Downloading: https://repo.maven.apache.org/maven2/org/apache/maven/surefire/surefire-api/2.22.1/surefire-api-2.22.1.jar
[INFO] Downloaded: https://repo.maven.apache.org/maven2/org/apache/maven/surefire/maven-surefire-common/2.22.1/maven-surefire-common-2.22.1.jar (0 B at 0 B/s)
[INFO] Downloading: https://repo.maven.apache.org/maven2/org/apache/maven/surefire/surefire-logger-api/2.22.1/surefire-logger-api-2.22.1.jar
[INFO] Downloading: https://repo.maven.apache.org/maven2/org/apache/maven/surefire/surefire-booter/2.22.1/surefire-booter-2.22.1.jar
[INFO] Downloading: https://repo.maven.apache.org/maven2/org/codehaus/plexus/plexus-utils/1.5.15/plexus-utils-1.5.15.jar
[INFO] Downloaded: https://repo.maven.apache.org/maven2/org/apache/maven/plugin-tools/maven-plugin-annotations/3.5.2/maven-plugin-annotations-3.5.2.jar (14 kB at 528 kB/s)
[INFO] Downloading: https://repo.maven.apache.org/maven2/junit/junit/4.12/junit-4.12.jar
[INFO] Downloaded: https://repo.maven.apache.org/maven2/junit/junit/4.12/junit-4.12.jar (0 B at 0 B/s)
[INFO] Downloading: https://repo.maven.apache.org/maven2/org/hamcrest/hamcrest-core/1.3/hamcrest-core-1.3.jar
[INFO] Downloaded: https://repo.maven.apache.org/maven2/org/hamcrest/hamcrest-core/1.3/hamcrest-core-1.3.jar (0 B at 0 B/s)
[INFO] Downloading: https://repo.maven.apache.org/maven2/org/apache/maven/maven-core/2.2.1/maven-core-2.2.1.jar
[INFO] Downloaded: https://repo.maven.apache.org/maven2/org/apache/maven/surefire/surefire-logger-api/2.22.1/surefire-logger-api-2.22.1.jar (13 kB at 477 kB/s)
[INFO] Downloading: https://repo.maven.apache.org/maven2/org/apache/maven/maven-toolchain/2.2.1/maven-toolchain-2.2.1.jar
[INFO] Downloaded: https://repo.maven.apache.org/maven2/org/apache/maven/maven-core/2.2.1/maven-core-2.2.1.jar (0 B at 0 B/s)
[INFO] Downloading: https://repo.maven.apache.org/maven2/org/codehaus/plexus/plexus-java/0.9.10/plexus-java-0.9.10.jar
[INFO] Downloaded: https://repo.maven.apache.org/maven2/org/apache/maven/maven-toolchain/2.2.1/maven-toolchain-2.2.1.jar (0 B at 0 B/s)
[INFO] Downloading: https://repo.maven.apache.org/maven2/org/ow2/asm/asm/6.2/asm-6.2.jar
[INFO] Downloaded: https://repo.maven.apache.org/maven2/org/apache/maven/surefire/surefire-api/2.22.1/surefire-api-2.22.1.jar (186 kB at 4.0 MB/s)
[INFO] Downloading: https://repo.maven.apache.org/maven2/com/thoughtworks/qdox/qdox/2.0-M8/qdox-2.0-M8.jar
[INFO] Downloaded: https://repo.maven.apache.org/maven2/org/codehaus/plexus/plexus-java/0.9.10/plexus-java-0.9.10.jar (39 kB at 939 kB/s)
[INFO] Downloaded: https://repo.maven.apache.org/maven2/org/codehaus/plexus/plexus-utils/1.5.15/plexus-utils-1.5.15.jar (228 kB at 4.7 MB/s)
[INFO] Downloaded: https://repo.maven.apache.org/maven2/org/apache/maven/surefire/surefire-booter/2.22.1/surefire-booter-2.22.1.jar (274 kB at 5.1 MB/s)
[INFO] Downloaded: https://repo.maven.apache.org/maven2/org/ow2/asm/asm/6.2/asm-6.2.jar (111 kB at 1.6 MB/s)
[INFO] Downloaded: https://repo.maven.apache.org/maven2/com/thoughtworks/qdox/qdox/2.0-M8/qdox-2.0-M8.jar (316 kB at 3.0 MB/s)
[INFO] Downloading: https://dl.bintray.com/groovy/maven/org/apache/maven/surefire/surefire-junit47/2.22.1/surefire-junit47-2.22.1.pom
[INFO] Downloading: https://repo.maven.apache.org/maven2/org/apache/maven/surefire/surefire-junit47/2.22.1/surefire-junit47-2.22.1.pom
[INFO] Downloaded: https://repo.maven.apache.org/maven2/org/apache/maven/surefire/surefire-junit47/2.22.1/surefire-junit47-2.22.1.pom (6.3 kB at 628 kB/s)
[INFO] Downloading: https://dl.bintray.com/groovy/maven/org/apache/maven/surefire/surefire-providers/2.22.1/surefire-providers-2.22.1.pom
[INFO] Downloading: https://repo.maven.apache.org/maven2/org/apache/maven/surefire/surefire-providers/2.22.1/surefire-providers-2.22.1.pom
[INFO] Downloaded: https://repo.maven.apache.org/maven2/org/apache/maven/surefire/surefire-providers/2.22.1/surefire-providers-2.22.1.pom (2.5 kB at 311 kB/s)
[INFO] Downloading: https://dl.bintray.com/groovy/maven/org/apache/maven/surefire/common-junit48/2.22.1/common-junit48-2.22.1.pom
[INFO] Downloading: https://repo.maven.apache.org/maven2/org/apache/maven/surefire/common-junit48/2.22.1/common-junit48-2.22.1.pom
[INFO] Downloaded: https://repo.maven.apache.org/maven2/org/apache/maven/surefire/common-junit48/2.22.1/common-junit48-2.22.1.pom (3.2 kB at 294 kB/s)
[INFO] Downloading: https://dl.bintray.com/groovy/maven/org/apache/maven/surefire/common-junit4/2.22.1/common-junit4-2.22.1.pom
[INFO] Downloading: https://repo.maven.apache.org/maven2/org/apache/maven/surefire/common-junit4/2.22.1/common-junit4-2.22.1.pom
[INFO] Downloaded: https://repo.maven.apache.org/maven2/org/apache/maven/surefire/common-junit4/2.22.1/common-junit4-2.22.1.pom (2.1 kB at 213 kB/s)
[INFO] Downloading: https://dl.bintray.com/groovy/maven/org/apache/maven/surefire/common-junit3/2.22.1/common-junit3-2.22.1.pom
[INFO] Downloading: https://repo.maven.apache.org/maven2/org/apache/maven/surefire/common-junit3/2.22.1/common-junit3-2.22.1.pom
[INFO] Downloaded: https://repo.maven.apache.org/maven2/org/apache/maven/surefire/common-junit3/2.22.1/common-junit3-2.22.1.pom (1.6 kB at 226 kB/s)
[INFO] Downloading: https://dl.bintray.com/groovy/maven/org/apache/maven/surefire/common-java5/2.22.1/common-java5-2.22.1.pom
[INFO] Downloading: https://repo.maven.apache.org/maven2/org/apache/maven/surefire/common-java5/2.22.1/common-java5-2.22.1.pom
[INFO] Downloaded: https://repo.maven.apache.org/maven2/org/apache/maven/surefire/common-java5/2.22.1/common-java5-2.22.1.pom (2.7 kB at 334 kB/s)
[INFO] Downloading: https://dl.bintray.com/groovy/maven/org/apache/maven/shared/maven-shared-utils/0.9/maven-shared-utils-0.9.pom
[INFO] Downloading: https://repo.maven.apache.org/maven2/org/apache/maven/shared/maven-shared-utils/0.9/maven-shared-utils-0.9.pom
[INFO] Downloaded: https://repo.maven.apache.org/maven2/org/apache/maven/shared/maven-shared-utils/0.9/maven-shared-utils-0.9.pom (6.2 kB at 778 kB/s)
[INFO] Downloading: https://dl.bintray.com/groovy/maven/org/apache/maven/surefire/surefire-grouper/2.22.1/surefire-grouper-2.22.1.pom
[INFO] Downloading: https://repo.maven.apache.org/maven2/org/apache/maven/surefire/surefire-grouper/2.22.1/surefire-grouper-2.22.1.pom
[INFO] Downloaded: https://repo.maven.apache.org/maven2/org/apache/maven/surefire/surefire-grouper/2.22.1/surefire-grouper-2.22.1.pom (2.6 kB at 132 kB/s)
[INFO] Downloading: https://dl.bintray.com/groovy/maven/org/apache/maven/surefire/common-junit48/2.22.1/common-junit48-2.22.1.jar
[INFO] Downloading: https://dl.bintray.com/groovy/maven/org/apache/maven/surefire/surefire-junit47/2.22.1/surefire-junit47-2.22.1.jar
[INFO] Downloading: https://dl.bintray.com/groovy/maven/org/apache/maven/surefire/common-junit4/2.22.1/common-junit4-2.22.1.jar
[INFO] Downloading: https://dl.bintray.com/groovy/maven/org/apache/maven/surefire/common-junit3/2.22.1/common-junit3-2.22.1.jar
[INFO] Downloading: https://dl.bintray.com/groovy/maven/org/apache/maven/surefire/common-java5/2.22.1/common-java5-2.22.1.jar
[INFO] Downloading: https://repo.maven.apache.org/maven2/org/apache/maven/surefire/common-java5/2.22.1/common-java5-2.22.1.jar
[INFO] Downloading: https://repo.maven.apache.org/maven2/org/apache/maven/surefire/common-junit3/2.22.1/common-junit3-2.22.1.jar
[INFO] Downloading: https://repo.maven.apache.org/maven2/org/apache/maven/surefire/common-junit48/2.22.1/common-junit48-2.22.1.jar
[INFO] Downloading: https://repo.maven.apache.org/maven2/org/apache/maven/surefire/surefire-junit47/2.22.1/surefire-junit47-2.22.1.jar
[INFO] Downloading: https://repo.maven.apache.org/maven2/org/apache/maven/surefire/common-junit4/2.22.1/common-junit4-2.22.1.jar
[INFO] Downloaded: https://repo.maven.apache.org/maven2/org/apache/maven/surefire/common-junit3/2.22.1/common-junit3-2.22.1.jar (12 kB at 1.3 MB/s)
[INFO] Downloaded: https://repo.maven.apache.org/maven2/org/apache/maven/surefire/common-java5/2.22.1/common-java5-2.22.1.jar (51 kB at 2.7 MB/s)
[INFO] Downloading: https://dl.bintray.com/groovy/maven/org/apache/maven/shared/maven-shared-utils/0.9/maven-shared-utils-0.9.jar
[INFO] Downloading: https://dl.bintray.com/groovy/maven/org/apache/maven/surefire/surefire-grouper/2.22.1/surefire-grouper-2.22.1.jar
[INFO] Downloaded: https://repo.maven.apache.org/maven2/org/apache/maven/surefire/common-junit48/2.22.1/common-junit48-2.22.1.jar (22 kB at 646 kB/s)
[INFO] Downloaded: https://repo.maven.apache.org/maven2/org/apache/maven/surefire/surefire-junit47/2.22.1/surefire-junit47-2.22.1.jar (160 kB at 4.7 MB/s)
[INFO] Downloaded: https://repo.maven.apache.org/maven2/org/apache/maven/surefire/common-junit4/2.22.1/common-junit4-2.22.1.jar (28 kB at 1.0 MB/s)
[INFO] Downloading: https://repo.maven.apache.org/maven2/org/apache/maven/surefire/surefire-grouper/2.22.1/surefire-grouper-2.22.1.jar
[INFO] Downloading: https://repo.maven.apache.org/maven2/org/apache/maven/shared/maven-shared-utils/0.9/maven-shared-utils-0.9.jar
[INFO] Downloaded: https://repo.maven.apache.org/maven2/org/apache/maven/surefire/surefire-grouper/2.22.1/surefire-grouper-2.22.1.jar (40 kB at 2.0 MB/s)
[INFO] Downloaded: https://repo.maven.apache.org/maven2/org/apache/maven/shared/maven-shared-utils/0.9/maven-shared-utils-0.9.jar (172 kB at 2.6 MB/s)
[INFO] 
[INFO] -------------------------------------------------------
[INFO]  T E S T S
[INFO] -------------------------------------------------------
[INFO] Running com.github.example.holder.impl.LockHolderSpec
[INFO] Tests run: 4, Failures: 0, Errors: 0, Skipped: 0, Time elapsed: 1.145 s - in com.github.example.holder.impl.LockHolderSpec
[INFO] Running com.github.example.model.TransactionSpec
[INFO] Tests run: 7, Failures: 0, Errors: 0, Skipped: 0, Time elapsed: 0.09 s - in com.github.example.model.TransactionSpec
[INFO] Running com.github.example.model.AccountSpec
[INFO] Tests run: 6, Failures: 0, Errors: 0, Skipped: 0, Time elapsed: 0.037 s - in com.github.example.model.AccountSpec
[INFO] Running com.github.example.dao.impl.InMemoryTransactionDaoSpec
[INFO] Tests run: 22, Failures: 0, Errors: 0, Skipped: 0, Time elapsed: 0.432 s - in com.github.example.dao.impl.InMemoryTransactionDaoSpec
[INFO] Running com.github.example.dao.impl.InMemoryAccountDaoSpec
[INFO] Tests run: 17, Failures: 0, Errors: 0, Skipped: 0, Time elapsed: 0.005 s - in com.github.example.dao.impl.InMemoryAccountDaoSpec
[INFO] Running com.github.example.factory.ModelMapperFactorySpec
[INFO] Tests run: 1, Failures: 0, Errors: 0, Skipped: 0, Time elapsed: 0 s - in com.github.example.factory.ModelMapperFactorySpec
[INFO] Running com.github.example.handler.CouldNotAcquireLockExceptionHandlerSpec
[INFO] Tests run: 3, Failures: 0, Errors: 0, Skipped: 0, Time elapsed: 0 s - in com.github.example.handler.CouldNotAcquireLockExceptionHandlerSpec
[INFO] Running com.github.example.handler.EntityNotFoundExceptionHandlerSpec
[INFO] Tests run: 3, Failures: 0, Errors: 0, Skipped: 0, Time elapsed: 0 s - in com.github.example.handler.EntityNotFoundExceptionHandlerSpec
[INFO] Running com.github.example.handler.IllegalArgumentExceptionHandlerSpec
[INFO] Tests run: 3, Failures: 0, Errors: 0, Skipped: 0, Time elapsed: 0.001 s - in com.github.example.handler.IllegalArgumentExceptionHandlerSpec
[INFO] Running com.github.example.handler.EntityAlreadyExistsExceptionHandlerSpec
[INFO] Tests run: 3, Failures: 0, Errors: 0, Skipped: 0, Time elapsed: 0 s - in com.github.example.handler.EntityAlreadyExistsExceptionHandlerSpec
[INFO] Running com.github.example.service.impl.TransactionExecutionServiceSpec
[INFO] Tests run: 20, Failures: 0, Errors: 0, Skipped: 0, Time elapsed: 0.014 s - in com.github.example.service.impl.TransactionExecutionServiceSpec
[INFO] Running com.github.example.service.impl.TransactionServiceSpec
[INFO] Tests run: 9, Failures: 0, Errors: 0, Skipped: 0, Time elapsed: 0.001 s - in com.github.example.service.impl.TransactionServiceSpec
[INFO] Running com.github.example.service.impl.AccountServiceSpec
[INFO] Tests run: 7, Failures: 0, Errors: 0, Skipped: 0, Time elapsed: 0.001 s - in com.github.example.service.impl.AccountServiceSpec
[INFO] Running com.github.example.job.TransactionsProcessingJobSpec
[INFO] Tests run: 1, Failures: 0, Errors: 0, Skipped: 0, Time elapsed: 0.002 s - in com.github.example.job.TransactionsProcessingJobSpec
[INFO] 
[INFO] Results:
[INFO] 
[INFO] Tests run: 106, Failures: 0, Errors: 0, Skipped: 0
[INFO] 
[INFO] 
[INFO] --- jacoco-maven-plugin:0.8.2:report (report) @ money-transfer-service ---
[INFO] Skipping JaCoCo execution because property jacoco.skip is set.
[INFO] 
[INFO] --- maven-jar-plugin:2.4:jar (default-jar) @ money-transfer-service ---
[INFO] Downloading: https://dl.bintray.com/groovy/maven/org/apache/maven/maven-archiver/2.5/maven-archiver-2.5.jar
[INFO] Downloading: https://dl.bintray.com/groovy/maven/org/codehaus/plexus/plexus-archiver/2.1/plexus-archiver-2.1.jar
[INFO] Downloading: https://dl.bintray.com/groovy/maven/commons-lang/commons-lang/2.1/commons-lang-2.1.jar
[INFO] Downloading: https://dl.bintray.com/groovy/maven/org/codehaus/plexus/plexus-utils/3.0/plexus-utils-3.0.jar
[INFO] Downloading: https://repo.maven.apache.org/maven2/org/apache/maven/maven-archiver/2.5/maven-archiver-2.5.jar
[INFO] Downloading: https://repo.maven.apache.org/maven2/org/codehaus/plexus/plexus-archiver/2.1/plexus-archiver-2.1.jar
[INFO] Downloading: https://repo.maven.apache.org/maven2/commons-lang/commons-lang/2.1/commons-lang-2.1.jar
[INFO] Downloading: https://repo.maven.apache.org/maven2/org/codehaus/plexus/plexus-utils/3.0/plexus-utils-3.0.jar
[INFO] Downloaded: https://repo.maven.apache.org/maven2/org/codehaus/plexus/plexus-utils/3.0/plexus-utils-3.0.jar (0 B at 0 B/s)
[INFO] Downloaded: https://repo.maven.apache.org/maven2/org/apache/maven/maven-archiver/2.5/maven-archiver-2.5.jar (0 B at 0 B/s)
[INFO] Downloaded: https://repo.maven.apache.org/maven2/org/codehaus/plexus/plexus-archiver/2.1/plexus-archiver-2.1.jar (0 B at 0 B/s)
[INFO] Downloaded: https://repo.maven.apache.org/maven2/commons-lang/commons-lang/2.1/commons-lang-2.1.jar (0 B at 0 B/s)
[INFO] Building jar: /scratch/tmp-rta/Bears_DmitriiSerikov-money-transfer-service_446104441-446106577_java-8/target/money-transfer-service-0.1.jar
[INFO] 
[INFO] --- maven-shade-plugin:3.2.0:shade (default) @ money-transfer-service ---
[INFO] Downloading: https://dl.bintray.com/groovy/maven/org/apache/maven/shared/maven-artifact-transfer/0.10.0/maven-artifact-transfer-0.10.0.pom
[INFO] Downloading: https://repo.maven.apache.org/maven2/org/apache/maven/shared/maven-artifact-transfer/0.10.0/maven-artifact-transfer-0.10.0.pom
[INFO] Downloaded: https://repo.maven.apache.org/maven2/org/apache/maven/shared/maven-artifact-transfer/0.10.0/maven-artifact-transfer-0.10.0.pom (12 kB at 15 kB/s)
[INFO] Downloading: https://dl.bintray.com/groovy/maven/org/apache/maven/shared/maven-shared-components/31/maven-shared-components-31.pom
[INFO] Downloading: https://repo.maven.apache.org/maven2/org/apache/maven/shared/maven-shared-components/31/maven-shared-components-31.pom
[INFO] Downloaded: https://repo.maven.apache.org/maven2/org/apache/maven/shared/maven-shared-components/31/maven-shared-components-31.pom (5.1 kB at 365 kB/s)
[INFO] Downloading: https://dl.bintray.com/groovy/maven/org/apache/maven/shared/maven-common-artifact-filters/3.0.1/maven-common-artifact-filters-3.0.1.pom
[INFO] Downloading: https://repo.maven.apache.org/maven2/org/apache/maven/shared/maven-common-artifact-filters/3.0.1/maven-common-artifact-filters-3.0.1.pom
[INFO] Downloaded: https://repo.maven.apache.org/maven2/org/apache/maven/shared/maven-common-artifact-filters/3.0.1/maven-common-artifact-filters-3.0.1.pom (4.8 kB at 691 kB/s)
[INFO] Downloading: https://dl.bintray.com/groovy/maven/commons-codec/commons-codec/1.11/commons-codec-1.11.pom
[INFO] Downloading: https://repo.maven.apache.org/maven2/commons-codec/commons-codec/1.11/commons-codec-1.11.pom
[INFO] Downloaded: https://repo.maven.apache.org/maven2/commons-codec/commons-codec/1.11/commons-codec-1.11.pom (14 kB at 1.4 MB/s)
[INFO] Downloading: https://dl.bintray.com/groovy/maven/org/apache/commons/commons-parent/42/commons-parent-42.pom
[INFO] Downloading: https://repo.maven.apache.org/maven2/org/apache/commons/commons-parent/42/commons-parent-42.pom
[INFO] Downloaded: https://repo.maven.apache.org/maven2/org/apache/commons/commons-parent/42/commons-parent-42.pom (68 kB at 2.4 MB/s)
[INFO] Downloading: https://dl.bintray.com/groovy/maven/org/slf4j/slf4j-api/1.7.5/slf4j-api-1.7.5.pom
[INFO] Downloading: https://repo.maven.apache.org/maven2/org/slf4j/slf4j-api/1.7.5/slf4j-api-1.7.5.pom
[INFO] Downloaded: https://repo.maven.apache.org/maven2/org/slf4j/slf4j-api/1.7.5/slf4j-api-1.7.5.pom (2.7 kB at 336 kB/s)
[INFO] Downloading: https://dl.bintray.com/groovy/maven/org/slf4j/slf4j-parent/1.7.5/slf4j-parent-1.7.5.pom
[INFO] Downloading: https://repo.maven.apache.org/maven2/org/slf4j/slf4j-parent/1.7.5/slf4j-parent-1.7.5.pom
[INFO] Downloaded: https://repo.maven.apache.org/maven2/org/slf4j/slf4j-parent/1.7.5/slf4j-parent-1.7.5.pom (12 kB at 1.1 MB/s)
[INFO] Downloading: https://dl.bintray.com/groovy/maven/org/jdom/jdom2/2.0.6/jdom2-2.0.6.pom
[INFO] Downloading: https://repo.maven.apache.org/maven2/org/jdom/jdom2/2.0.6/jdom2-2.0.6.pom
[INFO] Downloaded: https://repo.maven.apache.org/maven2/org/jdom/jdom2/2.0.6/jdom2-2.0.6.pom (4.6 kB at 184 kB/s)
[INFO] Downloading: https://dl.bintray.com/groovy/maven/org/apache/maven/shared/maven-dependency-tree/2.2/maven-dependency-tree-2.2.pom
[INFO] Downloading: https://repo.maven.apache.org/maven2/org/apache/maven/shared/maven-dependency-tree/2.2/maven-dependency-tree-2.2.pom
[INFO] Downloaded: https://repo.maven.apache.org/maven2/org/apache/maven/shared/maven-dependency-tree/2.2/maven-dependency-tree-2.2.pom (7.3 kB at 908 kB/s)
[INFO] Downloading: https://dl.bintray.com/groovy/maven/org/vafer/jdependency/2.0/jdependency-2.0.pom
[INFO] Downloading: https://repo.maven.apache.org/maven2/org/vafer/jdependency/2.0/jdependency-2.0.pom
[INFO] Downloaded: https://repo.maven.apache.org/maven2/org/vafer/jdependency/2.0/jdependency-2.0.pom (11 kB at 703 kB/s)
[INFO] Downloading: https://dl.bintray.com/groovy/maven/commons-io/commons-io/2.6/commons-io-2.6.pom
[INFO] Downloading: https://repo.maven.apache.org/maven2/commons-io/commons-io/2.6/commons-io-2.6.pom
[INFO] Downloaded: https://repo.maven.apache.org/maven2/commons-io/commons-io/2.6/commons-io-2.6.pom (14 kB at 1.3 MB/s)
[INFO] Downloading: https://dl.bintray.com/groovy/maven/org/ow2/asm/asm-analysis/6.2/asm-analysis-6.2.pom
[INFO] Downloading: https://repo.maven.apache.org/maven2/org/ow2/asm/asm-analysis/6.2/asm-analysis-6.2.pom
[INFO] Downloaded: https://repo.maven.apache.org/maven2/org/ow2/asm/asm-analysis/6.2/asm-analysis-6.2.pom (3.2 kB at 315 kB/s)
[INFO] Downloading: https://dl.bintray.com/groovy/maven/org/ow2/asm/asm-tree/6.2/asm-tree-6.2.pom
[INFO] Downloading: https://repo.maven.apache.org/maven2/org/ow2/asm/asm-tree/6.2/asm-tree-6.2.pom
[INFO] Downloaded: https://repo.maven.apache.org/maven2/org/ow2/asm/asm-tree/6.2/asm-tree-6.2.pom (3.1 kB at 19 kB/s)
[INFO] Downloading: https://dl.bintray.com/groovy/maven/org/ow2/asm/asm-commons/6.2/asm-commons-6.2.pom
[INFO] Downloading: https://repo.maven.apache.org/maven2/org/ow2/asm/asm-commons/6.2/asm-commons-6.2.pom
[INFO] Downloaded: https://repo.maven.apache.org/maven2/org/ow2/asm/asm-commons/6.2/asm-commons-6.2.pom (3.7 kB at 261 kB/s)
[INFO] Downloading: https://dl.bintray.com/groovy/maven/org/ow2/asm/asm-util/6.2/asm-util-6.2.pom
[INFO] Downloading: https://repo.maven.apache.org/maven2/org/ow2/asm/asm-util/6.2/asm-util-6.2.pom
[INFO] Downloaded: https://repo.maven.apache.org/maven2/org/ow2/asm/asm-util/6.2/asm-util-6.2.pom (3.6 kB at 364 kB/s)
[INFO] Downloading: https://dl.bintray.com/groovy/maven/com/google/guava/guava/19.0/guava-19.0.pom
[INFO] Downloading: https://repo.maven.apache.org/maven2/com/google/guava/guava/19.0/guava-19.0.pom
[INFO] Downloaded: https://repo.maven.apache.org/maven2/com/google/guava/guava/19.0/guava-19.0.pom (6.8 kB at 849 kB/s)
[INFO] Downloading: https://dl.bintray.com/groovy/maven/com/google/guava/guava-parent/19.0/guava-parent-19.0.pom
[INFO] Downloading: https://repo.maven.apache.org/maven2/com/google/guava/guava-parent/19.0/guava-parent-19.0.pom
[INFO] Downloaded: https://repo.maven.apache.org/maven2/com/google/guava/guava-parent/19.0/guava-parent-19.0.pom (9.9 kB at 1.1 MB/s)
[INFO] Downloading: https://dl.bintray.com/groovy/maven/org/codehaus/plexus/plexus-utils/3.1.0/plexus-utils-3.1.0.jar
[INFO] Downloading: https://dl.bintray.com/groovy/maven/org/apache/maven/shared/maven-artifact-transfer/0.10.0/maven-artifact-transfer-0.10.0.jar
[INFO] Downloading: https://dl.bintray.com/groovy/maven/commons-codec/commons-codec/1.11/commons-codec-1.11.jar
[INFO] Downloading: https://dl.bintray.com/groovy/maven/org/apache/maven/shared/maven-common-artifact-filters/3.0.1/maven-common-artifact-filters-3.0.1.jar
[INFO] Downloading: https://dl.bintray.com/groovy/maven/org/slf4j/slf4j-api/1.7.5/slf4j-api-1.7.5.jar
[INFO] Downloading: https://dl.bintray.com/groovy/maven/org/jdom/jdom2/2.0.6/jdom2-2.0.6.jar
[INFO] Downloading: https://dl.bintray.com/groovy/maven/org/apache/maven/shared/maven-dependency-tree/2.2/maven-dependency-tree-2.2.jar
[INFO] Downloading: https://dl.bintray.com/groovy/maven/org/vafer/jdependency/2.0/jdependency-2.0.jar
[INFO] Downloading: https://dl.bintray.com/groovy/maven/org/ow2/asm/asm-util/6.2/asm-util-6.2.jar
[INFO] Downloading: https://dl.bintray.com/groovy/maven/com/google/guava/guava/19.0/guava-19.0.jar
[INFO] Downloading: https://repo.maven.apache.org/maven2/org/codehaus/plexus/plexus-utils/3.1.0/plexus-utils-3.1.0.jar
[INFO] Downloading: https://repo.maven.apache.org/maven2/org/apache/maven/shared/maven-artifact-transfer/0.10.0/maven-artifact-transfer-0.10.0.jar
[INFO] Downloading: https://repo.maven.apache.org/maven2/commons-codec/commons-codec/1.11/commons-codec-1.11.jar
[INFO] Downloading: https://repo.maven.apache.org/maven2/org/apache/maven/shared/maven-common-artifact-filters/3.0.1/maven-common-artifact-filters-3.0.1.jar
[INFO] Downloaded: https://repo.maven.apache.org/maven2/org/apache/maven/shared/maven-artifact-transfer/0.10.0/maven-artifact-transfer-0.10.0.jar (0 B at 0 B/s)
[INFO] Downloaded: https://repo.maven.apache.org/maven2/org/codehaus/plexus/plexus-utils/3.1.0/plexus-utils-3.1.0.jar (0 B at 0 B/s)
[INFO] Downloading: https://repo.maven.apache.org/maven2/org/jdom/jdom2/2.0.6/jdom2-2.0.6.jar
[INFO] Downloading: https://repo.maven.apache.org/maven2/org/apache/maven/shared/maven-dependency-tree/2.2/maven-dependency-tree-2.2.jar
[INFO] Downloading: https://repo.maven.apache.org/maven2/org/slf4j/slf4j-api/1.7.5/slf4j-api-1.7.5.jar
[INFO] Downloaded: https://repo.maven.apache.org/maven2/org/jdom/jdom2/2.0.6/jdom2-2.0.6.jar (0 B at 0 B/s)
[INFO] Downloaded: https://repo.maven.apache.org/maven2/org/apache/maven/shared/maven-dependency-tree/2.2/maven-dependency-tree-2.2.jar (0 B at 0 B/s)
[INFO] Downloading: https://repo.maven.apache.org/maven2/org/vafer/jdependency/2.0/jdependency-2.0.jar
[INFO] Downloading: https://repo.maven.apache.org/maven2/org/ow2/asm/asm-util/6.2/asm-util-6.2.jar
[INFO] Downloaded: https://repo.maven.apache.org/maven2/org/vafer/jdependency/2.0/jdependency-2.0.jar (0 B at 0 B/s)
[INFO] Downloading: https://repo.maven.apache.org/maven2/com/google/guava/guava/19.0/guava-19.0.jar
[INFO] Downloaded: https://repo.maven.apache.org/maven2/com/google/guava/guava/19.0/guava-19.0.jar (0 B at 0 B/s)
[INFO] Downloaded: https://repo.maven.apache.org/maven2/org/slf4j/slf4j-api/1.7.5/slf4j-api-1.7.5.jar (26 kB at 815 kB/s)
[INFO] Downloaded: https://repo.maven.apache.org/maven2/org/apache/maven/shared/maven-common-artifact-filters/3.0.1/maven-common-artifact-filters-3.0.1.jar (61 kB at 866 kB/s)
[INFO] Downloaded: https://repo.maven.apache.org/maven2/org/ow2/asm/asm-util/6.2/asm-util-6.2.jar (80 kB at 1.7 MB/s)
[INFO] Downloaded: https://repo.maven.apache.org/maven2/commons-codec/commons-codec/1.11/commons-codec-1.11.jar (335 kB at 4.2 MB/s)
[INFO] Including io.micronaut:micronaut-http-client:jar:1.0.0.RC3 in the shaded jar.
[INFO] Including org.slf4j:slf4j-api:jar:1.7.25 in the shaded jar.
[INFO] Including io.reactivex.rxjava2:rxjava:jar:2.2.2 in the shaded jar.
[INFO] Including org.reactivestreams:reactive-streams:jar:1.0.1 in the shaded jar.
[INFO] Including io.micronaut:micronaut-http-netty:jar:1.0.0.RC3 in the shaded jar.
[INFO] Including io.micronaut:micronaut-buffer-netty:jar:1.0.0.RC3 in the shaded jar.
[INFO] Including io.netty:netty-buffer:jar:4.1.30.Final in the shaded jar.
[INFO] Including io.netty:netty-common:jar:4.1.30.Final in the shaded jar.
[INFO] Including io.netty:netty-codec-http:jar:4.1.30.Final in the shaded jar.
[INFO] Including io.netty:netty-codec:jar:4.1.30.Final in the shaded jar.
[INFO] Including io.netty:netty-handler:jar:4.1.30.Final in the shaded jar.
[INFO] Including io.netty:netty-handler-proxy:jar:4.1.30.Final in the shaded jar.
[INFO] Including io.netty:netty-transport:jar:4.1.30.Final in the shaded jar.
[INFO] Including io.netty:netty-resolver:jar:4.1.30.Final in the shaded jar.
[INFO] Including io.netty:netty-codec-socks:jar:4.1.30.Final in the shaded jar.
[INFO] Including io.micronaut:micronaut-websocket:jar:1.0.0.RC3 in the shaded jar.
[INFO] Including io.micronaut:micronaut-http-server-netty:jar:1.0.0.RC3 in the shaded jar.
[INFO] Including io.micronaut:micronaut-http-server:jar:1.0.0.RC3 in the shaded jar.
[INFO] Including io.micronaut:micronaut-router:jar:1.0.0.RC3 in the shaded jar.
[INFO] Including io.micronaut:micronaut-inject:jar:1.0.0.RC3 in the shaded jar.
[INFO] Including javax.inject:javax.inject:jar:1 in the shaded jar.
[INFO] Including io.micronaut:micronaut-core:jar:1.0.0.RC3 in the shaded jar.
[INFO] Including com.google.code.findbugs:jsr305:jar:3.0.2 in the shaded jar.
[INFO] Including org.yaml:snakeyaml:jar:1.23 in the shaded jar.
[INFO] Including javax.annotation:javax.annotation-api:jar:1.3.2 in the shaded jar.
[INFO] Including io.micronaut:micronaut-validation:jar:1.0.0.RC3 in the shaded jar.
[INFO] Including io.micronaut:micronaut-http:jar:1.0.0.RC3 in the shaded jar.
[INFO] Including javax.validation:validation-api:jar:2.0.1.Final in the shaded jar.
[INFO] Including io.micronaut:micronaut-runtime:jar:1.0.0.RC3 in the shaded jar.
[INFO] Including io.micronaut:micronaut-aop:jar:1.0.0.RC3 in the shaded jar.
[INFO] Including com.fasterxml.jackson.core:jackson-databind:jar:2.9.7 in the shaded jar.
[INFO] Including com.fasterxml.jackson.core:jackson-annotations:jar:2.9.7 in the shaded jar.
[INFO] Including com.fasterxml.jackson.core:jackson-core:jar:2.9.7 in the shaded jar.
[INFO] Including com.fasterxml.jackson.datatype:jackson-datatype-jdk8:jar:2.9.7 in the shaded jar.
[INFO] Including com.fasterxml.jackson.datatype:jackson-datatype-jsr310:jar:2.9.7 in the shaded jar.
[INFO] Including org.modelmapper:modelmapper:jar:2.3.0 in the shaded jar.
[INFO] Including ch.qos.logback:logback-classic:jar:1.2.3 in the shaded jar.
[INFO] Including ch.qos.logback:logback-core:jar:1.2.3 in the shaded jar.
[INFO] Replacing original artifact with shaded artifact.
[INFO] Replacing /scratch/tmp-rta/Bears_DmitriiSerikov-money-transfer-service_446104441-446106577_java-8/target/money-transfer-service-0.1.jar with /scratch/tmp-rta/Bears_DmitriiSerikov-money-transfer-service_446104441-446106577_java-8/target/money-transfer-service-0.1-shaded.jar
[INFO] 
[INFO] --- jacoco-maven-plugin:0.8.2:prepare-agent-integration (prepare-agent-integration) @ money-transfer-service ---
[INFO] Skipping JaCoCo execution because property jacoco.skip is set.
[INFO] maven.failsafe.argLine set to empty
[INFO] 
[INFO] --- maven-failsafe-plugin:2.22.1:integration-test (integration-test) @ money-transfer-service ---
[INFO] Tests are skipped.
[INFO] 
[INFO] --- maven-failsafe-plugin:2.22.1:verify (integration-test) @ money-transfer-service ---
[INFO] Tests are skipped.
[INFO] 
[INFO] --- maven-install-plugin:2.4:install (default-install) @ money-transfer-service ---
[INFO] Downloading: https://dl.bintray.com/groovy/maven/org/codehaus/plexus/plexus-utils/3.0.5/plexus-utils-3.0.5.jar
[INFO] Downloading: https://dl.bintray.com/groovy/maven/org/codehaus/plexus/plexus-digest/1.0/plexus-digest-1.0.jar
[INFO] Downloading: https://repo.maven.apache.org/maven2/org/codehaus/plexus/plexus-utils/3.0.5/plexus-utils-3.0.5.jar
[INFO] Downloading: https://repo.maven.apache.org/maven2/org/codehaus/plexus/plexus-digest/1.0/plexus-digest-1.0.jar
[INFO] Downloaded: https://repo.maven.apache.org/maven2/org/codehaus/plexus/plexus-utils/3.0.5/plexus-utils-3.0.5.jar (0 B at 0 B/s)
[INFO] Downloaded: https://repo.maven.apache.org/maven2/org/codehaus/plexus/plexus-digest/1.0/plexus-digest-1.0.jar (0 B at 0 B/s)
[INFO] Installing /scratch/tmp-rta/Bears_DmitriiSerikov-money-transfer-service_446104441-446106577_java-8/target/money-transfer-service-0.1.jar to /scratch/tmp-rta/Bears_DmitriiSerikov-money-transfer-service_446104441-446106577_java-8/.m2/com/github/example/money-transfer-service/0.1/money-transfer-service-0.1.jar
[INFO] Installing /scratch/tmp-rta/Bears_DmitriiSerikov-money-transfer-service_446104441-446106577_java-8/pom.xml to /scratch/tmp-rta/Bears_DmitriiSerikov-money-transfer-service_446104441-446106577_java-8/.m2/com/github/example/money-transfer-service/0.1/money-transfer-service-0.1.pom
[INFO] ------------------------------------------------------------------------
[INFO] BUILD SUCCESS
[INFO] ------------------------------------------------------------------------
[INFO] Total time: 01:39 min
[INFO] Finished at: 2020-03-14T21:03:24-07:00
[INFO] Final Memory: 107M/1378M
[INFO] ------------------------------------------------------------------------
Picked up JAVA_TOOL_OPTIONS: -XX:CICompilerCount=2 -XX:ParallelGCThreads=2 -XX:ConcGCThreads=2 -Djdk.net.URLClassPath.disableClassPathURLCheck=true 
Java HotSpot(TM) 64-Bit Server VM warning: ignoring option MaxPermSize=512m; support was removed in 8.0
Picked up _JAVA_OPTIONS: -Djdk.net.URLClassPath.disableClassPathURLCheck=true
Apache Maven 3.5.0 (Red Hat 3.5.0-4.3)
Maven home: /opt/rh/rh-maven35/root/usr/share/maven
Java version: 1.8.0_181, vendor: Oracle Corporation
Java home: /scratch/jmcampos/RTA/repair_them_all_framework/jdks/jdk1.8.0_181/jre
Default locale: en_US, platform encoding: UTF-8
OS name: "linux", version: "4.14.158-1.el7.retpoline.x86_64", arch: "amd64", family: "unix"
[INFO] Scanning for projects...
[INFO] 
[INFO] ------------------------------------------------------------------------
[INFO] Building money-transfer-service 0.1
[INFO] ------------------------------------------------------------------------
[INFO] 
[INFO] --- gmavenplus-plugin:1.6.2:addTestSources (default) @ money-transfer-service ---
[INFO] 
[INFO] --- jacoco-maven-plugin:0.8.2:prepare-agent (prepare-agent) @ money-transfer-service ---
[INFO] maven.surefire.argLine set to -javaagent:/scratch/tmp-rta/Bears_DmitriiSerikov-money-transfer-service_446104441-446106577_java-8/.m2/org/jacoco/org.jacoco.agent/0.8.2/org.jacoco.agent-0.8.2-runtime.jar=destfile=/scratch/tmp-rta/Bears_DmitriiSerikov-money-transfer-service_446104441-446106577_java-8/target/jacoco.exec
[INFO] 
[INFO] --- maven-resources-plugin:2.6:resources (default-resources) @ money-transfer-service ---
[INFO] Using 'UTF-8' encoding to copy filtered resources.
[INFO] Copying 2 resources
[INFO] 
[INFO] --- maven-compiler-plugin:3.7.0:compile (default-compile) @ money-transfer-service ---
[INFO] Nothing to compile - all classes are up to date
[INFO] 
[INFO] --- maven-resources-plugin:2.6:testResources (default-testResources) @ money-transfer-service ---
[INFO] Using 'UTF-8' encoding to copy filtered resources.
[INFO] skip non existing resourceDirectory /scratch/tmp-rta/Bears_DmitriiSerikov-money-transfer-service_446104441-446106577_java-8/src/test/resources
[INFO] 
[INFO] --- maven-compiler-plugin:3.7.0:testCompile (default-testCompile) @ money-transfer-service ---
[INFO] Nothing to compile - all classes are up to date
[INFO] 
[INFO] --- gmavenplus-plugin:1.6.2:compileTests (default) @ money-transfer-service ---
[INFO] Using Groovy 2.5.1 to perform compileTests.
[INFO] Compiled 62 files.
[INFO] 
[INFO] --- maven-surefire-plugin:2.22.1:test (default-test) @ money-transfer-service ---
[INFO] 
[INFO] -------------------------------------------------------
[INFO]  T E S T S
[INFO] -------------------------------------------------------
[INFO] Running com.github.example.holder.impl.LockHolderSpec
[INFO] Tests run: 4, Failures: 0, Errors: 0, Skipped: 0, Time elapsed: 1.285 s - in com.github.example.holder.impl.LockHolderSpec
[INFO] Running com.github.example.model.TransactionSpec
[INFO] Tests run: 7, Failures: 0, Errors: 0, Skipped: 0, Time elapsed: 0.139 s - in com.github.example.model.TransactionSpec
[INFO] Running com.github.example.model.AccountSpec
[INFO] Tests run: 6, Failures: 0, Errors: 0, Skipped: 0, Time elapsed: 0.073 s - in com.github.example.model.AccountSpec
[INFO] Running com.github.example.dao.impl.InMemoryTransactionDaoSpec
[INFO] Tests run: 22, Failures: 0, Errors: 0, Skipped: 0, Time elapsed: 0.619 s - in com.github.example.dao.impl.InMemoryTransactionDaoSpec
[INFO] Running com.github.example.dao.impl.InMemoryAccountDaoSpec
[INFO] Tests run: 17, Failures: 0, Errors: 0, Skipped: 0, Time elapsed: 0.441 s - in com.github.example.dao.impl.InMemoryAccountDaoSpec
[INFO] Running com.github.example.factory.ModelMapperFactorySpec
[INFO] Tests run: 1, Failures: 0, Errors: 0, Skipped: 0, Time elapsed: 0.119 s - in com.github.example.factory.ModelMapperFactorySpec
[INFO] Running com.github.example.handler.CouldNotAcquireLockExceptionHandlerSpec
[INFO] Tests run: 3, Failures: 0, Errors: 0, Skipped: 0, Time elapsed: 1.607 s - in com.github.example.handler.CouldNotAcquireLockExceptionHandlerSpec
[INFO] Running com.github.example.handler.EntityNotFoundExceptionHandlerSpec
[INFO] Tests run: 3, Failures: 0, Errors: 0, Skipped: 0, Time elapsed: 0.051 s - in com.github.example.handler.EntityNotFoundExceptionHandlerSpec
[INFO] Running com.github.example.handler.IllegalArgumentExceptionHandlerSpec
[INFO] Tests run: 3, Failures: 0, Errors: 0, Skipped: 0, Time elapsed: 0.026 s - in com.github.example.handler.IllegalArgumentExceptionHandlerSpec
[INFO] Running com.github.example.handler.EntityAlreadyExistsExceptionHandlerSpec
[INFO] Tests run: 3, Failures: 0, Errors: 0, Skipped: 0, Time elapsed: 0.024 s - in com.github.example.handler.EntityAlreadyExistsExceptionHandlerSpec
[INFO] Running com.github.example.service.impl.TransactionExecutionServiceSpec
[INFO] Tests run: 20, Failures: 0, Errors: 0, Skipped: 0, Time elapsed: 0.467 s - in com.github.example.service.impl.TransactionExecutionServiceSpec
[INFO] Running com.github.example.service.impl.TransactionServiceSpec
[INFO] Tests run: 9, Failures: 0, Errors: 0, Skipped: 0, Time elapsed: 0.105 s - in com.github.example.service.impl.TransactionServiceSpec
[INFO] Running com.github.example.service.impl.AccountServiceSpec
[INFO] Tests run: 7, Failures: 0, Errors: 0, Skipped: 0, Time elapsed: 0.059 s - in com.github.example.service.impl.AccountServiceSpec
[INFO] Running com.github.example.job.TransactionsProcessingJobSpec
[INFO] Tests run: 1, Failures: 0, Errors: 0, Skipped: 0, Time elapsed: 0.047 s - in com.github.example.job.TransactionsProcessingJobSpec
[INFO] 
[INFO] Results:
[INFO] 
[INFO] Tests run: 106, Failures: 0, Errors: 0, Skipped: 0
[INFO] 
[INFO] 
[INFO] --- jacoco-maven-plugin:0.8.2:report (report) @ money-transfer-service ---
[INFO] Skipping JaCoCo execution because property jacoco.skip is set.
[INFO] 
[INFO] --- maven-jar-plugin:2.4:jar (default-jar) @ money-transfer-service ---
[INFO] 
[INFO] --- maven-shade-plugin:3.2.0:shade (default) @ money-transfer-service ---
[INFO] Including io.micronaut:micronaut-http-client:jar:1.0.0.RC3 in the shaded jar.
[INFO] Including org.slf4j:slf4j-api:jar:1.7.25 in the shaded jar.
[INFO] Including io.reactivex.rxjava2:rxjava:jar:2.2.2 in the shaded jar.
[INFO] Including org.reactivestreams:reactive-streams:jar:1.0.1 in the shaded jar.
[INFO] Including io.micronaut:micronaut-http-netty:jar:1.0.0.RC3 in the shaded jar.
[INFO] Including io.micronaut:micronaut-buffer-netty:jar:1.0.0.RC3 in the shaded jar.
[INFO] Including io.netty:netty-buffer:jar:4.1.30.Final in the shaded jar.
[INFO] Including io.netty:netty-common:jar:4.1.30.Final in the shaded jar.
[INFO] Including io.netty:netty-codec-http:jar:4.1.30.Final in the shaded jar.
[INFO] Including io.netty:netty-codec:jar:4.1.30.Final in the shaded jar.
[INFO] Including io.netty:netty-handler:jar:4.1.30.Final in the shaded jar.
[INFO] Including io.netty:netty-handler-proxy:jar:4.1.30.Final in the shaded jar.
[INFO] Including io.netty:netty-transport:jar:4.1.30.Final in the shaded jar.
[INFO] Including io.netty:netty-resolver:jar:4.1.30.Final in the shaded jar.
[INFO] Including io.netty:netty-codec-socks:jar:4.1.30.Final in the shaded jar.
[INFO] Including io.micronaut:micronaut-websocket:jar:1.0.0.RC3 in the shaded jar.
[INFO] Including io.micronaut:micronaut-http-server-netty:jar:1.0.0.RC3 in the shaded jar.
[INFO] Including io.micronaut:micronaut-http-server:jar:1.0.0.RC3 in the shaded jar.
[INFO] Including io.micronaut:micronaut-router:jar:1.0.0.RC3 in the shaded jar.
[INFO] Including io.micronaut:micronaut-inject:jar:1.0.0.RC3 in the shaded jar.
[INFO] Including javax.inject:javax.inject:jar:1 in the shaded jar.
[INFO] Including io.micronaut:micronaut-core:jar:1.0.0.RC3 in the shaded jar.
[INFO] Including com.google.code.findbugs:jsr305:jar:3.0.2 in the shaded jar.
[INFO] Including org.yaml:snakeyaml:jar:1.23 in the shaded jar.
[INFO] Including javax.annotation:javax.annotation-api:jar:1.3.2 in the shaded jar.
[INFO] Including io.micronaut:micronaut-validation:jar:1.0.0.RC3 in the shaded jar.
[INFO] Including io.micronaut:micronaut-http:jar:1.0.0.RC3 in the shaded jar.
[INFO] Including javax.validation:validation-api:jar:2.0.1.Final in the shaded jar.
[INFO] Including io.micronaut:micronaut-runtime:jar:1.0.0.RC3 in the shaded jar.
[INFO] Including io.micronaut:micronaut-aop:jar:1.0.0.RC3 in the shaded jar.
[INFO] Including com.fasterxml.jackson.core:jackson-databind:jar:2.9.7 in the shaded jar.
[INFO] Including com.fasterxml.jackson.core:jackson-annotations:jar:2.9.7 in the shaded jar.
[INFO] Including com.fasterxml.jackson.core:jackson-core:jar:2.9.7 in the shaded jar.
[INFO] Including com.fasterxml.jackson.datatype:jackson-datatype-jdk8:jar:2.9.7 in the shaded jar.
[INFO] Including com.fasterxml.jackson.datatype:jackson-datatype-jsr310:jar:2.9.7 in the shaded jar.
[INFO] Including org.modelmapper:modelmapper:jar:2.3.0 in the shaded jar.
[INFO] Including ch.qos.logback:logback-classic:jar:1.2.3 in the shaded jar.
[INFO] Including ch.qos.logback:logback-core:jar:1.2.3 in the shaded jar.
[WARNING] micronaut-validation-1.0.0.RC3.jar, money-transfer-service-0.1.jar define 22 overlapping classes: 
[WARNING]   - io.micronaut.validation.routes.RouteValidationVisitor$1
[WARNING]   - io.micronaut.validation.websocket.WebSocketVisitor
[WARNING]   - io.micronaut.validation.ValidatingInterceptor
[WARNING]   - io.micronaut.validation.async.AsyncTypeElementVisitor
[WARNING]   - io.micronaut.validation.$ValidatingInterceptorDefinition
[WARNING]   - io.micronaut.validation.exceptions.$ConstraintExceptionHandlerDefinitionClass
[WARNING]   - io.micronaut.validation.exceptions.$ValidationExceptionHandlerDefinition
[WARNING]   - io.micronaut.validation.routes.rules.RouteValidationRule
[WARNING]   - io.micronaut.validation.routes.RouteParameterElement
[WARNING]   - io.micronaut.validation.exceptions.$ConstraintExceptionHandlerDefinitionClass$$AnnotationMetadata
[WARNING]   - 12 more...
[WARNING] micronaut-router-1.0.0.RC3.jar, money-transfer-service-0.1.jar define 65 overlapping classes: 
[WARNING]   - io.micronaut.web.router.resource.StaticResourceConfiguration
[WARNING]   - io.micronaut.web.router.DefaultRouteBuilder$DefaultResourceRoute
[WARNING]   - io.micronaut.web.router.$DefaultRouterDefinitionClass
[WARNING]   - io.micronaut.web.router.AbstractRouteMatch
[WARNING]   - io.micronaut.web.router.$AnnotatedMethodRouteBuilderDefinition
[WARNING]   - io.micronaut.web.router.DefaultRouteBuilder$DefaultStatusRoute
[WARNING]   - io.micronaut.web.router.resource.StaticResourceResolver
[WARNING]   - io.micronaut.web.router.$DefaultRouterDefinitionClass$$AnnotationMetadata
[WARNING]   - io.micronaut.web.router.StatusRouteMatch$1
[WARNING]   - io.micronaut.web.router.DefaultRouteBuilder
[WARNING]   - 55 more...
[WARNING] javax.annotation-api-1.3.2.jar, money-transfer-service-0.1.jar define 15 overlapping classes: 
[WARNING]   - javax.annotation.ManagedBean
[WARNING]   - javax.annotation.PreDestroy
[WARNING]   - javax.annotation.Resource$AuthenticationType
[WARNING]   - javax.annotation.Generated
[WARNING]   - javax.annotation.security.DeclareRoles
[WARNING]   - javax.annotation.Priority
[WARNING]   - javax.annotation.Resource
[WARNING]   - javax.annotation.security.DenyAll
[WARNING]   - javax.annotation.security.RunAs
[WARNING]   - javax.annotation.sql.DataSourceDefinitions
[WARNING]   - 5 more...
[WARNING] money-transfer-service-0.1.jar, netty-handler-4.1.30.Final.jar define 254 overlapping classes: 
[WARNING]   - io.netty.handler.ssl.ApplicationProtocolNegotiator
[WARNING]   - io.netty.handler.ssl.Java9SslUtils$6
[WARNING]   - io.netty.handler.ssl.JdkDefaultApplicationProtocolNegotiator
[WARNING]   - io.netty.handler.ssl.PemReader
[WARNING]   - io.netty.handler.timeout.IdleStateHandler
[WARNING]   - io.netty.handler.ipfilter.IpSubnetFilterRule
[WARNING]   - io.netty.handler.traffic.GlobalChannelTrafficShapingHandler$1
[WARNING]   - io.netty.handler.ssl.OpenSslPrivateKey$OpenSslPrivateKeyMaterial
[WARNING]   - io.netty.handler.ssl.OpenSslCertificateException
[WARNING]   - io.netty.handler.ssl.SniHandler$Selection
[WARNING]   - 244 more...
[WARNING] validation-api-2.0.1.Final.jar, money-transfer-service-0.1.jar define 143 overlapping classes: 
[WARNING]   - javax.validation.ConstraintDeclarationException
[WARNING]   - javax.validation.constraints.NotBlank$List
[WARNING]   - javax.validation.constraints.Email
[WARNING]   - javax.validation.constraints.FutureOrPresent
[WARNING]   - javax.validation.GroupDefinitionException
[WARNING]   - javax.validation.ConstraintValidatorContext$ConstraintViolationBuilder$LeafNodeBuilderDefinedContext
[WARNING]   - javax.validation.metadata.ParameterDescriptor
[WARNING]   - javax.validation.constraints.FutureOrPresent$List
[WARNING]   - javax.validation.constraints.NotEmpty$List
[WARNING]   - javax.validation.constraints.Email$List
[WARNING]   - 133 more...
[WARNING] money-transfer-service-0.1.jar, micronaut-buffer-netty-1.0.0.RC3.jar define 5 overlapping classes: 
[WARNING]   - io.micronaut.buffer.netty.$NettyByteBufferFactoryDefinition
[WARNING]   - io.micronaut.buffer.netty.NettyByteBufferFactory
[WARNING]   - io.micronaut.buffer.netty.$NettyByteBufferFactoryDefinitionClass$$AnnotationMetadata
[WARNING]   - io.micronaut.buffer.netty.$NettyByteBufferFactoryDefinitionClass
[WARNING]   - io.micronaut.buffer.netty.NettyByteBuffer
[WARNING] reactive-streams-1.0.1.jar, money-transfer-service-0.1.jar define 4 overlapping classes: 
[WARNING]   - org.reactivestreams.Subscription
[WARNING]   - org.reactivestreams.Publisher
[WARNING]   - org.reactivestreams.Subscriber
[WARNING]   - org.reactivestreams.Processor
[WARNING] micronaut-http-netty-1.0.0.RC3.jar, money-transfer-service-0.1.jar define 57 overlapping classes: 
[WARNING]   - io.micronaut.http.netty.reactive.HandlerPublisher$1
[WARNING]   - io.micronaut.http.netty.channel.NettyThreadFactory
[WARNING]   - io.micronaut.http.netty.stream.DelegateStreamedHttpResponse
[WARNING]   - io.micronaut.http.netty.stream.StreamedHttpRequest
[WARNING]   - io.micronaut.http.netty.stream.StreamedHttpResponse
[WARNING]   - io.micronaut.http.netty.channel.$NettyThreadFactoryDefinition
[WARNING]   - io.micronaut.http.netty.websocket.WebSocketSessionRepository
[WARNING]   - io.micronaut.http.netty.NettyHttpParameters
[WARNING]   - io.micronaut.http.netty.stream.DefaultStreamedHttpRequest
[WARNING]   - io.micronaut.http.netty.cookies.NettyCookie
[WARNING]   - 47 more...
[WARNING] micronaut-http-server-netty-1.0.0.RC3.jar, money-transfer-service-0.1.jar define 161 overlapping classes: 
[WARNING]   - io.micronaut.http.server.netty.jackson.$JsonHttpContentSubscriberFactoryDefinitionClass
[WARNING]   - io.micronaut.http.server.netty.converters.$HttpDataToStringConverterDefinitionClass
[WARNING]   - io.micronaut.http.server.netty.converters.ByteBufToStringConverter
[WARNING]   - io.micronaut.http.server.netty.NettyRequestArgumentSatisfier
[WARNING]   - io.micronaut.http.server.netty.NettyEmbeddedServerInstance
[WARNING]   - io.micronaut.http.server.netty.NettyHttpResponseFactory
[WARNING]   - io.micronaut.http.server.netty.$FormDataHttpContentSubscriberFactoryDefinitionClass
[WARNING]   - io.micronaut.http.server.netty.converters.$ByteBufToStringConverterDefinitionClass$$AnnotationMetadata
[WARNING]   - io.micronaut.http.server.netty.$FormDataHttpContentSubscriberFactoryDefinition
[WARNING]   - io.micronaut.http.server.netty.RoutingInBoundHandler$NettyCustomizableResponseTypeHandlerInvoker
[WARNING]   - 151 more...
[WARNING] snakeyaml-1.23.jar, money-transfer-service-0.1.jar define 211 overlapping classes: 
[WARNING]   - org.yaml.snakeyaml.emitter.Emitter$ExpectBlockMappingValue
[WARNING]   - org.yaml.snakeyaml.parser.ParserImpl$ParseBlockNode
[WARNING]   - org.yaml.snakeyaml.emitter.Emitter$ExpectBlockMappingSimpleValue
[WARNING]   - org.yaml.snakeyaml.emitter.Emitter$ExpectDocumentEnd
[WARNING]   - org.yaml.snakeyaml.Yaml$3
[WARNING]   - org.yaml.snakeyaml.emitter.Emitter$ExpectBlockSequenceItem
[WARNING]   - org.yaml.snakeyaml.parser.ParserImpl$ParseBlockSequenceEntry
[WARNING]   - org.yaml.snakeyaml.util.ArrayUtils
[WARNING]   - org.yaml.snakeyaml.tokens.Token$ID
[WARNING]   - org.yaml.snakeyaml.reader.StreamReader
[WARNING]   - 201 more...
[WARNING] modelmapper-2.3.0.jar, money-transfer-service-0.1.jar define 2460 overlapping classes: 
[WARNING]   - org.modelmapper.internal.bytebuddy.implementation.MethodDelegation$ImplementationDelegate
[WARNING]   - org.modelmapper.internal.bytebuddy.implementation.bind.annotation.Argument
[WARNING]   - org.modelmapper.internal.bytebuddy.description.type.TypeList$AbstractBase
[WARNING]   - org.modelmapper.internal.bytebuddy.dynamic.loading.ClassReloadingStrategy$Strategy$ClassRedefinitionTransformer
[WARNING]   - org.modelmapper.internal.bytebuddy.build.EntryPoint
[WARNING]   - org.modelmapper.internal.asm.tree.analysis.SourceInterpreter
[WARNING]   - org.modelmapper.internal.bytebuddy.asm.Advice$AdviceVisitor$WithExitAdvice$WithoutExceptionHandling
[WARNING]   - org.modelmapper.internal.bytebuddy.implementation.bytecode.member.FieldAccess$AccessDispatcher$AbstractFieldInstruction
[WARNING]   - org.modelmapper.internal.bytebuddy.asm.Advice$Dispatcher$Delegating
[WARNING]   - org.modelmapper.internal.bytebuddy.description.type.TypeDescription$Generic$Builder$OfNonGenericType
[WARNING]   - 2450 more...
[WARNING] micronaut-http-server-1.0.0.RC3.jar, money-transfer-service-0.1.jar define 103 overlapping classes: 
[WARNING]   - io.micronaut.http.server.exceptions.$UnsatisfiedArgumentHandlerDefinitionClass
[WARNING]   - io.micronaut.http.server.exceptions.HttpStatusHandler
[WARNING]   - io.micronaut.http.server.codec.$TextStreamCodecDefinition
[WARNING]   - io.micronaut.http.server.cors.$CorsFilterDefinition$$exec2$$AnnotationMetadata
[WARNING]   - io.micronaut.http.server.binding.RequestArgumentSatisfier
[WARNING]   - io.micronaut.http.server.context.$ServerRequestContextInstrumentation$ExecutorServiceInstrumentationDefinitionClass
[WARNING]   - io.micronaut.http.server.types.files.StreamedFile
[WARNING]   - io.micronaut.http.server.context.$ServerRequestContextInstrumentationDefinitionClass
[WARNING]   - io.micronaut.http.server.exceptions.ContentLengthExceededHandler
[WARNING]   - io.micronaut.http.server.cors.$CorsFilterDefinition$$exec1
[WARNING]   - 93 more...
[WARNING] jackson-core-2.9.7.jar, money-transfer-service-0.1.jar define 107 overlapping classes: 
[WARNING]   - com.fasterxml.jackson.core.JsonGenerator$Feature
[WARNING]   - com.fasterxml.jackson.core.util.ThreadLocalBufferManager$ThreadLocalBufferManagerHolder
[WARNING]   - com.fasterxml.jackson.core.util.Separators
[WARNING]   - com.fasterxml.jackson.core.io.SegmentedStringWriter
[WARNING]   - com.fasterxml.jackson.core.TreeNode
[WARNING]   - com.fasterxml.jackson.core.sym.Name
[WARNING]   - com.fasterxml.jackson.core.util.RequestPayload
[WARNING]   - com.fasterxml.jackson.core.util.JsonGeneratorDelegate
[WARNING]   - com.fasterxml.jackson.core.async.NonBlockingInputFeeder
[WARNING]   - com.fasterxml.jackson.core.JsonFactory
[WARNING]   - 97 more...
[WARNING] netty-codec-http-4.1.30.Final.jar, money-transfer-service-0.1.jar define 338 overlapping classes: 
[WARNING]   - io.netty.handler.codec.http.websocketx.ContinuationWebSocketFrame
[WARNING]   - io.netty.handler.codec.http.HttpObjectDecoder$State
[WARNING]   - io.netty.handler.codec.http.multipart.InterfaceHttpData$HttpDataType
[WARNING]   - io.netty.handler.codec.http.websocketx.extensions.WebSocketClientExtensionHandler
[WARNING]   - io.netty.handler.codec.http.HttpClientCodec$Decoder
[WARNING]   - io.netty.handler.codec.http.ClientCookieEncoder
[WARNING]   - io.netty.handler.codec.http.HttpObjectDecoder$1
[WARNING]   - io.netty.handler.codec.http.HttpHeaderDateFormat$1
[WARNING]   - io.netty.handler.codec.http.HttpHeaders
[WARNING]   - io.netty.handler.codec.http.multipart.HttpPostBodyUtil
[WARNING]   - 328 more...
[WARNING] logback-classic-1.2.3.jar, money-transfer-service-0.1.jar define 175 overlapping classes: 
[WARNING]   - ch.qos.logback.classic.joran.action.ConsolePluginAction
[WARNING]   - ch.qos.logback.classic.layout.TTLLLayout
[WARNING]   - ch.qos.logback.classic.util.LevelToSyslogSeverity
[WARNING]   - ch.qos.logback.classic.spi.ClassPackagingData
[WARNING]   - ch.qos.logback.classic.servlet.LogbackServletContextListener
[WARNING]   - ch.qos.logback.classic.net.server.HardenedLoggingEventInputStream
[WARNING]   - ch.qos.logback.classic.joran.action.EvaluatorAction
[WARNING]   - ch.qos.logback.classic.joran.action.ConfigurationAction
[WARNING]   - ch.qos.logback.classic.spi.StackTraceElementProxy
[WARNING]   - ch.qos.logback.classic.sift.ContextBasedDiscriminator
[WARNING]   - 165 more...
[WARNING] netty-handler-proxy-4.1.30.Final.jar, money-transfer-service-0.1.jar define 9 overlapping classes: 
[WARNING]   - io.netty.handler.proxy.ProxyConnectException
[WARNING]   - io.netty.handler.proxy.ProxyHandler$LazyChannelPromise
[WARNING]   - io.netty.handler.proxy.Socks4ProxyHandler
[WARNING]   - io.netty.handler.proxy.ProxyHandler
[WARNING]   - io.netty.handler.proxy.ProxyHandler$1
[WARNING]   - io.netty.handler.proxy.ProxyHandler$2
[WARNING]   - io.netty.handler.proxy.HttpProxyHandler
[WARNING]   - io.netty.handler.proxy.ProxyConnectionEvent
[WARNING]   - io.netty.handler.proxy.Socks5ProxyHandler
[WARNING] money-transfer-service-0.1.jar, micronaut-inject-1.0.0.RC3.jar define 247 overlapping classes: 
[WARNING]   - io.micronaut.context.env.DefaultEnvironment$1
[WARNING]   - io.micronaut.context.ReflectionFieldInjectionPoint
[WARNING]   - io.micronaut.context.exceptions.ConfigurationException
[WARNING]   - io.micronaut.context.env.PropertySourcePropertyResolver$1
[WARNING]   - io.micronaut.inject.configuration.ConfigurationMetadataWriter
[WARNING]   - io.micronaut.inject.writer.FileBackedGeneratedFile
[WARNING]   - io.micronaut.context.event.ApplicationEventPublisher
[WARNING]   - io.micronaut.inject.writer.AbstractClassWriterOutputVisitor
[WARNING]   - io.micronaut.context.event.BeanCreatedEventListener
[WARNING]   - io.micronaut.context.annotation.Provided
[WARNING]   - 237 more...
[WARNING] money-transfer-service-0.1.jar, rxjava-2.2.2.jar define 1638 overlapping classes: 
[WARNING]   - io.reactivex.internal.operators.observable.ObservableSequenceEqualSingle$EqualObserver
[WARNING]   - io.reactivex.internal.operators.observable.ObservableWindow$WindowSkipObserver
[WARNING]   - io.reactivex.internal.operators.maybe.MaybeAmb
[WARNING]   - io.reactivex.internal.operators.observable.ObservableWindowTimed$WindowSkipObserver
[WARNING]   - io.reactivex.internal.operators.maybe.MaybeIsEmptySingle$IsEmptyMaybeObserver
[WARNING]   - io.reactivex.internal.operators.flowable.FlowableAmb$AmbCoordinator
[WARNING]   - io.reactivex.internal.operators.observable.ObservableAutoConnect
[WARNING]   - io.reactivex.internal.operators.completable.CompletableConcat$CompletableConcatSubscriber$ConcatInnerObserver
[WARNING]   - io.reactivex.internal.operators.single.SingleUnsubscribeOn
[WARNING]   - io.reactivex.internal.schedulers.SchedulerWhen$DelayedAction
[WARNING]   - 1628 more...
[WARNING] jackson-databind-2.9.7.jar, money-transfer-service-0.1.jar define 624 overlapping classes: 
[WARNING]   - com.fasterxml.jackson.databind.introspect.AnnotationCollector$NoAnnotations
[WARNING]   - com.fasterxml.jackson.databind.BeanDescription
[WARNING]   - com.fasterxml.jackson.databind.deser.impl.BeanAsArrayBuilderDeserializer
[WARNING]   - com.fasterxml.jackson.databind.introspect.AnnotatedMethodMap
[WARNING]   - com.fasterxml.jackson.databind.SerializerProvider
[WARNING]   - com.fasterxml.jackson.databind.introspect.AnnotationCollector$OneAnnotation
[WARNING]   - com.fasterxml.jackson.databind.ser.std.StaticListSerializerBase
[WARNING]   - com.fasterxml.jackson.databind.ser.std.NumberSerializers$ShortSerializer
[WARNING]   - com.fasterxml.jackson.databind.ser.BeanSerializerFactory
[WARNING]   - com.fasterxml.jackson.databind.introspect.AnnotationCollector$TwoAnnotations
[WARNING]   - 614 more...
[WARNING] money-transfer-service-0.1.jar, logback-core-1.2.3.jar define 373 overlapping classes: 
[WARNING]   - ch.qos.logback.core.LayoutBase
[WARNING]   - ch.qos.logback.core.net.ssl.SSL
[WARNING]   - ch.qos.logback.core.spi.AbstractComponentTracker
[WARNING]   - ch.qos.logback.core.util.OptionHelper
[WARNING]   - ch.qos.logback.core.net.ssl.SSLConfigurableServerSocket
[WARNING]   - ch.qos.logback.core.pattern.parser.TokenStream$TokenizerState
[WARNING]   - ch.qos.logback.core.rolling.RollingPolicyBase
[WARNING]   - ch.qos.logback.core.joran.action.ImplicitAction
[WARNING]   - ch.qos.logback.core.joran.conditional.ElseAction
[WARNING]   - ch.qos.logback.core.rolling.helper.FileFilterUtil$2
[WARNING]   - 363 more...
[WARNING] money-transfer-service-0.1.jar, micronaut-http-client-1.0.0.RC3.jar define 138 overlapping classes: 
[WARNING]   - io.micronaut.http.client.ssl.$NettyClientSslBuilderDefinition
[WARNING]   - io.micronaut.http.client.multipart.MultipartBody
[WARNING]   - io.micronaut.http.client.exceptions.EmptyResponseException
[WARNING]   - io.micronaut.http.client.$DefaultHttpClientConfigurationDefinitionClass
[WARNING]   - io.micronaut.http.client.HttpClient
[WARNING]   - io.micronaut.http.client.NettyClientHttpRequest
[WARNING]   - io.micronaut.http.client.loadbalance.ServiceInstanceListLoadBalancerFactory
[WARNING]   - io.micronaut.http.client.DefaultHttpClient$RequestKey
[WARNING]   - io.micronaut.http.client.multipart.StringPart
[WARNING]   - io.micronaut.http.client.interceptor.HttpClientIntroductionAdvice$1
[WARNING]   - 128 more...
[WARNING] netty-codec-socks-4.1.30.Final.jar, money-transfer-service-0.1.jar define 107 overlapping classes: 
[WARNING]   - io.netty.handler.codec.socks.SocksInitRequestDecoder
[WARNING]   - io.netty.handler.codec.socks.UnknownSocksResponse
[WARNING]   - io.netty.handler.codec.socksx.v5.DefaultSocks5PasswordAuthRequest
[WARNING]   - io.netty.handler.codec.socks.SocksCmdType
[WARNING]   - io.netty.handler.codec.socks.SocksCmdResponse
[WARNING]   - io.netty.handler.codec.socksx.v5.Socks5CommandRequest
[WARNING]   - io.netty.handler.codec.socksx.v5.Socks5PasswordAuthResponseDecoder$State
[WARNING]   - io.netty.handler.codec.socks.SocksResponse
[WARNING]   - io.netty.handler.codec.socksx.v5.Socks5InitialRequest
[WARNING]   - io.netty.handler.codec.socksx.v5.Socks5CommandType
[WARNING]   - 97 more...
[WARNING] jackson-datatype-jsr310-2.9.7.jar, money-transfer-service-0.1.jar define 54 overlapping classes: 
[WARNING]   - com.fasterxml.jackson.datatype.jsr310.deser.LocalDateDeserializer
[WARNING]   - com.fasterxml.jackson.datatype.jsr310.deser.key.Jsr310KeyDeserializer
[WARNING]   - com.fasterxml.jackson.datatype.jsr310.PackageVersion
[WARNING]   - com.fasterxml.jackson.datatype.jsr310.deser.YearDeserializer
[WARNING]   - com.fasterxml.jackson.datatype.jsr310.ser.key.Jsr310NullKeySerializer
[WARNING]   - com.fasterxml.jackson.datatype.jsr310.deser.key.LocalDateTimeKeyDeserializer
[WARNING]   - com.fasterxml.jackson.datatype.jsr310.ser.InstantSerializerBase
[WARNING]   - com.fasterxml.jackson.datatype.jsr310.ser.LocalDateTimeSerializer
[WARNING]   - com.fasterxml.jackson.datatype.jsr310.ser.OffsetDateTimeSerializer
[WARNING]   - com.fasterxml.jackson.datatype.jsr310.deser.JSR310DateTimeDeserializerBase
[WARNING]   - 44 more...
[WARNING] javax.inject-1.jar, money-transfer-service-0.1.jar define 6 overlapping classes: 
[WARNING]   - javax.inject.Inject
[WARNING]   - javax.inject.Singleton
[WARNING]   - javax.inject.Scope
[WARNING]   - javax.inject.Named
[WARNING]   - javax.inject.Provider
[WARNING]   - javax.inject.Qualifier
[WARNING] jackson-annotations-2.9.7.jar, money-transfer-service-0.1.jar define 68 overlapping classes: 
[WARNING]   - com.fasterxml.jackson.annotation.JsonAutoDetect
[WARNING]   - com.fasterxml.jackson.annotation.JsonInclude
[WARNING]   - com.fasterxml.jackson.annotation.ObjectIdGenerators
[WARNING]   - com.fasterxml.jackson.annotation.JsonFormat$Features
[WARNING]   - com.fasterxml.jackson.annotation.JsonFormat$Feature
[WARNING]   - com.fasterxml.jackson.annotation.JsonIgnore
[WARNING]   - com.fasterxml.jackson.annotation.JsonSetter
[WARNING]   - com.fasterxml.jackson.annotation.JsonTypeInfo$None
[WARNING]   - com.fasterxml.jackson.annotation.JsonFormat$Shape
[WARNING]   - com.fasterxml.jackson.annotation.JsonSubTypes
[WARNING]   - 58 more...
[WARNING] micronaut-websocket-1.0.0.RC3.jar, money-transfer-service-0.1.jar define 37 overlapping classes: 
[WARNING]   - io.micronaut.websocket.context.WebSocketBeanRegistry$1
[WARNING]   - io.micronaut.websocket.annotation.OnError
[WARNING]   - io.micronaut.websocket.RxWebSocketSession
[WARNING]   - io.micronaut.websocket.context.DefaultWebSocketBeanRegistry
[WARNING]   - io.micronaut.websocket.RxWebSocketClient
[WARNING]   - io.micronaut.websocket.context.DefaultWebSocketBeanRegistry$DefaultWebSocketBean
[WARNING]   - io.micronaut.websocket.exceptions.WebSocketException
[WARNING]   - io.micronaut.websocket.annotation.WebSocketComponent
[WARNING]   - io.micronaut.websocket.event.WebSocketSessionClosedEvent
[WARNING]   - io.micronaut.websocket.event.WebSocketMessageProcessedEvent
[WARNING]   - 27 more...
[WARNING] jsr305-3.0.2.jar, money-transfer-service-0.1.jar define 35 overlapping classes: 
[WARNING]   - javax.annotation.RegEx
[WARNING]   - javax.annotation.concurrent.Immutable
[WARNING]   - javax.annotation.meta.TypeQualifierDefault
[WARNING]   - javax.annotation.meta.TypeQualifier
[WARNING]   - javax.annotation.Syntax
[WARNING]   - javax.annotation.Nonnull
[WARNING]   - javax.annotation.CheckReturnValue
[WARNING]   - javax.annotation.CheckForNull
[WARNING]   - javax.annotation.meta.TypeQualifierNickname
[WARNING]   - javax.annotation.MatchesPattern
[WARNING]   - 25 more...
[WARNING] money-transfer-service-0.1.jar, netty-codec-4.1.30.Final.jar define 197 overlapping classes: 
[WARNING]   - io.netty.handler.codec.compression.ZlibUtil
[WARNING]   - io.netty.handler.codec.CharSequenceValueConverter
[WARNING]   - io.netty.handler.codec.compression.Bzip2Encoder$3
[WARNING]   - io.netty.handler.codec.DefaultHeaders$1
[WARNING]   - io.netty.handler.codec.compression.Bzip2BlockDecompressor
[WARNING]   - io.netty.handler.codec.compression.Lz4FrameDecoder$1
[WARNING]   - io.netty.handler.codec.compression.SnappyFrameDecoder
[WARNING]   - io.netty.handler.codec.compression.DecompressionException
[WARNING]   - io.netty.handler.codec.compression.Bzip2DivSufSort$TRBudget
[WARNING]   - io.netty.handler.codec.compression.Bzip2Decoder$State
[WARNING]   - 187 more...
[WARNING] micronaut-core-1.0.0.RC3.jar, money-transfer-service-0.1.jar define 1140 overlapping classes: 
[WARNING]   - io.micronaut.caffeine.cache.NodeFactory$78
[WARNING]   - io.micronaut.caffeine.cache.NodeFactory$121
[WARNING]   - io.micronaut.caffeine.cache.LocalCacheFactory$WILiS
[WARNING]   - io.micronaut.caffeine.cache.LocalCacheFactory$WSLiMWAW
[WARNING]   - io.micronaut.caffeine.cache.LocalCacheFactory$WILiMWAW
[WARNING]   - io.micronaut.caffeine.cache.LocalCacheFactory$WSLiSMWAW
[WARNING]   - io.micronaut.caffeine.cache.NodeFactory$134
[WARNING]   - io.micronaut.caffeine.cache.RemovalCause
[WARNING]   - io.micronaut.caffeine.cache.NodeFactory$SStWRMW
[WARNING]   - io.micronaut.caffeine.cache.NodeFactory$65
[WARNING]   - 1130 more...
[WARNING] netty-buffer-4.1.30.Final.jar, money-transfer-service-0.1.jar define 114 overlapping classes: 
[WARNING]   - io.netty.buffer.AdvancedLeakAwareCompositeByteBuf
[WARNING]   - io.netty.buffer.UnsafeByteBufUtil
[WARNING]   - io.netty.buffer.AbstractReferenceCountedByteBuf
[WARNING]   - io.netty.buffer.FixedCompositeByteBuf$Component
[WARNING]   - io.netty.buffer.ByteBufUtil$HexUtil
[WARNING]   - io.netty.buffer.PoolArenaMetric
[WARNING]   - io.netty.buffer.PoolThreadCache$SubPageMemoryRegionCache
[WARNING]   - io.netty.buffer.ByteBufUtil$ThreadLocalDirectByteBuf$1
[WARNING]   - io.netty.buffer.PoolChunkMetric
[WARNING]   - io.netty.buffer.UnpooledDuplicatedByteBuf
[WARNING]   - 104 more...
[WARNING] jackson-datatype-jdk8-2.9.7.jar, money-transfer-service-0.1.jar define 22 overlapping classes: 
[WARNING]   - com.fasterxml.jackson.datatype.jdk8.IntStreamSerializer
[WARNING]   - com.fasterxml.jackson.datatype.jdk8.Jdk8Module
[WARNING]   - com.fasterxml.jackson.datatype.jdk8.Jdk8Serializers
[WARNING]   - com.fasterxml.jackson.datatype.jdk8.Jdk8TypeModifier
[WARNING]   - com.fasterxml.jackson.datatype.jdk8.OptionalIntSerializer
[WARNING]   - com.fasterxml.jackson.datatype.jdk8.Jdk8UnwrappingOptionalBeanPropertyWriter
[WARNING]   - com.fasterxml.jackson.datatype.jdk8.LongStreamSerializer
[WARNING]   - com.fasterxml.jackson.datatype.jdk8.OptionalDoubleDeserializer
[WARNING]   - com.fasterxml.jackson.datatype.jdk8.Jdk8OptionalBeanPropertyWriter
[WARNING]   - com.fasterxml.jackson.datatype.jdk8.Jdk8BeanSerializerModifier
[WARNING]   - 12 more...
[WARNING] micronaut-http-1.0.0.RC3.jar, money-transfer-service-0.1.jar define 201 overlapping classes: 
[WARNING]   - io.micronaut.http.ssl.ClientSslConfiguration
[WARNING]   - io.micronaut.http.ssl.$ClientSslConfiguration$DefaultTrustStoreConfigurationDefinitionClass$$AnnotationMetadata
[WARNING]   - io.micronaut.http.uri.UriTemplate
[WARNING]   - io.micronaut.http.ssl.$DefaultSslConfiguration$DefaultKeyStoreConfigurationDefinition
[WARNING]   - io.micronaut.http.annotation.Produces
[WARNING]   - io.micronaut.http.codec.$CodecConfigurationDefinitionClass$$AnnotationMetadata
[WARNING]   - io.micronaut.http.codec.DefaultMediaTypeCodecRegistry
[WARNING]   - io.micronaut.http.ssl.SslBuilder
[WARNING]   - io.micronaut.http.bind.binders.RequestArgumentBinder
[WARNING]   - io.micronaut.http.uri.UriMatcher
[WARNING]   - 191 more...
[WARNING] money-transfer-service-0.1.jar, netty-common-4.1.30.Final.jar define 444 overlapping classes: 
[WARNING]   - io.netty.util.ResourceLeakException
[WARNING]   - io.netty.util.collection.CharObjectHashMap$KeySet
[WARNING]   - io.netty.util.Signal$SignalConstant
[WARNING]   - io.netty.util.concurrent.ImmediateExecutor
[WARNING]   - io.netty.util.AsciiString$CharEqualityComparator
[WARNING]   - io.netty.util.AsciiString$AsciiCaseInsensitiveCharEqualityComparator
[WARNING]   - io.netty.util.collection.LongObjectMap
[WARNING]   - io.netty.util.internal.shaded.org.jctools.queues.CircularArrayOffsetCalculator
[WARNING]   - io.netty.util.internal.logging.AbstractInternalLogger
[WARNING]   - io.netty.util.AsciiString$1
[WARNING]   - 434 more...
[WARNING] money-transfer-service-0.1.jar, netty-resolver-4.1.30.Final.jar define 26 overlapping classes: 
[WARNING]   - io.netty.resolver.RoundRobinInetAddressResolver
[WARNING]   - io.netty.resolver.CompositeNameResolver$2
[WARNING]   - io.netty.resolver.DefaultHostsFileEntriesResolver
[WARNING]   - io.netty.resolver.HostsFileEntriesResolver
[WARNING]   - io.netty.resolver.InetSocketAddressResolver$1
[WARNING]   - io.netty.resolver.DefaultNameResolver
[WARNING]   - io.netty.resolver.AddressResolverGroup
[WARNING]   - io.netty.resolver.InetSocketAddressResolver
[WARNING]   - io.netty.resolver.NoopAddressResolver
[WARNING]   - io.netty.resolver.SimpleNameResolver
[WARNING]   - 16 more...
[WARNING] netty-transport-4.1.30.Final.jar, money-transfer-service-0.1.jar define 350 overlapping classes: 
[WARNING]   - io.netty.channel.socket.nio.NioSocketChannel$3
[WARNING]   - io.netty.channel.AbstractCoalescingBufferQueue
[WARNING]   - io.netty.channel.AbstractChannel$AbstractUnsafe$8
[WARNING]   - io.netty.channel.SimpleUserEventChannelHandler
[WARNING]   - io.netty.channel.DefaultChannelPipeline$2
[WARNING]   - io.netty.channel.oio.AbstractOioChannel
[WARNING]   - io.netty.bootstrap.Bootstrap$1
[WARNING]   - io.netty.channel.group.ChannelMatchers$ClassMatcher
[WARNING]   - io.netty.channel.nio.AbstractNioMessageChannel$NioMessageUnsafe
[WARNING]   - io.netty.channel.EventLoopGroup
[WARNING]   - 340 more...
[WARNING] micronaut-aop-1.0.0.RC3.jar, money-transfer-service-0.1.jar define 21 overlapping classes: 
[WARNING]   - io.micronaut.aop.InterceptPhase
[WARNING]   - io.micronaut.aop.chain.MethodInterceptorChain
[WARNING]   - io.micronaut.aop.Interceptor
[WARNING]   - io.micronaut.aop.Around
[WARNING]   - io.micronaut.aop.Intercepted
[WARNING]   - io.micronaut.aop.chain.AdapterIntroduction
[WARNING]   - io.micronaut.aop.InvocationContext
[WARNING]   - io.micronaut.aop.writer.AopProxyWriter$MethodRef
[WARNING]   - io.micronaut.aop.chain.InterceptorChain
[WARNING]   - io.micronaut.aop.Introduction
[WARNING]   - 11 more...
[WARNING] slf4j-api-1.7.25.jar, money-transfer-service-0.1.jar define 34 overlapping classes: 
[WARNING]   - org.slf4j.helpers.SubstituteLogger
[WARNING]   - org.slf4j.helpers.NamedLoggerBase
[WARNING]   - org.slf4j.helpers.NOPMDCAdapter
[WARNING]   - org.slf4j.MarkerFactory
[WARNING]   - org.slf4j.helpers.BasicMarker
[WARNING]   - org.slf4j.spi.LoggerFactoryBinder
[WARNING]   - org.slf4j.MDC$MDCCloseable
[WARNING]   - org.slf4j.spi.LocationAwareLogger
[WARNING]   - org.slf4j.helpers.MessageFormatter
[WARNING]   - org.slf4j.helpers.Util$ClassContextSecurityManager
[WARNING]   - 24 more...
[WARNING] money-transfer-service-0.1.jar, micronaut-runtime-1.0.0.RC3.jar define 403 overlapping classes: 
[WARNING]   - io.micronaut.cache.interceptor.CacheInterceptor$1$1$1
[WARNING]   - io.micronaut.discovery.cloud.aws.EC2MetadataKeys$1
[WARNING]   - io.micronaut.cache.interceptor.$CacheInterceptorDefinitionClass
[WARNING]   - io.micronaut.runtime.ApplicationConfiguration$InstanceConfiguration
[WARNING]   - io.micronaut.jackson.ObjectMapperFactory
[WARNING]   - io.micronaut.scheduling.exceptions.TaskExecutionException
[WARNING]   - io.micronaut.cache.AsyncCache
[WARNING]   - io.micronaut.jackson.convert.$ArrayNodeToIterableConverterDefinition
[WARNING]   - io.micronaut.runtime.context.scope.$ThreadLocalCustomScopeDefinitionClass$$AnnotationMetadata
[WARNING]   - io.micronaut.discovery.cloud.aws.$AmazonComputeInstanceMetadataResolverDefinition
[WARNING]   - 393 more...
[WARNING] maven-shade-plugin has detected that some class files are
[WARNING] present in two or more JARs. When this happens, only one
[WARNING] single version of the class is copied to the uber jar.
[WARNING] Usually this is not harmful and you can skip these warnings,
[WARNING] otherwise try to manually exclude artifacts based on
[WARNING] mvn dependency:tree -Ddetail=true and the above output.
[WARNING] See http://maven.apache.org/plugins/maven-shade-plugin/
[INFO] Replacing original artifact with shaded artifact.
[INFO] Replacing /scratch/tmp-rta/Bears_DmitriiSerikov-money-transfer-service_446104441-446106577_java-8/target/money-transfer-service-0.1.jar with /scratch/tmp-rta/Bears_DmitriiSerikov-money-transfer-service_446104441-446106577_java-8/target/money-transfer-service-0.1-shaded.jar
[INFO] 
[INFO] --- jacoco-maven-plugin:0.8.2:prepare-agent-integration (prepare-agent-integration) @ money-transfer-service ---
[INFO] Skipping JaCoCo execution because property jacoco.skip is set.
[INFO] maven.failsafe.argLine set to empty
[INFO] 
[INFO] --- maven-failsafe-plugin:2.22.1:integration-test (integration-test) @ money-transfer-service ---
[INFO] Tests are skipped.
[INFO] 
[INFO] --- maven-failsafe-plugin:2.22.1:verify (integration-test) @ money-transfer-service ---
[INFO] Tests are skipped.
[INFO] 
[INFO] --- maven-install-plugin:2.4:install (default-install) @ money-transfer-service ---
[INFO] Installing /scratch/tmp-rta/Bears_DmitriiSerikov-money-transfer-service_446104441-446106577_java-8/target/money-transfer-service-0.1.jar to /scratch/tmp-rta/Bears_DmitriiSerikov-money-transfer-service_446104441-446106577_java-8/.m2/com/github/example/money-transfer-service/0.1/money-transfer-service-0.1.jar
[INFO] Installing /scratch/tmp-rta/Bears_DmitriiSerikov-money-transfer-service_446104441-446106577_java-8/pom.xml to /scratch/tmp-rta/Bears_DmitriiSerikov-money-transfer-service_446104441-446106577_java-8/.m2/com/github/example/money-transfer-service/0.1/money-transfer-service-0.1.pom
[INFO] ------------------------------------------------------------------------
[INFO] BUILD SUCCESS
[INFO] ------------------------------------------------------------------------
[INFO] Total time: 31.499 s
[INFO] Finished at: 2020-03-14T21:04:00-07:00
[INFO] Final Memory: 127M/1514M
[INFO] ------------------------------------------------------------------------
