Picked up JAVA_TOOL_OPTIONS: -XX:CICompilerCount=2 -XX:ParallelGCThreads=2 -XX:ConcGCThreads=2 -Djdk.net.URLClassPath.disableClassPathURLCheck=true 
Java HotSpot(TM) 64-Bit Server VM warning: ignoring option MaxPermSize=512m; support was removed in 8.0
Picked up _JAVA_OPTIONS: -Djdk.net.URLClassPath.disableClassPathURLCheck=true
Apache Maven 3.5.0 (Red Hat 3.5.0-4.3)
Maven home: /opt/rh/rh-maven35/root/usr/share/maven
Java version: 1.8.0_181, vendor: Oracle Corporation
Java home: /scratch/jmcampos/RTA/repair_them_all_framework/jdks/jdk1.8.0_181/jre
Default locale: en_US, platform encoding: UTF-8
OS name: "linux", version: "4.14.158-1.el7.retpoline.x86_64", arch: "amd64", family: "unix"
[INFO] Scanning for projects...
[INFO] 
[INFO] ------------------------------------------------------------------------
[INFO] Building money-transfer-service 0.1
[INFO] ------------------------------------------------------------------------
[INFO] 
[INFO] --- gmavenplus-plugin:1.6.2:addTestSources (default) @ money-transfer-service ---
[INFO] 
[INFO] --- jacoco-maven-plugin:0.8.2:prepare-agent (prepare-agent) @ money-transfer-service ---
[INFO] maven.surefire.argLine set to -javaagent:/scratch/tmp-rta/Bears_DmitriiSerikov-money-transfer-service_446104441-446106577_java-8/.m2/org/jacoco/org.jacoco.agent/0.8.2/org.jacoco.agent-0.8.2-runtime.jar=destfile=/scratch/tmp-rta/Bears_DmitriiSerikov-money-transfer-service_446104441-446106577_java-8/target/jacoco.exec
[INFO] 
[INFO] --- maven-resources-plugin:2.6:resources (default-resources) @ money-transfer-service ---
[INFO] Using 'UTF-8' encoding to copy filtered resources.
[INFO] Copying 2 resources
[INFO] 
[INFO] --- maven-compiler-plugin:3.7.0:compile (default-compile) @ money-transfer-service ---
[INFO] Nothing to compile - all classes are up to date
[INFO] 
[INFO] --- maven-resources-plugin:2.6:testResources (default-testResources) @ money-transfer-service ---
[INFO] Using 'UTF-8' encoding to copy filtered resources.
[INFO] skip non existing resourceDirectory /scratch/tmp-rta/Bears_DmitriiSerikov-money-transfer-service_446104441-446106577_java-8/src/test/resources
[INFO] 
[INFO] --- maven-compiler-plugin:3.7.0:testCompile (default-testCompile) @ money-transfer-service ---
[INFO] Nothing to compile - all classes are up to date
[INFO] 
[INFO] --- gmavenplus-plugin:1.6.2:compileTests (default) @ money-transfer-service ---
[INFO] Using Groovy 2.5.1 to perform compileTests.
[INFO] Compiled 62 files.
[INFO] 
[INFO] --- maven-surefire-plugin:2.22.1:test (default-test) @ money-transfer-service ---
[INFO] 
[INFO] -------------------------------------------------------
[INFO]  T E S T S
[INFO] -------------------------------------------------------
[INFO] Running com.github.example.holder.impl.LockHolderSpec
[INFO] Tests run: 4, Failures: 0, Errors: 0, Skipped: 0, Time elapsed: 1.064 s - in com.github.example.holder.impl.LockHolderSpec
[INFO] Running com.github.example.model.TransactionSpec
[INFO] Tests run: 7, Failures: 0, Errors: 0, Skipped: 0, Time elapsed: 0.001 s - in com.github.example.model.TransactionSpec
[INFO] Running com.github.example.model.AccountSpec
[INFO] Tests run: 6, Failures: 0, Errors: 0, Skipped: 0, Time elapsed: 0.001 s - in com.github.example.model.AccountSpec
[INFO] Running com.github.example.dao.impl.InMemoryTransactionDaoSpec
[INFO] Tests run: 22, Failures: 0, Errors: 0, Skipped: 0, Time elapsed: 0.003 s - in com.github.example.dao.impl.InMemoryTransactionDaoSpec
[INFO] Running com.github.example.dao.impl.InMemoryAccountDaoSpec
[INFO] Tests run: 17, Failures: 0, Errors: 0, Skipped: 0, Time elapsed: 0.132 s - in com.github.example.dao.impl.InMemoryAccountDaoSpec
[INFO] Running com.github.example.factory.ModelMapperFactorySpec
[INFO] Tests run: 1, Failures: 0, Errors: 0, Skipped: 0, Time elapsed: 0.172 s - in com.github.example.factory.ModelMapperFactorySpec
[INFO] Running com.github.example.handler.CouldNotAcquireLockExceptionHandlerSpec
[INFO] Tests run: 3, Failures: 0, Errors: 0, Skipped: 0, Time elapsed: 0.618 s - in com.github.example.handler.CouldNotAcquireLockExceptionHandlerSpec
[INFO] Running com.github.example.handler.EntityNotFoundExceptionHandlerSpec
[INFO] Tests run: 3, Failures: 0, Errors: 0, Skipped: 0, Time elapsed: 0.052 s - in com.github.example.handler.EntityNotFoundExceptionHandlerSpec
[INFO] Running com.github.example.handler.IllegalArgumentExceptionHandlerSpec
[INFO] Tests run: 3, Failures: 0, Errors: 0, Skipped: 0, Time elapsed: 0.046 s - in com.github.example.handler.IllegalArgumentExceptionHandlerSpec
[INFO] Running com.github.example.handler.EntityAlreadyExistsExceptionHandlerSpec
[INFO] Tests run: 3, Failures: 0, Errors: 0, Skipped: 0, Time elapsed: 0.047 s - in com.github.example.handler.EntityAlreadyExistsExceptionHandlerSpec
[INFO] Running com.github.example.service.impl.TransactionExecutionServiceSpec
[INFO] Tests run: 20, Failures: 0, Errors: 0, Skipped: 0, Time elapsed: 0.625 s - in com.github.example.service.impl.TransactionExecutionServiceSpec
[INFO] Running com.github.example.service.impl.TransactionServiceSpec
[INFO] Tests run: 9, Failures: 0, Errors: 0, Skipped: 0, Time elapsed: 0.102 s - in com.github.example.service.impl.TransactionServiceSpec
[INFO] Running com.github.example.service.impl.AccountServiceSpec
[INFO] Tests run: 7, Failures: 0, Errors: 0, Skipped: 0, Time elapsed: 0.096 s - in com.github.example.service.impl.AccountServiceSpec
[INFO] Running com.github.example.job.TransactionsProcessingJobSpec
[INFO] Tests run: 1, Failures: 0, Errors: 0, Skipped: 0, Time elapsed: 0.072 s - in com.github.example.job.TransactionsProcessingJobSpec
[INFO] 
[INFO] Results:
[INFO] 
[INFO] Tests run: 106, Failures: 0, Errors: 0, Skipped: 0
[INFO] 
[INFO] 
[INFO] --- jacoco-maven-plugin:0.8.2:report (report) @ money-transfer-service ---
[INFO] Skipping JaCoCo execution because property jacoco.skip is set.
[INFO] ------------------------------------------------------------------------
[INFO] BUILD SUCCESS
[INFO] ------------------------------------------------------------------------
[INFO] Total time: 21.131 s
[INFO] Finished at: 2020-03-14T21:05:46-07:00
[INFO] Final Memory: 43M/1237M
[INFO] ------------------------------------------------------------------------
