Picked up JAVA_TOOL_OPTIONS: -XX:CICompilerCount=2 -XX:ParallelGCThreads=2 -XX:ConcGCThreads=2 -Djdk.net.URLClassPath.disableClassPathURLCheck=true 
Java HotSpot(TM) 64-Bit Server VM warning: ignoring option MaxPermSize=512m; support was removed in 8.0
Picked up _JAVA_OPTIONS: -Djdk.net.URLClassPath.disableClassPathURLCheck=true
Apache Maven 3.5.0 (Red Hat 3.5.0-4.3)
Maven home: /opt/rh/rh-maven35/root/usr/share/maven
Java version: 1.8.0_181, vendor: Oracle Corporation
Java home: /scratch/jmcampos/RTA/repair_them_all_framework/jdks/jdk1.8.0_181/jre
Default locale: en_US, platform encoding: UTF-8
OS name: "linux", version: "4.14.132-1.el7.retpoline.x86_64", arch: "amd64", family: "unix"
[INFO] Scanning for projects...
[INFO] ------------------------------------------------------------------------
[INFO] Detecting the operating system and CPU architecture
[INFO] ------------------------------------------------------------------------
[INFO] os.detected.name: linux
[INFO] os.detected.arch: x86_64
[INFO] os.detected.release: "centos"
[INFO] os.detected.release.version: 7
[INFO] os.detected.release.like."centos": true
[INFO] os.detected.release.like."rhel: true
[INFO] os.detected.release.like.fedora": true
[INFO] os.detected.classifier: linux-x86_64
[INFO] 
[INFO] ------------------------------------------------------------------------
[INFO] Building Axon Framework Connector for AxonServer 4.0.1-SNAPSHOT
[INFO] ------------------------------------------------------------------------
[INFO] Downloading: https://oss.sonatype.org/content/repositories/snapshots/org/axonframework/axon-configuration/4.0.1-SNAPSHOT/maven-metadata.xml
[INFO] Downloading: https://oss.sonatype.org/content/repositories/snapshots/org/axonframework/axon/4.0.1-SNAPSHOT/maven-metadata.xml
[INFO] Downloading: https://oss.sonatype.org/content/repositories/snapshots/org/axonframework/axon-eventsourcing/4.0.1-SNAPSHOT/maven-metadata.xml
[INFO] Downloading: https://oss.sonatype.org/content/repositories/snapshots/org/axonframework/axon-modelling/4.0.1-SNAPSHOT/maven-metadata.xml
[INFO] Downloading: https://oss.sonatype.org/content/repositories/snapshots/org/axonframework/axon-messaging/4.0.1-SNAPSHOT/maven-metadata.xml
[INFO] Downloading: https://oss.sonatype.org/content/repositories/snapshots/org/axonframework/axon-disruptor/4.0.1-SNAPSHOT/maven-metadata.xml
[INFO] Downloading: https://oss.sonatype.org/content/repositories/snapshots/io/grpc/grpc-core/maven-metadata.xml
[INFO] Downloading: https://repo.maven.apache.org/maven2/io/grpc/grpc-core/maven-metadata.xml
[INFO] Downloaded: https://repo.maven.apache.org/maven2/io/grpc/grpc-core/maven-metadata.xml (2.5 kB at 49 kB/s)
[INFO] Downloaded: https://oss.sonatype.org/content/repositories/snapshots/io/grpc/grpc-core/maven-metadata.xml (722 B at 1.8 kB/s)
[INFO] Downloading: https://repo.maven.apache.org/maven2/io/netty/netty-codec-http2/maven-metadata.xml
[INFO] Downloading: https://oss.sonatype.org/content/repositories/snapshots/io/netty/netty-codec-http2/maven-metadata.xml
[INFO] Downloaded: https://repo.maven.apache.org/maven2/io/netty/netty-codec-http2/maven-metadata.xml (2.6 kB at 186 kB/s)
[INFO] Downloaded: https://oss.sonatype.org/content/repositories/snapshots/io/netty/netty-codec-http2/maven-metadata.xml (1.1 kB at 2.2 kB/s)
[INFO] 
[INFO] --- maven-dependency-plugin:2.8:unpack (unpack) @ axon-server-connector ---
[INFO] Configured Artifact: io.axoniq:axon-server-api:?:jar
[INFO] axon-server-api-4.0.jar already unpacked.
[INFO] 
[INFO] --- protobuf-maven-plugin:0.5.0:compile (default) @ axon-server-connector ---
[INFO] Compiling 5 proto file(s) to /scratch/tmp-rta/Bears_AxonFramework-AxonFramework_451926440-451937647_java-8/axon-server-connector/target/generated-sources/protobuf/java
[INFO] 
[INFO] --- protobuf-maven-plugin:0.5.0:compile-custom (default) @ axon-server-connector ---
[INFO] Compiling 5 proto file(s) to /scratch/tmp-rta/Bears_AxonFramework-AxonFramework_451926440-451937647_java-8/axon-server-connector/target/generated-sources/protobuf/grpc-java
[INFO] 
[INFO] --- maven-resources-plugin:3.0.2:resources (default-resources) @ axon-server-connector ---
[INFO] Using 'UTF-8' encoding to copy filtered resources.
[INFO] Copying 3 resources
[INFO] Copying 5 resources
[INFO] Copying 5 resources
[INFO] 
[INFO] --- maven-compiler-plugin:3.5.1:compile (default-compile) @ axon-server-connector ---
[INFO] Changes detected - recompiling the module!
[INFO] Compiling 179 source files to /scratch/tmp-rta/Bears_AxonFramework-AxonFramework_451926440-451937647_java-8/axon-server-connector/target/classes
[INFO] /scratch/tmp-rta/Bears_AxonFramework-AxonFramework_451926440-451937647_java-8/axon-server-connector/target/generated-sources/protobuf/java/io/axoniq/axonserver/grpc/ProcessingInstruction.java: Some input files use or override a deprecated API.
[INFO] /scratch/tmp-rta/Bears_AxonFramework-AxonFramework_451926440-451937647_java-8/axon-server-connector/target/generated-sources/protobuf/java/io/axoniq/axonserver/grpc/ProcessingInstruction.java: Recompile with -Xlint:deprecation for details.
[INFO] /scratch/tmp-rta/Bears_AxonFramework-AxonFramework_451926440-451937647_java-8/axon-server-connector/src/main/java/org/axonframework/axonserver/connector/util/GrpcPayloadSerializer.java: Some input files use unchecked or unsafe operations.
[INFO] /scratch/tmp-rta/Bears_AxonFramework-AxonFramework_451926440-451937647_java-8/axon-server-connector/src/main/java/org/axonframework/axonserver/connector/util/GrpcPayloadSerializer.java: Recompile with -Xlint:unchecked for details.
[INFO] 
[INFO] --- maven-resources-plugin:3.0.2:testResources (default-testResources) @ axon-server-connector ---
[INFO] Using 'UTF-8' encoding to copy filtered resources.
[INFO] Copying 1 resource
[INFO] 
[INFO] --- maven-compiler-plugin:3.5.1:testCompile (default-testCompile) @ axon-server-connector ---
[INFO] Nothing to compile - all classes are up to date
[INFO] 
[INFO] --- maven-surefire-plugin:2.19.1:test (default-test) @ axon-server-connector ---
[INFO] Downloading: https://repo.maven.apache.org/maven2/org/apache/maven/surefire/surefire-junit4/2.19.1/surefire-junit4-2.19.1.pom
[INFO] Downloaded: https://repo.maven.apache.org/maven2/org/apache/maven/surefire/surefire-junit4/2.19.1/surefire-junit4-2.19.1.pom (3.3 kB at 3.0 kB/s)
[INFO] Downloading: https://repo.maven.apache.org/maven2/org/apache/maven/surefire/surefire-providers/2.19.1/surefire-providers-2.19.1.pom
[INFO] Downloaded: https://repo.maven.apache.org/maven2/org/apache/maven/surefire/surefire-providers/2.19.1/surefire-providers-2.19.1.pom (2.6 kB at 214 kB/s)
[INFO] Downloading: https://repo.maven.apache.org/maven2/org/apache/maven/surefire/surefire-junit4/2.19.1/surefire-junit4-2.19.1.jar
[INFO] Downloaded: https://repo.maven.apache.org/maven2/org/apache/maven/surefire/surefire-junit4/2.19.1/surefire-junit4-2.19.1.jar (75 kB at 3.0 MB/s)

-------------------------------------------------------
 T E S T S
-------------------------------------------------------
Picked up JAVA_TOOL_OPTIONS: -XX:CICompilerCount=2 -XX:ParallelGCThreads=2 -XX:ConcGCThreads=2 -Djdk.net.URLClassPath.disableClassPathURLCheck=true -XX:CICompilerCount=2 -XX:ParallelGCThreads=2 -XX:ConcGCThreads=2 -Djdk.net.URLClassPath.disableClassPathURLCheck=true 
Picked up _JAVA_OPTIONS: -Djdk.net.URLClassPath.disableClassPathURLCheck=true
Running org.axonframework.axonserver.connector.query.AxonServerQueryBusTest
2020-03-14 17:02:12,262 [main] INFO  - main       - ChainingConverter          - ContentTypeConverter of type [class org.axonframework.serialization.xml.Dom4JToByteArrayConverter] is ignored. It seems to rely on a class that is not available in the class loader: org/dom4j/Document
2020-03-14 17:02:12,264 [main] INFO  - main       - ChainingConverter          - ContentTypeConverter of type [class org.axonframework.serialization.xml.InputStreamToDom4jConverter] is ignored. It seems to rely on a class that is not available in the class loader: org/dom4j/Document
2020-03-14 17:02:12,265 [main] INFO  - main       - ChainingConverter          - ContentTypeConverter of type [class org.axonframework.serialization.xml.XomToStringConverter] is ignored. It seems to rely on a class that is not available in the class loader: nu/xom/Document
2020-03-14 17:02:12,265 [main] INFO  - main       - ChainingConverter          - ContentTypeConverter of type [class org.axonframework.serialization.xml.InputStreamToXomConverter] is ignored. It seems to rely on a class that is not available in the class loader: nu/xom/ParsingException
2020-03-14 17:02:13,525 [main] INFO  - main       - xonServerConnectionManager - Connecting using unencrypted connection...
2020-03-14 17:02:17,224 [main] INFO  - main       - xonServerConnectionManager - Re-subscribing commands and queries
2020-03-14 17:02:17,255 [main] WARN  - main       - AxonServerQueryBus         - There was a problem issuing a query GenericQueryMessage{payload={Hello, World}, metadata={}, messageIdentifier='c94d25bb-2fbb-4857-80cb-3f901f1473c6', queryName='java.lang.String', expectedResponseType='InstanceResponseType{class java.lang.String}'}.
java.lang.RuntimeException: oops
	at org.axonframework.axonserver.connector.query.AxonServerQueryBus.query(AxonServerQueryBus.java:159)
	at org.axonframework.axonserver.connector.query.AxonServerQueryBusTest.queryWhenQueryServiceStubFails(AxonServerQueryBusTest.java:143)
	at sun.reflect.NativeMethodAccessorImpl.invoke0(Native Method)
	at sun.reflect.NativeMethodAccessorImpl.invoke(NativeMethodAccessorImpl.java:62)
	at sun.reflect.DelegatingMethodAccessorImpl.invoke(DelegatingMethodAccessorImpl.java:43)
	at java.lang.reflect.Method.invoke(Method.java:498)
	at org.junit.runners.model.FrameworkMethod$1.runReflectiveCall(FrameworkMethod.java:50)
	at org.junit.internal.runners.model.ReflectiveCallable.run(ReflectiveCallable.java:12)
	at org.junit.runners.model.FrameworkMethod.invokeExplosively(FrameworkMethod.java:47)
	at org.junit.internal.runners.statements.InvokeMethod.evaluate(InvokeMethod.java:17)
	at org.junit.internal.runners.statements.RunBefores.evaluate(RunBefores.java:26)
	at org.junit.internal.runners.statements.RunAfters.evaluate(RunAfters.java:27)
	at org.junit.runners.ParentRunner.runLeaf(ParentRunner.java:325)
	at org.junit.runners.BlockJUnit4ClassRunner.runChild(BlockJUnit4ClassRunner.java:78)
	at org.junit.runners.BlockJUnit4ClassRunner.runChild(BlockJUnit4ClassRunner.java:57)
	at org.junit.runners.ParentRunner$3.run(ParentRunner.java:290)
	at org.junit.runners.ParentRunner$1.schedule(ParentRunner.java:71)
	at org.junit.runners.ParentRunner.runChildren(ParentRunner.java:288)
	at org.junit.runners.ParentRunner.access$000(ParentRunner.java:58)
	at org.junit.runners.ParentRunner$2.evaluate(ParentRunner.java:268)
	at org.junit.runners.ParentRunner.run(ParentRunner.java:363)
	at org.apache.maven.surefire.junit4.JUnit4Provider.execute(JUnit4Provider.java:367)
	at org.apache.maven.surefire.junit4.JUnit4Provider.executeWithRerun(JUnit4Provider.java:274)
	at org.apache.maven.surefire.junit4.JUnit4Provider.executeTestSet(JUnit4Provider.java:238)
	at org.apache.maven.surefire.junit4.JUnit4Provider.invoke(JUnit4Provider.java:161)
	at org.apache.maven.surefire.booter.ForkedBooter.invokeProviderInSameClassLoader(ForkedBooter.java:290)
	at org.apache.maven.surefire.booter.ForkedBooter.runSuitesInProcess(ForkedBooter.java:242)
	at org.apache.maven.surefire.booter.ForkedBooter.main(ForkedBooter.java:121)
2020-03-14 17:02:17,299 [main] INFO  - main       - ChainingConverter          - ContentTypeConverter of type [class org.axonframework.serialization.xml.Dom4JToByteArrayConverter] is ignored. It seems to rely on a class that is not available in the class loader: org/dom4j/Document
2020-03-14 17:02:17,299 [main] INFO  - main       - ChainingConverter          - ContentTypeConverter of type [class org.axonframework.serialization.xml.InputStreamToDom4jConverter] is ignored. It seems to rely on a class that is not available in the class loader: org/dom4j/Document
2020-03-14 17:02:17,299 [main] INFO  - main       - ChainingConverter          - ContentTypeConverter of type [class org.axonframework.serialization.xml.XomToStringConverter] is ignored. It seems to rely on a class that is not available in the class loader: nu/xom/Document
2020-03-14 17:02:17,300 [main] INFO  - main       - ChainingConverter          - ContentTypeConverter of type [class org.axonframework.serialization.xml.InputStreamToXomConverter] is ignored. It seems to rely on a class that is not available in the class loader: nu/xom/ParsingException
2020-03-14 17:02:17,305 [main] INFO  - main       - xonServerConnectionManager - Connecting using unencrypted connection...
2020-03-14 17:02:17,324 [main] INFO  - main       - xonServerConnectionManager - Re-subscribing commands and queries
2020-03-14 17:02:17,399 [AxonServerConnector-0] INFO  - onnector-0 - xonServerConnectionManager - Connecting using unencrypted connection...
2020-03-14 17:02:17,425 [AxonServerConnector-0] INFO  - onnector-0 - xonServerConnectionManager - Re-subscribing commands and queries
Security framework of XStream not initialized, XStream is probably vulnerable.
2020-03-14 17:02:17,496 [main] INFO  - main       - ChainingConverter          - ContentTypeConverter of type [class org.axonframework.serialization.xml.Dom4JToByteArrayConverter] is ignored. It seems to rely on a class that is not available in the class loader: org/dom4j/Document
2020-03-14 17:02:17,496 [main] INFO  - main       - ChainingConverter          - ContentTypeConverter of type [class org.axonframework.serialization.xml.InputStreamToDom4jConverter] is ignored. It seems to rely on a class that is not available in the class loader: org/dom4j/Document
2020-03-14 17:02:17,496 [main] INFO  - main       - ChainingConverter          - ContentTypeConverter of type [class org.axonframework.serialization.xml.XomToStringConverter] is ignored. It seems to rely on a class that is not available in the class loader: nu/xom/Document
2020-03-14 17:02:17,496 [main] INFO  - main       - ChainingConverter          - ContentTypeConverter of type [class org.axonframework.serialization.xml.InputStreamToXomConverter] is ignored. It seems to rely on a class that is not available in the class loader: nu/xom/ParsingException
2020-03-14 17:02:17,510 [main] INFO  - main       - AxonServerQueryBus         - Creating new subscriber
flow_control {
  client_id: "JUnit"
  permits: 100
}

subscribe {
  message_id: "babe456f-9a7b-46e1-96cd-5bc07811b69b"
  query: "testQuery"
  result_name: "java.lang.String"
  component_name: "JUnit"
  client_id: "JUnit"
  nr_of_handlers: 1
}

Security framework of XStream not initialized, XStream is probably vulnerable.
2020-03-14 17:02:17,590 [AxonServerConnector-0] INFO  - onnector-0 - xonServerConnectionManager - Connecting using unencrypted connection...
2020-03-14 17:02:17,591 [main] INFO  - main       - ChainingConverter          - ContentTypeConverter of type [class org.axonframework.serialization.xml.Dom4JToByteArrayConverter] is ignored. It seems to rely on a class that is not available in the class loader: org/dom4j/Document
2020-03-14 17:02:17,591 [main] INFO  - main       - ChainingConverter          - ContentTypeConverter of type [class org.axonframework.serialization.xml.InputStreamToDom4jConverter] is ignored. It seems to rely on a class that is not available in the class loader: org/dom4j/Document
2020-03-14 17:02:17,591 [AxonServerConnector-0] INFO  - onnector-0 - xonServerConnectionManager - Connecting using unencrypted connection...
2020-03-14 17:02:17,591 [main] INFO  - main       - ChainingConverter          - ContentTypeConverter of type [class org.axonframework.serialization.xml.XomToStringConverter] is ignored. It seems to rely on a class that is not available in the class loader: nu/xom/Document
2020-03-14 17:02:17,592 [main] INFO  - main       - ChainingConverter          - ContentTypeConverter of type [class org.axonframework.serialization.xml.InputStreamToXomConverter] is ignored. It seems to rely on a class that is not available in the class loader: nu/xom/ParsingException
query_response {
  message_identifier: "966c9a20-1028-4e3b-813d-c7b2247e044e"
  payload {
    type: "string"
    data: "<string>test: class java.lang.String</string>"
  }
}

query_complete {
  message_id: "630f8ea1-cc74-4be3-bcc9-2ee467ee558f"
}

2020-03-14 17:02:17,602 [main] INFO  - main       - xonServerConnectionManager - Connecting using unencrypted connection...
2020-03-14 17:02:17,628 [AxonServerConnector-0] INFO  - onnector-0 - xonServerConnectionManager - Re-subscribing commands and queries
2020-03-14 17:02:17,629 [AxonServerConnector-0] INFO  - onnector-0 - xonServerConnectionManager - Re-subscribing commands and queries
2020-03-14 17:02:17,630 [main] INFO  - main       - xonServerConnectionManager - Re-subscribing commands and queries
2020-03-14 17:02:17,631 [main] INFO  - main       - AxonServerQueryBus         - Creating new subscriber
2020-03-14 17:02:17,686 [grpc-default-executor-2] WARN  - executor-2 - AxonServerQueryBus         - Received error from server: UNKNOWN
2020-03-14 17:02:17,688 [grpc-default-executor-2] INFO  - executor-2 - AxonServerQueryBus         - Creating new subscriber
2020-03-14 17:02:17,893 [grpc-default-executor-2] WARN  - executor-2 - AxonServerQueryBus         - Received error from server: CANCELLED: HTTP/2 error code: CANCEL
Received Rst Stream
2020-03-14 17:02:17,898 [grpc-default-executor-2] INFO  - executor-2 - AxonServerQueryBus         - Creating new subscriber
2020-03-14 17:02:17,898 [grpc-default-executor-1] WARN  - executor-1 - AxonServerQueryBus         - Received error from server: UNAVAILABLE: Channel shutdown invoked
2020-03-14 17:02:17,901 [main] INFO  - main       - ChainingConverter          - ContentTypeConverter of type [class org.axonframework.serialization.xml.Dom4JToByteArrayConverter] is ignored. It seems to rely on a class that is not available in the class loader: org/dom4j/Document
2020-03-14 17:02:17,902 [main] INFO  - main       - ChainingConverter          - ContentTypeConverter of type [class org.axonframework.serialization.xml.InputStreamToDom4jConverter] is ignored. It seems to rely on a class that is not available in the class loader: org/dom4j/Document
2020-03-14 17:02:17,902 [main] INFO  - main       - ChainingConverter          - ContentTypeConverter of type [class org.axonframework.serialization.xml.XomToStringConverter] is ignored. It seems to rely on a class that is not available in the class loader: nu/xom/Document
2020-03-14 17:02:17,902 [main] INFO  - main       - ChainingConverter          - ContentTypeConverter of type [class org.axonframework.serialization.xml.InputStreamToXomConverter] is ignored. It seems to rely on a class that is not available in the class loader: nu/xom/ParsingException
2020-03-14 17:02:17,909 [main] INFO  - main       - xonServerConnectionManager - Connecting using unencrypted connection...
2020-03-14 17:02:17,932 [main] INFO  - main       - xonServerConnectionManager - Re-subscribing commands and queries
2020-03-14 17:02:17,933 [main] INFO  - main       - AxonServerQueryBus         - Creating new subscriber
2020-03-14 17:02:17,991 [AxonServerConnector-0] INFO  - onnector-0 - xonServerConnectionManager - Connecting using unencrypted connection...
2020-03-14 17:02:17,993 [AxonServerConnector-0] INFO  - onnector-0 - xonServerConnectionManager - Connecting using unencrypted connection...
2020-03-14 17:02:17,999 [AxonServerConnector-0] INFO  - onnector-0 - xonServerConnectionManager - Connecting using unencrypted connection...
2020-03-14 17:02:18,017 [AxonServerConnector-0] INFO  - onnector-0 - xonServerConnectionManager - Re-subscribing commands and queries
2020-03-14 17:02:18,017 [AxonServerConnector-0] INFO  - onnector-0 - xonServerConnectionManager - Re-subscribing commands and queries
2020-03-14 17:02:18,020 [AxonServerConnector-0] INFO  - onnector-0 - xonServerConnectionManager - Re-subscribing commands and queries
2020-03-14 17:02:18,021 [AxonServerConnector-0] INFO  - onnector-0 - AxonServerQueryBus         - Creating new subscriber
2020-03-14 17:02:18,946 [grpc-default-executor-6] WARN  - executor-6 - AxonServerQueryBus         - Received error from server: CANCELLED: HTTP/2 error code: CANCEL
Received Rst Stream
2020-03-14 17:02:18,948 [grpc-default-executor-3] WARN  - executor-3 - AxonServerQueryBus         - Received error from server: CANCELLED: HTTP/2 error code: CANCEL
Received Rst Stream
2020-03-14 17:02:18,951 [grpc-default-executor-6] INFO  - executor-6 - AxonServerQueryBus         - Creating new subscriber
2020-03-14 17:02:18,952 [grpc-default-executor-9] WARN  - executor-9 - AxonServerQueryBus         - Received error from server: UNAVAILABLE: Channel shutdown invoked
2020-03-14 17:02:18,958 [main] INFO  - main       - ChainingConverter          - ContentTypeConverter of type [class org.axonframework.serialization.xml.Dom4JToByteArrayConverter] is ignored. It seems to rely on a class that is not available in the class loader: org/dom4j/Document
2020-03-14 17:02:18,958 [main] INFO  - main       - ChainingConverter          - ContentTypeConverter of type [class org.axonframework.serialization.xml.InputStreamToDom4jConverter] is ignored. It seems to rely on a class that is not available in the class loader: org/dom4j/Document
2020-03-14 17:02:18,959 [main] INFO  - main       - ChainingConverter          - ContentTypeConverter of type [class org.axonframework.serialization.xml.XomToStringConverter] is ignored. It seems to rely on a class that is not available in the class loader: nu/xom/Document
2020-03-14 17:02:18,959 [main] INFO  - main       - ChainingConverter          - ContentTypeConverter of type [class org.axonframework.serialization.xml.InputStreamToXomConverter] is ignored. It seems to rely on a class that is not available in the class loader: nu/xom/ParsingException
2020-03-14 17:02:18,967 [main] INFO  - main       - xonServerConnectionManager - Connecting using unencrypted connection...
2020-03-14 17:02:18,985 [main] INFO  - main       - xonServerConnectionManager - Re-subscribing commands and queries
2020-03-14 17:02:19,046 [AxonServerConnector-0] INFO  - onnector-0 - xonServerConnectionManager - Connecting using unencrypted connection...
2020-03-14 17:02:19,046 [AxonServerConnector-0] INFO  - onnector-0 - xonServerConnectionManager - Connecting using unencrypted connection...
2020-03-14 17:02:19,052 [AxonServerConnector-0] INFO  - onnector-0 - xonServerConnectionManager - Connecting using unencrypted connection...
2020-03-14 17:02:19,055 [AxonServerConnector-0] INFO  - onnector-0 - xonServerConnectionManager - Connecting using unencrypted connection...
2020-03-14 17:02:19,074 [AxonServerConnector-0] INFO  - onnector-0 - xonServerConnectionManager - Re-subscribing commands and queries
2020-03-14 17:02:19,079 [AxonServerConnector-0] INFO  - onnector-0 - xonServerConnectionManager - Re-subscribing commands and queries
2020-03-14 17:02:19,081 [AxonServerConnector-0] INFO  - onnector-0 - xonServerConnectionManager - Re-subscribing commands and queries
2020-03-14 17:02:19,086 [AxonServerConnector-0] INFO  - onnector-0 - xonServerConnectionManager - Re-subscribing commands and queries
2020-03-14 17:02:19,086 [AxonServerConnector-0] INFO  - onnector-0 - AxonServerQueryBus         - Creating new subscriber
2020-03-14 17:02:19,131 [grpc-default-executor-3] WARN  - executor-3 - AxonServerQueryBus         - Received error from server: CANCELLED: HTTP/2 error code: CANCEL
Received Rst Stream
2020-03-14 17:02:19,132 [grpc-default-executor-3] INFO  - executor-3 - AxonServerQueryBus         - Creating new subscriber
2020-03-14 17:02:19,132 [grpc-default-executor-8] WARN  - executor-8 - AxonServerQueryBus         - Received error from server: UNAVAILABLE: Channel shutdown invoked
2020-03-14 17:02:19,138 [main] INFO  - main       - ChainingConverter          - ContentTypeConverter of type [class org.axonframework.serialization.xml.Dom4JToByteArrayConverter] is ignored. It seems to rely on a class that is not available in the class loader: org/dom4j/Document
2020-03-14 17:02:19,139 [main] INFO  - main       - ChainingConverter          - ContentTypeConverter of type [class org.axonframework.serialization.xml.InputStreamToDom4jConverter] is ignored. It seems to rely on a class that is not available in the class loader: org/dom4j/Document
2020-03-14 17:02:19,139 [main] INFO  - main       - ChainingConverter          - ContentTypeConverter of type [class org.axonframework.serialization.xml.XomToStringConverter] is ignored. It seems to rely on a class that is not available in the class loader: nu/xom/Document
2020-03-14 17:02:19,139 [main] INFO  - main       - ChainingConverter          - ContentTypeConverter of type [class org.axonframework.serialization.xml.InputStreamToXomConverter] is ignored. It seems to rely on a class that is not available in the class loader: nu/xom/ParsingException
2020-03-14 17:02:19,153 [main] INFO  - main       - AxonServerQueryBus         - Creating new subscriber
flow_control {
  client_id: "JUnit"
  permits: 100
}

subscribe {
  message_id: "2581ea86-97ea-462c-902e-b4d3b79be26e"
  query: "testQuery"
  result_name: "java.lang.String"
  component_name: "JUnit"
  client_id: "JUnit"
  nr_of_handlers: 1
}

unsubscribe {
  message_id: "31644bb9-0232-4fab-8d62-b292d5c30977"
  query: "testQuery"
  result_name: "java.lang.String"
  component_name: "JUnit"
  client_id: "JUnit"
  nr_of_handlers: 1
}

Security framework of XStream not initialized, XStream is probably vulnerable.
query_complete {
  message_id: "d8e82619-c7e5-4883-9dd0-0a35cfcefac2"
}

2020-03-14 17:02:19,165 [main] INFO  - main       - ChainingConverter          - ContentTypeConverter of type [class org.axonframework.serialization.xml.Dom4JToByteArrayConverter] is ignored. It seems to rely on a class that is not available in the class loader: org/dom4j/Document
2020-03-14 17:02:19,165 [main] INFO  - main       - ChainingConverter          - ContentTypeConverter of type [class org.axonframework.serialization.xml.InputStreamToDom4jConverter] is ignored. It seems to rely on a class that is not available in the class loader: org/dom4j/Document
2020-03-14 17:02:19,165 [main] INFO  - main       - ChainingConverter          - ContentTypeConverter of type [class org.axonframework.serialization.xml.XomToStringConverter] is ignored. It seems to rely on a class that is not available in the class loader: nu/xom/Document
2020-03-14 17:02:19,166 [main] INFO  - main       - ChainingConverter          - ContentTypeConverter of type [class org.axonframework.serialization.xml.InputStreamToXomConverter] is ignored. It seems to rely on a class that is not available in the class loader: nu/xom/ParsingException
2020-03-14 17:02:19,173 [main] INFO  - main       - xonServerConnectionManager - Connecting using unencrypted connection...
2020-03-14 17:02:19,192 [main] INFO  - main       - xonServerConnectionManager - Re-subscribing commands and queries
2020-03-14 17:02:19,199 [grpc-default-executor-3] WARN  - executor-3 - AxonServerQueryBus         - Received error while waiting for first response: UNAVAILABLE: HTTP/2 error code: NO_ERROR
Received Goaway
io.grpc.StatusRuntimeException: UNAVAILABLE: HTTP/2 error code: NO_ERROR
Received Goaway
	at io.grpc.Status.asRuntimeException(Status.java:526)
	at io.grpc.stub.ClientCalls$StreamObserverToCallListenerAdapter.onClose(ClientCalls.java:420)
	at io.grpc.PartialForwardingClientCallListener.onClose(PartialForwardingClientCallListener.java:39)
	at io.grpc.ForwardingClientCallListener.onClose(ForwardingClientCallListener.java:23)
	at io.grpc.ForwardingClientCallListener$SimpleForwardingClientCallListener.onClose(ForwardingClientCallListener.java:40)
	at io.grpc.internal.CensusStatsModule$StatsClientInterceptor$1$1.onClose(CensusStatsModule.java:684)
	at io.grpc.PartialForwardingClientCallListener.onClose(PartialForwardingClientCallListener.java:39)
	at io.grpc.ForwardingClientCallListener.onClose(ForwardingClientCallListener.java:23)
	at io.grpc.ForwardingClientCallListener$SimpleForwardingClientCallListener.onClose(ForwardingClientCallListener.java:40)
	at io.grpc.internal.CensusTracingModule$TracingClientInterceptor$1$1.onClose(CensusTracingModule.java:403)
	at io.grpc.internal.ClientCallImpl.closeObserver(ClientCallImpl.java:459)
	at io.grpc.internal.ClientCallImpl.access$300(ClientCallImpl.java:63)
	at io.grpc.internal.ClientCallImpl$ClientStreamListenerImpl.close(ClientCallImpl.java:546)
	at io.grpc.internal.ClientCallImpl$ClientStreamListenerImpl.access$600(ClientCallImpl.java:467)
	at io.grpc.internal.ClientCallImpl$ClientStreamListenerImpl$1StreamClosed.runInContext(ClientCallImpl.java:584)
	at io.grpc.internal.ContextRunnable.run(ContextRunnable.java:37)
	at io.grpc.internal.SerializingExecutor.run(SerializingExecutor.java:123)
	at java.util.concurrent.ThreadPoolExecutor.runWorker(ThreadPoolExecutor.java:1149)
	at java.util.concurrent.ThreadPoolExecutor$Worker.run(ThreadPoolExecutor.java:624)
	at java.lang.Thread.run(Thread.java:748)
2020-03-14 17:02:19,208 [main] INFO  - main       - ChainingConverter          - ContentTypeConverter of type [class org.axonframework.serialization.xml.Dom4JToByteArrayConverter] is ignored. It seems to rely on a class that is not available in the class loader: org/dom4j/Document
2020-03-14 17:02:19,208 [main] INFO  - main       - ChainingConverter          - ContentTypeConverter of type [class org.axonframework.serialization.xml.InputStreamToDom4jConverter] is ignored. It seems to rely on a class that is not available in the class loader: org/dom4j/Document
2020-03-14 17:02:19,208 [main] INFO  - main       - ChainingConverter          - ContentTypeConverter of type [class org.axonframework.serialization.xml.XomToStringConverter] is ignored. It seems to rely on a class that is not available in the class loader: nu/xom/Document
2020-03-14 17:02:19,209 [main] INFO  - main       - ChainingConverter          - ContentTypeConverter of type [class org.axonframework.serialization.xml.InputStreamToXomConverter] is ignored. It seems to rely on a class that is not available in the class loader: nu/xom/ParsingException
2020-03-14 17:02:19,215 [main] INFO  - main       - xonServerConnectionManager - Connecting using unencrypted connection...
2020-03-14 17:02:19,229 [AxonServerConnector-0] INFO  - onnector-0 - xonServerConnectionManager - Connecting using unencrypted connection...
2020-03-14 17:02:19,229 [AxonServerConnector-0] INFO  - onnector-0 - xonServerConnectionManager - Connecting using unencrypted connection...
2020-03-14 17:02:19,233 [AxonServerConnector-0] INFO  - onnector-0 - xonServerConnectionManager - Connecting using unencrypted connection...
2020-03-14 17:02:19,233 [AxonServerConnector-0] INFO  - onnector-0 - xonServerConnectionManager - Connecting using unencrypted connection...
2020-03-14 17:02:19,233 [AxonServerConnector-0] INFO  - onnector-0 - xonServerConnectionManager - Connecting using unencrypted connection...
2020-03-14 17:02:19,247 [main] INFO  - main       - xonServerConnectionManager - Re-subscribing commands and queries
2020-03-14 17:02:19,267 [AxonServerConnector-0] INFO  - onnector-0 - xonServerConnectionManager - Re-subscribing commands and queries
2020-03-14 17:02:19,275 [AxonServerConnector-0] INFO  - onnector-0 - xonServerConnectionManager - Re-subscribing commands and queries
2020-03-14 17:02:19,276 [AxonServerConnector-0] INFO  - onnector-0 - xonServerConnectionManager - Re-subscribing commands and queries
2020-03-14 17:02:19,276 [AxonServerConnector-0] INFO  - onnector-0 - AxonServerQueryBus         - Creating new subscriber
2020-03-14 17:02:19,278 [AxonServerConnector-0] INFO  - onnector-0 - xonServerConnectionManager - Re-subscribing commands and queries
2020-03-14 17:02:19,278 [AxonServerConnector-0] INFO  - onnector-0 - xonServerConnectionManager - Re-subscribing commands and queries
2020-03-14 17:02:19,304 [AxonServerConnector-0] INFO  - onnector-0 - xonServerConnectionManager - Connecting using unencrypted connection...
2020-03-14 17:02:19,326 [AxonServerConnector-0] INFO  - onnector-0 - xonServerConnectionManager - Re-subscribing commands and queries
Tests run: 9, Failures: 0, Errors: 0, Skipped: 0, Time elapsed: 9.671 sec - in org.axonframework.axonserver.connector.query.AxonServerQueryBusTest
Running org.axonframework.axonserver.connector.query.subscription.SubscriptionMessageSerializerTest
2020-03-14 17:02:19,782 [grpc-default-executor-6] WARN  - executor-6 - AxonServerQueryBus         - Received error while waiting for responses: CANCELLED: HTTP/2 error code: CANCEL
Received Rst Stream
io.grpc.StatusRuntimeException: CANCELLED: HTTP/2 error code: CANCEL
Received Rst Stream
	at io.grpc.Status.asRuntimeException(Status.java:526)
	at io.grpc.stub.ClientCalls$StreamObserverToCallListenerAdapter.onClose(ClientCalls.java:420)
	at io.grpc.PartialForwardingClientCallListener.onClose(PartialForwardingClientCallListener.java:39)
	at io.grpc.ForwardingClientCallListener.onClose(ForwardingClientCallListener.java:23)
	at io.grpc.ForwardingClientCallListener$SimpleForwardingClientCallListener.onClose(ForwardingClientCallListener.java:40)
	at io.grpc.internal.CensusStatsModule$StatsClientInterceptor$1$1.onClose(CensusStatsModule.java:684)
	at io.grpc.PartialForwardingClientCallListener.onClose(PartialForwardingClientCallListener.java:39)
	at io.grpc.ForwardingClientCallListener.onClose(ForwardingClientCallListener.java:23)
	at io.grpc.ForwardingClientCallListener$SimpleForwardingClientCallListener.onClose(ForwardingClientCallListener.java:40)
	at io.grpc.internal.CensusTracingModule$TracingClientInterceptor$1$1.onClose(CensusTracingModule.java:403)
	at io.grpc.internal.ClientCallImpl.closeObserver(ClientCallImpl.java:459)
	at io.grpc.internal.ClientCallImpl.access$300(ClientCallImpl.java:63)
	at io.grpc.internal.ClientCallImpl$ClientStreamListenerImpl.close(ClientCallImpl.java:546)
	at io.grpc.internal.ClientCallImpl$ClientStreamListenerImpl.access$600(ClientCallImpl.java:467)
	at io.grpc.internal.ClientCallImpl$ClientStreamListenerImpl$1StreamClosed.runInContext(ClientCallImpl.java:584)
	at io.grpc.internal.ContextRunnable.run(ContextRunnable.java:37)
	at io.grpc.internal.SerializingExecutor.run(SerializingExecutor.java:123)
	at java.util.concurrent.ThreadPoolExecutor.runWorker(ThreadPoolExecutor.java:1149)
	at java.util.concurrent.ThreadPoolExecutor$Worker.run(ThreadPoolExecutor.java:624)
	at java.lang.Thread.run(Thread.java:748)
2020-03-14 17:02:19,783 [grpc-default-executor-8] WARN  - executor-8 - AxonServerQueryBus         - Received error from server: CANCELLED: HTTP/2 error code: CANCEL
Received Rst Stream
2020-03-14 17:02:19,787 [grpc-default-executor-8] WARN  - executor-8 - AxonServerQueryBus         - Error while resubscribing - No connection to AxonServer available
2020-03-14 17:02:19,793 [main] INFO  - main       - ChainingConverter          - ContentTypeConverter of type [class org.axonframework.serialization.xml.Dom4JToByteArrayConverter] is ignored. It seems to rely on a class that is not available in the class loader: org/dom4j/Document
2020-03-14 17:02:19,793 [main] INFO  - main       - ChainingConverter          - ContentTypeConverter of type [class org.axonframework.serialization.xml.InputStreamToDom4jConverter] is ignored. It seems to rely on a class that is not available in the class loader: org/dom4j/Document
2020-03-14 17:02:19,794 [main] INFO  - main       - ChainingConverter          - ContentTypeConverter of type [class org.axonframework.serialization.xml.XomToStringConverter] is ignored. It seems to rely on a class that is not available in the class loader: nu/xom/Document
2020-03-14 17:02:19,794 [main] INFO  - main       - ChainingConverter          - ContentTypeConverter of type [class org.axonframework.serialization.xml.InputStreamToXomConverter] is ignored. It seems to rely on a class that is not available in the class loader: nu/xom/ParsingException
2020-03-14 17:02:19,881 [AxonServerConnector-0] INFO  - onnector-0 - xonServerConnectionManager - Connecting using unencrypted connection...
2020-03-14 17:02:19,882 [AxonServerConnector-0] INFO  - onnector-0 - xonServerConnectionManager - Connecting using unencrypted connection...
2020-03-14 17:02:19,882 [AxonServerConnector-0] INFO  - onnector-0 - xonServerConnectionManager - Connecting using unencrypted connection...
2020-03-14 17:02:19,883 [AxonServerConnector-0] INFO  - onnector-0 - xonServerConnectionManager - Connecting using unencrypted connection...
2020-03-14 17:02:19,883 [AxonServerConnector-0] INFO  - onnector-0 - xonServerConnectionManager - Connecting using unencrypted connection...
2020-03-14 17:02:19,888 [AxonServerConnector-0] INFO  - onnector-0 - xonServerConnectionManager - Connecting using unencrypted connection...
2020-03-14 17:02:19,888 [AxonServerConnector-0] INFO  - onnector-0 - xonServerConnectionManager - Connecting using unencrypted connection...
2020-03-14 17:02:19,929 [AxonServerConnector-0] WARN  - onnector-0 - xonServerConnectionManager - Connecting to AxonServer node localhost:4343 failed: UNAVAILABLE: io exception
2020-03-14 17:02:19,929 [AxonServerConnector-0] WARN  - onnector-0 - xonServerConnectionManager - Connecting to AxonServer node localhost:4343 failed: UNAVAILABLE: io exception
2020-03-14 17:02:19,929 [AxonServerConnector-0] WARN  - onnector-0 - xonServerConnectionManager - Connecting to AxonServer node localhost:4343 failed: UNAVAILABLE: io exception
2020-03-14 17:02:19,929 [AxonServerConnector-0] WARN  - onnector-0 - xonServerConnectionManager - Connecting to AxonServer node localhost:4343 failed: UNAVAILABLE: io exception
2020-03-14 17:02:19,929 [AxonServerConnector-0] WARN  - onnector-0 - xonServerConnectionManager - Connecting to AxonServer node localhost:4343 failed: UNAVAILABLE: io exception
2020-03-14 17:02:19,929 [AxonServerConnector-0] WARN  - onnector-0 - xonServerConnectionManager - Connecting to AxonServer node localhost:4343 failed: UNAVAILABLE: io exception
2020-03-14 17:02:19,929 [AxonServerConnector-0] WARN  - onnector-0 - xonServerConnectionManager - Connecting to AxonServer node localhost:4343 failed: UNAVAILABLE: io exception
2020-03-14 17:02:20,115 [main] INFO  - main       - ChainingConverter          - ContentTypeConverter of type [class org.axonframework.serialization.xml.Dom4JToByteArrayConverter] is ignored. It seems to rely on a class that is not available in the class loader: org/dom4j/Document
2020-03-14 17:02:20,115 [main] INFO  - main       - ChainingConverter          - ContentTypeConverter of type [class org.axonframework.serialization.xml.InputStreamToDom4jConverter] is ignored. It seems to rely on a class that is not available in the class loader: org/dom4j/Document
2020-03-14 17:02:20,116 [main] INFO  - main       - ChainingConverter          - ContentTypeConverter of type [class org.axonframework.serialization.xml.XomToStringConverter] is ignored. It seems to rely on a class that is not available in the class loader: nu/xom/Document
2020-03-14 17:02:20,116 [main] INFO  - main       - ChainingConverter          - ContentTypeConverter of type [class org.axonframework.serialization.xml.InputStreamToXomConverter] is ignored. It seems to rely on a class that is not available in the class loader: nu/xom/ParsingException
2020-03-14 17:02:20,127 [main] INFO  - main       - ChainingConverter          - ContentTypeConverter of type [class org.axonframework.serialization.xml.Dom4JToByteArrayConverter] is ignored. It seems to rely on a class that is not available in the class loader: org/dom4j/Document
2020-03-14 17:02:20,127 [main] INFO  - main       - ChainingConverter          - ContentTypeConverter of type [class org.axonframework.serialization.xml.InputStreamToDom4jConverter] is ignored. It seems to rely on a class that is not available in the class loader: org/dom4j/Document
2020-03-14 17:02:20,127 [main] INFO  - main       - ChainingConverter          - ContentTypeConverter of type [class org.axonframework.serialization.xml.XomToStringConverter] is ignored. It seems to rely on a class that is not available in the class loader: nu/xom/Document
2020-03-14 17:02:20,128 [main] INFO  - main       - ChainingConverter          - ContentTypeConverter of type [class org.axonframework.serialization.xml.InputStreamToXomConverter] is ignored. It seems to rely on a class that is not available in the class loader: nu/xom/ParsingException
2020-03-14 17:02:20,180 [main] INFO  - main       - ChainingConverter          - ContentTypeConverter of type [class org.axonframework.serialization.xml.Dom4JToByteArrayConverter] is ignored. It seems to rely on a class that is not available in the class loader: org/dom4j/Document
2020-03-14 17:02:20,180 [main] INFO  - main       - ChainingConverter          - ContentTypeConverter of type [class org.axonframework.serialization.xml.InputStreamToDom4jConverter] is ignored. It seems to rely on a class that is not available in the class loader: org/dom4j/Document
2020-03-14 17:02:20,180 [main] INFO  - main       - ChainingConverter          - ContentTypeConverter of type [class org.axonframework.serialization.xml.XomToStringConverter] is ignored. It seems to rely on a class that is not available in the class loader: nu/xom/Document
2020-03-14 17:02:20,181 [main] INFO  - main       - ChainingConverter          - ContentTypeConverter of type [class org.axonframework.serialization.xml.InputStreamToXomConverter] is ignored. It seems to rely on a class that is not available in the class loader: nu/xom/ParsingException
Security framework of XStream not initialized, XStream is probably vulnerable.
2020-03-14 17:02:20,196 [main] INFO  - main       - ChainingConverter          - ContentTypeConverter of type [class org.axonframework.serialization.xml.Dom4JToByteArrayConverter] is ignored. It seems to rely on a class that is not available in the class loader: org/dom4j/Document
2020-03-14 17:02:20,196 [main] INFO  - main       - ChainingConverter          - ContentTypeConverter of type [class org.axonframework.serialization.xml.InputStreamToDom4jConverter] is ignored. It seems to rely on a class that is not available in the class loader: org/dom4j/Document
2020-03-14 17:02:20,197 [main] INFO  - main       - ChainingConverter          - ContentTypeConverter of type [class org.axonframework.serialization.xml.XomToStringConverter] is ignored. It seems to rely on a class that is not available in the class loader: nu/xom/Document
2020-03-14 17:02:20,197 [main] INFO  - main       - ChainingConverter          - ContentTypeConverter of type [class org.axonframework.serialization.xml.InputStreamToXomConverter] is ignored. It seems to rely on a class that is not available in the class loader: nu/xom/ParsingException
Tests run: 5, Failures: 0, Errors: 0, Skipped: 0, Time elapsed: 0.45 sec - in org.axonframework.axonserver.connector.query.subscription.SubscriptionMessageSerializerTest
Running org.axonframework.axonserver.connector.query.subscription.AxonServerSubscriptionQueryResultTest
2020-03-14 17:02:20,505 [main] INFO  - main       - wControllingStreamObserver - Observer stopped
Tests run: 3, Failures: 0, Errors: 0, Skipped: 0, Time elapsed: 0.243 sec - in org.axonframework.axonserver.connector.query.subscription.AxonServerSubscriptionQueryResultTest
Running org.axonframework.axonserver.connector.query.QuerySerializerTest
2020-03-14 17:02:20,513 [main] INFO  - main       - ChainingConverter          - ContentTypeConverter of type [class org.axonframework.serialization.xml.Dom4JToByteArrayConverter] is ignored. It seems to rely on a class that is not available in the class loader: org/dom4j/Document
2020-03-14 17:02:20,513 [main] INFO  - main       - ChainingConverter          - ContentTypeConverter of type [class org.axonframework.serialization.xml.InputStreamToDom4jConverter] is ignored. It seems to rely on a class that is not available in the class loader: org/dom4j/Document
2020-03-14 17:02:20,513 [main] INFO  - main       - ChainingConverter          - ContentTypeConverter of type [class org.axonframework.serialization.xml.XomToStringConverter] is ignored. It seems to rely on a class that is not available in the class loader: nu/xom/Document
2020-03-14 17:02:20,514 [main] INFO  - main       - ChainingConverter          - ContentTypeConverter of type [class org.axonframework.serialization.xml.InputStreamToXomConverter] is ignored. It seems to rely on a class that is not available in the class loader: nu/xom/ParsingException
2020-03-14 17:02:20,537 [main] INFO  - main       - ChainingConverter          - ContentTypeConverter of type [class org.axonframework.serialization.xml.Dom4JToByteArrayConverter] is ignored. It seems to rely on a class that is not available in the class loader: org/dom4j/Document
2020-03-14 17:02:20,538 [main] INFO  - main       - ChainingConverter          - ContentTypeConverter of type [class org.axonframework.serialization.xml.InputStreamToDom4jConverter] is ignored. It seems to rely on a class that is not available in the class loader: org/dom4j/Document
2020-03-14 17:02:20,538 [main] INFO  - main       - ChainingConverter          - ContentTypeConverter of type [class org.axonframework.serialization.xml.XomToStringConverter] is ignored. It seems to rely on a class that is not available in the class loader: nu/xom/Document
2020-03-14 17:02:20,539 [main] INFO  - main       - ChainingConverter          - ContentTypeConverter of type [class org.axonframework.serialization.xml.InputStreamToXomConverter] is ignored. It seems to rely on a class that is not available in the class loader: nu/xom/ParsingException
2020-03-14 17:02:20,580 [main] INFO  - main       - ChainingConverter          - ContentTypeConverter of type [class org.axonframework.serialization.xml.Dom4JToByteArrayConverter] is ignored. It seems to rely on a class that is not available in the class loader: org/dom4j/Document
2020-03-14 17:02:20,580 [main] INFO  - main       - ChainingConverter          - ContentTypeConverter of type [class org.axonframework.serialization.xml.InputStreamToDom4jConverter] is ignored. It seems to rely on a class that is not available in the class loader: org/dom4j/Document
2020-03-14 17:02:20,580 [main] INFO  - main       - ChainingConverter          - ContentTypeConverter of type [class org.axonframework.serialization.xml.XomToStringConverter] is ignored. It seems to rely on a class that is not available in the class loader: nu/xom/Document
2020-03-14 17:02:20,581 [main] INFO  - main       - ChainingConverter          - ContentTypeConverter of type [class org.axonframework.serialization.xml.InputStreamToXomConverter] is ignored. It seems to rely on a class that is not available in the class loader: nu/xom/ParsingException
Security framework of XStream not initialized, XStream is probably vulnerable.
Tests run: 3, Failures: 0, Errors: 0, Skipped: 0, Time elapsed: 0.074 sec - in org.axonframework.axonserver.connector.query.QuerySerializerTest
Running org.axonframework.axonserver.connector.query.QueueBackedSpliteratorTest
Tests run: 3, Failures: 0, Errors: 0, Skipped: 0, Time elapsed: 1.002 sec - in org.axonframework.axonserver.connector.query.QueueBackedSpliteratorTest
Running org.axonframework.axonserver.connector.event.axon.EventBufferTest
2020-03-14 17:02:21,644 [main] INFO  - main       - ChainingConverter          - ContentTypeConverter of type [class org.axonframework.serialization.xml.Dom4JToByteArrayConverter] is ignored. It seems to rely on a class that is not available in the class loader: org/dom4j/Document
2020-03-14 17:02:21,644 [main] INFO  - main       - ChainingConverter          - ContentTypeConverter of type [class org.axonframework.serialization.xml.InputStreamToDom4jConverter] is ignored. It seems to rely on a class that is not available in the class loader: org/dom4j/Document
2020-03-14 17:02:21,644 [main] INFO  - main       - ChainingConverter          - ContentTypeConverter of type [class org.axonframework.serialization.xml.XomToStringConverter] is ignored. It seems to rely on a class that is not available in the class loader: nu/xom/Document
2020-03-14 17:02:21,645 [main] INFO  - main       - ChainingConverter          - ContentTypeConverter of type [class org.axonframework.serialization.xml.InputStreamToXomConverter] is ignored. It seems to rely on a class that is not available in the class loader: nu/xom/ParsingException
2020-03-14 17:02:21,686 [main] INFO  - main       - ChainingConverter          - ContentTypeConverter of type [class org.axonframework.serialization.xml.Dom4JToByteArrayConverter] is ignored. It seems to rely on a class that is not available in the class loader: org/dom4j/Document
2020-03-14 17:02:21,687 [main] INFO  - main       - ChainingConverter          - ContentTypeConverter of type [class org.axonframework.serialization.xml.InputStreamToDom4jConverter] is ignored. It seems to rely on a class that is not available in the class loader: org/dom4j/Document
2020-03-14 17:02:21,687 [main] INFO  - main       - ChainingConverter          - ContentTypeConverter of type [class org.axonframework.serialization.xml.XomToStringConverter] is ignored. It seems to rely on a class that is not available in the class loader: nu/xom/Document
2020-03-14 17:02:21,687 [main] INFO  - main       - ChainingConverter          - ContentTypeConverter of type [class org.axonframework.serialization.xml.InputStreamToXomConverter] is ignored. It seems to rely on a class that is not available in the class loader: nu/xom/ParsingException
Tests run: 2, Failures: 0, Errors: 0, Skipped: 0, Time elapsed: 0.121 sec - in org.axonframework.axonserver.connector.event.axon.EventBufferTest
Running org.axonframework.axonserver.connector.event.axon.ErrorCodeTest
Tests run: 3, Failures: 0, Errors: 0, Skipped: 0, Time elapsed: 0.002 sec - in org.axonframework.axonserver.connector.event.axon.ErrorCodeTest
Running org.axonframework.axonserver.connector.event.axon.AxonServerEventStoreTest
2020-03-14 17:02:21,802 [main] INFO  - main       - ChainingConverter          - ContentTypeConverter of type [class org.axonframework.serialization.xml.Dom4JToByteArrayConverter] is ignored. It seems to rely on a class that is not available in the class loader: org/dom4j/Document
2020-03-14 17:02:21,802 [main] INFO  - main       - ChainingConverter          - ContentTypeConverter of type [class org.axonframework.serialization.xml.InputStreamToDom4jConverter] is ignored. It seems to rely on a class that is not available in the class loader: org/dom4j/Document
2020-03-14 17:02:21,803 [main] INFO  - main       - ChainingConverter          - ContentTypeConverter of type [class org.axonframework.serialization.xml.XomToStringConverter] is ignored. It seems to rely on a class that is not available in the class loader: nu/xom/Document
2020-03-14 17:02:21,803 [main] INFO  - main       - ChainingConverter          - ContentTypeConverter of type [class org.axonframework.serialization.xml.InputStreamToXomConverter] is ignored. It seems to rely on a class that is not available in the class loader: nu/xom/ParsingException
2020-03-14 17:02:21,806 [main] INFO  - main       - ChainingConverter          - ContentTypeConverter of type [class org.axonframework.serialization.xml.Dom4JToByteArrayConverter] is ignored. It seems to rely on a class that is not available in the class loader: org/dom4j/Document
2020-03-14 17:02:21,806 [main] INFO  - main       - ChainingConverter          - ContentTypeConverter of type [class org.axonframework.serialization.xml.InputStreamToDom4jConverter] is ignored. It seems to rely on a class that is not available in the class loader: org/dom4j/Document
2020-03-14 17:02:21,806 [main] INFO  - main       - ChainingConverter          - ContentTypeConverter of type [class org.axonframework.serialization.xml.XomToStringConverter] is ignored. It seems to rely on a class that is not available in the class loader: nu/xom/Document
2020-03-14 17:02:21,807 [main] INFO  - main       - ChainingConverter          - ContentTypeConverter of type [class org.axonframework.serialization.xml.InputStreamToXomConverter] is ignored. It seems to rely on a class that is not available in the class loader: nu/xom/ParsingException
2020-03-14 17:02:21,817 [main] INFO  - main       - ChainingConverter          - ContentTypeConverter of type [class org.axonframework.serialization.xml.Dom4JToByteArrayConverter] is ignored. It seems to rely on a class that is not available in the class loader: org/dom4j/Document
2020-03-14 17:02:21,817 [main] INFO  - main       - ChainingConverter          - ContentTypeConverter of type [class org.axonframework.serialization.xml.InputStreamToDom4jConverter] is ignored. It seems to rely on a class that is not available in the class loader: org/dom4j/Document
2020-03-14 17:02:21,817 [main] INFO  - main       - ChainingConverter          - ContentTypeConverter of type [class org.axonframework.serialization.xml.XomToStringConverter] is ignored. It seems to rely on a class that is not available in the class loader: nu/xom/Document
2020-03-14 17:02:21,817 [main] INFO  - main       - ChainingConverter          - ContentTypeConverter of type [class org.axonframework.serialization.xml.InputStreamToXomConverter] is ignored. It seems to rely on a class that is not available in the class loader: nu/xom/ParsingException
2020-03-14 17:02:21,820 [main] INFO  - main       - ChainingConverter          - ContentTypeConverter of type [class org.axonframework.serialization.xml.Dom4JToByteArrayConverter] is ignored. It seems to rely on a class that is not available in the class loader: org/dom4j/Document
2020-03-14 17:02:21,821 [main] INFO  - main       - ChainingConverter          - ContentTypeConverter of type [class org.axonframework.serialization.xml.InputStreamToDom4jConverter] is ignored. It seems to rely on a class that is not available in the class loader: org/dom4j/Document
2020-03-14 17:02:21,821 [main] INFO  - main       - ChainingConverter          - ContentTypeConverter of type [class org.axonframework.serialization.xml.XomToStringConverter] is ignored. It seems to rely on a class that is not available in the class loader: nu/xom/Document
2020-03-14 17:02:21,821 [main] INFO  - main       - ChainingConverter          - ContentTypeConverter of type [class org.axonframework.serialization.xml.InputStreamToXomConverter] is ignored. It seems to rely on a class that is not available in the class loader: nu/xom/ParsingException
2020-03-14 17:02:21,828 [main] INFO  - main       - xonServerConnectionManager - Connecting using unencrypted connection...
2020-03-14 17:02:21,846 [main] INFO  - main       - xonServerConnectionManager - Re-subscribing commands and queries
2020-03-14 17:02:22,867 [main] INFO  - main       - ChainingConverter          - ContentTypeConverter of type [class org.axonframework.serialization.xml.Dom4JToByteArrayConverter] is ignored. It seems to rely on a class that is not available in the class loader: org/dom4j/Document
2020-03-14 17:02:22,867 [main] INFO  - main       - ChainingConverter          - ContentTypeConverter of type [class org.axonframework.serialization.xml.InputStreamToDom4jConverter] is ignored. It seems to rely on a class that is not available in the class loader: org/dom4j/Document
2020-03-14 17:02:22,867 [main] INFO  - main       - ChainingConverter          - ContentTypeConverter of type [class org.axonframework.serialization.xml.XomToStringConverter] is ignored. It seems to rely on a class that is not available in the class loader: nu/xom/Document
2020-03-14 17:02:22,868 [main] INFO  - main       - ChainingConverter          - ContentTypeConverter of type [class org.axonframework.serialization.xml.InputStreamToXomConverter] is ignored. It seems to rely on a class that is not available in the class loader: nu/xom/ParsingException
2020-03-14 17:02:22,870 [main] INFO  - main       - ChainingConverter          - ContentTypeConverter of type [class org.axonframework.serialization.xml.Dom4JToByteArrayConverter] is ignored. It seems to rely on a class that is not available in the class loader: org/dom4j/Document
2020-03-14 17:02:22,870 [main] INFO  - main       - ChainingConverter          - ContentTypeConverter of type [class org.axonframework.serialization.xml.InputStreamToDom4jConverter] is ignored. It seems to rely on a class that is not available in the class loader: org/dom4j/Document
2020-03-14 17:02:22,870 [main] INFO  - main       - ChainingConverter          - ContentTypeConverter of type [class org.axonframework.serialization.xml.XomToStringConverter] is ignored. It seems to rely on a class that is not available in the class loader: nu/xom/Document
2020-03-14 17:02:22,871 [main] INFO  - main       - ChainingConverter          - ContentTypeConverter of type [class org.axonframework.serialization.xml.InputStreamToXomConverter] is ignored. It seems to rely on a class that is not available in the class loader: nu/xom/ParsingException
2020-03-14 17:02:22,873 [main] INFO  - main       - ChainingConverter          - ContentTypeConverter of type [class org.axonframework.serialization.xml.Dom4JToByteArrayConverter] is ignored. It seems to rely on a class that is not available in the class loader: org/dom4j/Document
2020-03-14 17:02:22,873 [main] INFO  - main       - ChainingConverter          - ContentTypeConverter of type [class org.axonframework.serialization.xml.InputStreamToDom4jConverter] is ignored. It seems to rely on a class that is not available in the class loader: org/dom4j/Document
2020-03-14 17:02:22,873 [main] INFO  - main       - ChainingConverter          - ContentTypeConverter of type [class org.axonframework.serialization.xml.XomToStringConverter] is ignored. It seems to rely on a class that is not available in the class loader: nu/xom/Document
2020-03-14 17:02:22,873 [main] INFO  - main       - ChainingConverter          - ContentTypeConverter of type [class org.axonframework.serialization.xml.InputStreamToXomConverter] is ignored. It seems to rely on a class that is not available in the class loader: nu/xom/ParsingException
2020-03-14 17:02:22,876 [main] INFO  - main       - ChainingConverter          - ContentTypeConverter of type [class org.axonframework.serialization.xml.Dom4JToByteArrayConverter] is ignored. It seems to rely on a class that is not available in the class loader: org/dom4j/Document
2020-03-14 17:02:22,876 [main] INFO  - main       - ChainingConverter          - ContentTypeConverter of type [class org.axonframework.serialization.xml.InputStreamToDom4jConverter] is ignored. It seems to rely on a class that is not available in the class loader: org/dom4j/Document
2020-03-14 17:02:22,876 [main] INFO  - main       - ChainingConverter          - ContentTypeConverter of type [class org.axonframework.serialization.xml.XomToStringConverter] is ignored. It seems to rely on a class that is not available in the class loader: nu/xom/Document
2020-03-14 17:02:22,876 [main] INFO  - main       - ChainingConverter          - ContentTypeConverter of type [class org.axonframework.serialization.xml.InputStreamToXomConverter] is ignored. It seems to rely on a class that is not available in the class loader: nu/xom/ParsingException
2020-03-14 17:02:22,886 [main] INFO  - main       - xonServerConnectionManager - Connecting using unencrypted connection...
2020-03-14 17:02:22,902 [main] INFO  - main       - xonServerConnectionManager - Re-subscribing commands and queries
2020-03-14 17:02:22,913 [main] INFO  - main       - AxonServerEventStore       - open stream: 0
2020-03-14 17:02:22,923 [main] INFO  - main       - wControllingStreamObserver - Granting new permits: number_of_permits: 1

Security framework of XStream not initialized, XStream is probably vulnerable.
2020-03-14 17:02:22,926 [main] INFO  - main       - wControllingStreamObserver - Granting new permits: number_of_permits: 1

2020-03-14 17:02:22,926 [main] INFO  - main       - wControllingStreamObserver - Granting new permits: number_of_permits: 1

2020-03-14 17:02:23,027 [main] INFO  - main       - wControllingStreamObserver - Observer stopped
Tests run: 2, Failures: 0, Errors: 0, Skipped: 0, Time elapsed: 2.301 sec - in org.axonframework.axonserver.connector.event.axon.AxonServerEventStoreTest
Running org.axonframework.axonserver.connector.event.util.EventCipherTests
Tests run: 3, Failures: 0, Errors: 0, Skipped: 0, Time elapsed: 0.001 sec - in org.axonframework.axonserver.connector.event.util.EventCipherTests
Running org.axonframework.axonserver.connector.command.CommandSerializerTest
Tests run: 3, Failures: 0, Errors: 0, Skipped: 0, Time elapsed: 0 sec - in org.axonframework.axonserver.connector.command.CommandSerializerTest
Running org.axonframework.axonserver.connector.command.AxonServerCommandBusTest
2020-03-14 17:02:24,505 [main] INFO  - main       - ChainingConverter          - ContentTypeConverter of type [class org.axonframework.serialization.xml.Dom4JToByteArrayConverter] is ignored. It seems to rely on a class that is not available in the class loader: org/dom4j/Document
2020-03-14 17:02:24,506 [main] INFO  - main       - ChainingConverter          - ContentTypeConverter of type [class org.axonframework.serialization.xml.InputStreamToDom4jConverter] is ignored. It seems to rely on a class that is not available in the class loader: org/dom4j/Document
2020-03-14 17:02:24,506 [main] INFO  - main       - ChainingConverter          - ContentTypeConverter of type [class org.axonframework.serialization.xml.XomToStringConverter] is ignored. It seems to rely on a class that is not available in the class loader: nu/xom/Document
2020-03-14 17:02:24,506 [main] INFO  - main       - ChainingConverter          - ContentTypeConverter of type [class org.axonframework.serialization.xml.InputStreamToXomConverter] is ignored. It seems to rely on a class that is not available in the class loader: nu/xom/ParsingException
2020-03-14 17:02:24,520 [main] INFO  - main       - xonServerConnectionManager - Connecting using unencrypted connection...
2020-03-14 17:02:24,536 [main] INFO  - main       - xonServerConnectionManager - Re-subscribing commands and queries
2020-03-14 17:02:24,553 [main] INFO  - main       - ChainingConverter          - ContentTypeConverter of type [class org.axonframework.serialization.xml.Dom4JToByteArrayConverter] is ignored. It seems to rely on a class that is not available in the class loader: org/dom4j/Document
2020-03-14 17:02:24,553 [main] INFO  - main       - ChainingConverter          - ContentTypeConverter of type [class org.axonframework.serialization.xml.InputStreamToDom4jConverter] is ignored. It seems to rely on a class that is not available in the class loader: org/dom4j/Document
2020-03-14 17:02:24,553 [main] INFO  - main       - ChainingConverter          - ContentTypeConverter of type [class org.axonframework.serialization.xml.XomToStringConverter] is ignored. It seems to rely on a class that is not available in the class loader: nu/xom/Document
2020-03-14 17:02:24,554 [main] INFO  - main       - ChainingConverter          - ContentTypeConverter of type [class org.axonframework.serialization.xml.InputStreamToXomConverter] is ignored. It seems to rely on a class that is not available in the class loader: nu/xom/ParsingException
2020-03-14 17:02:24,559 [main] INFO  - main       - xonServerConnectionManager - Connecting using unencrypted connection...
2020-03-14 17:02:24,572 [main] INFO  - main       - xonServerConnectionManager - Re-subscribing commands and queries
2020-03-14 17:02:24,573 [main] INFO  - main       - AxonServerCommandBus       - Creating new subscriber
2020-03-14 17:02:24,615 [grpc-default-executor-1] WARN  - executor-1 - AxonServerCommandBus       - Received error from server: CANCELLED: HTTP/2 error code: CANCEL
Received Rst Stream
2020-03-14 17:02:24,621 [grpc-default-executor-1] WARN  - executor-1 - AxonServerCommandBus       - Error while resubscribing - No connection to AxonServer available
2020-03-14 17:02:24,651 [AxonServerConnector-0] INFO  - onnector-0 - xonServerConnectionManager - Connecting using unencrypted connection...
2020-03-14 17:02:24,667 [AxonServerConnector-0] INFO  - onnector-0 - xonServerConnectionManager - Re-subscribing commands and queries
2020-03-14 17:02:24,717 [AxonServerConnector-0] INFO  - onnector-0 - xonServerConnectionManager - Connecting using unencrypted connection...
2020-03-14 17:02:24,735 [AxonServerConnector-0] INFO  - onnector-0 - xonServerConnectionManager - Re-subscribing commands and queries
2020-03-14 17:02:24,735 [AxonServerConnector-0] INFO  - onnector-0 - AxonServerCommandBus       - Creating new subscriber
2020-03-14 17:02:24,930 [AxonServerConnector-0] INFO  - onnector-0 - xonServerConnectionManager - Connecting using unencrypted connection...
2020-03-14 17:02:24,931 [AxonServerConnector-0] INFO  - onnector-0 - xonServerConnectionManager - Connecting using unencrypted connection...
2020-03-14 17:02:24,931 [AxonServerConnector-0] INFO  - onnector-0 - xonServerConnectionManager - Connecting using unencrypted connection...
2020-03-14 17:02:24,931 [AxonServerConnector-0] INFO  - onnector-0 - xonServerConnectionManager - Connecting using unencrypted connection...
2020-03-14 17:02:24,931 [AxonServerConnector-0] INFO  - onnector-0 - xonServerConnectionManager - Connecting using unencrypted connection...
2020-03-14 17:02:24,931 [AxonServerConnector-0] INFO  - onnector-0 - xonServerConnectionManager - Connecting using unencrypted connection...
2020-03-14 17:02:24,931 [AxonServerConnector-0] INFO  - onnector-0 - xonServerConnectionManager - Connecting using unencrypted connection...
2020-03-14 17:02:24,947 [AxonServerConnector-0] WARN  - onnector-0 - xonServerConnectionManager - Connecting to AxonServer node localhost:4343 failed: UNAVAILABLE: io exception
2020-03-14 17:02:24,947 [AxonServerConnector-0] WARN  - onnector-0 - xonServerConnectionManager - Connecting to AxonServer node localhost:4343 failed: UNAVAILABLE: io exception
2020-03-14 17:02:24,948 [AxonServerConnector-0] WARN  - onnector-0 - xonServerConnectionManager - Connecting to AxonServer node localhost:4343 failed: UNAVAILABLE: io exception
2020-03-14 17:02:24,948 [AxonServerConnector-0] WARN  - onnector-0 - xonServerConnectionManager - Connecting to AxonServer node localhost:4343 failed: UNAVAILABLE: io exception
2020-03-14 17:02:24,948 [AxonServerConnector-0] WARN  - onnector-0 - xonServerConnectionManager - Connecting to AxonServer node localhost:4343 failed: UNAVAILABLE: io exception
2020-03-14 17:02:24,948 [AxonServerConnector-0] WARN  - onnector-0 - xonServerConnectionManager - Connecting to AxonServer node localhost:4343 failed: UNAVAILABLE: io exception
2020-03-14 17:02:24,950 [AxonServerConnector-0] WARN  - onnector-0 - xonServerConnectionManager - Connecting to AxonServer node localhost:4343 failed: UNAVAILABLE: io exception
2020-03-14 17:02:27,625 [grpc-default-executor-4] WARN  - executor-4 - AxonServerCommandBus       - Received error from server: CANCELLED: HTTP/2 error code: CANCEL
Received Rst Stream
2020-03-14 17:02:27,627 [grpc-default-executor-4] WARN  - executor-4 - AxonServerCommandBus       - Error while resubscribing - No connection to AxonServer available
2020-03-14 17:02:27,631 [main] INFO  - main       - ChainingConverter          - ContentTypeConverter of type [class org.axonframework.serialization.xml.Dom4JToByteArrayConverter] is ignored. It seems to rely on a class that is not available in the class loader: org/dom4j/Document
2020-03-14 17:02:27,632 [main] INFO  - main       - ChainingConverter          - ContentTypeConverter of type [class org.axonframework.serialization.xml.InputStreamToDom4jConverter] is ignored. It seems to rely on a class that is not available in the class loader: org/dom4j/Document
2020-03-14 17:02:27,632 [main] INFO  - main       - ChainingConverter          - ContentTypeConverter of type [class org.axonframework.serialization.xml.XomToStringConverter] is ignored. It seems to rely on a class that is not available in the class loader: nu/xom/Document
2020-03-14 17:02:27,632 [main] INFO  - main       - ChainingConverter          - ContentTypeConverter of type [class org.axonframework.serialization.xml.InputStreamToXomConverter] is ignored. It seems to rely on a class that is not available in the class loader: nu/xom/ParsingException
2020-03-14 17:02:27,639 [main] INFO  - main       - xonServerConnectionManager - Connecting using unencrypted connection...
2020-03-14 17:02:27,653 [main] INFO  - main       - xonServerConnectionManager - Re-subscribing commands and queries
2020-03-14 17:02:27,655 [main] WARN  - main       - AxonServerCommandBus       - There was a problem dispatching a command GenericCommandMessage{payload={this is the payload}, metadata={}, messageIdentifier='605d2c55-69a0-499b-a326-1cfaa3acbddd', commandName='java.lang.String'}.
java.lang.RuntimeException: oops
	at org.axonframework.axonserver.connector.command.AxonServerCommandBus.dispatch(AxonServerCommandBus.java:111)
	at org.axonframework.axonserver.connector.command.AxonServerCommandBusTest.dispatchWhenChannelThrowsAnException(AxonServerCommandBusTest.java:112)
	at sun.reflect.NativeMethodAccessorImpl.invoke0(Native Method)
	at sun.reflect.NativeMethodAccessorImpl.invoke(NativeMethodAccessorImpl.java:62)
	at sun.reflect.DelegatingMethodAccessorImpl.invoke(DelegatingMethodAccessorImpl.java:43)
	at java.lang.reflect.Method.invoke(Method.java:498)
	at org.junit.runners.model.FrameworkMethod$1.runReflectiveCall(FrameworkMethod.java:50)
	at org.junit.internal.runners.model.ReflectiveCallable.run(ReflectiveCallable.java:12)
	at org.junit.runners.model.FrameworkMethod.invokeExplosively(FrameworkMethod.java:47)
	at org.junit.internal.runners.statements.InvokeMethod.evaluate(InvokeMethod.java:17)
	at org.junit.internal.runners.statements.RunBefores.evaluate(RunBefores.java:26)
	at org.junit.internal.runners.statements.RunAfters.evaluate(RunAfters.java:27)
	at org.junit.runners.ParentRunner.runLeaf(ParentRunner.java:325)
	at org.junit.runners.BlockJUnit4ClassRunner.runChild(BlockJUnit4ClassRunner.java:78)
	at org.junit.runners.BlockJUnit4ClassRunner.runChild(BlockJUnit4ClassRunner.java:57)
	at org.junit.runners.ParentRunner$3.run(ParentRunner.java:290)
	at org.junit.runners.ParentRunner$1.schedule(ParentRunner.java:71)
	at org.junit.runners.ParentRunner.runChildren(ParentRunner.java:288)
	at org.junit.runners.ParentRunner.access$000(ParentRunner.java:58)
	at org.junit.runners.ParentRunner$2.evaluate(ParentRunner.java:268)
	at org.junit.runners.ParentRunner.run(ParentRunner.java:363)
	at org.apache.maven.surefire.junit4.JUnit4Provider.execute(JUnit4Provider.java:367)
	at org.apache.maven.surefire.junit4.JUnit4Provider.executeWithRerun(JUnit4Provider.java:274)
	at org.apache.maven.surefire.junit4.JUnit4Provider.executeTestSet(JUnit4Provider.java:238)
	at org.apache.maven.surefire.junit4.JUnit4Provider.invoke(JUnit4Provider.java:161)
	at org.apache.maven.surefire.booter.ForkedBooter.invokeProviderInSameClassLoader(ForkedBooter.java:290)
	at org.apache.maven.surefire.booter.ForkedBooter.runSuitesInProcess(ForkedBooter.java:242)
	at org.apache.maven.surefire.booter.ForkedBooter.main(ForkedBooter.java:121)
2020-03-14 17:02:27,665 [main] INFO  - main       - ChainingConverter          - ContentTypeConverter of type [class org.axonframework.serialization.xml.Dom4JToByteArrayConverter] is ignored. It seems to rely on a class that is not available in the class loader: org/dom4j/Document
2020-03-14 17:02:27,665 [main] INFO  - main       - ChainingConverter          - ContentTypeConverter of type [class org.axonframework.serialization.xml.InputStreamToDom4jConverter] is ignored. It seems to rely on a class that is not available in the class loader: org/dom4j/Document
2020-03-14 17:02:27,666 [main] INFO  - main       - ChainingConverter          - ContentTypeConverter of type [class org.axonframework.serialization.xml.XomToStringConverter] is ignored. It seems to rely on a class that is not available in the class loader: nu/xom/Document
2020-03-14 17:02:27,666 [main] INFO  - main       - ChainingConverter          - ContentTypeConverter of type [class org.axonframework.serialization.xml.InputStreamToXomConverter] is ignored. It seems to rely on a class that is not available in the class loader: nu/xom/ParsingException
2020-03-14 17:02:27,677 [main] INFO  - main       - xonServerConnectionManager - Connecting using unencrypted connection...
2020-03-14 17:02:27,688 [main] INFO  - main       - xonServerConnectionManager - Re-subscribing commands and queries
Security framework of XStream not initialized, XStream is probably vulnerable.
2020-03-14 17:02:27,702 [main] INFO  - main       - ChainingConverter          - ContentTypeConverter of type [class org.axonframework.serialization.xml.Dom4JToByteArrayConverter] is ignored. It seems to rely on a class that is not available in the class loader: org/dom4j/Document
2020-03-14 17:02:27,702 [main] INFO  - main       - ChainingConverter          - ContentTypeConverter of type [class org.axonframework.serialization.xml.InputStreamToDom4jConverter] is ignored. It seems to rely on a class that is not available in the class loader: org/dom4j/Document
2020-03-14 17:02:27,702 [main] INFO  - main       - ChainingConverter          - ContentTypeConverter of type [class org.axonframework.serialization.xml.XomToStringConverter] is ignored. It seems to rely on a class that is not available in the class loader: nu/xom/Document
2020-03-14 17:02:27,703 [main] INFO  - main       - ChainingConverter          - ContentTypeConverter of type [class org.axonframework.serialization.xml.InputStreamToXomConverter] is ignored. It seems to rely on a class that is not available in the class loader: nu/xom/ParsingException
2020-03-14 17:02:27,708 [main] INFO  - main       - xonServerConnectionManager - Connecting using unencrypted connection...
2020-03-14 17:02:27,720 [main] INFO  - main       - xonServerConnectionManager - Re-subscribing commands and queries
2020-03-14 17:02:27,720 [main] INFO  - main       - AxonServerCommandBus       - Creating new subscriber
2020-03-14 17:02:27,723 [AxonServerConnector-0] INFO  - onnector-0 - xonServerConnectionManager - Connecting using unencrypted connection...
2020-03-14 17:02:27,726 [AxonServerConnector-0] INFO  - onnector-0 - xonServerConnectionManager - Connecting using unencrypted connection...
2020-03-14 17:02:27,740 [AxonServerConnector-0] INFO  - onnector-0 - xonServerConnectionManager - Re-subscribing commands and queries
2020-03-14 17:02:27,740 [AxonServerConnector-0] INFO  - onnector-0 - xonServerConnectionManager - Re-subscribing commands and queries
2020-03-14 17:02:27,741 [AxonServerConnector-0] INFO  - onnector-0 - AxonServerCommandBus       - Creating new subscriber
2020-03-14 17:02:27,752 [grpc-default-executor-4] WARN  - executor-4 - AxonServerCommandBus       - Received error from server: UNKNOWN
2020-03-14 17:02:27,753 [grpc-default-executor-4] INFO  - executor-4 - AxonServerCommandBus       - Creating new subscriber
2020-03-14 17:02:27,799 [AxonServerConnector-0] INFO  - onnector-0 - xonServerConnectionManager - Connecting using unencrypted connection...
2020-03-14 17:02:27,810 [AxonServerConnector-0] INFO  - onnector-0 - xonServerConnectionManager - Re-subscribing commands and queries
2020-03-14 17:02:27,954 [grpc-default-executor-0] WARN  - executor-0 - AxonServerCommandBus       - Received error from server: CANCELLED: HTTP/2 error code: CANCEL
Received Rst Stream
2020-03-14 17:02:27,958 [grpc-default-executor-2] WARN  - executor-2 - AxonServerCommandBus       - Received error from server: CANCELLED: HTTP/2 error code: CANCEL
Received Rst Stream
2020-03-14 17:02:27,965 [grpc-default-executor-0] WARN  - executor-0 - AxonServerCommandBus       - Error while resubscribing - No connection to AxonServer available
2020-03-14 17:02:27,966 [grpc-default-executor-2] WARN  - executor-2 - AxonServerCommandBus       - Error while resubscribing - No connection to AxonServer available
2020-03-14 17:02:27,968 [main] INFO  - main       - ChainingConverter          - ContentTypeConverter of type [class org.axonframework.serialization.xml.Dom4JToByteArrayConverter] is ignored. It seems to rely on a class that is not available in the class loader: org/dom4j/Document
2020-03-14 17:02:27,968 [main] INFO  - main       - ChainingConverter          - ContentTypeConverter of type [class org.axonframework.serialization.xml.InputStreamToDom4jConverter] is ignored. It seems to rely on a class that is not available in the class loader: org/dom4j/Document
2020-03-14 17:02:27,968 [main] INFO  - main       - ChainingConverter          - ContentTypeConverter of type [class org.axonframework.serialization.xml.XomToStringConverter] is ignored. It seems to rely on a class that is not available in the class loader: nu/xom/Document
2020-03-14 17:02:27,969 [main] INFO  - main       - ChainingConverter          - ContentTypeConverter of type [class org.axonframework.serialization.xml.InputStreamToXomConverter] is ignored. It seems to rely on a class that is not available in the class loader: nu/xom/ParsingException
2020-03-14 17:02:27,974 [main] INFO  - main       - xonServerConnectionManager - Connecting using unencrypted connection...
2020-03-14 17:02:27,988 [main] INFO  - main       - xonServerConnectionManager - Re-subscribing commands and queries
2020-03-14 17:02:27,988 [main] INFO  - main       - AxonServerCommandBus       - Creating new subscriber
2020-03-14 17:02:27,995 [grpc-default-executor-5] WARN  - executor-5 - AxonServerCommandBus       - Received error from server: CANCELLED: HTTP/2 error code: CANCEL
Received Rst Stream
2020-03-14 17:02:27,999 [main] INFO  - main       - ChainingConverter          - ContentTypeConverter of type [class org.axonframework.serialization.xml.Dom4JToByteArrayConverter] is ignored. It seems to rely on a class that is not available in the class loader: org/dom4j/Document
2020-03-14 17:02:27,999 [main] INFO  - main       - ChainingConverter          - ContentTypeConverter of type [class org.axonframework.serialization.xml.InputStreamToDom4jConverter] is ignored. It seems to rely on a class that is not available in the class loader: org/dom4j/Document
2020-03-14 17:02:27,999 [main] INFO  - main       - ChainingConverter          - ContentTypeConverter of type [class org.axonframework.serialization.xml.XomToStringConverter] is ignored. It seems to rely on a class that is not available in the class loader: nu/xom/Document
2020-03-14 17:02:27,999 [main] INFO  - main       - ChainingConverter          - ContentTypeConverter of type [class org.axonframework.serialization.xml.InputStreamToXomConverter] is ignored. It seems to rely on a class that is not available in the class loader: nu/xom/ParsingException
2020-03-14 17:02:28,008 [main] INFO  - main       - AxonServerCommandBus       - Creating new subscriber
flow_control {
  client_id: "JUnit"
  permits: 100
}

subscribe {
  message_id: "eef0e77f-146a-42c5-8783-6c73ee45b757"
  command: "java.lang.String"
  component_name: "JUnit"
  client_id: "JUnit"
}

2020-03-14 17:02:28,019 [main] INFO  - main       - ChainingConverter          - ContentTypeConverter of type [class org.axonframework.serialization.xml.Dom4JToByteArrayConverter] is ignored. It seems to rely on a class that is not available in the class loader: org/dom4j/Document
2020-03-14 17:02:28,019 [main] INFO  - main       - ChainingConverter          - ContentTypeConverter of type [class org.axonframework.serialization.xml.InputStreamToDom4jConverter] is ignored. It seems to rely on a class that is not available in the class loader: org/dom4j/Document
2020-03-14 17:02:28,019 [main] INFO  - main       - ChainingConverter          - ContentTypeConverter of type [class org.axonframework.serialization.xml.XomToStringConverter] is ignored. It seems to rely on a class that is not available in the class loader: nu/xom/Document
2020-03-14 17:02:28,020 [main] INFO  - main       - ChainingConverter          - ContentTypeConverter of type [class org.axonframework.serialization.xml.InputStreamToXomConverter] is ignored. It seems to rely on a class that is not available in the class loader: nu/xom/ParsingException
command_response {
  message_identifier: "744bfc2c-7d97-4aa6-9d4c-6892874bc210"
  payload {
    type: "string"
    data: "<string>Text</string>"
  }
}

2020-03-14 17:02:28,027 [main] INFO  - main       - xonServerConnectionManager - Connecting using unencrypted connection...
2020-03-14 17:02:28,038 [main] INFO  - main       - xonServerConnectionManager - Re-subscribing commands and queries
Tests run: 8, Failures: 0, Errors: 0, Skipped: 0, Time elapsed: 2.909 sec - in org.axonframework.axonserver.connector.command.AxonServerCommandBusTest
Running org.axonframework.axonserver.connector.processor.grpc.TrackingEventProcessorInfoMessageTest
2020-03-14 17:02:28,059 [AxonServerConnector-0] INFO  - onnector-0 - xonServerConnectionManager - Connecting using unencrypted connection...
2020-03-14 17:02:28,061 [AxonServerConnector-0] INFO  - onnector-0 - xonServerConnectionManager - Connecting using unencrypted connection...
2020-03-14 17:02:28,062 [AxonServerConnector-0] INFO  - onnector-0 - xonServerConnectionManager - Connecting using unencrypted connection...
2020-03-14 17:02:28,065 [AxonServerConnector-0] INFO  - onnector-0 - xonServerConnectionManager - Connecting using unencrypted connection...
2020-03-14 17:02:28,065 [AxonServerConnector-0] WARN  - onnector-0 - xonServerConnectionManager - Connecting to AxonServer node localhost:4344 failed: UNAVAILABLE: io exception
2020-03-14 17:02:28,067 [AxonServerConnector-0] WARN  - onnector-0 - xonServerConnectionManager - Connecting to AxonServer node localhost:4344 failed: UNAVAILABLE: io exception
2020-03-14 17:02:28,069 [AxonServerConnector-0] WARN  - onnector-0 - xonServerConnectionManager - Connecting to AxonServer node localhost:4344 failed: UNAVAILABLE: io exception
2020-03-14 17:02:28,071 [AxonServerConnector-0] WARN  - onnector-0 - xonServerConnectionManager - Connecting to AxonServer node localhost:4344 failed: UNAVAILABLE: io exception
2020-03-14 17:02:28,099 [AxonServerConnector-0] INFO  - onnector-0 - xonServerConnectionManager - Connecting using unencrypted connection...
2020-03-14 17:02:28,104 [AxonServerConnector-0] WARN  - onnector-0 - xonServerConnectionManager - Connecting to AxonServer node localhost:4344 failed: UNAVAILABLE: io exception
2020-03-14 17:02:28,146 [AxonServerConnector-0] INFO  - onnector-0 - xonServerConnectionManager - Connecting using unencrypted connection...
2020-03-14 17:02:28,160 [AxonServerConnector-0] WARN  - onnector-0 - xonServerConnectionManager - Connecting to AxonServer node localhost:4344 failed: UNAVAILABLE: io exception
Tests run: 1, Failures: 0, Errors: 0, Skipped: 0, Time elapsed: 0.001 sec - in org.axonframework.axonserver.connector.processor.grpc.TrackingEventProcessorInfoMessageTest
Running org.axonframework.axonserver.connector.processor.schedule.ScheduledEventProcessorInfoSourceTest
Tests run: 1, Failures: 0, Errors: 0, Skipped: 0, Time elapsed: 0 sec - in org.axonframework.axonserver.connector.processor.schedule.ScheduledEventProcessorInfoSourceTest
Running org.axonframework.axonserver.connector.ServerConnectorConfigurerModuleTest
2020-03-14 17:02:28,382 [main] INFO  - main       - ChainingConverter          - ContentTypeConverter of type [class org.axonframework.serialization.xml.Dom4JToByteArrayConverter] is ignored. It seems to rely on a class that is not available in the class loader: org/dom4j/Document
2020-03-14 17:02:28,382 [main] INFO  - main       - ChainingConverter          - ContentTypeConverter of type [class org.axonframework.serialization.xml.InputStreamToDom4jConverter] is ignored. It seems to rely on a class that is not available in the class loader: org/dom4j/Document
2020-03-14 17:02:28,382 [main] INFO  - main       - ChainingConverter          - ContentTypeConverter of type [class org.axonframework.serialization.xml.XomToStringConverter] is ignored. It seems to rely on a class that is not available in the class loader: nu/xom/Document
2020-03-14 17:02:28,382 [main] INFO  - main       - ChainingConverter          - ContentTypeConverter of type [class org.axonframework.serialization.xml.InputStreamToXomConverter] is ignored. It seems to rely on a class that is not available in the class loader: nu/xom/ParsingException
2020-03-14 17:02:28,385 [main] INFO  - main       - ChainingConverter          - ContentTypeConverter of type [class org.axonframework.serialization.xml.Dom4JToByteArrayConverter] is ignored. It seems to rely on a class that is not available in the class loader: org/dom4j/Document
2020-03-14 17:02:28,385 [main] INFO  - main       - ChainingConverter          - ContentTypeConverter of type [class org.axonframework.serialization.xml.InputStreamToDom4jConverter] is ignored. It seems to rely on a class that is not available in the class loader: org/dom4j/Document
2020-03-14 17:02:28,385 [main] INFO  - main       - ChainingConverter          - ContentTypeConverter of type [class org.axonframework.serialization.xml.XomToStringConverter] is ignored. It seems to rely on a class that is not available in the class loader: nu/xom/Document
2020-03-14 17:02:28,385 [main] INFO  - main       - ChainingConverter          - ContentTypeConverter of type [class org.axonframework.serialization.xml.InputStreamToXomConverter] is ignored. It seems to rely on a class that is not available in the class loader: nu/xom/ParsingException
2020-03-14 17:02:28,390 [main] INFO  - main       - ChainingConverter          - ContentTypeConverter of type [class org.axonframework.serialization.xml.Dom4JToByteArrayConverter] is ignored. It seems to rely on a class that is not available in the class loader: org/dom4j/Document
2020-03-14 17:02:28,390 [main] INFO  - main       - ChainingConverter          - ContentTypeConverter of type [class org.axonframework.serialization.xml.InputStreamToDom4jConverter] is ignored. It seems to rely on a class that is not available in the class loader: org/dom4j/Document
2020-03-14 17:02:28,390 [main] INFO  - main       - ChainingConverter          - ContentTypeConverter of type [class org.axonframework.serialization.xml.XomToStringConverter] is ignored. It seems to rely on a class that is not available in the class loader: nu/xom/Document
2020-03-14 17:02:28,390 [main] INFO  - main       - ChainingConverter          - ContentTypeConverter of type [class org.axonframework.serialization.xml.InputStreamToXomConverter] is ignored. It seems to rely on a class that is not available in the class loader: nu/xom/ParsingException
2020-03-14 17:02:28,393 [main] INFO  - main       - ChainingConverter          - ContentTypeConverter of type [class org.axonframework.serialization.xml.Dom4JToByteArrayConverter] is ignored. It seems to rely on a class that is not available in the class loader: org/dom4j/Document
2020-03-14 17:02:28,394 [main] INFO  - main       - ChainingConverter          - ContentTypeConverter of type [class org.axonframework.serialization.xml.InputStreamToDom4jConverter] is ignored. It seems to rely on a class that is not available in the class loader: org/dom4j/Document
2020-03-14 17:02:28,394 [main] INFO  - main       - ChainingConverter          - ContentTypeConverter of type [class org.axonframework.serialization.xml.XomToStringConverter] is ignored. It seems to rely on a class that is not available in the class loader: nu/xom/Document
2020-03-14 17:02:28,394 [main] INFO  - main       - ChainingConverter          - ContentTypeConverter of type [class org.axonframework.serialization.xml.InputStreamToXomConverter] is ignored. It seems to rely on a class that is not available in the class loader: nu/xom/ParsingException
2020-03-14 17:02:28,397 [main] INFO  - main       - ChainingConverter          - ContentTypeConverter of type [class org.axonframework.serialization.xml.Dom4JToByteArrayConverter] is ignored. It seems to rely on a class that is not available in the class loader: org/dom4j/Document
2020-03-14 17:02:28,397 [main] INFO  - main       - ChainingConverter          - ContentTypeConverter of type [class org.axonframework.serialization.xml.InputStreamToDom4jConverter] is ignored. It seems to rely on a class that is not available in the class loader: org/dom4j/Document
2020-03-14 17:02:28,397 [main] INFO  - main       - ChainingConverter          - ContentTypeConverter of type [class org.axonframework.serialization.xml.XomToStringConverter] is ignored. It seems to rely on a class that is not available in the class loader: nu/xom/Document
2020-03-14 17:02:28,397 [main] INFO  - main       - ChainingConverter          - ContentTypeConverter of type [class org.axonframework.serialization.xml.InputStreamToXomConverter] is ignored. It seems to rely on a class that is not available in the class loader: nu/xom/ParsingException
Tests run: 1, Failures: 0, Errors: 0, Skipped: 0, Time elapsed: 0.001 sec - in org.axonframework.axonserver.connector.ServerConnectorConfigurerModuleTest
Running org.axonframework.axonserver.connector.DispatchInterceptorsTest
Tests run: 1, Failures: 0, Errors: 0, Skipped: 0, Time elapsed: 0 sec - in org.axonframework.axonserver.connector.DispatchInterceptorsTest

Results :

Tests run: 48, Failures: 0, Errors: 0, Skipped: 0

[INFO] ------------------------------------------------------------------------
[INFO] BUILD SUCCESS
[INFO] ------------------------------------------------------------------------
[INFO] Total time: 01:09 min
[INFO] Finished at: 2020-03-14T17:02:30-07:00
[INFO] Final Memory: 38M/1205M
[INFO] ------------------------------------------------------------------------
