Picked up JAVA_TOOL_OPTIONS: -XX:CICompilerCount=2 -XX:ParallelGCThreads=2 -XX:ConcGCThreads=2 -Djdk.net.URLClassPath.disableClassPathURLCheck=true 
Java HotSpot(TM) 64-Bit Server VM warning: ignoring option MaxPermSize=512m; support was removed in 8.0
Picked up _JAVA_OPTIONS: -Djdk.net.URLClassPath.disableClassPathURLCheck=true
Apache Maven 3.5.0 (Red Hat 3.5.0-4.3)
Maven home: /opt/rh/rh-maven35/root/usr/share/maven
Java version: 1.8.0_181, vendor: Oracle Corporation
Java home: /boom/scratch/jmcampos/RTA/repair_them_all_framework/jdks/jdk1.8.0_181/jre
Default locale: en_US, platform encoding: UTF-8
OS name: "linux", version: "4.14.147-1.el7.retpoline.x86_64", arch: "amd64", family: "unix"
[INFO] Scanning for projects...
[INFO] 
[INFO] ------------------------------------------------------------------------
[INFO] Building ot 0.2-SNAPSHOT
[INFO] ------------------------------------------------------------------------
[INFO] 
[INFO] --- jacoco-maven-plugin:0.7.9:prepare-agent (default) @ ot ---
[INFO] Skipping JaCoCo execution because property jacoco.skip is set.
[INFO] argLine set to empty
[INFO] 
[INFO] --- maven-resources-plugin:2.6:resources (default-resources) @ ot ---
[INFO] Using 'UTF-8' encoding to copy filtered resources.
[INFO] skip non existing resourceDirectory /boom/scratch/tmp-rta/Bears_aicis-fresco_330883035-330923179_java-8/tools/ot/src/main/resources
[INFO] 
[INFO] --- maven-compiler-plugin:2.0.2:compile (default-compile) @ ot ---
[INFO] Nothing to compile - all classes are up to date
[INFO] 
[INFO] --- maven-resources-plugin:2.6:testResources (default-testResources) @ ot ---
[INFO] Using 'UTF-8' encoding to copy filtered resources.
[INFO] skip non existing resourceDirectory /boom/scratch/tmp-rta/Bears_aicis-fresco_330883035-330923179_java-8/tools/ot/src/test/resources
[INFO] 
[INFO] --- maven-compiler-plugin:2.0.2:testCompile (default-testCompile) @ ot ---
[INFO] Nothing to compile - all classes are up to date
[INFO] 
[INFO] --- maven-surefire-plugin:2.12.4:test (default-test) @ ot ---
[INFO] Surefire report directory: /boom/scratch/tmp-rta/Bears_aicis-fresco_330883035-330923179_java-8/tools/ot/target/surefire-reports
[INFO] Downloading: https://repo.maven.apache.org/maven2/org/apache/maven/surefire/surefire-junit4/2.12.4/surefire-junit4-2.12.4.pom
[INFO] Downloaded: https://repo.maven.apache.org/maven2/org/apache/maven/surefire/surefire-junit4/2.12.4/surefire-junit4-2.12.4.pom (2.4 kB at 497 B/s)
[INFO] Downloading: https://repo.maven.apache.org/maven2/org/apache/maven/surefire/surefire-providers/2.12.4/surefire-providers-2.12.4.pom
[INFO] Downloaded: https://repo.maven.apache.org/maven2/org/apache/maven/surefire/surefire-providers/2.12.4/surefire-providers-2.12.4.pom (2.3 kB at 168 kB/s)
[INFO] Downloading: https://repo.maven.apache.org/maven2/org/apache/maven/surefire/surefire-junit4/2.12.4/surefire-junit4-2.12.4.jar
[INFO] Downloaded: https://repo.maven.apache.org/maven2/org/apache/maven/surefire/surefire-junit4/2.12.4/surefire-junit4-2.12.4.jar (37 kB at 1.5 MB/s)

-------------------------------------------------------
 T E S T S
-------------------------------------------------------
Picked up JAVA_TOOL_OPTIONS: -XX:CICompilerCount=2 -XX:ParallelGCThreads=2 -XX:ConcGCThreads=2 -Djdk.net.URLClassPath.disableClassPathURLCheck=true -XX:CICompilerCount=2 -XX:ParallelGCThreads=2 -XX:ConcGCThreads=2 -Djdk.net.URLClassPath.disableClassPathURLCheck=true 
Picked up _JAVA_OPTIONS: -Djdk.net.URLClassPath.disableClassPathURLCheck=true
Running dk.alexandra.fresco.tools.ot.otextension.TestFunctionalBristolOt
20:01:00.063 [pool-1-thread-1] DEBUG dk.alexandra.fresco.framework.network.KryoNetNetwork - P1: Trying to bind to 8001
20:01:00.063 [pool-1-thread-2] DEBUG dk.alexandra.fresco.framework.network.KryoNetNetwork - P2: Trying to bind to 8002
20:01:00.099 [pool-1-thread-1] DEBUG dk.alexandra.fresco.framework.network.KryoNetNetwork - P1: Successfully connected to all parties!
20:01:00.099 [pool-1-thread-2] DEBUG dk.alexandra.fresco.framework.network.KryoNetNetwork - P2: Successfully connected to all parties!
20:01:00.671 [main] DEBUG dk.alexandra.fresco.framework.network.KryoNetNetwork - P1: Shutting down KryoNet network
20:01:00.672 [main] DEBUG dk.alexandra.fresco.framework.network.KryoNetNetwork - P2: Shutting down KryoNet network
20:01:00.681 [pool-2-thread-2] DEBUG dk.alexandra.fresco.framework.network.KryoNetNetwork - P2: Trying to bind to 8002
20:01:00.681 [pool-2-thread-1] DEBUG dk.alexandra.fresco.framework.network.KryoNetNetwork - P1: Trying to bind to 8001
20:01:00.686 [pool-2-thread-2] DEBUG dk.alexandra.fresco.framework.network.KryoNetNetwork - P2: Successfully connected to all parties!
20:01:00.701 [pool-2-thread-1] DEBUG dk.alexandra.fresco.framework.network.KryoNetNetwork - P1: Successfully connected to all parties!
20:01:01.011 [main] DEBUG dk.alexandra.fresco.framework.network.KryoNetNetwork - P1: Shutting down KryoNet network
20:01:01.012 [main] DEBUG dk.alexandra.fresco.framework.network.KryoNetNetwork - P2: Shutting down KryoNet network
20:01:01.020 [pool-3-thread-1] DEBUG dk.alexandra.fresco.framework.network.KryoNetNetwork - P1: Trying to bind to 8001
20:01:01.020 [pool-3-thread-2] DEBUG dk.alexandra.fresco.framework.network.KryoNetNetwork - P2: Trying to bind to 8002
20:01:01.024 [pool-3-thread-1] DEBUG dk.alexandra.fresco.framework.network.KryoNetNetwork - P1: Successfully connected to all parties!
20:01:01.025 [pool-3-thread-2] DEBUG dk.alexandra.fresco.framework.network.KryoNetNetwork - P2: Successfully connected to all parties!
20:01:01.031 [main] DEBUG dk.alexandra.fresco.framework.network.KryoNetNetwork - P1: Shutting down KryoNet network
20:01:01.031 [main] DEBUG dk.alexandra.fresco.framework.network.KryoNetNetwork - P2: Shutting down KryoNet network
20:01:01.037 [pool-4-thread-1] DEBUG dk.alexandra.fresco.framework.network.KryoNetNetwork - P1: Trying to bind to 8001
20:01:01.038 [pool-4-thread-2] DEBUG dk.alexandra.fresco.framework.network.KryoNetNetwork - P2: Trying to bind to 8002
20:01:01.041 [pool-4-thread-1] DEBUG dk.alexandra.fresco.framework.network.KryoNetNetwork - P1: Successfully connected to all parties!
20:01:01.043 [pool-4-thread-2] DEBUG dk.alexandra.fresco.framework.network.KryoNetNetwork - P2: Successfully connected to all parties!
20:01:01.083 [main] DEBUG dk.alexandra.fresco.framework.network.KryoNetNetwork - P1: Shutting down KryoNet network
20:01:01.083 [main] DEBUG dk.alexandra.fresco.framework.network.KryoNetNetwork - P2: Shutting down KryoNet network
20:01:01.090 [pool-5-thread-2] DEBUG dk.alexandra.fresco.framework.network.KryoNetNetwork - P2: Trying to bind to 8002
20:01:01.091 [pool-5-thread-1] DEBUG dk.alexandra.fresco.framework.network.KryoNetNetwork - P1: Trying to bind to 8001
20:01:01.137 [pool-5-thread-2] DEBUG dk.alexandra.fresco.framework.network.KryoNetNetwork - P2: Successfully connected to all parties!
20:01:01.138 [pool-5-thread-1] DEBUG dk.alexandra.fresco.framework.network.KryoNetNetwork - P1: Successfully connected to all parties!
20:01:02.256 [main] DEBUG dk.alexandra.fresco.framework.network.KryoNetNetwork - P1: Shutting down KryoNet network
20:01:02.257 [main] DEBUG dk.alexandra.fresco.framework.network.KryoNetNetwork - P2: Shutting down KryoNet network
Tests run: 5, Failures: 0, Errors: 0, Skipped: 0, Time elapsed: 2.419 sec
Running dk.alexandra.fresco.tools.ot.otextension.TestRot
Tests run: 6, Failures: 0, Errors: 0, Skipped: 0, Time elapsed: 0.001 sec
Running dk.alexandra.fresco.tools.ot.otextension.TestOtExtensionResourcePool
Tests run: 4, Failures: 0, Errors: 0, Skipped: 0, Time elapsed: 0 sec
Running dk.alexandra.fresco.tools.ot.otextension.TestFunctionalOtExtension
20:01:02.275 [pool-6-thread-2] DEBUG dk.alexandra.fresco.framework.network.KryoNetNetwork - P2: Trying to bind to 8002
20:01:02.276 [pool-6-thread-1] DEBUG dk.alexandra.fresco.framework.network.KryoNetNetwork - P1: Trying to bind to 8001
20:01:02.279 [pool-6-thread-2] DEBUG dk.alexandra.fresco.framework.network.KryoNetNetwork - P2: Successfully connected to all parties!
20:01:02.279 [pool-6-thread-1] DEBUG dk.alexandra.fresco.framework.network.KryoNetNetwork - P1: Successfully connected to all parties!
20:01:02.349 [main] DEBUG dk.alexandra.fresco.framework.network.KryoNetNetwork - P1: Shutting down KryoNet network
20:01:02.350 [main] DEBUG dk.alexandra.fresco.framework.network.KryoNetNetwork - P2: Shutting down KryoNet network
20:01:02.355 [pool-7-thread-1] DEBUG dk.alexandra.fresco.framework.network.KryoNetNetwork - P1: Trying to bind to 8001
20:01:02.355 [pool-7-thread-2] DEBUG dk.alexandra.fresco.framework.network.KryoNetNetwork - P2: Trying to bind to 8002
20:01:02.359 [pool-7-thread-1] DEBUG dk.alexandra.fresco.framework.network.KryoNetNetwork - P1: Successfully connected to all parties!
20:01:02.359 [pool-7-thread-2] DEBUG dk.alexandra.fresco.framework.network.KryoNetNetwork - P2: Successfully connected to all parties!
20:01:02.377 [main] DEBUG dk.alexandra.fresco.framework.network.KryoNetNetwork - P1: Shutting down KryoNet network
20:01:02.378 [main] DEBUG dk.alexandra.fresco.framework.network.KryoNetNetwork - P2: Shutting down KryoNet network
20:01:02.382 [pool-8-thread-2] DEBUG dk.alexandra.fresco.framework.network.KryoNetNetwork - P2: Trying to bind to 8002
20:01:02.437 [pool-8-thread-1] DEBUG dk.alexandra.fresco.framework.network.KryoNetNetwork - P1: Trying to bind to 8001
20:01:02.440 [pool-8-thread-1] DEBUG dk.alexandra.fresco.framework.network.KryoNetNetwork - P1: Successfully connected to all parties!
20:01:03.941 [pool-8-thread-2] DEBUG dk.alexandra.fresco.framework.network.KryoNetNetwork - P2: Successfully connected to all parties!
20:01:03.979 [main] DEBUG dk.alexandra.fresco.framework.network.KryoNetNetwork - P1: Shutting down KryoNet network
20:01:03.980 [main] DEBUG dk.alexandra.fresco.framework.network.KryoNetNetwork - P2: Shutting down KryoNet network
Tests run: 3, Failures: 0, Errors: 0, Skipped: 0, Time elapsed: 1.492 sec
Running dk.alexandra.fresco.tools.ot.otextension.TestTranspose
Tests run: 12, Failures: 0, Errors: 0, Skipped: 0, Time elapsed: 0.005 sec
Running dk.alexandra.fresco.tools.ot.otextension.TestCote
Tests run: 2, Failures: 0, Errors: 0, Skipped: 0, Time elapsed: 0 sec
Running dk.alexandra.fresco.tools.ot.base.TestFunctionalNaorPinkas
20:01:03.999 [pool-9-thread-1] DEBUG dk.alexandra.fresco.framework.network.KryoNetNetwork - P1: Trying to bind to 8001
20:01:03.999 [pool-9-thread-2] DEBUG dk.alexandra.fresco.framework.network.KryoNetNetwork - P2: Trying to bind to 8002
20:01:04.005 [pool-9-thread-1] DEBUG dk.alexandra.fresco.framework.network.KryoNetNetwork - P1: Successfully connected to all parties!
20:01:04.005 [pool-9-thread-2] DEBUG dk.alexandra.fresco.framework.network.KryoNetNetwork - P2: Successfully connected to all parties!
20:01:05.405 [pool-9-thread-1] DEBUG dk.alexandra.fresco.framework.network.KryoNetNetwork - P1: Shutting down KryoNet network
20:01:05.416 [pool-9-thread-2] DEBUG dk.alexandra.fresco.framework.network.KryoNetNetwork - P2: Shutting down KryoNet network
20:01:05.424 [pool-10-thread-2] DEBUG dk.alexandra.fresco.framework.network.KryoNetNetwork - P2: Trying to bind to 8002
20:01:05.424 [pool-10-thread-1] DEBUG dk.alexandra.fresco.framework.network.KryoNetNetwork - P1: Trying to bind to 8001
20:01:05.429 [pool-10-thread-2] DEBUG dk.alexandra.fresco.framework.network.KryoNetNetwork - P2: Successfully connected to all parties!
20:01:05.429 [pool-10-thread-1] DEBUG dk.alexandra.fresco.framework.network.KryoNetNetwork - P1: Successfully connected to all parties!
20:01:05.477 [pool-10-thread-1] DEBUG dk.alexandra.fresco.framework.network.KryoNetNetwork - P1: Shutting down KryoNet network
20:01:05.486 [pool-10-thread-2] DEBUG dk.alexandra.fresco.framework.network.KryoNetNetwork - P2: Shutting down KryoNet network
Tests run: 2, Failures: 0, Errors: 0, Skipped: 0, Time elapsed: 1.494 sec
Running dk.alexandra.fresco.tools.ot.base.TestNaorPinkasOt
Tests run: 6, Failures: 0, Errors: 0, Skipped: 0, Time elapsed: 3.394 sec
Running dk.alexandra.fresco.tools.cointossing.TestCoinTossing
20:01:08.892 [pool-11-thread-1] DEBUG dk.alexandra.fresco.framework.network.KryoNetNetwork - P1: Trying to bind to 8001
20:01:08.893 [pool-11-thread-2] DEBUG dk.alexandra.fresco.framework.network.KryoNetNetwork - P2: Trying to bind to 8002
20:01:08.902 [pool-11-thread-1] DEBUG dk.alexandra.fresco.framework.network.KryoNetNetwork - P1: Successfully connected to all parties!
20:01:08.902 [pool-11-thread-2] DEBUG dk.alexandra.fresco.framework.network.KryoNetNetwork - P2: Successfully connected to all parties!
20:01:08.905 [pool-11-thread-2] DEBUG dk.alexandra.fresco.framework.network.KryoNetNetwork - P2: Shutting down KryoNet network
20:01:08.905 [pool-11-thread-1] DEBUG dk.alexandra.fresco.framework.network.KryoNetNetwork - P1: Shutting down KryoNet network
20:01:08.905 [pool-11-thread-2] DEBUG dk.alexandra.fresco.framework.network.KryoNetNetwork - P2: Shutting down KryoNet network
20:01:08.912 [pool-12-thread-1] DEBUG dk.alexandra.fresco.framework.network.KryoNetNetwork - P1: Trying to bind to 8001
20:01:08.914 [pool-12-thread-2] DEBUG dk.alexandra.fresco.framework.network.KryoNetNetwork - P2: Trying to bind to 8002
20:01:08.919 [pool-12-thread-2] DEBUG dk.alexandra.fresco.framework.network.KryoNetNetwork - P2: Successfully connected to all parties!
20:01:08.921 [pool-12-thread-1] DEBUG dk.alexandra.fresco.framework.network.KryoNetNetwork - P1: Successfully connected to all parties!
20:01:08.923 [pool-12-thread-2] DEBUG dk.alexandra.fresco.framework.network.KryoNetNetwork - P2: Shutting down KryoNet network
20:01:08.923 [pool-12-thread-1] DEBUG dk.alexandra.fresco.framework.network.KryoNetNetwork - P1: Shutting down KryoNet network
20:01:08.923 [pool-12-thread-2] DEBUG dk.alexandra.fresco.framework.network.KryoNetNetwork - P2: Shutting down KryoNet network
20:01:08.926 [pool-12-thread-2] DEBUG dk.alexandra.fresco.framework.network.KryoNetNetwork - P2: Trying to bind to 8002
20:01:08.926 [pool-12-thread-1] DEBUG dk.alexandra.fresco.framework.network.KryoNetNetwork - P1: Trying to bind to 8001
20:01:08.933 [pool-12-thread-2] DEBUG dk.alexandra.fresco.framework.network.KryoNetNetwork - P2: Successfully connected to all parties!
20:01:08.933 [pool-12-thread-1] DEBUG dk.alexandra.fresco.framework.network.KryoNetNetwork - P1: Successfully connected to all parties!
20:01:08.933 [pool-12-thread-2] DEBUG dk.alexandra.fresco.framework.network.KryoNetNetwork - P2: Shutting down KryoNet network
20:01:08.934 [pool-12-thread-1] DEBUG dk.alexandra.fresco.framework.network.KryoNetNetwork - P1: Shutting down KryoNet network
Tests run: 3, Failures: 0, Errors: 0, Skipped: 0, Time elapsed: 0.05 sec

Results :

Tests run: 43, Failures: 0, Errors: 0, Skipped: 0

[INFO] 
[INFO] --- jacoco-maven-plugin:0.7.9:report (report) @ ot ---
[INFO] Skipping JaCoCo execution because property jacoco.skip is set.
[INFO] ------------------------------------------------------------------------
[INFO] BUILD SUCCESS
[INFO] ------------------------------------------------------------------------
[INFO] Total time: 29.785 s
[INFO] Finished at: 2020-03-13T20:01:09-07:00
[INFO] Final Memory: 22M/1022M
[INFO] ------------------------------------------------------------------------
