Picked up JAVA_TOOL_OPTIONS: -XX:CICompilerCount=2 -XX:ParallelGCThreads=2 -XX:ConcGCThreads=2 -Djdk.net.URLClassPath.disableClassPathURLCheck=true 
Java HotSpot(TM) 64-Bit Server VM warning: ignoring option MaxPermSize=512m; support was removed in 8.0
Picked up _JAVA_OPTIONS: -Djdk.net.URLClassPath.disableClassPathURLCheck=true
Apache Maven 3.5.0 (Red Hat 3.5.0-4.3)
Maven home: /opt/rh/rh-maven35/root/usr/share/maven
Java version: 1.8.0_181, vendor: Oracle Corporation
Java home: /bam/scratch/jmcampos/RTA/repair_them_all_framework/jdks/jdk1.8.0_181/jre
Default locale: en_US, platform encoding: UTF-8
OS name: "linux", version: "4.14.147-1.el7.retpoline.x86_64", arch: "amd64", family: "unix"
[INFO] Scanning for projects...
[INFO] 
[INFO] ------------------------------------------------------------------------
[INFO] Building Jackson-dataformat-YAML 2.9.8-SNAPSHOT
[INFO] ------------------------------------------------------------------------
[INFO] 
[INFO] --- maven-enforcer-plugin:3.0.0-M1:enforce (enforce-java) @ jackson-dataformat-yaml ---
[INFO] Skipping Rule Enforcement.
[INFO] 
[INFO] --- build-helper-maven-plugin:1.7:add-source (add-generated-sources) @ jackson-dataformat-yaml ---
[INFO] Source directory: /bam/scratch/tmp-rta/Bears_FasterXML-jackson-dataformats-text_430357777-445435582_java-8/yaml/target/generated-sources added.
[INFO] 
[INFO] --- replacer:1.5.3:replace (process-packageVersion) @ jackson-dataformat-yaml ---
[INFO] Replacement run on 1 file.
[INFO] 
[INFO] --- maven-resources-plugin:2.7:resources (default-resources) @ jackson-dataformat-yaml ---
[INFO] Using 'UTF-8' encoding to copy filtered resources.
[INFO] Copying 3 resources
[INFO] 
[INFO] --- maven-compiler-plugin:3.7.0:compile (default-compile) @ jackson-dataformat-yaml ---
[INFO] Changes detected - recompiling the module!
[INFO] Compiling 12 source files to /bam/scratch/tmp-rta/Bears_FasterXML-jackson-dataformats-text_430357777-445435582_java-8/yaml/target/classes
[WARNING] bootstrap class path not set in conjunction with -source 1.7
[WARNING] /bam/scratch/tmp-rta/Bears_FasterXML-jackson-dataformats-text_430357777-445435582_java-8/yaml/src/main/java/com/fasterxml/jackson/dataformat/yaml/YAMLGenerator.java:[490,23] SequenceStartEvent(java.lang.String,java.lang.String,boolean,org.yaml.snakeyaml.error.Mark,org.yaml.snakeyaml.error.Mark,java.lang.Boolean) in org.yaml.snakeyaml.events.SequenceStartEvent has been deprecated
[WARNING] /bam/scratch/tmp-rta/Bears_FasterXML-jackson-dataformats-text_430357777-445435582_java-8/yaml/src/main/java/com/fasterxml/jackson/dataformat/yaml/YAMLGenerator.java:[518,23] MappingStartEvent(java.lang.String,java.lang.String,boolean,org.yaml.snakeyaml.error.Mark,org.yaml.snakeyaml.error.Mark,java.lang.Boolean) in org.yaml.snakeyaml.events.MappingStartEvent has been deprecated
[WARNING] /bam/scratch/tmp-rta/Bears_FasterXML-jackson-dataformats-text_430357777-445435582_java-8/yaml/src/main/java/com/fasterxml/jackson/dataformat/yaml/YAMLGenerator.java:[837,23] ScalarEvent(java.lang.String,java.lang.String,org.yaml.snakeyaml.events.ImplicitTuple,java.lang.String,org.yaml.snakeyaml.error.Mark,org.yaml.snakeyaml.error.Mark,java.lang.Character) in org.yaml.snakeyaml.events.ScalarEvent has been deprecated
[WARNING] /bam/scratch/tmp-rta/Bears_FasterXML-jackson-dataformats-text_430357777-445435582_java-8/yaml/src/main/java/com/fasterxml/jackson/dataformat/yaml/YAMLGenerator.java:[853,16] ScalarEvent(java.lang.String,java.lang.String,org.yaml.snakeyaml.events.ImplicitTuple,java.lang.String,org.yaml.snakeyaml.error.Mark,org.yaml.snakeyaml.error.Mark,java.lang.Character) in org.yaml.snakeyaml.events.ScalarEvent has been deprecated
[INFO] 
[INFO] --- maven-resources-plugin:2.7:testResources (default-testResources) @ jackson-dataformat-yaml ---
[INFO] Using 'UTF-8' encoding to copy filtered resources.
[INFO] Copying 1 resource
[INFO] 
[INFO] --- maven-compiler-plugin:3.7.0:testCompile (default-testCompile) @ jackson-dataformat-yaml ---
[INFO] Nothing to compile - all classes are up to date
[INFO] 
[INFO] --- maven-surefire-plugin:2.17:test (default-test) @ jackson-dataformat-yaml ---
[INFO] Surefire report directory: /bam/scratch/tmp-rta/Bears_FasterXML-jackson-dataformats-text_430357777-445435582_java-8/yaml/target/surefire-reports
[INFO] Downloading: https://repo.maven.apache.org/maven2/org/apache/maven/surefire/surefire-junit4/2.17/surefire-junit4-2.17.pom
[INFO] Downloaded: https://repo.maven.apache.org/maven2/org/apache/maven/surefire/surefire-junit4/2.17/surefire-junit4-2.17.pom (2.5 kB at 393 B/s)
[INFO] Downloading: https://repo.maven.apache.org/maven2/org/apache/maven/surefire/surefire-providers/2.17/surefire-providers-2.17.pom
[INFO] Downloaded: https://repo.maven.apache.org/maven2/org/apache/maven/surefire/surefire-providers/2.17/surefire-providers-2.17.pom (2.4 kB at 183 kB/s)
[INFO] Downloading: https://repo.maven.apache.org/maven2/org/apache/maven/surefire/surefire-junit4/2.17/surefire-junit4-2.17.jar
[INFO] Downloaded: https://repo.maven.apache.org/maven2/org/apache/maven/surefire/surefire-junit4/2.17/surefire-junit4-2.17.jar (64 kB at 2.0 MB/s)

-------------------------------------------------------
 T E S T S
-------------------------------------------------------
Picked up JAVA_TOOL_OPTIONS: -XX:CICompilerCount=2 -XX:ParallelGCThreads=2 -XX:ConcGCThreads=2 -Djdk.net.URLClassPath.disableClassPathURLCheck=true -XX:CICompilerCount=2 -XX:ParallelGCThreads=2 -XX:ConcGCThreads=2 -Djdk.net.URLClassPath.disableClassPathURLCheck=true 
Picked up _JAVA_OPTIONS: -Djdk.net.URLClassPath.disableClassPathURLCheck=true
Running com.fasterxml.jackson.dataformat.yaml.MultipleRootValuesTest
Tests run: 2, Failures: 0, Errors: 0, Skipped: 0, Time elapsed: 0.217 sec - in com.fasterxml.jackson.dataformat.yaml.MultipleRootValuesTest
Running com.fasterxml.jackson.dataformat.yaml.deser.StreamingParseTest
Tests run: 12, Failures: 0, Errors: 0, Skipped: 0, Time elapsed: 0.001 sec - in com.fasterxml.jackson.dataformat.yaml.deser.StreamingParseTest
Running com.fasterxml.jackson.dataformat.yaml.deser.DatabindAdvancedTest
Tests run: 1, Failures: 0, Errors: 0, Skipped: 0, Time elapsed: 0 sec - in com.fasterxml.jackson.dataformat.yaml.deser.DatabindAdvancedTest
Running com.fasterxml.jackson.dataformat.yaml.deser.ParserAutoCloseTest
Tests run: 4, Failures: 0, Errors: 0, Skipped: 0, Time elapsed: 0 sec - in com.fasterxml.jackson.dataformat.yaml.deser.ParserAutoCloseTest
Running com.fasterxml.jackson.dataformat.yaml.deser.ParserDupHandlingTest
Tests run: 2, Failures: 0, Errors: 0, Skipped: 0, Time elapsed: 0.001 sec - in com.fasterxml.jackson.dataformat.yaml.deser.ParserDupHandlingTest
Running com.fasterxml.jackson.dataformat.yaml.deser.UTF8ReaderTest
Tests run: 1, Failures: 0, Errors: 0, Skipped: 0, Time elapsed: 0 sec - in com.fasterxml.jackson.dataformat.yaml.deser.UTF8ReaderTest
Running com.fasterxml.jackson.dataformat.yaml.deser.BinaryReadTest
Tests run: 1, Failures: 0, Errors: 0, Skipped: 0, Time elapsed: 0 sec - in com.fasterxml.jackson.dataformat.yaml.deser.BinaryReadTest
Running com.fasterxml.jackson.dataformat.yaml.deser.DatabindReadTest
Tests run: 6, Failures: 0, Errors: 0, Skipped: 0, Time elapsed: 0.001 sec - in com.fasterxml.jackson.dataformat.yaml.deser.DatabindReadTest
Running com.fasterxml.jackson.dataformat.yaml.ObjectIdTest
Tests run: 5, Failures: 0, Errors: 0, Skipped: 0, Time elapsed: 0 sec - in com.fasterxml.jackson.dataformat.yaml.ObjectIdTest
Running com.fasterxml.jackson.dataformat.yaml.ser.GeneratorWithMinimizeTest
Tests run: 6, Failures: 0, Errors: 0, Skipped: 0, Time elapsed: 0.001 sec - in com.fasterxml.jackson.dataformat.yaml.ser.GeneratorWithMinimizeTest
Running com.fasterxml.jackson.dataformat.yaml.ser.GeneratorWithSplitLinesTest
Tests run: 1, Failures: 0, Errors: 0, Skipped: 0, Time elapsed: 0 sec - in com.fasterxml.jackson.dataformat.yaml.ser.GeneratorWithSplitLinesTest
Running com.fasterxml.jackson.dataformat.yaml.ser.GeneratorFeatureTest
Tests run: 1, Failures: 0, Errors: 0, Skipped: 0, Time elapsed: 0 sec - in com.fasterxml.jackson.dataformat.yaml.ser.GeneratorFeatureTest
Running com.fasterxml.jackson.dataformat.yaml.ser.GeneratorFeature34Test
Tests run: 1, Failures: 0, Errors: 0, Skipped: 0, Time elapsed: 0 sec - in com.fasterxml.jackson.dataformat.yaml.ser.GeneratorFeature34Test
Running com.fasterxml.jackson.dataformat.yaml.ser.BinaryWriteTest
Tests run: 1, Failures: 0, Errors: 0, Skipped: 0, Time elapsed: 0 sec - in com.fasterxml.jackson.dataformat.yaml.ser.BinaryWriteTest
Running com.fasterxml.jackson.dataformat.yaml.ser.SimpleGenerationTest
Tests run: 5, Failures: 0, Errors: 0, Skipped: 0, Time elapsed: 0 sec - in com.fasterxml.jackson.dataformat.yaml.ser.SimpleGenerationTest
Running com.fasterxml.jackson.dataformat.yaml.ser.DatabindWriteTest
Tests run: 3, Failures: 0, Errors: 0, Skipped: 0, Time elapsed: 0.001 sec - in com.fasterxml.jackson.dataformat.yaml.ser.DatabindWriteTest
Running com.fasterxml.jackson.dataformat.yaml.ser.GeneratorAutoCloseTest
Tests run: 5, Failures: 0, Errors: 0, Skipped: 0, Time elapsed: 0 sec - in com.fasterxml.jackson.dataformat.yaml.ser.GeneratorAutoCloseTest
Running com.fasterxml.jackson.dataformat.yaml.UTF8WriterTest
Tests run: 2, Failures: 0, Errors: 0, Skipped: 0, Time elapsed: 0 sec - in com.fasterxml.jackson.dataformat.yaml.UTF8WriterTest
Running com.fasterxml.jackson.dataformat.yaml.TestVersions
Tests run: 2, Failures: 0, Errors: 0, Skipped: 0, Time elapsed: 0 sec - in com.fasterxml.jackson.dataformat.yaml.TestVersions
Running com.fasterxml.jackson.dataformat.yaml.ExceptionConversionTest
Tests run: 1, Failures: 0, Errors: 0, Skipped: 0, Time elapsed: 0 sec - in com.fasterxml.jackson.dataformat.yaml.ExceptionConversionTest
Running com.fasterxml.jackson.dataformat.yaml.PolymorphicIdTest
Tests run: 2, Failures: 0, Errors: 0, Skipped: 0, Time elapsed: 0 sec - in com.fasterxml.jackson.dataformat.yaml.PolymorphicIdTest
Running com.fasterxml.jackson.dataformat.yaml.TypeIdTest
Tests run: 4, Failures: 0, Errors: 0, Skipped: 0, Time elapsed: 0.001 sec - in com.fasterxml.jackson.dataformat.yaml.TypeIdTest
Running com.fasterxml.jackson.dataformat.yaml.FormatDetectionTest
Tests run: 1, Failures: 0, Errors: 0, Skipped: 0, Time elapsed: 0 sec - in com.fasterxml.jackson.dataformat.yaml.FormatDetectionTest

Results :

Tests run: 69, Failures: 0, Errors: 0, Skipped: 0

[INFO] ------------------------------------------------------------------------
[INFO] BUILD SUCCESS
[INFO] ------------------------------------------------------------------------
[INFO] Total time: 24.925 s
[INFO] Finished at: 2020-03-14T17:09:28-07:00
[INFO] Final Memory: 35M/1237M
[INFO] ------------------------------------------------------------------------
