Picked up JAVA_TOOL_OPTIONS: -XX:CICompilerCount=2 -XX:ParallelGCThreads=2 -XX:ConcGCThreads=2 -Djdk.net.URLClassPath.disableClassPathURLCheck=true 
Java HotSpot(TM) 64-Bit Server VM warning: ignoring option MaxPermSize=512m; support was removed in 8.0
Picked up _JAVA_OPTIONS: -Djdk.net.URLClassPath.disableClassPathURLCheck=true
Apache Maven 3.5.0 (Red Hat 3.5.0-4.3)
Maven home: /opt/rh/rh-maven35/root/usr/share/maven
Java version: 1.8.0_181, vendor: Oracle Corporation
Java home: /bam/scratch/jmcampos/RTA/repair_them_all_framework/jdks/jdk1.8.0_181/jre
Default locale: en_US, platform encoding: UTF-8
OS name: "linux", version: "4.14.147-1.el7.retpoline.x86_64", arch: "amd64", family: "unix"
[INFO] Scanning for projects...
[INFO] 
[INFO] ------------------------------------------------------------------------
[INFO] Building Cassandra Reaper server 1.2.0-SNAPSHOT
[INFO] ------------------------------------------------------------------------
[INFO] 
[INFO] --- buildnumber-maven-plugin:1.4:create (default) @ cassandra-reaper ---
[INFO] ShortRevision tag detected. The value is '7'.
[INFO] Executing: /bin/sh -c cd '/bam/scratch/tmp-rta/Bears_thelastpickle-cassandra-reaper_365484062-365554427_java-8/src/server' && 'git' 'rev-parse' '--verify' '--short=7' 'HEAD'
[INFO] Working directory: /bam/scratch/tmp-rta/Bears_thelastpickle-cassandra-reaper_365484062-365554427_java-8/src/server
[INFO] Storing buildNumber: 38dbc55 at timestamp: 1584241874958
[INFO] Storing buildScmBranch: master
[INFO] 
[INFO] --- maven-checkstyle-plugin:2.17:check (validate) @ cassandra-reaper ---
[INFO] 
[INFO] --- maven-resources-plugin:2.6:resources (default-resources) @ cassandra-reaper ---
[INFO] Using 'UTF-8' encoding to copy filtered resources.
[INFO] Copying 48 resources
[INFO] 
[INFO] --- maven-compiler-plugin:3.7.0:compile (default-compile) @ cassandra-reaper ---
[INFO] Nothing to compile - all classes are up to date
[INFO] 
[INFO] --- animal-sniffer-maven-plugin:1.16:check (default) @ cassandra-reaper ---
[INFO] Checking unresolved references to org.codehaus.mojo.signature:java18:1.0
[INFO] 
[INFO] --- maven-resources-plugin:2.6:testResources (default-testResources) @ cassandra-reaper ---
[INFO] Using 'UTF-8' encoding to copy filtered resources.
[INFO] Copying 13 resources
[INFO] 
[INFO] --- maven-compiler-plugin:3.7.0:testCompile (default-testCompile) @ cassandra-reaper ---
[INFO] Nothing to compile - all classes are up to date
[INFO] 
[INFO] --- maven-surefire-plugin:2.19:test (default-test) @ cassandra-reaper ---
[INFO] Downloading: https://repo.maven.apache.org/maven2/org/apache/maven/surefire/surefire-junit4/2.19/surefire-junit4-2.19.pom
[INFO] Downloaded: https://repo.maven.apache.org/maven2/org/apache/maven/surefire/surefire-junit4/2.19/surefire-junit4-2.19.pom (3.3 kB at 3.3 kB/s)
[INFO] Downloading: https://repo.maven.apache.org/maven2/org/apache/maven/surefire/surefire-providers/2.19/surefire-providers-2.19.pom
[INFO] Downloaded: https://repo.maven.apache.org/maven2/org/apache/maven/surefire/surefire-providers/2.19/surefire-providers-2.19.pom (2.6 kB at 877 B/s)
[INFO] Downloading: https://repo.maven.apache.org/maven2/org/apache/maven/surefire/surefire-junit4/2.19/surefire-junit4-2.19.jar
[INFO] Downloaded: https://repo.maven.apache.org/maven2/org/apache/maven/surefire/surefire-junit4/2.19/surefire-junit4-2.19.jar (76 kB at 31 kB/s)

-------------------------------------------------------
 T E S T S
-------------------------------------------------------
Picked up JAVA_TOOL_OPTIONS: -XX:CICompilerCount=2 -XX:ParallelGCThreads=2 -XX:ConcGCThreads=2 -Djdk.net.URLClassPath.disableClassPathURLCheck=true -XX:CICompilerCount=2 -XX:ParallelGCThreads=2 -XX:ConcGCThreads=2 -Djdk.net.URLClassPath.disableClassPathURLCheck=true 
Picked up _JAVA_OPTIONS: -Djdk.net.URLClassPath.disableClassPathURLCheck=true
Running io.cassandrareaper.jmx.JmxAddressesTest
Tests run: 2, Failures: 0, Errors: 0, Skipped: 0, Time elapsed: 0.001 sec - in io.cassandrareaper.jmx.JmxAddressesTest
Running io.cassandrareaper.jmx.JmxConnectionsInitializerTest
Tests run: 4, Failures: 0, Errors: 0, Skipped: 0, Time elapsed: 1.435 sec - in io.cassandrareaper.jmx.JmxConnectionsInitializerTest
Running io.cassandrareaper.jmx.JmxProxyTest
Tests run: 1, Failures: 0, Errors: 0, Skipped: 0, Time elapsed: 0 sec - in io.cassandrareaper.jmx.JmxProxyTest
Running io.cassandrareaper.service.HeartTest
Tests run: 10, Failures: 0, Errors: 0, Skipped: 0, Time elapsed: 8.992 sec - in io.cassandrareaper.service.HeartTest
Running io.cassandrareaper.service.RepairRunnerTest
Tests run: 6, Failures: 0, Errors: 0, Skipped: 0, Time elapsed: 4.389 sec - in io.cassandrareaper.service.RepairRunnerTest
Running io.cassandrareaper.service.SegmentGeneratorTest
Tests run: 8, Failures: 0, Errors: 0, Skipped: 0, Time elapsed: 0.013 sec - in io.cassandrareaper.service.SegmentGeneratorTest
Running io.cassandrareaper.service.RepairRunServiceTest
Tests run: 6, Failures: 0, Errors: 0, Skipped: 0, Time elapsed: 0.067 sec - in io.cassandrareaper.service.RepairRunServiceTest
Running io.cassandrareaper.service.ClusterRepairSchedulerTest
Tests run: 6, Failures: 0, Errors: 0, Skipped: 0, Time elapsed: 0.053 sec - in io.cassandrareaper.service.ClusterRepairSchedulerTest
Running io.cassandrareaper.service.RepairManagerTest
Tests run: 5, Failures: 0, Errors: 0, Skipped: 0, Time elapsed: 0.142 sec - in io.cassandrareaper.service.RepairManagerTest
Running io.cassandrareaper.service.RingRangeTest
Tests run: 4, Failures: 0, Errors: 0, Skipped: 0, Time elapsed: 0 sec - in io.cassandrareaper.service.RingRangeTest
Running io.cassandrareaper.service.SegmentRunnerTest
Tests run: 12, Failures: 0, Errors: 0, Skipped: 0, Time elapsed: 10.251 sec - in io.cassandrareaper.service.SegmentRunnerTest
Running io.cassandrareaper.service.AutoSchedulingManagerTest
Tests run: 2, Failures: 0, Errors: 0, Skipped: 0, Time elapsed: 0.046 sec - in io.cassandrareaper.service.AutoSchedulingManagerTest
Running io.cassandrareaper.service.SnapshotManagerTest
Tests run: 6, Failures: 0, Errors: 0, Skipped: 0, Time elapsed: 0.047 sec - in io.cassandrareaper.service.SnapshotManagerTest
Running io.cassandrareaper.resources.view.RepairRunStatusTest
Tests run: 6, Failures: 0, Errors: 0, Skipped: 0, Time elapsed: 0.017 sec - in io.cassandrareaper.resources.view.RepairRunStatusTest
Running io.cassandrareaper.resources.view.NodesStatusTest
Tests run: 12, Failures: 0, Errors: 0, Skipped: 0, Time elapsed: 0.011 sec - in io.cassandrareaper.resources.view.NodesStatusTest
Running io.cassandrareaper.resources.view.RepairScheduleStatusTest
Tests run: 1, Failures: 0, Errors: 0, Skipped: 0, Time elapsed: 0.199 sec - in io.cassandrareaper.resources.view.RepairScheduleStatusTest
Running io.cassandrareaper.resources.ClusterResourceTest
Tests run: 9, Failures: 0, Errors: 0, Skipped: 0, Time elapsed: 0.288 sec - in io.cassandrareaper.resources.ClusterResourceTest
Running io.cassandrareaper.resources.RepairRunResourceTest
Tests run: 11, Failures: 0, Errors: 0, Skipped: 0, Time elapsed: 2.253 sec - in io.cassandrareaper.resources.RepairRunResourceTest
Running io.cassandrareaper.core.ClusterTest
Tests run: 1, Failures: 0, Errors: 0, Skipped: 0, Time elapsed: 0 sec - in io.cassandrareaper.core.ClusterTest
Running io.cassandrareaper.AssertionTest
Tests run: 1, Failures: 0, Errors: 0, Skipped: 0, Time elapsed: 0 sec - in io.cassandrareaper.AssertionTest
Running io.cassandrareaper.ReaperApplicationConfigurationTest
Tests run: 1, Failures: 0, Errors: 0, Skipped: 0, Time elapsed: 0.418 sec - in io.cassandrareaper.ReaperApplicationConfigurationTest

Results :

Tests run: 114, Failures: 0, Errors: 0, Skipped: 0

[INFO] ------------------------------------------------------------------------
[INFO] BUILD SUCCESS
[INFO] ------------------------------------------------------------------------
[INFO] Total time: 54.764 s
[INFO] Finished at: 2020-03-14T20:12:08-07:00
[INFO] Final Memory: 43M/1520M
[INFO] ------------------------------------------------------------------------
