Picked up JAVA_TOOL_OPTIONS: -XX:CICompilerCount=2 -XX:ParallelGCThreads=2 -XX:ConcGCThreads=2 -Djdk.net.URLClassPath.disableClassPathURLCheck=true 
Java HotSpot(TM) 64-Bit Server VM warning: ignoring option MaxPermSize=512m; support was removed in 8.0
Picked up _JAVA_OPTIONS: -Djdk.net.URLClassPath.disableClassPathURLCheck=true
Apache Maven 3.5.0 (Red Hat 3.5.0-4.3)
Maven home: /opt/rh/rh-maven35/root/usr/share/maven
Java version: 1.8.0_181, vendor: Oracle Corporation
Java home: /boom/scratch/jmcampos/RTA/repair_them_all_framework/jdks/jdk1.8.0_181/jre
Default locale: en_US, platform encoding: UTF-8
OS name: "linux", version: "4.14.147-1.el7.retpoline.x86_64", arch: "amd64", family: "unix"
[INFO] Scanning for projects...
[INFO] 
[INFO] ------------------------------------------------------------------------
[INFO] Building swagger-codegen (core library) 2.4.0-SNAPSHOT
[INFO] ------------------------------------------------------------------------
[INFO] 
[INFO] --- maven-enforcer-plugin:1.4.1:enforce (enforce-maven) @ swagger-codegen ---
[INFO] Skipping Rule Enforcement.
[INFO] 
[INFO] --- maven-enforcer-plugin:1.4.1:enforce (enforce-versions) @ swagger-codegen ---
[INFO] Skipping Rule Enforcement.
[INFO] 
[INFO] --- maven-resources-plugin:2.6:resources (default-resources) @ swagger-codegen ---
[INFO] Using 'UTF-8' encoding to copy filtered resources.
[INFO] Copying 1775 resources
[INFO] 
[INFO] --- maven-compiler-plugin:3.5.1:compile (default-compile) @ swagger-codegen ---
[INFO] Nothing to compile - all classes are up to date
[INFO] 
[INFO] --- maven-resources-plugin:2.6:testResources (default-testResources) @ swagger-codegen ---
[INFO] Using 'UTF-8' encoding to copy filtered resources.
[INFO] Copying 127 resources
[INFO] 
[INFO] --- maven-compiler-plugin:3.5.1:testCompile (default-testCompile) @ swagger-codegen ---
[INFO] Nothing to compile - all classes are up to date
[INFO] 
[INFO] --- maven-surefire-plugin:2.19.1:test (default-test) @ swagger-codegen ---
[INFO] Downloading: https://repo.maven.apache.org/maven2/org/apache/maven/surefire/surefire-junit4/2.19.1/surefire-junit4-2.19.1.pom
[INFO] Downloaded: https://repo.maven.apache.org/maven2/org/apache/maven/surefire/surefire-junit4/2.19.1/surefire-junit4-2.19.1.pom (3.3 kB at 16 kB/s)
[INFO] Downloading: https://repo.maven.apache.org/maven2/org/apache/maven/surefire/surefire-providers/2.19.1/surefire-providers-2.19.1.pom
[INFO] Downloaded: https://repo.maven.apache.org/maven2/org/apache/maven/surefire/surefire-providers/2.19.1/surefire-providers-2.19.1.pom (2.6 kB at 233 kB/s)
[INFO] Downloading: https://repo.maven.apache.org/maven2/org/apache/maven/surefire/surefire-junit4/2.19.1/surefire-junit4-2.19.1.jar
[INFO] Downloaded: https://repo.maven.apache.org/maven2/org/apache/maven/surefire/surefire-junit4/2.19.1/surefire-junit4-2.19.1.jar (75 kB at 867 kB/s)

-------------------------------------------------------
 T E S T S
-------------------------------------------------------
Picked up JAVA_TOOL_OPTIONS: -XX:CICompilerCount=2 -XX:ParallelGCThreads=2 -XX:ConcGCThreads=2 -Djdk.net.URLClassPath.disableClassPathURLCheck=true -XX:CICompilerCount=2 -XX:ParallelGCThreads=2 -XX:ConcGCThreads=2 -Djdk.net.URLClassPath.disableClassPathURLCheck=true 
Picked up _JAVA_OPTIONS: -Djdk.net.URLClassPath.disableClassPathURLCheck=true
Running io.swagger.codegen.languages.JavaJAXRSSpecServerCodegenTest
Tests run: 8, Failures: 0, Errors: 0, Skipped: 0, Time elapsed: 0.068 sec - in io.swagger.codegen.languages.JavaJAXRSSpecServerCodegenTest
Running io.swagger.codegen.akkascala.AkkaScalaClientCodegenTest
Tests run: 1, Failures: 0, Errors: 0, Skipped: 0, Time elapsed: 0 sec - in io.swagger.codegen.akkascala.AkkaScalaClientCodegenTest

Results :

Tests run: 9, Failures: 0, Errors: 0, Skipped: 0

[INFO] 
[INFO] --- maven-surefire-plugin:2.19.1:test (test-testng) @ swagger-codegen ---
[INFO] Downloading: https://repo.maven.apache.org/maven2/org/apache/maven/surefire/surefire-testng/2.19.1/surefire-testng-2.19.1.pom
[INFO] Downloaded: https://repo.maven.apache.org/maven2/org/apache/maven/surefire/surefire-testng/2.19.1/surefire-testng-2.19.1.pom (2.3 kB at 179 kB/s)
[INFO] Downloading: https://repo.maven.apache.org/maven2/org/apache/maven/surefire/common-java5/2.19.1/common-java5-2.19.1.pom
[INFO] Downloaded: https://repo.maven.apache.org/maven2/org/apache/maven/surefire/common-java5/2.19.1/common-java5-2.19.1.pom (2.7 kB at 243 kB/s)
[INFO] Downloading: https://repo.maven.apache.org/maven2/org/apache/maven/surefire/surefire-testng-utils/2.19.1/surefire-testng-utils-2.19.1.pom
[INFO] Downloaded: https://repo.maven.apache.org/maven2/org/apache/maven/surefire/surefire-testng-utils/2.19.1/surefire-testng-utils-2.19.1.pom (3.1 kB at 1.1 kB/s)
[INFO] Downloading: https://repo.maven.apache.org/maven2/org/apache/maven/surefire/surefire-grouper/2.19.1/surefire-grouper-2.19.1.pom
[INFO] Downloaded: https://repo.maven.apache.org/maven2/org/apache/maven/surefire/surefire-grouper/2.19.1/surefire-grouper-2.19.1.pom (2.6 kB at 1.1 kB/s)
[INFO] Downloading: https://repo.maven.apache.org/maven2/org/apache/maven/surefire/common-java5/2.19.1/common-java5-2.19.1.jar
[INFO] Downloading: https://repo.maven.apache.org/maven2/org/apache/maven/surefire/surefire-testng/2.19.1/surefire-testng-2.19.1.jar
[INFO] Downloading: https://repo.maven.apache.org/maven2/org/apache/maven/surefire/surefire-grouper/2.19.1/surefire-grouper-2.19.1.jar
[INFO] Downloading: https://repo.maven.apache.org/maven2/org/apache/maven/surefire/surefire-testng-utils/2.19.1/surefire-testng-utils-2.19.1.jar
[INFO] Downloaded: https://repo.maven.apache.org/maven2/org/apache/maven/surefire/common-java5/2.19.1/common-java5-2.19.1.jar (44 kB at 2.8 MB/s)
[INFO] Downloaded: https://repo.maven.apache.org/maven2/org/apache/maven/surefire/surefire-testng-utils/2.19.1/surefire-testng-utils-2.19.1.jar (27 kB at 709 kB/s)
[INFO] Downloaded: https://repo.maven.apache.org/maven2/org/apache/maven/surefire/surefire-testng/2.19.1/surefire-testng-2.19.1.jar (42 kB at 1.0 MB/s)
[INFO] Downloaded: https://repo.maven.apache.org/maven2/org/apache/maven/surefire/surefire-grouper/2.19.1/surefire-grouper-2.19.1.jar (38 kB at 872 kB/s)

-------------------------------------------------------
 T E S T S
-------------------------------------------------------
Picked up JAVA_TOOL_OPTIONS: -XX:CICompilerCount=2 -XX:ParallelGCThreads=2 -XX:ConcGCThreads=2 -Djdk.net.URLClassPath.disableClassPathURLCheck=true -XX:CICompilerCount=2 -XX:ParallelGCThreads=2 -XX:ConcGCThreads=2 -Djdk.net.URLClassPath.disableClassPathURLCheck=true 
Picked up _JAVA_OPTIONS: -Djdk.net.URLClassPath.disableClassPathURLCheck=true
Running TestSuite
[main] INFO io.swagger.parser.Swagger20Parser - reading from src/test/resources/2_0/v1beta3.json
[main] INFO io.swagger.parser.Swagger20Parser - reading from src/test/resources/2_0/v1beta3.json
[main] WARN io.swagger.codegen.examples.ExampleGenerator - Ref property with empty model.
[main] WARN io.swagger.codegen.examples.ExampleGenerator - Ref property with empty model.
[main] INFO io.swagger.parser.Swagger20Parser - reading from src/test/resources/2_0/petstore-with-fake-endpoints-models-for-testing.yaml
[main] INFO io.swagger.parser.Swagger20Parser - reading from src/test/resources/2_0/petstore-with-fake-endpoints-models-for-testing.yaml
[main] WARN io.swagger.codegen.languages.JavaClientCodegen - You specified both RxJava versions 1 and 2 but they are mutually exclusive. Defaulting to v2.
[main] INFO io.swagger.parser.Swagger20Parser - reading from src/test/resources/2_0/binaryDataTest.json
[main] INFO io.swagger.parser.Swagger20Parser - reading from src/test/resources/2_0/datePropertyTest.json
[main] INFO io.swagger.codegen.languages.JavaCXFServerCodegen - make sure your target server supports Bean Validation 1.1
[main] INFO io.swagger.parser.Swagger20Parser - reading from src/test/resources/2_0/petstore.json
[main] INFO io.swagger.codegen.ignore.CodegenIgnoreProcessor - No .swagger-codegen-ignore file found.
[main] WARN io.swagger.codegen.examples.XmlExampleGenerator - default example value not implemented for io.swagger.models.properties.MapProperty@6e901cd0
{
  "name" : "sample",
  "classname" : "Sample",
  "description" : "a sample model",
  "classVarName" : "sample",
  "modelJson" : "{\n  \"required\" : [ \"id\" ],\n  \"properties\" : {\n    \"id\" : {\n      \"type\" : \"integer\",\n      \"format\" : \"int64\"\n    },\n    \"theDate\" : {\n      \"type\" : \"string\",\n      \"format\" : \"date\"\n    },\n    \"createdAt\" : {\n      \"type\" : \"string\",\n      \"format\" : \"date-time\"\n    }\n  },\n  \"description\" : \"a sample model\"\n}",
  "classFilename" : "Sample",
  "unescapedDescription" : "a sample model",
  "isAlias" : false,
  "vars" : [ {
    "baseName" : "id",
    "getter" : "getId",
    "setter" : "setId",
    "datatype" : "Long",
    "datatypeWithEnum" : "Long",
    "dataFormat" : "int64",
    "name" : "id",
    "defaultValue" : "null",
    "defaultValueWithParam" : " = data.id;",
    "baseType" : "Long",
    "jsonSchema" : "{\n  \"type\" : \"integer\",\n  \"format\" : \"int64\"\n}",
    "exclusiveMinimum" : false,
    "exclusiveMaximum" : false,
    "hasMore" : true,
    "required" : true,
    "secondaryParam" : false,
    "hasMoreNonReadOnly" : true,
    "isPrimitiveType" : true,
    "isContainer" : false,
    "isNotContainer" : true,
    "isString" : false,
    "isNumeric" : true,
    "isInteger" : false,
    "isLong" : true,
    "isNumber" : false,
    "isFloat" : false,
    "isDouble" : false,
    "isByteArray" : false,
    "isBinary" : false,
    "isFile" : false,
    "isBoolean" : false,
    "isDate" : false,
    "isDateTime" : false,
    "isUuid" : false,
    "isListContainer" : false,
    "isMapContainer" : false,
    "isEnum" : false,
    "isReadOnly" : false,
    "vendorExtensions" : { },
    "hasValidation" : false,
    "isInherited" : false,
    "nameInCamelCase" : "Id",
    "isXmlAttribute" : false,
    "isXmlWrapped" : false
  }, {
    "baseName" : "theDate",
    "complexType" : "LocalDate",
    "getter" : "getTheDate",
    "setter" : "setTheDate",
    "datatype" : "LocalDate",
    "datatypeWithEnum" : "LocalDate",
    "dataFormat" : "date",
    "name" : "theDate",
    "defaultValue" : "null",
    "defaultValueWithParam" : " = data.theDate;",
    "baseType" : "LocalDate",
    "jsonSchema" : "{\n  \"type\" : \"string\",\n  \"format\" : \"date\"\n}",
    "exclusiveMinimum" : false,
    "exclusiveMaximum" : false,
    "hasMore" : true,
    "required" : false,
    "secondaryParam" : false,
    "hasMoreNonReadOnly" : true,
    "isPrimitiveType" : false,
    "isContainer" : false,
    "isNotContainer" : true,
    "isString" : false,
    "isNumeric" : false,
    "isInteger" : false,
    "isLong" : false,
    "isNumber" : false,
    "isFloat" : false,
    "isDouble" : false,
    "isByteArray" : false,
    "isBinary" : false,
    "isFile" : false,
    "isBoolean" : false,
    "isDate" : true,
    "isDateTime" : false,
    "isUuid" : false,
    "isListContainer" : false,
    "isMapContainer" : false,
    "isEnum" : false,
    "isReadOnly" : false,
    "vendorExtensions" : { },
    "hasValidation" : false,
    "isInherited" : false,
    "nameInCamelCase" : "TheDate",
    "isXmlAttribute" : false,
    "isXmlWrapped" : false
  }, {
    "baseName" : "createdAt",
    "complexType" : "DateTime",
    "getter" : "getCreatedAt",
    "setter" : "setCreatedAt",
    "datatype" : "DateTime",
    "datatypeWithEnum" : "DateTime",
    "dataFormat" : "date-time",
    "name" : "createdAt",
    "defaultValue" : "null",
    "defaultValueWithParam" : " = data.createdAt;",
    "baseType" : "DateTime",
    "jsonSchema" : "{\n  \"type\" : \"string\",\n  \"format\" : \"date-time\"\n}",
    "exclusiveMinimum" : false,
    "exclusiveMaximum" : false,
    "hasMore" : false,
    "required" : false,
    "secondaryParam" : false,
    "hasMoreNonReadOnly" : false,
    "isPrimitiveType" : false,
    "isContainer" : false,
    "isNotContainer" : true,
    "isString" : false,
    "isNumeric" : false,
    "isInteger" : false,
    "isLong" : false,
    "isNumber" : false,
    "isFloat" : false,
    "isDouble" : false,
    "isByteArray" : false,
    "isBinary" : false,
    "isFile" : false,
    "isBoolean" : false,
    "isDate" : false,
    "isDateTime" : true,
    "isUuid" : false,
    "isListContainer" : false,
    "isMapContainer" : false,
    "isEnum" : false,
    "isReadOnly" : false,
    "vendorExtensions" : { },
    "hasValidation" : false,
    "isInherited" : false,
    "nameInCamelCase" : "CreatedAt",
    "isXmlAttribute" : false,
    "isXmlWrapped" : false
  } ],
  "requiredVars" : [ {
    "baseName" : "id",
    "getter" : "getId",
    "setter" : "setId",
    "datatype" : "Long",
    "datatypeWithEnum" : "Long",
    "dataFormat" : "int64",
    "name" : "id",
    "defaultValue" : "null",
    "defaultValueWithParam" : " = data.id;",
    "baseType" : "Long",
    "jsonSchema" : "{\n  \"type\" : \"integer\",\n  \"format\" : \"int64\"\n}",
    "exclusiveMinimum" : false,
    "exclusiveMaximum" : false,
    "hasMore" : true,
    "required" : true,
    "secondaryParam" : false,
    "hasMoreNonReadOnly" : true,
    "isPrimitiveType" : true,
    "isContainer" : false,
    "isNotContainer" : true,
    "isString" : false,
    "isNumeric" : true,
    "isInteger" : false,
    "isLong" : true,
    "isNumber" : false,
    "isFloat" : false,
    "isDouble" : false,
    "isByteArray" : false,
    "isBinary" : false,
    "isFile" : false,
    "isBoolean" : false,
    "isDate" : false,
    "isDateTime" : false,
    "isUuid" : false,
    "isListContainer" : false,
    "isMapContainer" : false,
    "isEnum" : false,
    "isReadOnly" : false,
    "vendorExtensions" : { },
    "hasValidation" : false,
    "isInherited" : false,
    "nameInCamelCase" : "Id",
    "isXmlAttribute" : false,
    "isXmlWrapped" : false
  } ],
  "optionalVars" : [ {
    "baseName" : "theDate",
    "complexType" : "LocalDate",
    "getter" : "getTheDate",
    "setter" : "setTheDate",
    "datatype" : "LocalDate",
    "datatypeWithEnum" : "LocalDate",
    "dataFormat" : "date",
    "name" : "theDate",
    "defaultValue" : "null",
    "defaultValueWithParam" : " = data.theDate;",
    "baseType" : "LocalDate",
    "jsonSchema" : "{\n  \"type\" : \"string\",\n  \"format\" : \"date\"\n}",
    "exclusiveMinimum" : false,
    "exclusiveMaximum" : false,
    "hasMore" : true,
    "required" : false,
    "secondaryParam" : false,
    "hasMoreNonReadOnly" : true,
    "isPrimitiveType" : false,
    "isContainer" : false,
    "isNotContainer" : true,
    "isString" : false,
    "isNumeric" : false,
    "isInteger" : false,
    "isLong" : false,
    "isNumber" : false,
    "isFloat" : false,
    "isDouble" : false,
    "isByteArray" : false,
    "isBinary" : false,
    "isFile" : false,
    "isBoolean" : false,
    "isDate" : true,
    "isDateTime" : false,
    "isUuid" : false,
    "isListContainer" : false,
    "isMapContainer" : false,
    "isEnum" : false,
    "isReadOnly" : false,
    "vendorExtensions" : { },
    "hasValidation" : false,
    "isInherited" : false,
    "nameInCamelCase" : "TheDate",
    "isXmlAttribute" : false,
    "isXmlWrapped" : false
  }, {
    "baseName" : "createdAt",
    "complexType" : "DateTime",
    "getter" : "getCreatedAt",
    "setter" : "setCreatedAt",
    "datatype" : "DateTime",
    "datatypeWithEnum" : "DateTime",
    "dataFormat" : "date-time",
    "name" : "createdAt",
    "defaultValue" : "null",
    "defaultValueWithParam" : " = data.createdAt;",
    "baseType" : "DateTime",
    "jsonSchema" : "{\n  \"type\" : \"string\",\n  \"format\" : \"date-time\"\n}",
    "exclusiveMinimum" : false,
    "exclusiveMaximum" : false,
    "hasMore" : false,
    "required" : false,
    "secondaryParam" : false,
    "hasMoreNonReadOnly" : false,
    "isPrimitiveType" : false,
    "isContainer" : false,
    "isNotContainer" : true,
    "isString" : false,
    "isNumeric" : false,
    "isInteger" : false,
    "isLong" : false,
    "isNumber" : false,
    "isFloat" : false,
    "isDouble" : false,
    "isByteArray" : false,
    "isBinary" : false,
    "isFile" : false,
    "isBoolean" : false,
    "isDate" : false,
    "isDateTime" : true,
    "isUuid" : false,
    "isListContainer" : false,
    "isMapContainer" : false,
    "isEnum" : false,
    "isReadOnly" : false,
    "vendorExtensions" : { },
    "hasValidation" : false,
    "isInherited" : false,
    "nameInCamelCase" : "CreatedAt",
    "isXmlAttribute" : false,
    "isXmlWrapped" : false
  } ],
  "readOnlyVars" : [ ],
  "readWriteVars" : [ {
    "baseName" : "id",
    "getter" : "getId",
    "setter" : "setId",
    "datatype" : "Long",
    "datatypeWithEnum" : "Long",
    "dataFormat" : "int64",
    "name" : "id",
    "defaultValue" : "null",
    "defaultValueWithParam" : " = data.id;",
    "baseType" : "Long",
    "jsonSchema" : "{\n  \"type\" : \"integer\",\n  \"format\" : \"int64\"\n}",
    "exclusiveMinimum" : false,
    "exclusiveMaximum" : false,
    "hasMore" : true,
    "required" : true,
    "secondaryParam" : false,
    "hasMoreNonReadOnly" : true,
    "isPrimitiveType" : true,
    "isContainer" : false,
    "isNotContainer" : true,
    "isString" : false,
    "isNumeric" : true,
    "isInteger" : false,
    "isLong" : true,
    "isNumber" : false,
    "isFloat" : false,
    "isDouble" : false,
    "isByteArray" : false,
    "isBinary" : false,
    "isFile" : false,
    "isBoolean" : false,
    "isDate" : false,
    "isDateTime" : false,
    "isUuid" : false,
    "isListContainer" : false,
    "isMapContainer" : false,
    "isEnum" : false,
    "isReadOnly" : false,
    "vendorExtensions" : { },
    "hasValidation" : false,
    "isInherited" : false,
    "nameInCamelCase" : "Id",
    "isXmlAttribute" : false,
    "isXmlWrapped" : false
  }, {
    "baseName" : "theDate",
    "complexType" : "LocalDate",
    "getter" : "getTheDate",
    "setter" : "setTheDate",
    "datatype" : "LocalDate",
    "datatypeWithEnum" : "LocalDate",
    "dataFormat" : "date",
    "name" : "theDate",
    "defaultValue" : "null",
    "defaultValueWithParam" : " = data.theDate;",
    "baseType" : "LocalDate",
    "jsonSchema" : "{\n  \"type\" : \"string\",\n  \"format\" : \"date\"\n}",
    "exclusiveMinimum" : false,
    "exclusiveMaximum" : false,
    "hasMore" : true,
    "required" : false,
    "secondaryParam" : false,
    "hasMoreNonReadOnly" : true,
    "isPrimitiveType" : false,
    "isContainer" : false,
    "isNotContainer" : true,
    "isString" : false,
    "isNumeric" : false,
    "isInteger" : false,
    "isLong" : false,
    "isNumber" : false,
    "isFloat" : false,
    "isDouble" : false,
    "isByteArray" : false,
    "isBinary" : false,
    "isFile" : false,
    "isBoolean" : false,
    "isDate" : true,
    "isDateTime" : false,
    "isUuid" : false,
    "isListContainer" : false,
    "isMapContainer" : false,
    "isEnum" : false,
    "isReadOnly" : false,
    "vendorExtensions" : { },
    "hasValidation" : false,
    "isInherited" : false,
    "nameInCamelCase" : "TheDate",
    "isXmlAttribute" : false,
    "isXmlWrapped" : false
  }, {
    "baseName" : "createdAt",
    "complexType" : "DateTime",
    "getter" : "getCreatedAt",
    "setter" : "setCreatedAt",
    "datatype" : "DateTime",
    "datatypeWithEnum" : "DateTime",
    "dataFormat" : "date-time",
    "name" : "createdAt",
    "defaultValue" : "null",
    "defaultValueWithParam" : " = data.createdAt;",
    "baseType" : "DateTime",
    "jsonSchema" : "{\n  \"type\" : \"string\",\n  \"format\" : \"date-time\"\n}",
    "exclusiveMinimum" : false,
    "exclusiveMaximum" : false,
    "hasMore" : false,
    "required" : false,
    "secondaryParam" : false,
    "hasMoreNonReadOnly" : false,
    "isPrimitiveType" : false,
    "isContainer" : false,
    "isNotContainer" : true,
    "isString" : false,
    "isNumeric" : false,
    "isInteger" : false,
    "isLong" : false,
    "isNumber" : false,
    "isFloat" : false,
    "isDouble" : false,
    "isByteArray" : false,
    "isBinary" : false,
    "isFile" : false,
    "isBoolean" : false,
    "isDate" : false,
    "isDateTime" : true,
    "isUuid" : false,
    "isListContainer" : false,
    "isMapContainer" : false,
    "isEnum" : false,
    "isReadOnly" : false,
    "vendorExtensions" : { },
    "hasValidation" : false,
    "isInherited" : false,
    "nameInCamelCase" : "CreatedAt",
    "isXmlAttribute" : false,
    "isXmlWrapped" : false
  } ],
  "allVars" : [ {
    "baseName" : "id",
    "getter" : "getId",
    "setter" : "setId",
    "datatype" : "Long",
    "datatypeWithEnum" : "Long",
    "dataFormat" : "int64",
    "name" : "id",
    "defaultValue" : "null",
    "defaultValueWithParam" : " = data.id;",
    "baseType" : "Long",
    "jsonSchema" : "{\n  \"type\" : \"integer\",\n  \"format\" : \"int64\"\n}",
    "exclusiveMinimum" : false,
    "exclusiveMaximum" : false,
    "hasMore" : true,
    "required" : true,
    "secondaryParam" : false,
    "hasMoreNonReadOnly" : true,
    "isPrimitiveType" : true,
    "isContainer" : false,
    "isNotContainer" : true,
    "isString" : false,
    "isNumeric" : true,
    "isInteger" : false,
    "isLong" : true,
    "isNumber" : false,
    "isFloat" : false,
    "isDouble" : false,
    "isByteArray" : false,
    "isBinary" : false,
    "isFile" : false,
    "isBoolean" : false,
    "isDate" : false,
    "isDateTime" : false,
    "isUuid" : false,
    "isListContainer" : false,
    "isMapContainer" : false,
    "isEnum" : false,
    "isReadOnly" : false,
    "vendorExtensions" : { },
    "hasValidation" : false,
    "isInherited" : false,
    "nameInCamelCase" : "Id",
    "isXmlAttribute" : false,
    "isXmlWrapped" : false
  }, {
    "baseName" : "theDate",
    "complexType" : "LocalDate",
    "getter" : "getTheDate",
    "setter" : "setTheDate",
    "datatype" : "LocalDate",
    "datatypeWithEnum" : "LocalDate",
    "dataFormat" : "date",
    "name" : "theDate",
    "defaultValue" : "null",
    "defaultValueWithParam" : " = data.theDate;",
    "baseType" : "LocalDate",
    "jsonSchema" : "{\n  \"type\" : \"string\",\n  \"format\" : \"date\"\n}",
    "exclusiveMinimum" : false,
    "exclusiveMaximum" : false,
    "hasMore" : true,
    "required" : false,
    "secondaryParam" : false,
    "hasMoreNonReadOnly" : true,
    "isPrimitiveType" : false,
    "isContainer" : false,
    "isNotContainer" : true,
    "isString" : false,
    "isNumeric" : false,
    "isInteger" : false,
    "isLong" : false,
    "isNumber" : false,
    "isFloat" : false,
    "isDouble" : false,
    "isByteArray" : false,
    "isBinary" : false,
    "isFile" : false,
    "isBoolean" : false,
    "isDate" : true,
    "isDateTime" : false,
    "isUuid" : false,
    "isListContainer" : false,
    "isMapContainer" : false,
    "isEnum" : false,
    "isReadOnly" : false,
    "vendorExtensions" : { },
    "hasValidation" : false,
    "isInherited" : false,
    "nameInCamelCase" : "TheDate",
    "isXmlAttribute" : false,
    "isXmlWrapped" : false
  }, {
    "baseName" : "createdAt",
    "complexType" : "DateTime",
    "getter" : "getCreatedAt",
    "setter" : "setCreatedAt",
    "datatype" : "DateTime",
    "datatypeWithEnum" : "DateTime",
    "dataFormat" : "date-time",
    "name" : "createdAt",
    "defaultValue" : "null",
    "defaultValueWithParam" : " = data.createdAt;",
    "baseType" : "DateTime",
    "jsonSchema" : "{\n  \"type\" : \"string\",\n  \"format\" : \"date-time\"\n}",
    "exclusiveMinimum" : false,
    "exclusiveMaximum" : false,
    "hasMore" : false,
    "required" : false,
    "secondaryParam" : false,
    "hasMoreNonReadOnly" : false,
    "isPrimitiveType" : false,
    "isContainer" : false,
    "isNotContainer" : true,
    "isString" : false,
    "isNumeric" : false,
    "isInteger" : false,
    "isLong" : false,
    "isNumber" : false,
    "isFloat" : false,
    "isDouble" : false,
    "isByteArray" : false,
    "isBinary" : false,
    "isFile" : false,
    "isBoolean" : false,
    "isDate" : false,
    "isDateTime" : true,
    "isUuid" : false,
    "isListContainer" : false,
    "isMapContainer" : false,
    "isEnum" : false,
    "isReadOnly" : false,
    "vendorExtensions" : { },
    "hasValidation" : false,
    "isInherited" : false,
    "nameInCamelCase" : "CreatedAt",
    "isXmlAttribute" : false,
    "isXmlWrapped" : false
  } ],
  "parentVars" : [ ],
  "mandatory" : [ "id" ],
  "allMandatory" : [ "id" ],
  "imports" : [ "ApiModel", "ApiModelProperty", "DateTime", "JsonProperty", "LocalDate" ],
  "hasVars" : true,
  "emptyVars" : false,
  "hasMoreModels" : false,
  "hasEnums" : false,
  "isEnum" : false,
  "hasRequired" : true,
  "hasOptional" : true,
  "isArrayModel" : false,
  "hasChildren" : false,
  "hasOnlyReadOnly" : false,
  "vendorExtensions" : { }
}
[main] INFO io.swagger.parser.Swagger20Parser - reading from src/test/resources/2_0/binaryDataTest.json
[main] INFO io.swagger.parser.Swagger20Parser - reading from src/test/resources/2_0/datePropertyTest.json
{
  "name" : "sample",
  "classname" : "Sample",
  "description" : "a sample model",
  "classVarName" : "sample",
  "modelJson" : "{\n  \"required\" : [ \"id\" ],\n  \"properties\" : {\n    \"id\" : {\n      \"type\" : \"integer\",\n      \"format\" : \"int64\"\n    },\n    \"theDate\" : {\n      \"type\" : \"string\",\n      \"format\" : \"date\"\n    },\n    \"createdAt\" : {\n      \"type\" : \"string\",\n      \"format\" : \"date-time\"\n    }\n  },\n  \"description\" : \"a sample model\"\n}",
  "classFilename" : "Sample",
  "unescapedDescription" : "a sample model",
  "isAlias" : false,
  "vars" : [ {
    "baseName" : "id",
    "getter" : "getId",
    "setter" : "setId",
    "datatype" : "Long",
    "datatypeWithEnum" : "Long",
    "dataFormat" : "int64",
    "name" : "id",
    "defaultValue" : "null",
    "defaultValueWithParam" : " = data.id;",
    "baseType" : "Long",
    "jsonSchema" : "{\n  \"type\" : \"integer\",\n  \"format\" : \"int64\"\n}",
    "exclusiveMinimum" : false,
    "exclusiveMaximum" : false,
    "hasMore" : true,
    "required" : true,
    "secondaryParam" : false,
    "hasMoreNonReadOnly" : true,
    "isPrimitiveType" : true,
    "isContainer" : false,
    "isNotContainer" : true,
    "isString" : false,
    "isNumeric" : true,
    "isInteger" : false,
    "isLong" : true,
    "isNumber" : false,
    "isFloat" : false,
    "isDouble" : false,
    "isByteArray" : false,
    "isBinary" : false,
    "isFile" : false,
    "isBoolean" : false,
    "isDate" : false,
    "isDateTime" : false,
    "isUuid" : false,
    "isListContainer" : false,
    "isMapContainer" : false,
    "isEnum" : false,
    "isReadOnly" : false,
    "vendorExtensions" : { },
    "hasValidation" : false,
    "isInherited" : false,
    "nameInCamelCase" : "Id",
    "isXmlAttribute" : false,
    "isXmlWrapped" : false
  }, {
    "baseName" : "theDate",
    "complexType" : "LocalDate",
    "getter" : "getTheDate",
    "setter" : "setTheDate",
    "datatype" : "LocalDate",
    "datatypeWithEnum" : "LocalDate",
    "dataFormat" : "date",
    "name" : "theDate",
    "defaultValue" : "null",
    "defaultValueWithParam" : " = data.theDate;",
    "baseType" : "LocalDate",
    "jsonSchema" : "{\n  \"type\" : \"string\",\n  \"format\" : \"date\"\n}",
    "exclusiveMinimum" : false,
    "exclusiveMaximum" : false,
    "hasMore" : true,
    "required" : false,
    "secondaryParam" : false,
    "hasMoreNonReadOnly" : true,
    "isPrimitiveType" : false,
    "isContainer" : false,
    "isNotContainer" : true,
    "isString" : false,
    "isNumeric" : false,
    "isInteger" : false,
    "isLong" : false,
    "isNumber" : false,
    "isFloat" : false,
    "isDouble" : false,
    "isByteArray" : false,
    "isBinary" : false,
    "isFile" : false,
    "isBoolean" : false,
    "isDate" : true,
    "isDateTime" : false,
    "isUuid" : false,
    "isListContainer" : false,
    "isMapContainer" : false,
    "isEnum" : false,
    "isReadOnly" : false,
    "vendorExtensions" : { },
    "hasValidation" : false,
    "isInherited" : false,
    "nameInCamelCase" : "TheDate",
    "isXmlAttribute" : false,
    "isXmlWrapped" : false
  }, {
    "baseName" : "createdAt",
    "complexType" : "OffsetDateTime",
    "getter" : "getCreatedAt",
    "setter" : "setCreatedAt",
    "datatype" : "OffsetDateTime",
    "datatypeWithEnum" : "OffsetDateTime",
    "dataFormat" : "date-time",
    "name" : "createdAt",
    "defaultValue" : "null",
    "defaultValueWithParam" : " = data.createdAt;",
    "baseType" : "OffsetDateTime",
    "jsonSchema" : "{\n  \"type\" : \"string\",\n  \"format\" : \"date-time\"\n}",
    "exclusiveMinimum" : false,
    "exclusiveMaximum" : false,
    "hasMore" : false,
    "required" : false,
    "secondaryParam" : false,
    "hasMoreNonReadOnly" : false,
    "isPrimitiveType" : false,
    "isContainer" : false,
    "isNotContainer" : true,
    "isString" : false,
    "isNumeric" : false,
    "isInteger" : false,
    "isLong" : false,
    "isNumber" : false,
    "isFloat" : false,
    "isDouble" : false,
    "isByteArray" : false,
    "isBinary" : false,
    "isFile" : false,
    "isBoolean" : false,
    "isDate" : false,
    "isDateTime" : true,
    "isUuid" : false,
    "isListContainer" : false,
    "isMapContainer" : false,
    "isEnum" : false,
    "isReadOnly" : false,
    "vendorExtensions" : { },
    "hasValidation" : false,
    "isInherited" : false,
    "nameInCamelCase" : "CreatedAt",
    "isXmlAttribute" : false,
    "isXmlWrapped" : false
  } ],
  "requiredVars" : [ {
    "baseName" : "id",
    "getter" : "getId",
    "setter" : "setId",
    "datatype" : "Long",
    "datatypeWithEnum" : "Long",
    "dataFormat" : "int64",
    "name" : "id",
    "defaultValue" : "null",
    "defaultValueWithParam" : " = data.id;",
    "baseType" : "Long",
    "jsonSchema" : "{\n  \"type\" : \"integer\",\n  \"format\" : \"int64\"\n}",
    "exclusiveMinimum" : false,
    "exclusiveMaximum" : false,
    "hasMore" : true,
    "required" : true,
    "secondaryParam" : false,
    "hasMoreNonReadOnly" : true,
    "isPrimitiveType" : true,
    "isContainer" : false,
    "isNotContainer" : true,
    "isString" : false,
    "isNumeric" : true,
    "isInteger" : false,
    "isLong" : true,
    "isNumber" : false,
    "isFloat" : false,
    "isDouble" : false,
    "isByteArray" : false,
    "isBinary" : false,
    "isFile" : false,
    "isBoolean" : false,
    "isDate" : false,
    "isDateTime" : false,
    "isUuid" : false,
    "isListContainer" : false,
    "isMapContainer" : false,
    "isEnum" : false,
    "isReadOnly" : false,
    "vendorExtensions" : { },
    "hasValidation" : false,
    "isInherited" : false,
    "nameInCamelCase" : "Id",
    "isXmlAttribute" : false,
    "isXmlWrapped" : false
  } ],
  "optionalVars" : [ {
    "baseName" : "theDate",
    "complexType" : "LocalDate",
    "getter" : "getTheDate",
    "setter" : "setTheDate",
    "datatype" : "LocalDate",
    "datatypeWithEnum" : "LocalDate",
    "dataFormat" : "date",
    "name" : "theDate",
    "defaultValue" : "null",
    "defaultValueWithParam" : " = data.theDate;",
    "baseType" : "LocalDate",
    "jsonSchema" : "{\n  \"type\" : \"string\",\n  \"format\" : \"date\"\n}",
    "exclusiveMinimum" : false,
    "exclusiveMaximum" : false,
    "hasMore" : true,
    "required" : false,
    "secondaryParam" : false,
    "hasMoreNonReadOnly" : true,
    "isPrimitiveType" : false,
    "isContainer" : false,
    "isNotContainer" : true,
    "isString" : false,
    "isNumeric" : false,
    "isInteger" : false,
    "isLong" : false,
    "isNumber" : false,
    "isFloat" : false,
    "isDouble" : false,
    "isByteArray" : false,
    "isBinary" : false,
    "isFile" : false,
    "isBoolean" : false,
    "isDate" : true,
    "isDateTime" : false,
    "isUuid" : false,
    "isListContainer" : false,
    "isMapContainer" : false,
    "isEnum" : false,
    "isReadOnly" : false,
    "vendorExtensions" : { },
    "hasValidation" : false,
    "isInherited" : false,
    "nameInCamelCase" : "TheDate",
    "isXmlAttribute" : false,
    "isXmlWrapped" : false
  }, {
    "baseName" : "createdAt",
    "complexType" : "OffsetDateTime",
    "getter" : "getCreatedAt",
    "setter" : "setCreatedAt",
    "datatype" : "OffsetDateTime",
    "datatypeWithEnum" : "OffsetDateTime",
    "dataFormat" : "date-time",
    "name" : "createdAt",
    "defaultValue" : "null",
    "defaultValueWithParam" : " = data.createdAt;",
    "baseType" : "OffsetDateTime",
    "jsonSchema" : "{\n  \"type\" : \"string\",\n  \"format\" : \"date-time\"\n}",
    "exclusiveMinimum" : false,
    "exclusiveMaximum" : false,
    "hasMore" : false,
    "required" : false,
    "secondaryParam" : false,
    "hasMoreNonReadOnly" : false,
    "isPrimitiveType" : false,
    "isContainer" : false,
    "isNotContainer" : true,
    "isString" : false,
    "isNumeric" : false,
    "isInteger" : false,
    "isLong" : false,
    "isNumber" : false,
    "isFloat" : false,
    "isDouble" : false,
    "isByteArray" : false,
    "isBinary" : false,
    "isFile" : false,
    "isBoolean" : false,
    "isDate" : false,
    "isDateTime" : true,
    "isUuid" : false,
    "isListContainer" : false,
    "isMapContainer" : false,
    "isEnum" : false,
    "isReadOnly" : false,
    "vendorExtensions" : { },
    "hasValidation" : false,
    "isInherited" : false,
    "nameInCamelCase" : "CreatedAt",
    "isXmlAttribute" : false,
    "isXmlWrapped" : false
  } ],
  "readOnlyVars" : [ ],
  "readWriteVars" : [ {
    "baseName" : "id",
    "getter" : "getId",
    "setter" : "setId",
    "datatype" : "Long",
    "datatypeWithEnum" : "Long",
    "dataFormat" : "int64",
    "name" : "id",
    "defaultValue" : "null",
    "defaultValueWithParam" : " = data.id;",
    "baseType" : "Long",
    "jsonSchema" : "{\n  \"type\" : \"integer\",\n  \"format\" : \"int64\"\n}",
    "exclusiveMinimum" : false,
    "exclusiveMaximum" : false,
    "hasMore" : true,
    "required" : true,
    "secondaryParam" : false,
    "hasMoreNonReadOnly" : true,
    "isPrimitiveType" : true,
    "isContainer" : false,
    "isNotContainer" : true,
    "isString" : false,
    "isNumeric" : true,
    "isInteger" : false,
    "isLong" : true,
    "isNumber" : false,
    "isFloat" : false,
    "isDouble" : false,
    "isByteArray" : false,
    "isBinary" : false,
    "isFile" : false,
    "isBoolean" : false,
    "isDate" : false,
    "isDateTime" : false,
    "isUuid" : false,
    "isListContainer" : false,
    "isMapContainer" : false,
    "isEnum" : false,
    "isReadOnly" : false,
    "vendorExtensions" : { },
    "hasValidation" : false,
    "isInherited" : false,
    "nameInCamelCase" : "Id",
    "isXmlAttribute" : false,
    "isXmlWrapped" : false
  }, {
    "baseName" : "theDate",
    "complexType" : "LocalDate",
    "getter" : "getTheDate",
    "setter" : "setTheDate",
    "datatype" : "LocalDate",
    "datatypeWithEnum" : "LocalDate",
    "dataFormat" : "date",
    "name" : "theDate",
    "defaultValue" : "null",
    "defaultValueWithParam" : " = data.theDate;",
    "baseType" : "LocalDate",
    "jsonSchema" : "{\n  \"type\" : \"string\",\n  \"format\" : \"date\"\n}",
    "exclusiveMinimum" : false,
    "exclusiveMaximum" : false,
    "hasMore" : true,
    "required" : false,
    "secondaryParam" : false,
    "hasMoreNonReadOnly" : true,
    "isPrimitiveType" : false,
    "isContainer" : false,
    "isNotContainer" : true,
    "isString" : false,
    "isNumeric" : false,
    "isInteger" : false,
    "isLong" : false,
    "isNumber" : false,
    "isFloat" : false,
    "isDouble" : false,
    "isByteArray" : false,
    "isBinary" : false,
    "isFile" : false,
    "isBoolean" : false,
    "isDate" : true,
    "isDateTime" : false,
    "isUuid" : false,
    "isListContainer" : false,
    "isMapContainer" : false,
    "isEnum" : false,
    "isReadOnly" : false,
    "vendorExtensions" : { },
    "hasValidation" : false,
    "isInherited" : false,
    "nameInCamelCase" : "TheDate",
    "isXmlAttribute" : false,
    "isXmlWrapped" : false
  }, {
    "baseName" : "createdAt",
    "complexType" : "OffsetDateTime",
    "getter" : "getCreatedAt",
    "setter" : "setCreatedAt",
    "datatype" : "OffsetDateTime",
    "datatypeWithEnum" : "OffsetDateTime",
    "dataFormat" : "date-time",
    "name" : "createdAt",
    "defaultValue" : "null",
    "defaultValueWithParam" : " = data.createdAt;",
    "baseType" : "OffsetDateTime",
    "jsonSchema" : "{\n  \"type\" : \"string\",\n  \"format\" : \"date-time\"\n}",
    "exclusiveMinimum" : false,
    "exclusiveMaximum" : false,
    "hasMore" : false,
    "required" : false,
    "secondaryParam" : false,
    "hasMoreNonReadOnly" : false,
    "isPrimitiveType" : false,
    "isContainer" : false,
    "isNotContainer" : true,
    "isString" : false,
    "isNumeric" : false,
    "isInteger" : false,
    "isLong" : false,
    "isNumber" : false,
    "isFloat" : false,
    "isDouble" : false,
    "isByteArray" : false,
    "isBinary" : false,
    "isFile" : false,
    "isBoolean" : false,
    "isDate" : false,
    "isDateTime" : true,
    "isUuid" : false,
    "isListContainer" : false,
    "isMapContainer" : false,
    "isEnum" : false,
    "isReadOnly" : false,
    "vendorExtensions" : { },
    "hasValidation" : false,
    "isInherited" : false,
    "nameInCamelCase" : "CreatedAt",
    "isXmlAttribute" : false,
    "isXmlWrapped" : false
  } ],
  "allVars" : [ {
    "baseName" : "id",
    "getter" : "getId",
    "setter" : "setId",
    "datatype" : "Long",
    "datatypeWithEnum" : "Long",
    "dataFormat" : "int64",
    "name" : "id",
    "defaultValue" : "null",
    "defaultValueWithParam" : " = data.id;",
    "baseType" : "Long",
    "jsonSchema" : "{\n  \"type\" : \"integer\",\n  \"format\" : \"int64\"\n}",
    "exclusiveMinimum" : false,
    "exclusiveMaximum" : false,
    "hasMore" : true,
    "required" : true,
    "secondaryParam" : false,
    "hasMoreNonReadOnly" : true,
    "isPrimitiveType" : true,
    "isContainer" : false,
    "isNotContainer" : true,
    "isString" : false,
    "isNumeric" : true,
    "isInteger" : false,
    "isLong" : true,
    "isNumber" : false,
    "isFloat" : false,
    "isDouble" : false,
    "isByteArray" : false,
    "isBinary" : false,
    "isFile" : false,
    "isBoolean" : false,
    "isDate" : false,
    "isDateTime" : false,
    "isUuid" : false,
    "isListContainer" : false,
    "isMapContainer" : false,
    "isEnum" : false,
    "isReadOnly" : false,
    "vendorExtensions" : { },
    "hasValidation" : false,
    "isInherited" : false,
    "nameInCamelCase" : "Id",
    "isXmlAttribute" : false,
    "isXmlWrapped" : false
  }, {
    "baseName" : "theDate",
    "complexType" : "LocalDate",
    "getter" : "getTheDate",
    "setter" : "setTheDate",
    "datatype" : "LocalDate",
    "datatypeWithEnum" : "LocalDate",
    "dataFormat" : "date",
    "name" : "theDate",
    "defaultValue" : "null",
    "defaultValueWithParam" : " = data.theDate;",
    "baseType" : "LocalDate",
    "jsonSchema" : "{\n  \"type\" : \"string\",\n  \"format\" : \"date\"\n}",
    "exclusiveMinimum" : false,
    "exclusiveMaximum" : false,
    "hasMore" : true,
    "required" : false,
    "secondaryParam" : false,
    "hasMoreNonReadOnly" : true,
    "isPrimitiveType" : false,
    "isContainer" : false,
    "isNotContainer" : true,
    "isString" : false,
    "isNumeric" : false,
    "isInteger" : false,
    "isLong" : false,
    "isNumber" : false,
    "isFloat" : false,
    "isDouble" : false,
    "isByteArray" : false,
    "isBinary" : false,
    "isFile" : false,
    "isBoolean" : false,
    "isDate" : true,
    "isDateTime" : false,
    "isUuid" : false,
    "isListContainer" : false,
    "isMapContainer" : false,
    "isEnum" : false,
    "isReadOnly" : false,
    "vendorExtensions" : { },
    "hasValidation" : false,
    "isInherited" : false,
    "nameInCamelCase" : "TheDate",
    "isXmlAttribute" : false,
    "isXmlWrapped" : false
  }, {
    "baseName" : "createdAt",
    "complexType" : "OffsetDateTime",
    "getter" : "getCreatedAt",
    "setter" : "setCreatedAt",
    "datatype" : "OffsetDateTime",
    "datatypeWithEnum" : "OffsetDateTime",
    "dataFormat" : "date-time",
    "name" : "createdAt",
    "defaultValue" : "null",
    "defaultValueWithParam" : " = data.createdAt;",
    "baseType" : "OffsetDateTime",
    "jsonSchema" : "{\n  \"type\" : \"string\",\n  \"format\" : \"date-time\"\n}",
    "exclusiveMinimum" : false,
    "exclusiveMaximum" : false,
    "hasMore" : false,
    "required" : false,
    "secondaryParam" : false,
    "hasMoreNonReadOnly" : false,
    "isPrimitiveType" : false,
    "isContainer" : false,
    "isNotContainer" : true,
    "isString" : false,
    "isNumeric" : false,
    "isInteger" : false,
    "isLong" : false,
    "isNumber" : false,
    "isFloat" : false,
    "isDouble" : false,
    "isByteArray" : false,
    "isBinary" : false,
    "isFile" : false,
    "isBoolean" : false,
    "isDate" : false,
    "isDateTime" : true,
    "isUuid" : false,
    "isListContainer" : false,
    "isMapContainer" : false,
    "isEnum" : false,
    "isReadOnly" : false,
    "vendorExtensions" : { },
    "hasValidation" : false,
    "isInherited" : false,
    "nameInCamelCase" : "CreatedAt",
    "isXmlAttribute" : false,
    "isXmlWrapped" : false
  } ],
  "parentVars" : [ ],
  "mandatory" : [ "id" ],
  "allMandatory" : [ "id" ],
  "imports" : [ "ApiModel", "ApiModelProperty", "JsonProperty", "LocalDate", "OffsetDateTime" ],
  "hasVars" : true,
  "emptyVars" : false,
  "hasMoreModels" : false,
  "hasEnums" : false,
  "isEnum" : false,
  "hasRequired" : true,
  "hasOptional" : true,
  "isArrayModel" : false,
  "hasChildren" : false,
  "hasOnlyReadOnly" : false,
  "vendorExtensions" : { }
}
[main] WARN io.swagger.codegen.ignore.CodegenIgnoreProcessorTest - Failed to create directories for CodegenIgnoreProcessorTest test file. Directory may already exist.
[main] WARN io.swagger.codegen.ignore.CodegenIgnoreProcessorTest - Failed to create directories for CodegenIgnoreProcessorTest test file. Directory may already exist.
[main] WARN io.swagger.codegen.ignore.CodegenIgnoreProcessorTest - Failed to create directories for CodegenIgnoreProcessorTest test file. Directory may already exist.
[main] WARN io.swagger.codegen.ignore.CodegenIgnoreProcessorTest - Failed to create directories for CodegenIgnoreProcessorTest test file. Directory may already exist.
[{hasMore=true, mediaType=application/vnd.company.v1+json}, {hasMore=true, mediaType=application/json}, {hasMore=true, mediaType=application/xml}, {hasMore=null, mediaType=text/plain}]
[main] INFO io.swagger.parser.Swagger20Parser - reading from src/test/resources/2_0/petstore-with-fake-endpoints-models-for-testing.yaml
[main] INFO io.swagger.parser.Swagger20Parser - reading from src/test/resources/2_0/petstore-with-fake-endpoints-models-for-testing.yaml
[main] WARN io.swagger.codegen.languages.CSharpClientCodegen - Invalid .NET framework version, defaulting to v4.5
[main] INFO io.swagger.codegen.languages.CSharpClientCodegen - Generating code for .NET Framework v4.5
[main] INFO org.reflections.Reflections - Reflections took 192 ms to scan 2 urls, producing 39 keys and 224 values 
[main] INFO io.swagger.codegen.languages.CSharpClientCodegen - adding parent variable SharedThing
[main] WARN io.swagger.util.PropertyDeserializer - no property from int, null, {ENUM=null, TITLE=null, DESCRIPTION=null, DEFAULT=null, PATTERN=null, DESCRIMINATOR=null, MIN_ITEMS=null, MAX_ITEMS=null, MIN_PROPERTIES=null, MAX_PROPERTIES=null, MIN_LENGTH=null, MAX_LENGTH=null, MINIMUM=null, MAXIMUM=null, EXCLUSIVE_MINIMUM=null, EXCLUSIVE_MAXIMUM=null, UNIQUE_ITEMS=null, EXAMPLE=null, TYPE=int, FORMAT=null, READ_ONLY=null, VENDOR_EXTENSIONS={}, MULTIPLE_OF=null}
[main] INFO io.swagger.codegen.languages.CSharpClientCodegen - Generating code for .NET Framework v4.5
[main] INFO io.swagger.codegen.AbstractGenerator - writing file /boom/scratch/tmp-rta/Bears_swagger-api-swagger-codegen_331677749-331695545_java-8/modules/swagger-codegen/target/test-classes/integrationtests/csharp/general/enum-support-result/src/IO.Swagger/Model/MyClassWithInvalidRequiredEnumUsageOnRef.cs
[main] INFO io.swagger.codegen.AbstractGenerator - writing file /boom/scratch/tmp-rta/Bears_swagger-api-swagger-codegen_331677749-331695545_java-8/modules/swagger-codegen/target/test-classes/integrationtests/csharp/general/enum-support-result/src/IO.Swagger/Model/MyClassWithOptionalEnum.cs
[main] INFO io.swagger.codegen.AbstractGenerator - writing file /boom/scratch/tmp-rta/Bears_swagger-api-swagger-codegen_331677749-331695545_java-8/modules/swagger-codegen/target/test-classes/integrationtests/csharp/general/enum-support-result/src/IO.Swagger/Model/MyClassWithOptionalInlineEnum.cs
[main] INFO io.swagger.codegen.AbstractGenerator - writing file /boom/scratch/tmp-rta/Bears_swagger-api-swagger-codegen_331677749-331695545_java-8/modules/swagger-codegen/target/test-classes/integrationtests/csharp/general/enum-support-result/src/IO.Swagger/Model/MyClassWithRequiredInlineEnum.cs
[main] INFO io.swagger.codegen.AbstractGenerator - writing file /boom/scratch/tmp-rta/Bears_swagger-api-swagger-codegen_331677749-331695545_java-8/modules/swagger-codegen/target/test-classes/integrationtests/csharp/general/enum-support-result/src/IO.Swagger/Model/WeekDays.cs
[main] INFO io.swagger.parser.Swagger20Parser - reading from src/test/resources/2_0/datePropertyTest.json
[main] INFO io.swagger.parser.Swagger20Parser - reading from src/test/resources/2_0/petstore-with-fake-endpoints-models-for-testing.yaml
[main] INFO io.swagger.parser.Swagger20Parser - reading from src/test/resources/2_0/petstore-with-fake-endpoints-models-for-testing.yaml
[main] INFO io.swagger.parser.Swagger20Parser - reading from src/test/resources/2_0/binaryDataTest.json
[main] INFO io.swagger.parser.Swagger20Parser - reading from src/test/resources/2_0/petstore-with-fake-endpoints-models-for-testing.yaml
[main] INFO io.swagger.parser.Swagger20Parser - reading from src/test/resources/2_0/postBodyTest.json
[main] WARN io.swagger.codegen.DefaultCodegen - Empty operationId found for path: POST /animals. Renamed to auto-generated operationId: animalsPOST
[main] WARN io.swagger.codegen.DefaultCodegen - Empty operationId found for path: POST /insects. Renamed to auto-generated operationId: insectsPOST
[main] INFO io.swagger.parser.Swagger20Parser - reading from src/test/resources/2_0/petstore-with-fake-endpoints-models-for-testing.yaml
[main] INFO io.swagger.parser.Swagger20Parser - reading from src/test/resources/2_0/petstore-with-fake-endpoints-models-for-testing.yaml
[main] INFO io.swagger.parser.Swagger20Parser - reading from src/test/resources/2_0/pathWithHtmlEntity.yaml
[main] INFO io.swagger.codegen.ignore.CodegenIgnoreProcessor - No .swagger-codegen-ignore file found.
[main] WARN io.swagger.codegen.DefaultCodegen - Empty operationId found for path: get /foo=bar. Renamed to auto-generated operationId: foobarGet
[main] INFO io.swagger.codegen.AbstractGenerator - writing file /tmp/junit1820370282705643598/lib/swagger_client/api/default_api.rb
[main] INFO io.swagger.codegen.AbstractGenerator - writing file /tmp/junit1820370282705643598/spec/api/default_api_spec.rb
[main] INFO io.swagger.codegen.AbstractGenerator - writing file /tmp/junit1820370282705643598/docs/DefaultApi.md
[main] INFO io.swagger.codegen.AbstractGenerator - writing file /tmp/junit1820370282705643598/swagger_client.gemspec
[main] INFO io.swagger.codegen.AbstractGenerator - writing file /tmp/junit1820370282705643598/lib/swagger_client.rb
[main] INFO io.swagger.codegen.AbstractGenerator - writing file /tmp/junit1820370282705643598/lib/swagger_client/api_client.rb
[main] INFO io.swagger.codegen.AbstractGenerator - writing file /tmp/junit1820370282705643598/lib/swagger_client/api_error.rb
[main] INFO io.swagger.codegen.AbstractGenerator - writing file /tmp/junit1820370282705643598/lib/swagger_client/configuration.rb
[main] INFO io.swagger.codegen.AbstractGenerator - writing file /tmp/junit1820370282705643598/lib/swagger_client/version.rb
[main] INFO io.swagger.codegen.AbstractGenerator - writing file /tmp/junit1820370282705643598/README.md
[main] INFO io.swagger.codegen.AbstractGenerator - writing file /tmp/junit1820370282705643598/git_push.sh
[main] INFO io.swagger.codegen.AbstractGenerator - writing file /tmp/junit1820370282705643598/.gitignore
[main] INFO io.swagger.codegen.AbstractGenerator - writing file /tmp/junit1820370282705643598/Rakefile
[main] INFO io.swagger.codegen.AbstractGenerator - writing file /tmp/junit1820370282705643598/Gemfile
[main] INFO io.swagger.codegen.AbstractGenerator - writing file /tmp/junit1820370282705643598/.rspec
[main] INFO io.swagger.codegen.AbstractGenerator - writing file /tmp/junit1820370282705643598/spec/spec_helper.rb
[main] INFO io.swagger.codegen.AbstractGenerator - writing file /tmp/junit1820370282705643598/spec/configuration_spec.rb
[main] INFO io.swagger.codegen.AbstractGenerator - writing file /tmp/junit1820370282705643598/spec/api_client_spec.rb
[main] INFO io.swagger.codegen.AbstractGenerator - writing file /tmp/junit1820370282705643598/.swagger-codegen-ignore
[main] INFO io.swagger.codegen.AbstractGenerator - writing file /tmp/junit1820370282705643598/.swagger-codegen/VERSION
[main] INFO io.swagger.codegen.config.CodegenConfigurator - 
VERBOSE MODE: ON. Additional debug options are injected
 - [debugSwagger] prints the swagger specification as interpreted by the codegen
 - [debugModels] prints models passed to the template engine
 - [debugOperations] prints operations passed to the template engine
 - [debugSupportingFiles] prints additional data passed to the template engine
[main] INFO io.swagger.parser.Swagger20Parser - reading from src/test/resources/2_0/binaryDataTest.json
[main] INFO io.swagger.parser.Swagger20Parser - reading from src/test/resources/2_0/datePropertyTest.json
[main] INFO io.swagger.parser.Swagger20Parser - reading from src/test/resources/2_0/petstore-bash.json
[main] INFO io.swagger.parser.Swagger20Parser - reading from src/test/resources/2_0/petstore-bash.json
[main] INFO io.swagger.parser.Swagger20Parser - reading from src/test/resources/1_2/petstore-1.2/api-docs
[main] INFO io.swagger.parser.Swagger20Parser - reading from src/test/resources/1_2/petstore-1.2/api-docs
[main] INFO org.reflections.Reflections - Reflections took 90 ms to scan 2 urls, producing 39 keys and 224 values 
[main] INFO org.reflections.Reflections - Reflections took 78 ms to scan 2 urls, producing 39 keys and 224 values 
[main] INFO io.swagger.parser.Swagger20Parser - reading from src/test/resources/2_0/binaryDataTest.json
[main] WARN io.swagger.codegen.DefaultCodegen - escapeUnsafeCharacters should be overridden in the code generator with proper logic to escape unsafe characters
[main] WARN io.swagger.codegen.DefaultCodegen - escapeQuotationMark should be overridden in the code generator with proper logic to escape single/double quote
[main] WARN io.swagger.codegen.DefaultCodegen - escapeUnsafeCharacters should be overridden in the code generator with proper logic to escape unsafe characters
[main] WARN io.swagger.codegen.DefaultCodegen - escapeQuotationMark should be overridden in the code generator with proper logic to escape single/double quote
[main] WARN io.swagger.codegen.DefaultCodegen - escapeUnsafeCharacters should be overridden in the code generator with proper logic to escape unsafe characters
[main] WARN io.swagger.codegen.DefaultCodegen - escapeUnsafeCharacters should be overridden in the code generator with proper logic to escape unsafe characters
[main] INFO io.swagger.parser.Swagger20Parser - reading from src/test/resources/2_0/petstore.json
[main] WARN io.swagger.codegen.DefaultCodegen - escapeUnsafeCharacters should be overridden in the code generator with proper logic to escape unsafe characters
[main] WARN io.swagger.codegen.DefaultCodegen - escapeUnsafeCharacters should be overridden in the code generator with proper logic to escape unsafe characters
[main] WARN io.swagger.codegen.DefaultCodegen - escapeQuotationMark should be overridden in the code generator with proper logic to escape single/double quote
[main] WARN io.swagger.codegen.DefaultCodegen - escapeUnsafeCharacters should be overridden in the code generator with proper logic to escape unsafe characters
[main] WARN io.swagger.codegen.DefaultCodegen - escapeQuotationMark should be overridden in the code generator with proper logic to escape single/double quote
[main] WARN io.swagger.codegen.DefaultCodegen - escapeUnsafeCharacters should be overridden in the code generator with proper logic to escape unsafe characters
[main] WARN io.swagger.codegen.DefaultCodegen - escapeUnsafeCharacters should be overridden in the code generator with proper logic to escape unsafe characters
[main] WARN io.swagger.codegen.DefaultCodegen - escapeUnsafeCharacters should be overridden in the code generator with proper logic to escape unsafe characters
[main] WARN io.swagger.codegen.DefaultCodegen - escapeUnsafeCharacters should be overridden in the code generator with proper logic to escape unsafe characters
[main] WARN io.swagger.codegen.DefaultCodegen - escapeUnsafeCharacters should be overridden in the code generator with proper logic to escape unsafe characters
[main] INFO io.swagger.parser.Swagger20Parser - reading from src/test/resources/2_0/discriminatorTest.json
[main] WARN io.swagger.codegen.DefaultCodegen - escapeUnsafeCharacters should be overridden in the code generator with proper logic to escape unsafe characters
[main] WARN io.swagger.codegen.DefaultCodegen - escapeUnsafeCharacters should be overridden in the code generator with proper logic to escape unsafe characters
[main] WARN io.swagger.codegen.DefaultCodegen - escapeQuotationMark should be overridden in the code generator with proper logic to escape single/double quote
[main] WARN io.swagger.codegen.DefaultCodegen - escapeUnsafeCharacters should be overridden in the code generator with proper logic to escape unsafe characters
[main] WARN io.swagger.codegen.DefaultCodegen - escapeQuotationMark should be overridden in the code generator with proper logic to escape single/double quote
[main] WARN io.swagger.codegen.DefaultCodegen - escapeUnsafeCharacters should be overridden in the code generator with proper logic to escape unsafe characters
[main] WARN io.swagger.codegen.DefaultCodegen - escapeUnsafeCharacters should be overridden in the code generator with proper logic to escape unsafe characters
[main] WARN io.swagger.codegen.DefaultCodegen - escapeUnsafeCharacters should be overridden in the code generator with proper logic to escape unsafe characters
[main] WARN io.swagger.codegen.DefaultCodegen - escapeUnsafeCharacters should be overridden in the code generator with proper logic to escape unsafe characters
[main] INFO io.swagger.parser.Swagger20Parser - reading from src/test/resources/2_0/petstore.json
[main] WARN io.swagger.codegen.DefaultCodegen - escapeUnsafeCharacters should be overridden in the code generator with proper logic to escape unsafe characters
[main] WARN io.swagger.codegen.DefaultCodegen - escapeUnsafeCharacters should be overridden in the code generator with proper logic to escape unsafe characters
[main] WARN io.swagger.codegen.DefaultCodegen - escapeQuotationMark should be overridden in the code generator with proper logic to escape single/double quote
[main] WARN io.swagger.codegen.DefaultCodegen - escapeUnsafeCharacters should be overridden in the code generator with proper logic to escape unsafe characters
[main] WARN io.swagger.codegen.DefaultCodegen - escapeQuotationMark should be overridden in the code generator with proper logic to escape single/double quote
[main] WARN io.swagger.codegen.DefaultCodegen - escapeUnsafeCharacters should be overridden in the code generator with proper logic to escape unsafe characters
[main] WARN io.swagger.codegen.DefaultCodegen - escapeUnsafeCharacters should be overridden in the code generator with proper logic to escape unsafe characters
[main] WARN io.swagger.codegen.DefaultCodegen - escapeUnsafeCharacters should be overridden in the code generator with proper logic to escape unsafe characters
[main] WARN io.swagger.codegen.DefaultCodegen - escapeUnsafeCharacters should be overridden in the code generator with proper logic to escape unsafe characters
[main] WARN io.swagger.codegen.DefaultCodegen - escapeUnsafeCharacters should be overridden in the code generator with proper logic to escape unsafe characters
[main] WARN io.swagger.codegen.DefaultCodegen - escapeUnsafeCharacters should be overridden in the code generator with proper logic to escape unsafe characters
[main] WARN io.swagger.codegen.DefaultCodegen - escapeUnsafeCharacters should be overridden in the code generator with proper logic to escape unsafe characters
[main] WARN io.swagger.codegen.DefaultCodegen - escapeUnsafeCharacters should be overridden in the code generator with proper logic to escape unsafe characters
[main] WARN io.swagger.codegen.DefaultCodegen - escapeUnsafeCharacters should be overridden in the code generator with proper logic to escape unsafe characters
[main] WARN io.swagger.codegen.DefaultCodegen - escapeUnsafeCharacters should be overridden in the code generator with proper logic to escape unsafe characters
[main] WARN io.swagger.codegen.DefaultCodegen - escapeUnsafeCharacters should be overridden in the code generator with proper logic to escape unsafe characters
[main] WARN io.swagger.codegen.DefaultCodegen - escapeUnsafeCharacters should be overridden in the code generator with proper logic to escape unsafe characters
[main] WARN io.swagger.codegen.DefaultCodegen - escapeUnsafeCharacters should be overridden in the code generator with proper logic to escape unsafe characters
[main] WARN io.swagger.codegen.DefaultCodegen - escapeUnsafeCharacters should be overridden in the code generator with proper logic to escape unsafe characters
[main] WARN io.swagger.codegen.DefaultCodegen - escapeUnsafeCharacters should be overridden in the code generator with proper logic to escape unsafe characters
[main] WARN io.swagger.codegen.DefaultCodegen - escapeUnsafeCharacters should be overridden in the code generator with proper logic to escape unsafe characters
[main] WARN io.swagger.codegen.DefaultCodegen - escapeUnsafeCharacters should be overridden in the code generator with proper logic to escape unsafe characters
[main] INFO io.swagger.parser.Swagger20Parser - reading from src/test/resources/2_0/petstore.json
[main] WARN io.swagger.codegen.DefaultCodegen - escapeUnsafeCharacters should be overridden in the code generator with proper logic to escape unsafe characters
[main] WARN io.swagger.codegen.DefaultCodegen - escapeUnsafeCharacters should be overridden in the code generator with proper logic to escape unsafe characters
[main] WARN io.swagger.codegen.DefaultCodegen - escapeQuotationMark should be overridden in the code generator with proper logic to escape single/double quote
[main] WARN io.swagger.codegen.DefaultCodegen - escapeUnsafeCharacters should be overridden in the code generator with proper logic to escape unsafe characters
[main] WARN io.swagger.codegen.DefaultCodegen - escapeQuotationMark should be overridden in the code generator with proper logic to escape single/double quote
[main] WARN io.swagger.codegen.DefaultCodegen - escapeUnsafeCharacters should be overridden in the code generator with proper logic to escape unsafe characters
[main] WARN io.swagger.codegen.DefaultCodegen - escapeUnsafeCharacters should be overridden in the code generator with proper logic to escape unsafe characters
[main] WARN io.swagger.codegen.DefaultCodegen - escapeUnsafeCharacters should be overridden in the code generator with proper logic to escape unsafe characters
[main] WARN io.swagger.codegen.DefaultCodegen - escapeUnsafeCharacters should be overridden in the code generator with proper logic to escape unsafe characters
[main] WARN io.swagger.codegen.DefaultCodegen - escapeUnsafeCharacters should be overridden in the code generator with proper logic to escape unsafe characters
[main] WARN io.swagger.codegen.DefaultCodegen - escapeUnsafeCharacters should be overridden in the code generator with proper logic to escape unsafe characters
[main] WARN io.swagger.codegen.DefaultCodegen - escapeUnsafeCharacters should be overridden in the code generator with proper logic to escape unsafe characters
[main] WARN io.swagger.codegen.DefaultCodegen - escapeUnsafeCharacters should be overridden in the code generator with proper logic to escape unsafe characters
[main] WARN io.swagger.codegen.DefaultCodegen - escapeUnsafeCharacters should be overridden in the code generator with proper logic to escape unsafe characters
[main] WARN io.swagger.codegen.DefaultCodegen - escapeUnsafeCharacters should be overridden in the code generator with proper logic to escape unsafe characters
[main] WARN io.swagger.codegen.DefaultCodegen - escapeUnsafeCharacters should be overridden in the code generator with proper logic to escape unsafe characters
[main] WARN io.swagger.codegen.DefaultCodegen - escapeUnsafeCharacters should be overridden in the code generator with proper logic to escape unsafe characters
[main] WARN io.swagger.codegen.DefaultCodegen - escapeUnsafeCharacters should be overridden in the code generator with proper logic to escape unsafe characters
[main] WARN io.swagger.codegen.DefaultCodegen - escapeUnsafeCharacters should be overridden in the code generator with proper logic to escape unsafe characters
[main] WARN io.swagger.codegen.DefaultCodegen - escapeUnsafeCharacters should be overridden in the code generator with proper logic to escape unsafe characters
[main] WARN io.swagger.codegen.DefaultCodegen - escapeUnsafeCharacters should be overridden in the code generator with proper logic to escape unsafe characters
[main] WARN io.swagger.codegen.DefaultCodegen - escapeUnsafeCharacters should be overridden in the code generator with proper logic to escape unsafe characters
[main] INFO io.swagger.parser.Swagger20Parser - reading from src/test/resources/2_0/fileResponseTest.json
[main] WARN io.swagger.codegen.DefaultCodegen - escapeQuotationMark should be overridden in the code generator with proper logic to escape single/double quote
[main] WARN io.swagger.codegen.DefaultCodegen - escapeUnsafeCharacters should be overridden in the code generator with proper logic to escape unsafe characters
[main] WARN io.swagger.codegen.DefaultCodegen - escapeUnsafeCharacters should be overridden in the code generator with proper logic to escape unsafe characters
[main] INFO io.swagger.parser.Swagger20Parser - reading from src/test/resources/2_0/petstore.json
[main] WARN io.swagger.codegen.DefaultCodegen - escapeUnsafeCharacters should be overridden in the code generator with proper logic to escape unsafe characters
[main] WARN io.swagger.codegen.DefaultCodegen - escapeUnsafeCharacters should be overridden in the code generator with proper logic to escape unsafe characters
[main] WARN io.swagger.codegen.DefaultCodegen - escapeQuotationMark should be overridden in the code generator with proper logic to escape single/double quote
[main] WARN io.swagger.codegen.DefaultCodegen - escapeUnsafeCharacters should be overridden in the code generator with proper logic to escape unsafe characters
[main] WARN io.swagger.codegen.DefaultCodegen - escapeQuotationMark should be overridden in the code generator with proper logic to escape single/double quote
[main] WARN io.swagger.codegen.DefaultCodegen - escapeUnsafeCharacters should be overridden in the code generator with proper logic to escape unsafe characters
[main] WARN io.swagger.codegen.DefaultCodegen - escapeQuotationMark should be overridden in the code generator with proper logic to escape single/double quote
[main] WARN io.swagger.codegen.DefaultCodegen - escapeUnsafeCharacters should be overridden in the code generator with proper logic to escape unsafe characters
[main] WARN io.swagger.codegen.DefaultCodegen - escapeUnsafeCharacters should be overridden in the code generator with proper logic to escape unsafe characters
[main] WARN io.swagger.codegen.DefaultCodegen - escapeUnsafeCharacters should be overridden in the code generator with proper logic to escape unsafe characters
[main] WARN io.swagger.codegen.DefaultCodegen - escapeUnsafeCharacters should be overridden in the code generator with proper logic to escape unsafe characters
[main] WARN io.swagger.codegen.DefaultCodegen - escapeUnsafeCharacters should be overridden in the code generator with proper logic to escape unsafe characters
[main] INFO io.swagger.parser.Swagger20Parser - reading from src/test/resources/2_0/petstore.json
[main] WARN io.swagger.codegen.DefaultCodegen - escapeUnsafeCharacters should be overridden in the code generator with proper logic to escape unsafe characters
[main] WARN io.swagger.codegen.DefaultCodegen - escapeUnsafeCharacters should be overridden in the code generator with proper logic to escape unsafe characters
[main] WARN io.swagger.codegen.DefaultCodegen - escapeQuotationMark should be overridden in the code generator with proper logic to escape single/double quote
[main] WARN io.swagger.codegen.DefaultCodegen - escapeUnsafeCharacters should be overridden in the code generator with proper logic to escape unsafe characters
[main] WARN io.swagger.codegen.DefaultCodegen - escapeQuotationMark should be overridden in the code generator with proper logic to escape single/double quote
[main] WARN io.swagger.codegen.DefaultCodegen - escapeUnsafeCharacters should be overridden in the code generator with proper logic to escape unsafe characters
[main] WARN io.swagger.codegen.DefaultCodegen - escapeQuotationMark should be overridden in the code generator with proper logic to escape single/double quote
[main] WARN io.swagger.codegen.DefaultCodegen - escapeUnsafeCharacters should be overridden in the code generator with proper logic to escape unsafe characters
[main] WARN io.swagger.codegen.DefaultCodegen - escapeUnsafeCharacters should be overridden in the code generator with proper logic to escape unsafe characters
[main] WARN io.swagger.codegen.DefaultCodegen - escapeUnsafeCharacters should be overridden in the code generator with proper logic to escape unsafe characters
[main] WARN io.swagger.codegen.DefaultCodegen - escapeUnsafeCharacters should be overridden in the code generator with proper logic to escape unsafe characters
[main] WARN io.swagger.codegen.DefaultCodegen - escapeUnsafeCharacters should be overridden in the code generator with proper logic to escape unsafe characters
[main] INFO io.swagger.parser.Swagger20Parser - reading from src/test/resources/2_0/globalConsumesAndProduces.json
[main] WARN io.swagger.codegen.DefaultCodegen - escapeUnsafeCharacters should be overridden in the code generator with proper logic to escape unsafe characters
[main] WARN io.swagger.codegen.DefaultCodegen - escapeUnsafeCharacters should be overridden in the code generator with proper logic to escape unsafe characters
[main] WARN io.swagger.codegen.DefaultCodegen - escapeQuotationMark should be overridden in the code generator with proper logic to escape single/double quote
[main] WARN io.swagger.codegen.DefaultCodegen - escapeUnsafeCharacters should be overridden in the code generator with proper logic to escape unsafe characters
[main] WARN io.swagger.codegen.DefaultCodegen - escapeQuotationMark should be overridden in the code generator with proper logic to escape single/double quote
[main] WARN io.swagger.codegen.DefaultCodegen - escapeUnsafeCharacters should be overridden in the code generator with proper logic to escape unsafe characters
[main] WARN io.swagger.codegen.DefaultCodegen - escapeUnsafeCharacters should be overridden in the code generator with proper logic to escape unsafe characters
[main] INFO io.swagger.parser.Swagger20Parser - reading from src/test/resources/2_0/allOfTest.yaml
[main] INFO io.swagger.parser.Swagger20Parser - reading from src/test/resources/2_0/globalConsumesAndProduces.json
[main] WARN io.swagger.codegen.DefaultCodegen - escapeUnsafeCharacters should be overridden in the code generator with proper logic to escape unsafe characters
[main] WARN io.swagger.codegen.DefaultCodegen - escapeUnsafeCharacters should be overridden in the code generator with proper logic to escape unsafe characters
[main] WARN io.swagger.codegen.DefaultCodegen - escapeQuotationMark should be overridden in the code generator with proper logic to escape single/double quote
[main] WARN io.swagger.codegen.DefaultCodegen - escapeUnsafeCharacters should be overridden in the code generator with proper logic to escape unsafe characters
[main] WARN io.swagger.codegen.DefaultCodegen - escapeQuotationMark should be overridden in the code generator with proper logic to escape single/double quote
[main] WARN io.swagger.codegen.DefaultCodegen - escapeUnsafeCharacters should be overridden in the code generator with proper logic to escape unsafe characters
[main] WARN io.swagger.codegen.DefaultCodegen - escapeUnsafeCharacters should be overridden in the code generator with proper logic to escape unsafe characters
[main] INFO io.swagger.parser.Swagger20Parser - reading from src/test/resources/2_0/globalConsumesAndProduces.json
[main] WARN io.swagger.codegen.DefaultCodegen - escapeUnsafeCharacters should be overridden in the code generator with proper logic to escape unsafe characters
[main] WARN io.swagger.codegen.DefaultCodegen - escapeUnsafeCharacters should be overridden in the code generator with proper logic to escape unsafe characters
[main] WARN io.swagger.codegen.DefaultCodegen - escapeUnsafeCharacters should be overridden in the code generator with proper logic to escape unsafe characters
[main] INFO io.swagger.parser.Swagger20Parser - reading from src/test/resources/2_0/allOfTest.yaml
[main] INFO io.swagger.parser.Swagger20Parser - reading from src/test/resources/2_0/allOfTest.yaml
[main] INFO io.swagger.parser.Swagger20Parser - reading from src/test/resources/2_0/allOfTest.yaml
[main] INFO io.swagger.parser.Swagger20Parser - reading from src/test/resources/2_0/allOfTest.yaml
[main] INFO io.swagger.parser.Swagger20Parser - reading from src/test/resources/2_0/requiredTest.json
[main] WARN io.swagger.codegen.DefaultCodegen - escapeUnsafeCharacters should be overridden in the code generator with proper logic to escape unsafe characters
[main] WARN io.swagger.codegen.DefaultCodegen - escapeUnsafeCharacters should be overridden in the code generator with proper logic to escape unsafe characters
[main] WARN io.swagger.codegen.DefaultCodegen - escapeQuotationMark should be overridden in the code generator with proper logic to escape single/double quote
[main] WARN io.swagger.codegen.DefaultCodegen - escapeUnsafeCharacters should be overridden in the code generator with proper logic to escape unsafe characters
[main] WARN io.swagger.codegen.DefaultCodegen - escapeUnsafeCharacters should be overridden in the code generator with proper logic to escape unsafe characters
[main] WARN io.swagger.codegen.DefaultCodegen - escapeUnsafeCharacters should be overridden in the code generator with proper logic to escape unsafe characters
[main] WARN io.swagger.codegen.DefaultCodegen - escapeUnsafeCharacters should be overridden in the code generator with proper logic to escape unsafe characters
[main] INFO io.swagger.parser.Swagger20Parser - reading from src/test/resources/2_0/responseSelectionTest.json
[main] WARN io.swagger.codegen.DefaultCodegen - escapeUnsafeCharacters should be overridden in the code generator with proper logic to escape unsafe characters
[main] WARN io.swagger.codegen.DefaultCodegen - escapeUnsafeCharacters should be overridden in the code generator with proper logic to escape unsafe characters
[main] WARN io.swagger.codegen.DefaultCodegen - escapeQuotationMark should be overridden in the code generator with proper logic to escape single/double quote
[main] WARN io.swagger.codegen.DefaultCodegen - escapeUnsafeCharacters should be overridden in the code generator with proper logic to escape unsafe characters
[main] WARN io.swagger.codegen.DefaultCodegen - escapeUnsafeCharacters should be overridden in the code generator with proper logic to escape unsafe characters
[main] WARN io.swagger.codegen.DefaultCodegen - escapeUnsafeCharacters should be overridden in the code generator with proper logic to escape unsafe characters
[main] WARN io.swagger.codegen.DefaultCodegen - escapeUnsafeCharacters should be overridden in the code generator with proper logic to escape unsafe characters
[main] WARN io.swagger.codegen.DefaultCodegen - escapeUnsafeCharacters should be overridden in the code generator with proper logic to escape unsafe characters
[main] WARN io.swagger.codegen.DefaultCodegen - escapeUnsafeCharacters should be overridden in the code generator with proper logic to escape unsafe characters
[main] WARN io.swagger.codegen.DefaultCodegen - escapeUnsafeCharacters should be overridden in the code generator with proper logic to escape unsafe characters
[main] INFO io.swagger.parser.Swagger20Parser - reading from src/test/resources/2_0/responseSelectionTest.json
[main] WARN io.swagger.codegen.DefaultCodegen - escapeUnsafeCharacters should be overridden in the code generator with proper logic to escape unsafe characters
[main] WARN io.swagger.codegen.DefaultCodegen - escapeUnsafeCharacters should be overridden in the code generator with proper logic to escape unsafe characters
[main] WARN io.swagger.codegen.DefaultCodegen - escapeQuotationMark should be overridden in the code generator with proper logic to escape single/double quote
[main] WARN io.swagger.codegen.DefaultCodegen - escapeUnsafeCharacters should be overridden in the code generator with proper logic to escape unsafe characters
[main] WARN io.swagger.codegen.DefaultCodegen - escapeUnsafeCharacters should be overridden in the code generator with proper logic to escape unsafe characters
[main] WARN io.swagger.codegen.DefaultCodegen - escapeUnsafeCharacters should be overridden in the code generator with proper logic to escape unsafe characters
[main] WARN io.swagger.codegen.DefaultCodegen - escapeUnsafeCharacters should be overridden in the code generator with proper logic to escape unsafe characters
[main] INFO io.swagger.parser.Swagger20Parser - reading from src/test/resources/2_0/allOfTest.yaml
[main] INFO io.swagger.parser.Swagger20Parser - reading from src/test/resources/2_0/allOfTest.yaml
[main] INFO io.swagger.parser.Swagger20Parser - reading from src/test/resources/2_0/allOfTest.yaml
[main] INFO io.swagger.parser.Swagger20Parser - reading from src/test/resources/2_0/duplicateOperationIds.yaml
[main] INFO io.swagger.codegen.ignore.CodegenIgnoreProcessor - No .swagger-codegen-ignore file found.
[main] WARN io.swagger.codegen.DefaultCodegen - generated unique operationId `duplicate_0`
[main] INFO io.swagger.parser.Swagger20Parser - reading from src/test/resources/petstore.json
[main] INFO io.swagger.codegen.ignore.CodegenIgnoreProcessor - No .swagger-codegen-ignore file found.
[main] INFO io.swagger.codegen.AbstractGenerator - writing file /tmp/junit9030332223798463185/src/main/java/io/swagger/client/model/Category.java
[main] INFO io.swagger.codegen.AbstractGenerator - writing file /tmp/junit9030332223798463185/docs/Category.md
[main] INFO io.swagger.codegen.AbstractGenerator - writing file /tmp/junit9030332223798463185/src/main/java/io/swagger/client/model/Order.java
[main] INFO io.swagger.codegen.AbstractGenerator - writing file /tmp/junit9030332223798463185/docs/Order.md
[main] INFO io.swagger.codegen.AbstractGenerator - writing file /tmp/junit9030332223798463185/src/main/java/io/swagger/client/model/Pet.java
[main] INFO io.swagger.codegen.AbstractGenerator - writing file /tmp/junit9030332223798463185/docs/Pet.md
[main] INFO io.swagger.codegen.AbstractGenerator - writing file /tmp/junit9030332223798463185/src/main/java/io/swagger/client/model/Tag.java
[main] INFO io.swagger.codegen.AbstractGenerator - writing file /tmp/junit9030332223798463185/docs/Tag.md
[main] INFO io.swagger.codegen.AbstractGenerator - writing file /tmp/junit9030332223798463185/src/main/java/io/swagger/client/model/User.java
[main] INFO io.swagger.codegen.AbstractGenerator - writing file /tmp/junit9030332223798463185/docs/User.md
[main] WARN io.swagger.codegen.examples.XmlExampleGenerator - default example value not implemented for io.swagger.models.properties.MapProperty@6e901cd0
[main] INFO io.swagger.codegen.AbstractGenerator - writing file /tmp/junit9030332223798463185/src/main/java/io/swagger/client/api/PetApi.java
[main] INFO io.swagger.codegen.AbstractGenerator - writing file /tmp/junit9030332223798463185/src/test/java/io/swagger/client/api/PetApiTest.java
[main] INFO io.swagger.codegen.AbstractGenerator - writing file /tmp/junit9030332223798463185/docs/PetApi.md
[main] INFO io.swagger.codegen.AbstractGenerator - writing file /tmp/junit9030332223798463185/src/main/java/io/swagger/client/api/StoreApi.java
[main] INFO io.swagger.codegen.AbstractGenerator - writing file /tmp/junit9030332223798463185/src/test/java/io/swagger/client/api/StoreApiTest.java
[main] INFO io.swagger.codegen.AbstractGenerator - writing file /tmp/junit9030332223798463185/docs/StoreApi.md
[main] INFO io.swagger.codegen.AbstractGenerator - writing file /tmp/junit9030332223798463185/src/main/java/io/swagger/client/api/UserApi.java
[main] INFO io.swagger.codegen.AbstractGenerator - writing file /tmp/junit9030332223798463185/src/test/java/io/swagger/client/api/UserApiTest.java
[main] INFO io.swagger.codegen.AbstractGenerator - writing file /tmp/junit9030332223798463185/docs/UserApi.md
[main] INFO io.swagger.codegen.AbstractGenerator - writing file /tmp/junit9030332223798463185/pom.xml
[main] INFO io.swagger.codegen.AbstractGenerator - writing file /tmp/junit9030332223798463185/README.md
[main] INFO io.swagger.codegen.AbstractGenerator - writing file /tmp/junit9030332223798463185/build.gradle
[main] INFO io.swagger.codegen.AbstractGenerator - writing file /tmp/junit9030332223798463185/build.sbt
[main] INFO io.swagger.codegen.AbstractGenerator - writing file /tmp/junit9030332223798463185/settings.gradle
[main] INFO io.swagger.codegen.AbstractGenerator - writing file /tmp/junit9030332223798463185/gradle.properties
[main] INFO io.swagger.codegen.AbstractGenerator - writing file /tmp/junit9030332223798463185/src/main/AndroidManifest.xml
[main] INFO io.swagger.codegen.AbstractGenerator - writing file /tmp/junit9030332223798463185/.travis.yml
[main] INFO io.swagger.codegen.AbstractGenerator - writing file /tmp/junit9030332223798463185/src/main/java/io/swagger/client/ApiClient.java
[main] INFO io.swagger.codegen.AbstractGenerator - writing file /tmp/junit9030332223798463185/src/main/java/io/swagger/client/StringUtil.java
[main] INFO io.swagger.codegen.AbstractGenerator - writing file /tmp/junit9030332223798463185/src/main/java/io/swagger/client/auth/HttpBasicAuth.java
[main] INFO io.swagger.codegen.AbstractGenerator - writing file /tmp/junit9030332223798463185/src/main/java/io/swagger/client/auth/ApiKeyAuth.java
[main] INFO io.swagger.codegen.AbstractGenerator - writing file /tmp/junit9030332223798463185/src/main/java/io/swagger/client/auth/OAuth.java
[main] INFO io.swagger.codegen.AbstractGenerator - writing file /tmp/junit9030332223798463185/src/main/java/io/swagger/client/auth/OAuthFlow.java
[main] INFO io.swagger.codegen.AbstractGenerator - writing file /tmp/junit9030332223798463185/gradlew
[main] INFO io.swagger.codegen.AbstractGenerator - writing file /tmp/junit9030332223798463185/gradlew.bat
[main] INFO io.swagger.codegen.AbstractGenerator - writing file /tmp/junit9030332223798463185/gradle/wrapper/gradle-wrapper.properties
[main] INFO io.swagger.codegen.DefaultGenerator - writing file /tmp/junit9030332223798463185/gradle/wrapper/gradle-wrapper.jar
[main] INFO io.swagger.codegen.AbstractGenerator - writing file /tmp/junit9030332223798463185/git_push.sh
[main] INFO io.swagger.codegen.AbstractGenerator - writing file /tmp/junit9030332223798463185/.gitignore
[main] INFO io.swagger.codegen.AbstractGenerator - writing file /tmp/junit9030332223798463185/src/main/java/io/swagger/client/ApiException.java
[main] INFO io.swagger.codegen.AbstractGenerator - writing file /tmp/junit9030332223798463185/src/main/java/io/swagger/client/Configuration.java
[main] INFO io.swagger.codegen.AbstractGenerator - writing file /tmp/junit9030332223798463185/src/main/java/io/swagger/client/Pair.java
[main] INFO io.swagger.codegen.AbstractGenerator - writing file /tmp/junit9030332223798463185/src/main/java/io/swagger/client/auth/Authentication.java
[main] INFO io.swagger.codegen.AbstractGenerator - writing file /tmp/junit9030332223798463185/src/main/java/io/swagger/client/JSON.java
[main] INFO io.swagger.codegen.AbstractGenerator - writing file /tmp/junit9030332223798463185/src/main/java/io/swagger/client/RFC3339DateFormat.java
[main] INFO io.swagger.codegen.AbstractGenerator - writing file /tmp/junit9030332223798463185/src/main/java/io/swagger/client/CustomInstantDeserializer.java
[main] INFO io.swagger.codegen.AbstractGenerator - writing file /tmp/junit9030332223798463185/.swagger-codegen-ignore
[main] INFO io.swagger.codegen.AbstractGenerator - writing file /tmp/junit9030332223798463185/.swagger-codegen/VERSION
[main] INFO io.swagger.codegen.DefaultCodegen - Skipped overwriting pom.xml as the file already exists in /tmp/junit9030332223798463185//pom.xml
[main] INFO io.swagger.codegen.DefaultCodegen - Skipped overwriting README.md as the file already exists in /tmp/junit9030332223798463185//README.md
[main] INFO io.swagger.codegen.DefaultCodegen - Skipped overwriting build.gradle as the file already exists in /tmp/junit9030332223798463185//build.gradle
[main] INFO io.swagger.codegen.DefaultCodegen - Skipped overwriting build.sbt as the file already exists in /tmp/junit9030332223798463185//build.sbt
[main] INFO io.swagger.codegen.DefaultCodegen - Skipped overwriting settings.gradle as the file already exists in /tmp/junit9030332223798463185//settings.gradle
[main] INFO io.swagger.codegen.DefaultCodegen - Skipped overwriting gradle.properties as the file already exists in /tmp/junit9030332223798463185//gradle.properties
[main] INFO io.swagger.codegen.DefaultCodegen - Skipped overwriting AndroidManifest.xml as the file already exists in /tmp/junit9030332223798463185/src/main/AndroidManifest.xml
[main] INFO io.swagger.codegen.AbstractGenerator - writing file /tmp/junit9030332223798463185/src/main/java/io/swagger/client/model/Category.java
[main] INFO io.swagger.codegen.AbstractGenerator - writing file /tmp/junit9030332223798463185/docs/Category.md
[main] INFO io.swagger.codegen.AbstractGenerator - writing file /tmp/junit9030332223798463185/src/main/java/io/swagger/client/model/Order.java
[main] INFO io.swagger.codegen.AbstractGenerator - writing file /tmp/junit9030332223798463185/docs/Order.md
[main] INFO io.swagger.codegen.AbstractGenerator - writing file /tmp/junit9030332223798463185/src/main/java/io/swagger/client/model/Pet.java
[main] INFO io.swagger.codegen.AbstractGenerator - writing file /tmp/junit9030332223798463185/docs/Pet.md
[main] INFO io.swagger.codegen.AbstractGenerator - writing file /tmp/junit9030332223798463185/src/main/java/io/swagger/client/model/Tag.java
[main] INFO io.swagger.codegen.AbstractGenerator - writing file /tmp/junit9030332223798463185/docs/Tag.md
[main] INFO io.swagger.codegen.AbstractGenerator - writing file /tmp/junit9030332223798463185/src/main/java/io/swagger/client/model/User.java
[main] INFO io.swagger.codegen.AbstractGenerator - writing file /tmp/junit9030332223798463185/docs/User.md
[main] WARN io.swagger.codegen.examples.XmlExampleGenerator - default example value not implemented for io.swagger.models.properties.MapProperty@6e901cd0
[main] INFO io.swagger.codegen.AbstractGenerator - writing file /tmp/junit9030332223798463185/src/main/java/io/swagger/client/api/PetApi.java
[main] INFO io.swagger.codegen.DefaultGenerator - File exists. Skipped overwriting /tmp/junit9030332223798463185/src/test/java/io/swagger/client/api/PetApiTest.java
[main] INFO io.swagger.codegen.AbstractGenerator - writing file /tmp/junit9030332223798463185/docs/PetApi.md
[main] INFO io.swagger.codegen.AbstractGenerator - writing file /tmp/junit9030332223798463185/src/main/java/io/swagger/client/api/StoreApi.java
[main] INFO io.swagger.codegen.DefaultGenerator - File exists. Skipped overwriting /tmp/junit9030332223798463185/src/test/java/io/swagger/client/api/StoreApiTest.java
[main] INFO io.swagger.codegen.AbstractGenerator - writing file /tmp/junit9030332223798463185/docs/StoreApi.md
[main] INFO io.swagger.codegen.AbstractGenerator - writing file /tmp/junit9030332223798463185/src/main/java/io/swagger/client/api/UserApi.java
[main] INFO io.swagger.codegen.DefaultGenerator - File exists. Skipped overwriting /tmp/junit9030332223798463185/src/test/java/io/swagger/client/api/UserApiTest.java
[main] INFO io.swagger.codegen.AbstractGenerator - writing file /tmp/junit9030332223798463185/docs/UserApi.md
[main] INFO io.swagger.codegen.AbstractGenerator - writing file /tmp/junit9030332223798463185/pom.xml
[main] INFO io.swagger.codegen.AbstractGenerator - writing file /tmp/junit9030332223798463185/README.md
[main] INFO io.swagger.codegen.AbstractGenerator - writing file /tmp/junit9030332223798463185/build.gradle
[main] INFO io.swagger.codegen.AbstractGenerator - writing file /tmp/junit9030332223798463185/build.sbt
[main] INFO io.swagger.codegen.AbstractGenerator - writing file /tmp/junit9030332223798463185/settings.gradle
[main] INFO io.swagger.codegen.AbstractGenerator - writing file /tmp/junit9030332223798463185/gradle.properties
[main] INFO io.swagger.codegen.AbstractGenerator - writing file /tmp/junit9030332223798463185/src/main/AndroidManifest.xml
[main] INFO io.swagger.codegen.AbstractGenerator - writing file /tmp/junit9030332223798463185/.travis.yml
[main] INFO io.swagger.codegen.AbstractGenerator - writing file /tmp/junit9030332223798463185/src/main/java/io/swagger/client/ApiClient.java
[main] INFO io.swagger.codegen.AbstractGenerator - writing file /tmp/junit9030332223798463185/src/main/java/io/swagger/client/StringUtil.java
[main] INFO io.swagger.codegen.AbstractGenerator - writing file /tmp/junit9030332223798463185/src/main/java/io/swagger/client/auth/HttpBasicAuth.java
[main] INFO io.swagger.codegen.AbstractGenerator - writing file /tmp/junit9030332223798463185/src/main/java/io/swagger/client/auth/ApiKeyAuth.java
[main] INFO io.swagger.codegen.AbstractGenerator - writing file /tmp/junit9030332223798463185/src/main/java/io/swagger/client/auth/OAuth.java
[main] INFO io.swagger.codegen.AbstractGenerator - writing file /tmp/junit9030332223798463185/src/main/java/io/swagger/client/auth/OAuthFlow.java
[main] INFO io.swagger.codegen.AbstractGenerator - writing file /tmp/junit9030332223798463185/gradlew
[main] INFO io.swagger.codegen.AbstractGenerator - writing file /tmp/junit9030332223798463185/gradlew.bat
[main] INFO io.swagger.codegen.AbstractGenerator - writing file /tmp/junit9030332223798463185/gradle/wrapper/gradle-wrapper.properties
[main] INFO io.swagger.codegen.DefaultGenerator - writing file /tmp/junit9030332223798463185/gradle/wrapper/gradle-wrapper.jar
[main] INFO io.swagger.codegen.AbstractGenerator - writing file /tmp/junit9030332223798463185/git_push.sh
[main] INFO io.swagger.codegen.AbstractGenerator - writing file /tmp/junit9030332223798463185/.gitignore
[main] INFO io.swagger.codegen.AbstractGenerator - writing file /tmp/junit9030332223798463185/src/main/java/io/swagger/client/ApiException.java
[main] INFO io.swagger.codegen.AbstractGenerator - writing file /tmp/junit9030332223798463185/src/main/java/io/swagger/client/Configuration.java
[main] INFO io.swagger.codegen.AbstractGenerator - writing file /tmp/junit9030332223798463185/src/main/java/io/swagger/client/Pair.java
[main] INFO io.swagger.codegen.AbstractGenerator - writing file /tmp/junit9030332223798463185/src/main/java/io/swagger/client/auth/Authentication.java
[main] INFO io.swagger.codegen.AbstractGenerator - writing file /tmp/junit9030332223798463185/src/main/java/io/swagger/client/JSON.java
[main] INFO io.swagger.codegen.AbstractGenerator - writing file /tmp/junit9030332223798463185/src/main/java/io/swagger/client/RFC3339DateFormat.java
[main] INFO io.swagger.codegen.AbstractGenerator - writing file /tmp/junit9030332223798463185/src/main/java/io/swagger/client/CustomInstantDeserializer.java
[main] INFO io.swagger.codegen.AbstractGenerator - writing file /tmp/junit9030332223798463185/.travis.yml
[main] INFO io.swagger.codegen.AbstractGenerator - writing file /tmp/junit9030332223798463185/src/main/java/io/swagger/client/ApiClient.java
[main] INFO io.swagger.codegen.AbstractGenerator - writing file /tmp/junit9030332223798463185/src/main/java/io/swagger/client/StringUtil.java
[main] INFO io.swagger.codegen.AbstractGenerator - writing file /tmp/junit9030332223798463185/src/main/java/io/swagger/client/auth/HttpBasicAuth.java
[main] INFO io.swagger.codegen.AbstractGenerator - writing file /tmp/junit9030332223798463185/src/main/java/io/swagger/client/auth/ApiKeyAuth.java
[main] INFO io.swagger.codegen.AbstractGenerator - writing file /tmp/junit9030332223798463185/src/main/java/io/swagger/client/auth/OAuth.java
[main] INFO io.swagger.codegen.AbstractGenerator - writing file /tmp/junit9030332223798463185/src/main/java/io/swagger/client/auth/OAuthFlow.java
[main] INFO io.swagger.codegen.AbstractGenerator - writing file /tmp/junit9030332223798463185/gradlew
[main] INFO io.swagger.codegen.AbstractGenerator - writing file /tmp/junit9030332223798463185/gradlew.bat
[main] INFO io.swagger.codegen.AbstractGenerator - writing file /tmp/junit9030332223798463185/gradle/wrapper/gradle-wrapper.properties
[main] INFO io.swagger.codegen.DefaultGenerator - writing file /tmp/junit9030332223798463185/gradle/wrapper/gradle-wrapper.jar
[main] INFO io.swagger.codegen.AbstractGenerator - writing file /tmp/junit9030332223798463185/git_push.sh
[main] INFO io.swagger.codegen.AbstractGenerator - writing file /tmp/junit9030332223798463185/.gitignore
[main] INFO io.swagger.codegen.AbstractGenerator - writing file /tmp/junit9030332223798463185/src/main/java/io/swagger/client/ApiException.java
[main] INFO io.swagger.codegen.AbstractGenerator - writing file /tmp/junit9030332223798463185/src/main/java/io/swagger/client/Configuration.java
[main] INFO io.swagger.codegen.AbstractGenerator - writing file /tmp/junit9030332223798463185/src/main/java/io/swagger/client/Pair.java
[main] INFO io.swagger.codegen.AbstractGenerator - writing file /tmp/junit9030332223798463185/src/main/java/io/swagger/client/auth/Authentication.java
[main] INFO io.swagger.codegen.AbstractGenerator - writing file /tmp/junit9030332223798463185/src/main/java/io/swagger/client/JSON.java
[main] INFO io.swagger.codegen.AbstractGenerator - writing file /tmp/junit9030332223798463185/src/main/java/io/swagger/client/RFC3339DateFormat.java
[main] INFO io.swagger.codegen.AbstractGenerator - writing file /tmp/junit9030332223798463185/src/main/java/io/swagger/client/CustomInstantDeserializer.java
[main] INFO io.swagger.codegen.AbstractGenerator - writing file /tmp/junit9030332223798463185/.swagger-codegen/VERSION
[main] INFO io.swagger.codegen.ignore.CodegenIgnoreProcessor - No .swagger-codegen-ignore file found.
[main] WARN io.swagger.codegen.DefaultCodegen - Empty operationId found for path: get /pet. Renamed to auto-generated operationId: petGet
[main] WARN io.swagger.codegen.DefaultCodegen - Empty operationId found for path: get /pet. Renamed to auto-generated operationId: petGet
[main] WARN io.swagger.codegen.DefaultCodegen - Empty operationId found for path: get /pet. Renamed to auto-generated operationId: petGet
[main] INFO io.swagger.codegen.ignore.CodegenIgnoreProcessor - No .swagger-codegen-ignore file found.
[main] WARN io.swagger.codegen.DefaultCodegen - Empty operationId found for path: get /pet. Renamed to auto-generated operationId: petGet
[main] WARN io.swagger.codegen.DefaultCodegen - Empty operationId found for path: get /pet. Renamed to auto-generated operationId: petGet
[main] WARN io.swagger.codegen.DefaultCodegen - Empty operationId found for path: get /pet. Renamed to auto-generated operationId: petGet
[main] INFO io.swagger.codegen.ignore.CodegenIgnoreProcessor - No .swagger-codegen-ignore file found.
[main] WARN io.swagger.codegen.DefaultCodegen - Empty operationId found for path: get /pet. Renamed to auto-generated operationId: petGet
[main] WARN io.swagger.codegen.DefaultCodegen - Empty operationId found for path: get /pet. Renamed to auto-generated operationId: petGet
[main] WARN io.swagger.codegen.DefaultCodegen - Empty operationId found for path: get /pet. Renamed to auto-generated operationId: petGet
[main] INFO io.swagger.codegen.ignore.CodegenIgnoreProcessor - No .swagger-codegen-ignore file found.
[main] WARN io.swagger.codegen.DefaultCodegen - Empty operationId found for path: get /pet. Renamed to auto-generated operationId: petGet
[main] INFO io.swagger.parser.Swagger20Parser - reading from src/test/resources/2_0/globalSecurity.json
[main] WARN io.swagger.codegen.ignore.CodegenIgnoreProcessor - Output directory does not exist, or is inaccessible. No file (.swagger-codegen-ignore) will be evaluated.
[main] WARN io.swagger.codegen.examples.XmlExampleGenerator - default example value not implemented for io.swagger.models.properties.MapProperty@6e901cd0
[main] INFO io.swagger.parser.Swagger20Parser - reading from src/test/resources/2_0/petstore.json
[main] WARN io.swagger.codegen.ignore.CodegenIgnoreProcessor - Output directory does not exist, or is inaccessible. No file (.swagger-codegen-ignore) will be evaluated.
[main] WARN io.swagger.codegen.examples.XmlExampleGenerator - default example value not implemented for io.swagger.models.properties.MapProperty@6e901cd0
[main] INFO io.swagger.parser.Swagger20Parser - reading from src/test/resources/petstore.json
[main] INFO io.swagger.codegen.ignore.CodegenIgnoreProcessor - No .swagger-codegen-ignore file found.
[main] INFO io.swagger.codegen.AbstractGenerator - writing file /tmp/junit8020705892911135472/src/main/java/io/swagger/client/model/Category.java
[main] INFO io.swagger.codegen.AbstractGenerator - writing file /tmp/junit8020705892911135472/docs/Category.md
[main] INFO io.swagger.codegen.AbstractGenerator - writing file /tmp/junit8020705892911135472/src/main/java/io/swagger/client/model/Order.java
[main] INFO io.swagger.codegen.AbstractGenerator - writing file /tmp/junit8020705892911135472/docs/Order.md
[main] INFO io.swagger.codegen.AbstractGenerator - writing file /tmp/junit8020705892911135472/src/main/java/io/swagger/client/model/Pet.java
[main] INFO io.swagger.codegen.AbstractGenerator - writing file /tmp/junit8020705892911135472/docs/Pet.md
[main] INFO io.swagger.codegen.AbstractGenerator - writing file /tmp/junit8020705892911135472/src/main/java/io/swagger/client/model/Tag.java
[main] INFO io.swagger.codegen.AbstractGenerator - writing file /tmp/junit8020705892911135472/docs/Tag.md
[main] INFO io.swagger.codegen.AbstractGenerator - writing file /tmp/junit8020705892911135472/src/main/java/io/swagger/client/model/User.java
[main] INFO io.swagger.codegen.AbstractGenerator - writing file /tmp/junit8020705892911135472/docs/User.md
[main] WARN io.swagger.codegen.examples.XmlExampleGenerator - default example value not implemented for io.swagger.models.properties.MapProperty@6e901cd0
[main] INFO io.swagger.codegen.AbstractGenerator - writing file /tmp/junit8020705892911135472/src/main/java/io/swagger/client/api/PetApi.java
[main] INFO io.swagger.codegen.AbstractGenerator - writing file /tmp/junit8020705892911135472/src/test/java/io/swagger/client/api/PetApiTest.java
[main] INFO io.swagger.codegen.AbstractGenerator - writing file /tmp/junit8020705892911135472/docs/PetApi.md
[main] INFO io.swagger.codegen.AbstractGenerator - writing file /tmp/junit8020705892911135472/src/main/java/io/swagger/client/api/StoreApi.java
[main] INFO io.swagger.codegen.AbstractGenerator - writing file /tmp/junit8020705892911135472/src/test/java/io/swagger/client/api/StoreApiTest.java
[main] INFO io.swagger.codegen.AbstractGenerator - writing file /tmp/junit8020705892911135472/docs/StoreApi.md
[main] INFO io.swagger.codegen.AbstractGenerator - writing file /tmp/junit8020705892911135472/src/main/java/io/swagger/client/api/UserApi.java
[main] INFO io.swagger.codegen.AbstractGenerator - writing file /tmp/junit8020705892911135472/src/test/java/io/swagger/client/api/UserApiTest.java
[main] INFO io.swagger.codegen.AbstractGenerator - writing file /tmp/junit8020705892911135472/docs/UserApi.md
[main] INFO io.swagger.codegen.AbstractGenerator - writing file /tmp/junit8020705892911135472/pom.xml
[main] INFO io.swagger.codegen.AbstractGenerator - writing file /tmp/junit8020705892911135472/README.md
[main] INFO io.swagger.codegen.AbstractGenerator - writing file /tmp/junit8020705892911135472/build.gradle
[main] INFO io.swagger.codegen.AbstractGenerator - writing file /tmp/junit8020705892911135472/build.sbt
[main] INFO io.swagger.codegen.AbstractGenerator - writing file /tmp/junit8020705892911135472/settings.gradle
[main] INFO io.swagger.codegen.AbstractGenerator - writing file /tmp/junit8020705892911135472/gradle.properties
[main] INFO io.swagger.codegen.AbstractGenerator - writing file /tmp/junit8020705892911135472/src/main/AndroidManifest.xml
[main] INFO io.swagger.codegen.AbstractGenerator - writing file /tmp/junit8020705892911135472/.travis.yml
[main] INFO io.swagger.codegen.AbstractGenerator - writing file /tmp/junit8020705892911135472/src/main/java/io/swagger/client/ApiClient.java
[main] INFO io.swagger.codegen.AbstractGenerator - writing file /tmp/junit8020705892911135472/src/main/java/io/swagger/client/StringUtil.java
[main] INFO io.swagger.codegen.AbstractGenerator - writing file /tmp/junit8020705892911135472/src/main/java/io/swagger/client/auth/HttpBasicAuth.java
[main] INFO io.swagger.codegen.AbstractGenerator - writing file /tmp/junit8020705892911135472/src/main/java/io/swagger/client/auth/ApiKeyAuth.java
[main] INFO io.swagger.codegen.AbstractGenerator - writing file /tmp/junit8020705892911135472/src/main/java/io/swagger/client/auth/OAuth.java
[main] INFO io.swagger.codegen.AbstractGenerator - writing file /tmp/junit8020705892911135472/src/main/java/io/swagger/client/auth/OAuthFlow.java
[main] INFO io.swagger.codegen.AbstractGenerator - writing file /tmp/junit8020705892911135472/gradlew
[main] INFO io.swagger.codegen.AbstractGenerator - writing file /tmp/junit8020705892911135472/gradlew.bat
[main] INFO io.swagger.codegen.AbstractGenerator - writing file /tmp/junit8020705892911135472/gradle/wrapper/gradle-wrapper.properties
[main] INFO io.swagger.codegen.DefaultGenerator - writing file /tmp/junit8020705892911135472/gradle/wrapper/gradle-wrapper.jar
[main] INFO io.swagger.codegen.AbstractGenerator - writing file /tmp/junit8020705892911135472/git_push.sh
[main] INFO io.swagger.codegen.AbstractGenerator - writing file /tmp/junit8020705892911135472/.gitignore
[main] INFO io.swagger.codegen.AbstractGenerator - writing file /tmp/junit8020705892911135472/src/main/java/io/swagger/client/ApiException.java
[main] INFO io.swagger.codegen.AbstractGenerator - writing file /tmp/junit8020705892911135472/src/main/java/io/swagger/client/Configuration.java
[main] INFO io.swagger.codegen.AbstractGenerator - writing file /tmp/junit8020705892911135472/src/main/java/io/swagger/client/Pair.java
[main] INFO io.swagger.codegen.AbstractGenerator - writing file /tmp/junit8020705892911135472/src/main/java/io/swagger/client/auth/Authentication.java
[main] INFO io.swagger.codegen.AbstractGenerator - writing file /tmp/junit8020705892911135472/src/main/java/io/swagger/client/RFC3339DateFormat.java
[main] INFO io.swagger.codegen.AbstractGenerator - writing file /tmp/junit8020705892911135472/src/main/java/io/swagger/client/CustomInstantDeserializer.java
[main] INFO io.swagger.codegen.AbstractGenerator - writing file /tmp/junit8020705892911135472/.swagger-codegen-ignore
[main] INFO io.swagger.codegen.AbstractGenerator - writing file /tmp/junit8020705892911135472/.swagger-codegen/VERSION
[main] INFO io.swagger.codegen.DefaultCodegen - Skipped overwriting pom.xml as the file already exists in /tmp/junit8020705892911135472//pom.xml
[main] INFO io.swagger.codegen.DefaultCodegen - Skipped overwriting README.md as the file already exists in /tmp/junit8020705892911135472//README.md
[main] INFO io.swagger.codegen.DefaultCodegen - Skipped overwriting build.gradle as the file already exists in /tmp/junit8020705892911135472//build.gradle
[main] INFO io.swagger.codegen.DefaultCodegen - Skipped overwriting build.sbt as the file already exists in /tmp/junit8020705892911135472//build.sbt
[main] INFO io.swagger.codegen.DefaultCodegen - Skipped overwriting settings.gradle as the file already exists in /tmp/junit8020705892911135472//settings.gradle
[main] INFO io.swagger.codegen.DefaultCodegen - Skipped overwriting gradle.properties as the file already exists in /tmp/junit8020705892911135472//gradle.properties
[main] INFO io.swagger.codegen.DefaultCodegen - Skipped overwriting AndroidManifest.xml as the file already exists in /tmp/junit8020705892911135472/src/main/AndroidManifest.xml
[main] INFO io.swagger.codegen.AbstractGenerator - writing file /tmp/junit8020705892911135472/src/main/java/io/swagger/client/model/Category.java
[main] INFO io.swagger.codegen.AbstractGenerator - writing file /tmp/junit8020705892911135472/docs/Category.md
[main] INFO io.swagger.codegen.AbstractGenerator - writing file /tmp/junit8020705892911135472/src/main/java/io/swagger/client/model/Order.java
[main] INFO io.swagger.codegen.AbstractGenerator - writing file /tmp/junit8020705892911135472/docs/Order.md
[main] INFO io.swagger.codegen.AbstractGenerator - writing file /tmp/junit8020705892911135472/src/main/java/io/swagger/client/model/Pet.java
[main] INFO io.swagger.codegen.AbstractGenerator - writing file /tmp/junit8020705892911135472/docs/Pet.md
[main] INFO io.swagger.codegen.AbstractGenerator - writing file /tmp/junit8020705892911135472/src/main/java/io/swagger/client/model/Tag.java
[main] INFO io.swagger.codegen.AbstractGenerator - writing file /tmp/junit8020705892911135472/docs/Tag.md
[main] INFO io.swagger.codegen.AbstractGenerator - writing file /tmp/junit8020705892911135472/src/main/java/io/swagger/client/model/User.java
[main] INFO io.swagger.codegen.AbstractGenerator - writing file /tmp/junit8020705892911135472/docs/User.md
[main] WARN io.swagger.codegen.examples.XmlExampleGenerator - default example value not implemented for io.swagger.models.properties.MapProperty@6e901cd0
[main] INFO io.swagger.codegen.AbstractGenerator - writing file /tmp/junit8020705892911135472/src/main/java/io/swagger/client/api/PetApi.java
[main] INFO io.swagger.codegen.DefaultGenerator - File exists. Skipped overwriting /tmp/junit8020705892911135472/src/test/java/io/swagger/client/api/PetApiTest.java
[main] INFO io.swagger.codegen.AbstractGenerator - writing file /tmp/junit8020705892911135472/docs/PetApi.md
[main] INFO io.swagger.codegen.AbstractGenerator - writing file /tmp/junit8020705892911135472/src/main/java/io/swagger/client/api/StoreApi.java
[main] INFO io.swagger.codegen.DefaultGenerator - File exists. Skipped overwriting /tmp/junit8020705892911135472/src/test/java/io/swagger/client/api/StoreApiTest.java
[main] INFO io.swagger.codegen.AbstractGenerator - writing file /tmp/junit8020705892911135472/docs/StoreApi.md
[main] INFO io.swagger.codegen.AbstractGenerator - writing file /tmp/junit8020705892911135472/src/main/java/io/swagger/client/api/UserApi.java
[main] INFO io.swagger.codegen.DefaultGenerator - File exists. Skipped overwriting /tmp/junit8020705892911135472/src/test/java/io/swagger/client/api/UserApiTest.java
[main] INFO io.swagger.codegen.AbstractGenerator - writing file /tmp/junit8020705892911135472/docs/UserApi.md
[main] INFO io.swagger.codegen.AbstractGenerator - writing file /tmp/junit8020705892911135472/pom.xml
[main] INFO io.swagger.codegen.AbstractGenerator - writing file /tmp/junit8020705892911135472/README.md
[main] INFO io.swagger.codegen.AbstractGenerator - writing file /tmp/junit8020705892911135472/build.gradle
[main] INFO io.swagger.codegen.AbstractGenerator - writing file /tmp/junit8020705892911135472/build.sbt
[main] INFO io.swagger.codegen.AbstractGenerator - writing file /tmp/junit8020705892911135472/settings.gradle
[main] INFO io.swagger.codegen.AbstractGenerator - writing file /tmp/junit8020705892911135472/gradle.properties
[main] INFO io.swagger.codegen.AbstractGenerator - writing file /tmp/junit8020705892911135472/src/main/AndroidManifest.xml
[main] INFO io.swagger.codegen.AbstractGenerator - writing file /tmp/junit8020705892911135472/.travis.yml
[main] INFO io.swagger.codegen.AbstractGenerator - writing file /tmp/junit8020705892911135472/src/main/java/io/swagger/client/ApiClient.java
[main] INFO io.swagger.codegen.AbstractGenerator - writing file /tmp/junit8020705892911135472/src/main/java/io/swagger/client/StringUtil.java
[main] INFO io.swagger.codegen.AbstractGenerator - writing file /tmp/junit8020705892911135472/src/main/java/io/swagger/client/auth/HttpBasicAuth.java
[main] INFO io.swagger.codegen.AbstractGenerator - writing file /tmp/junit8020705892911135472/src/main/java/io/swagger/client/auth/ApiKeyAuth.java
[main] INFO io.swagger.codegen.AbstractGenerator - writing file /tmp/junit8020705892911135472/src/main/java/io/swagger/client/auth/OAuth.java
[main] INFO io.swagger.codegen.AbstractGenerator - writing file /tmp/junit8020705892911135472/src/main/java/io/swagger/client/auth/OAuthFlow.java
[main] INFO io.swagger.codegen.AbstractGenerator - writing file /tmp/junit8020705892911135472/gradlew
[main] INFO io.swagger.codegen.AbstractGenerator - writing file /tmp/junit8020705892911135472/gradlew.bat
[main] INFO io.swagger.codegen.AbstractGenerator - writing file /tmp/junit8020705892911135472/gradle/wrapper/gradle-wrapper.properties
[main] INFO io.swagger.codegen.DefaultGenerator - writing file /tmp/junit8020705892911135472/gradle/wrapper/gradle-wrapper.jar
[main] INFO io.swagger.codegen.AbstractGenerator - writing file /tmp/junit8020705892911135472/git_push.sh
[main] INFO io.swagger.codegen.AbstractGenerator - writing file /tmp/junit8020705892911135472/.gitignore
[main] INFO io.swagger.codegen.AbstractGenerator - writing file /tmp/junit8020705892911135472/src/main/java/io/swagger/client/ApiException.java
[main] INFO io.swagger.codegen.AbstractGenerator - writing file /tmp/junit8020705892911135472/src/main/java/io/swagger/client/Configuration.java
[main] INFO io.swagger.codegen.AbstractGenerator - writing file /tmp/junit8020705892911135472/src/main/java/io/swagger/client/Pair.java
[main] INFO io.swagger.codegen.AbstractGenerator - writing file /tmp/junit8020705892911135472/src/main/java/io/swagger/client/auth/Authentication.java
[main] INFO io.swagger.codegen.AbstractGenerator - writing file /tmp/junit8020705892911135472/src/main/java/io/swagger/client/RFC3339DateFormat.java
[main] INFO io.swagger.codegen.AbstractGenerator - writing file /tmp/junit8020705892911135472/src/main/java/io/swagger/client/CustomInstantDeserializer.java
[main] INFO io.swagger.codegen.AbstractGenerator - writing file /tmp/junit8020705892911135472/.travis.yml
[main] INFO io.swagger.codegen.AbstractGenerator - writing file /tmp/junit8020705892911135472/src/main/java/io/swagger/client/ApiClient.java
[main] INFO io.swagger.codegen.AbstractGenerator - writing file /tmp/junit8020705892911135472/src/main/java/io/swagger/client/StringUtil.java
[main] INFO io.swagger.codegen.AbstractGenerator - writing file /tmp/junit8020705892911135472/src/main/java/io/swagger/client/auth/HttpBasicAuth.java
[main] INFO io.swagger.codegen.AbstractGenerator - writing file /tmp/junit8020705892911135472/src/main/java/io/swagger/client/auth/ApiKeyAuth.java
[main] INFO io.swagger.codegen.AbstractGenerator - writing file /tmp/junit8020705892911135472/src/main/java/io/swagger/client/auth/OAuth.java
[main] INFO io.swagger.codegen.AbstractGenerator - writing file /tmp/junit8020705892911135472/src/main/java/io/swagger/client/auth/OAuthFlow.java
[main] INFO io.swagger.codegen.AbstractGenerator - writing file /tmp/junit8020705892911135472/gradlew
[main] INFO io.swagger.codegen.AbstractGenerator - writing file /tmp/junit8020705892911135472/gradlew.bat
[main] INFO io.swagger.codegen.AbstractGenerator - writing file /tmp/junit8020705892911135472/gradle/wrapper/gradle-wrapper.properties
[main] INFO io.swagger.codegen.DefaultGenerator - writing file /tmp/junit8020705892911135472/gradle/wrapper/gradle-wrapper.jar
[main] INFO io.swagger.codegen.AbstractGenerator - writing file /tmp/junit8020705892911135472/git_push.sh
[main] INFO io.swagger.codegen.AbstractGenerator - writing file /tmp/junit8020705892911135472/.gitignore
[main] INFO io.swagger.codegen.AbstractGenerator - writing file /tmp/junit8020705892911135472/src/main/java/io/swagger/client/ApiException.java
[main] INFO io.swagger.codegen.AbstractGenerator - writing file /tmp/junit8020705892911135472/src/main/java/io/swagger/client/Configuration.java
[main] INFO io.swagger.codegen.AbstractGenerator - writing file /tmp/junit8020705892911135472/src/main/java/io/swagger/client/Pair.java
[main] INFO io.swagger.codegen.AbstractGenerator - writing file /tmp/junit8020705892911135472/src/main/java/io/swagger/client/auth/Authentication.java
[main] INFO io.swagger.codegen.AbstractGenerator - writing file /tmp/junit8020705892911135472/src/main/java/io/swagger/client/RFC3339DateFormat.java
[main] INFO io.swagger.codegen.AbstractGenerator - writing file /tmp/junit8020705892911135472/src/main/java/io/swagger/client/CustomInstantDeserializer.java
[main] INFO io.swagger.codegen.AbstractGenerator - writing file /tmp/junit8020705892911135472/.swagger-codegen/VERSION
[main] INFO io.swagger.codegen.DefaultCodegen - Skipped overwriting README.md as the file already exists in /tmp/junit8020705892911135472//README.md
[main] INFO io.swagger.codegen.DefaultCodegen - Skipped overwriting build.gradle as the file already exists in /tmp/junit8020705892911135472//build.gradle
[main] INFO io.swagger.codegen.DefaultCodegen - Skipped overwriting build.sbt as the file already exists in /tmp/junit8020705892911135472//build.sbt
[main] INFO io.swagger.codegen.DefaultCodegen - Skipped overwriting settings.gradle as the file already exists in /tmp/junit8020705892911135472//settings.gradle
[main] INFO io.swagger.codegen.DefaultCodegen - Skipped overwriting gradle.properties as the file already exists in /tmp/junit8020705892911135472//gradle.properties
[main] INFO io.swagger.codegen.DefaultCodegen - Skipped overwriting AndroidManifest.xml as the file already exists in /tmp/junit8020705892911135472/src/main/AndroidManifest.xml
[main] INFO io.swagger.codegen.DefaultGenerator - Skipped overwriting /tmp/junit8020705892911135472/src/main/java/io/swagger/client/model/Category.java
[main] INFO io.swagger.codegen.DefaultGenerator - Skipped overwriting /tmp/junit8020705892911135472/docs//Category.md
[main] INFO io.swagger.codegen.DefaultGenerator - Skipped overwriting /tmp/junit8020705892911135472/src/main/java/io/swagger/client/model/Order.java
[main] INFO io.swagger.codegen.DefaultGenerator - Skipped overwriting /tmp/junit8020705892911135472/docs//Order.md
[main] INFO io.swagger.codegen.DefaultGenerator - Skipped overwriting /tmp/junit8020705892911135472/src/main/java/io/swagger/client/model/Pet.java
[main] INFO io.swagger.codegen.DefaultGenerator - Skipped overwriting /tmp/junit8020705892911135472/docs//Pet.md
[main] INFO io.swagger.codegen.DefaultGenerator - Skipped overwriting /tmp/junit8020705892911135472/src/main/java/io/swagger/client/model/Tag.java
[main] INFO io.swagger.codegen.DefaultGenerator - Skipped overwriting /tmp/junit8020705892911135472/docs//Tag.md
[main] INFO io.swagger.codegen.DefaultGenerator - Skipped overwriting /tmp/junit8020705892911135472/src/main/java/io/swagger/client/model/User.java
[main] INFO io.swagger.codegen.DefaultGenerator - Skipped overwriting /tmp/junit8020705892911135472/docs//User.md
[main] WARN io.swagger.codegen.examples.XmlExampleGenerator - default example value not implemented for io.swagger.models.properties.MapProperty@6e901cd0
[main] INFO io.swagger.codegen.DefaultGenerator - Skipped overwriting /tmp/junit8020705892911135472/src/main/java/io/swagger/client/api/PetApi.java
[main] INFO io.swagger.codegen.DefaultGenerator - File exists. Skipped overwriting /tmp/junit8020705892911135472/src/test/java/io/swagger/client/api/PetApiTest.java
[main] INFO io.swagger.codegen.DefaultGenerator - Skipped overwriting /tmp/junit8020705892911135472/docs//PetApi.md
[main] INFO io.swagger.codegen.DefaultGenerator - Skipped overwriting /tmp/junit8020705892911135472/src/main/java/io/swagger/client/api/StoreApi.java
[main] INFO io.swagger.codegen.DefaultGenerator - File exists. Skipped overwriting /tmp/junit8020705892911135472/src/test/java/io/swagger/client/api/StoreApiTest.java
[main] INFO io.swagger.codegen.DefaultGenerator - Skipped overwriting /tmp/junit8020705892911135472/docs//StoreApi.md
[main] INFO io.swagger.codegen.DefaultGenerator - Skipped overwriting /tmp/junit8020705892911135472/src/main/java/io/swagger/client/api/UserApi.java
[main] INFO io.swagger.codegen.DefaultGenerator - File exists. Skipped overwriting /tmp/junit8020705892911135472/src/test/java/io/swagger/client/api/UserApiTest.java
[main] INFO io.swagger.codegen.DefaultGenerator - Skipped overwriting /tmp/junit8020705892911135472/docs//UserApi.md
[main] INFO io.swagger.codegen.AbstractGenerator - writing file /tmp/junit8020705892911135472/pom.xml
[main] INFO io.swagger.codegen.DefaultGenerator - Skipped overwriting /tmp/junit8020705892911135472/README.md
[main] INFO io.swagger.codegen.DefaultGenerator - Skipped overwriting /tmp/junit8020705892911135472/build.gradle
[main] INFO io.swagger.codegen.DefaultGenerator - Skipped overwriting /tmp/junit8020705892911135472/build.sbt
[main] INFO io.swagger.codegen.DefaultGenerator - Skipped overwriting /tmp/junit8020705892911135472/settings.gradle
[main] INFO io.swagger.codegen.DefaultGenerator - Skipped overwriting /tmp/junit8020705892911135472/gradle.properties
[main] INFO io.swagger.codegen.DefaultGenerator - Skipped overwriting /tmp/junit8020705892911135472/src/main/AndroidManifest.xml
[main] INFO io.swagger.codegen.DefaultGenerator - Skipped overwriting /tmp/junit8020705892911135472/.travis.yml
[main] INFO io.swagger.codegen.DefaultGenerator - Skipped overwriting /tmp/junit8020705892911135472/src/main/java/io/swagger/client/ApiClient.java
[main] INFO io.swagger.codegen.DefaultGenerator - Skipped overwriting /tmp/junit8020705892911135472/src/main/java/io/swagger/client/StringUtil.java
[main] INFO io.swagger.codegen.DefaultGenerator - Skipped overwriting /tmp/junit8020705892911135472/src/main/java/io/swagger/client/auth/HttpBasicAuth.java
[main] INFO io.swagger.codegen.DefaultGenerator - Skipped overwriting /tmp/junit8020705892911135472/src/main/java/io/swagger/client/auth/ApiKeyAuth.java
[main] INFO io.swagger.codegen.DefaultGenerator - Skipped overwriting /tmp/junit8020705892911135472/src/main/java/io/swagger/client/auth/OAuth.java
[main] INFO io.swagger.codegen.DefaultGenerator - Skipped overwriting /tmp/junit8020705892911135472/src/main/java/io/swagger/client/auth/OAuthFlow.java
[main] INFO io.swagger.codegen.DefaultGenerator - Skipped overwriting /tmp/junit8020705892911135472/gradlew
[main] INFO io.swagger.codegen.DefaultGenerator - Skipped overwriting /tmp/junit8020705892911135472/gradlew.bat
[main] INFO io.swagger.codegen.DefaultGenerator - Skipped overwriting /tmp/junit8020705892911135472/gradle/wrapper/gradle-wrapper.properties
[main] INFO io.swagger.codegen.DefaultGenerator - Skipped overwriting /tmp/junit8020705892911135472/gradle/wrapper/gradle-wrapper.jar
[main] INFO io.swagger.codegen.DefaultGenerator - Skipped overwriting /tmp/junit8020705892911135472/git_push.sh
[main] INFO io.swagger.codegen.DefaultGenerator - Skipped overwriting /tmp/junit8020705892911135472/.gitignore
[main] INFO io.swagger.codegen.DefaultGenerator - Skipped overwriting /tmp/junit8020705892911135472/src/main/java/io/swagger/client/ApiException.java
[main] INFO io.swagger.codegen.DefaultGenerator - Skipped overwriting /tmp/junit8020705892911135472/src/main/java/io/swagger/client/Configuration.java
[main] INFO io.swagger.codegen.DefaultGenerator - Skipped overwriting /tmp/junit8020705892911135472/src/main/java/io/swagger/client/Pair.java
[main] INFO io.swagger.codegen.DefaultGenerator - Skipped overwriting /tmp/junit8020705892911135472/src/main/java/io/swagger/client/auth/Authentication.java
[main] INFO io.swagger.codegen.DefaultGenerator - Skipped overwriting /tmp/junit8020705892911135472/src/main/java/io/swagger/client/RFC3339DateFormat.java
[main] INFO io.swagger.codegen.DefaultGenerator - Skipped overwriting /tmp/junit8020705892911135472/src/main/java/io/swagger/client/CustomInstantDeserializer.java
[main] INFO io.swagger.codegen.DefaultGenerator - Skipped overwriting /tmp/junit8020705892911135472/.travis.yml
[main] INFO io.swagger.codegen.DefaultGenerator - Skipped overwriting /tmp/junit8020705892911135472/src/main/java/io/swagger/client/ApiClient.java
[main] INFO io.swagger.codegen.DefaultGenerator - Skipped overwriting /tmp/junit8020705892911135472/src/main/java/io/swagger/client/StringUtil.java
[main] INFO io.swagger.codegen.DefaultGenerator - Skipped overwriting /tmp/junit8020705892911135472/src/main/java/io/swagger/client/auth/HttpBasicAuth.java
[main] INFO io.swagger.codegen.DefaultGenerator - Skipped overwriting /tmp/junit8020705892911135472/src/main/java/io/swagger/client/auth/ApiKeyAuth.java
[main] INFO io.swagger.codegen.DefaultGenerator - Skipped overwriting /tmp/junit8020705892911135472/src/main/java/io/swagger/client/auth/OAuth.java
[main] INFO io.swagger.codegen.DefaultGenerator - Skipped overwriting /tmp/junit8020705892911135472/src/main/java/io/swagger/client/auth/OAuthFlow.java
[main] INFO io.swagger.codegen.DefaultGenerator - Skipped overwriting /tmp/junit8020705892911135472/gradlew
[main] INFO io.swagger.codegen.DefaultGenerator - Skipped overwriting /tmp/junit8020705892911135472/gradlew.bat
[main] INFO io.swagger.codegen.DefaultGenerator - Skipped overwriting /tmp/junit8020705892911135472/gradle/wrapper/gradle-wrapper.properties
[main] INFO io.swagger.codegen.DefaultGenerator - Skipped overwriting /tmp/junit8020705892911135472/gradle/wrapper/gradle-wrapper.jar
[main] INFO io.swagger.codegen.DefaultGenerator - Skipped overwriting /tmp/junit8020705892911135472/git_push.sh
[main] INFO io.swagger.codegen.DefaultGenerator - Skipped overwriting /tmp/junit8020705892911135472/.gitignore
[main] INFO io.swagger.codegen.DefaultGenerator - Skipped overwriting /tmp/junit8020705892911135472/src/main/java/io/swagger/client/ApiException.java
[main] INFO io.swagger.codegen.DefaultGenerator - Skipped overwriting /tmp/junit8020705892911135472/src/main/java/io/swagger/client/Configuration.java
[main] INFO io.swagger.codegen.DefaultGenerator - Skipped overwriting /tmp/junit8020705892911135472/src/main/java/io/swagger/client/Pair.java
[main] INFO io.swagger.codegen.DefaultGenerator - Skipped overwriting /tmp/junit8020705892911135472/src/main/java/io/swagger/client/auth/Authentication.java
[main] INFO io.swagger.codegen.DefaultGenerator - Skipped overwriting /tmp/junit8020705892911135472/src/main/java/io/swagger/client/RFC3339DateFormat.java
[main] INFO io.swagger.codegen.DefaultGenerator - Skipped overwriting /tmp/junit8020705892911135472/src/main/java/io/swagger/client/CustomInstantDeserializer.java
[main] INFO io.swagger.codegen.DefaultGenerator - Skipped overwriting /tmp/junit8020705892911135472/pom.xml
[main] INFO io.swagger.codegen.DefaultGenerator - Skipped overwriting /tmp/junit8020705892911135472/.travis.yml
[main] INFO io.swagger.codegen.DefaultGenerator - Skipped overwriting /tmp/junit8020705892911135472/src/main/java/io/swagger/client/ApiClient.java
[main] INFO io.swagger.codegen.DefaultGenerator - Skipped overwriting /tmp/junit8020705892911135472/src/main/java/io/swagger/client/StringUtil.java
[main] INFO io.swagger.codegen.DefaultGenerator - Skipped overwriting /tmp/junit8020705892911135472/src/main/java/io/swagger/client/auth/HttpBasicAuth.java
[main] INFO io.swagger.codegen.DefaultGenerator - Skipped overwriting /tmp/junit8020705892911135472/src/main/java/io/swagger/client/auth/ApiKeyAuth.java
[main] INFO io.swagger.codegen.DefaultGenerator - Skipped overwriting /tmp/junit8020705892911135472/src/main/java/io/swagger/client/auth/OAuth.java
[main] INFO io.swagger.codegen.DefaultGenerator - Skipped overwriting /tmp/junit8020705892911135472/src/main/java/io/swagger/client/auth/OAuthFlow.java
[main] INFO io.swagger.codegen.DefaultGenerator - Skipped overwriting /tmp/junit8020705892911135472/gradlew
[main] INFO io.swagger.codegen.DefaultGenerator - Skipped overwriting /tmp/junit8020705892911135472/gradlew.bat
[main] INFO io.swagger.codegen.DefaultGenerator - Skipped overwriting /tmp/junit8020705892911135472/gradle/wrapper/gradle-wrapper.properties
[main] INFO io.swagger.codegen.DefaultGenerator - Skipped overwriting /tmp/junit8020705892911135472/gradle/wrapper/gradle-wrapper.jar
[main] INFO io.swagger.codegen.DefaultGenerator - Skipped overwriting /tmp/junit8020705892911135472/git_push.sh
[main] INFO io.swagger.codegen.DefaultGenerator - Skipped overwriting /tmp/junit8020705892911135472/.gitignore
[main] INFO io.swagger.codegen.DefaultGenerator - Skipped overwriting /tmp/junit8020705892911135472/src/main/java/io/swagger/client/ApiException.java
[main] INFO io.swagger.codegen.DefaultGenerator - Skipped overwriting /tmp/junit8020705892911135472/src/main/java/io/swagger/client/Configuration.java
[main] INFO io.swagger.codegen.DefaultGenerator - Skipped overwriting /tmp/junit8020705892911135472/src/main/java/io/swagger/client/Pair.java
[main] INFO io.swagger.codegen.DefaultGenerator - Skipped overwriting /tmp/junit8020705892911135472/src/main/java/io/swagger/client/auth/Authentication.java
[main] INFO io.swagger.codegen.DefaultGenerator - Skipped overwriting /tmp/junit8020705892911135472/src/main/java/io/swagger/client/RFC3339DateFormat.java
[main] INFO io.swagger.codegen.DefaultGenerator - Skipped overwriting /tmp/junit8020705892911135472/src/main/java/io/swagger/client/CustomInstantDeserializer.java
[main] INFO io.swagger.codegen.AbstractGenerator - writing file /tmp/junit8020705892911135472/.swagger-codegen/VERSION
[main] INFO io.swagger.codegen.DefaultCodegen - Skipped overwriting pom.xml as the file already exists in pom.xml
{
  "swagger" : "2.0",
  "paths" : {
    "/foo/baz" : {
      "post" : {
        "parameters" : [ {
          "in" : "body",
          "name" : "myBody",
          "required" : false,
          "schema" : {
            "$ref" : "#/definitions/User"
          }
        } ]
      }
    }
  },
  "definitions" : {
    "User" : {
      "properties" : {
        "name" : {
          "type" : "string"
        }
      }
    }
  }
}
{
  "swagger" : "2.0",
  "paths" : {
    "/foo/baz" : {
      "get" : {
        "parameters" : [ ],
        "responses" : {
          "200" : {
            "description" : "it works!",
            "schema" : {
              "type" : "object",
              "additionalProperties" : {
                "type" : "string"
              },
              "x-ext" : "ext-prop"
            },
            "x-foo" : "bar"
          }
        }
      }
    }
  },
  "definitions" : { }
}
[main] INFO io.swagger.codegen.languages.AbstractJavaCodegen - Set base package to invoker package (io.swagger.client.test)
Tests run: 548, Failures: 0, Errors: 0, Skipped: 3, Time elapsed: 40.791 sec - in TestSuite

Results :

Tests run: 548, Failures: 0, Errors: 0, Skipped: 3

[INFO] ------------------------------------------------------------------------
[INFO] BUILD SUCCESS
[INFO] ------------------------------------------------------------------------
[INFO] Total time: 02:08 min
[INFO] Finished at: 2020-03-14T23:11:06-07:00
[INFO] Final Memory: 26M/1237M
[INFO] ------------------------------------------------------------------------
