Picked up JAVA_TOOL_OPTIONS: -XX:CICompilerCount=2 -XX:ParallelGCThreads=2 -XX:ConcGCThreads=2 -Djdk.net.URLClassPath.disableClassPathURLCheck=true 
Java HotSpot(TM) 64-Bit Server VM warning: ignoring option MaxPermSize=512m; support was removed in 8.0
Picked up _JAVA_OPTIONS: -Djdk.net.URLClassPath.disableClassPathURLCheck=true
Apache Maven 3.5.0 (Red Hat 3.5.0-4.3)
Maven home: /opt/rh/rh-maven35/root/usr/share/maven
Java version: 1.8.0_181, vendor: Oracle Corporation
Java home: /scratch/jmcampos/RTA/repair_them_all_framework/jdks/jdk1.8.0_181/jre
Default locale: en_US, platform encoding: UTF-8
OS name: "linux", version: "4.14.132-1.el7.retpoline.x86_64", arch: "amd64", family: "unix"
[INFO] Scanning for projects...
[INFO] 
[INFO] ------------------------------------------------------------------------
[INFO] Building Maven Project 3.0-SNAPSHOT
[INFO] ------------------------------------------------------------------------
[INFO] Downloading: http://people.apache.org/repo/m2-snapshot-repository/org/apache/maven/maven-model/3.0-SNAPSHOT/maven-metadata.xml
[INFO] Downloading: http://people.apache.org/repo/m2-snapshot-repository/org/apache/maven/maven/3.0-SNAPSHOT/maven-metadata.xml
[INFO] Downloading: http://people.apache.org/repo/m2-snapshot-repository/org/apache/maven/maven-compat/3.0-SNAPSHOT/maven-metadata.xml
[INFO] Downloading: http://people.apache.org/repo/m2-snapshot-repository/org/apache/maven/maven-project-builder/3.0-SNAPSHOT/maven-metadata.xml
[INFO] Downloading: http://people.apache.org/repo/m2-snapshot-repository/org/apache/maven/maven-mercury/3.0-SNAPSHOT/maven-metadata.xml
[INFO] 
[INFO] --- modello-maven-plugin:1.0-alpha-22:java (standard) @ maven-project ---
[INFO] outputDirectory: /scratch/tmp-rta/Bugs.jar_Maven_778f044e_java-8/maven-project/target/generated-sources/modello
[INFO] Working on model: src/main/mdo/profiles.mdo
[INFO] Generating current version: 1.0.0
[INFO] 
[INFO] --- modello-maven-plugin:1.0-alpha-22:xpp3-reader (standard) @ maven-project ---
[INFO] outputDirectory: /scratch/tmp-rta/Bugs.jar_Maven_778f044e_java-8/maven-project/target/generated-sources/modello
[INFO] Working on model: src/main/mdo/profiles.mdo
[INFO] Generating current version: 1.0.0
[INFO] 
[INFO] --- modello-maven-plugin:1.0-alpha-22:xpp3-writer (standard) @ maven-project ---
[INFO] outputDirectory: /scratch/tmp-rta/Bugs.jar_Maven_778f044e_java-8/maven-project/target/generated-sources/modello
[INFO] Working on model: src/main/mdo/profiles.mdo
[INFO] Generating current version: 1.0.0
[INFO] 
[INFO] --- maven-remote-resources-plugin:1.0:process (default) @ maven-project ---
[INFO] Setting property: classpath.resource.loader.class => 'org.codehaus.plexus.velocity.ContextClassLoaderResourceLoader'.
[INFO] Setting property: velocimacro.messages.on => 'false'.
[INFO] Setting property: resource.loader => 'classpath'.
[INFO] Setting property: resource.manager.logwhenfound => 'false'.
[INFO] 
[INFO] --- maven-resources-plugin:2.3:resources (default-resources) @ maven-project ---
[INFO] Using 'UTF-8' encoding to copy filtered resources.
[INFO] skip non existing resourceDirectory /scratch/tmp-rta/Bugs.jar_Maven_778f044e_java-8/maven-project/src/main/resources
[INFO] Copying 3 resources
[INFO] 
[INFO] --- maven-compiler-plugin:2.0.2:compile (default-compile) @ maven-project ---
[INFO] Compiling 11 source files to /scratch/tmp-rta/Bugs.jar_Maven_778f044e_java-8/maven-project/target/classes
[INFO] 
[INFO] --- plexus-component-metadata:1.0-beta-3.0.5:generate-metadata (default) @ maven-project ---
[INFO] Discovered 15 component descriptors(s)
[INFO] 
[INFO] --- maven-resources-plugin:2.3:testResources (default-testResources) @ maven-project ---
[INFO] Using 'UTF-8' encoding to copy filtered resources.
[INFO] Copying 213 resources
[INFO] Copying 3 resources
[INFO] 
[INFO] --- maven-compiler-plugin:2.0.2:testCompile (default-testCompile) @ maven-project ---
[INFO] Nothing to compile - all classes are up to date
[INFO] 
[INFO] --- maven-surefire-plugin:2.4.2:test (default-test) @ maven-project ---
[INFO] Downloading: https://repo.maven.apache.org/maven2/org/apache/maven/surefire/surefire-junit/2.4.2/surefire-junit-2.4.2.pom
[INFO] Downloaded: https://repo.maven.apache.org/maven2/org/apache/maven/surefire/surefire-junit/2.4.2/surefire-junit-2.4.2.pom (1.5 kB at 2.6 kB/s)
[INFO] Downloading: https://repo.maven.apache.org/maven2/org/apache/maven/surefire/surefire-providers/2.4.2/surefire-providers-2.4.2.pom
[INFO] Downloaded: https://repo.maven.apache.org/maven2/org/apache/maven/surefire/surefire-providers/2.4.2/surefire-providers-2.4.2.pom (1.7 kB at 95 kB/s)
[INFO] Downloading: https://repo.maven.apache.org/maven2/org/apache/maven/surefire/surefire-junit/2.4.2/surefire-junit-2.4.2.jar
[INFO] Downloaded: https://repo.maven.apache.org/maven2/org/apache/maven/surefire/surefire-junit/2.4.2/surefire-junit-2.4.2.jar (15 kB at 686 kB/s)
[INFO] Surefire report directory: /scratch/tmp-rta/Bugs.jar_Maven_778f044e_java-8/maven-project/target/surefire-reports
Picked up JAVA_TOOL_OPTIONS: -XX:CICompilerCount=2 -XX:ParallelGCThreads=2 -XX:ConcGCThreads=2 -Djdk.net.URLClassPath.disableClassPathURLCheck=true -XX:CICompilerCount=2 -XX:ParallelGCThreads=2 -XX:ConcGCThreads=2 -Djdk.net.URLClassPath.disableClassPathURLCheck=true 
Picked up _JAVA_OPTIONS: -Djdk.net.URLClassPath.disableClassPathURLCheck=true

-------------------------------------------------------
 T E S T S
-------------------------------------------------------
Running org.apache.maven.project.inheritance.t09.ProjectInheritanceTest
{basedir=/scratch/tmp-rta/Bugs.jar_Maven_778f044e_java-8/maven-project}
{basedir=/scratch/tmp-rta/Bugs.jar_Maven_778f044e_java-8/maven-project, plexus.home=/scratch/tmp-rta/Bugs.jar_Maven_778f044e_java-8/maven-project/target/plexus-home}
{basedir=/scratch/tmp-rta/Bugs.jar_Maven_778f044e_java-8/maven-project}
{basedir=/scratch/tmp-rta/Bugs.jar_Maven_778f044e_java-8/maven-project, plexus.home=/scratch/tmp-rta/Bugs.jar_Maven_778f044e_java-8/maven-project/target/plexus-home}
Tests run: 2, Failures: 0, Errors: 0, Skipped: 0, Time elapsed: 0.739 sec
Running org.apache.maven.project.inheritance.t12.ProjectInheritanceTest
{basedir=/scratch/tmp-rta/Bugs.jar_Maven_778f044e_java-8/maven-project}
{basedir=/scratch/tmp-rta/Bugs.jar_Maven_778f044e_java-8/maven-project, plexus.home=/scratch/tmp-rta/Bugs.jar_Maven_778f044e_java-8/maven-project/target/plexus-home}
Tests run: 1, Failures: 0, Errors: 0, Skipped: 0, Time elapsed: 0.087 sec
Running org.apache.maven.project.injection.TestProfileInjector
Tests run: 0, Failures: 0, Errors: 0, Skipped: 0, Time elapsed: 0.003 sec
Running org.apache.maven.profiles.activation.SystemPropertyProfileActivatorTest
Tests run: 4, Failures: 0, Errors: 0, Skipped: 0, Time elapsed: 0.006 sec
Running org.apache.maven.project.inheritance.t05.ProjectInheritanceTest
{basedir=/scratch/tmp-rta/Bugs.jar_Maven_778f044e_java-8/maven-project}
{basedir=/scratch/tmp-rta/Bugs.jar_Maven_778f044e_java-8/maven-project, plexus.home=/scratch/tmp-rta/Bugs.jar_Maven_778f044e_java-8/maven-project/target/plexus-home}
Artifact: maven-test:t05-a:jar 1.0 Scope: runtime
Artifact: maven-test:t05-b:jar 1.0 Scope: runtime
Artifact: maven-test:t05-c:jar 1.0 Scope: runtime
Artifact: maven-test:t05-d:jar 1.0 Scope: runtime
Tests run: 1, Failures: 0, Errors: 0, Skipped: 0, Time elapsed: 0.114 sec
Running org.apache.maven.project.validation.DefaultModelValidatorTest
{basedir=/scratch/tmp-rta/Bugs.jar_Maven_778f044e_java-8/maven-project}
{basedir=/scratch/tmp-rta/Bugs.jar_Maven_778f044e_java-8/maven-project, plexus.home=/scratch/tmp-rta/Bugs.jar_Maven_778f044e_java-8/maven-project/target/plexus-home}
{basedir=/scratch/tmp-rta/Bugs.jar_Maven_778f044e_java-8/maven-project}
{basedir=/scratch/tmp-rta/Bugs.jar_Maven_778f044e_java-8/maven-project, plexus.home=/scratch/tmp-rta/Bugs.jar_Maven_778f044e_java-8/maven-project/target/plexus-home}
{basedir=/scratch/tmp-rta/Bugs.jar_Maven_778f044e_java-8/maven-project}
{basedir=/scratch/tmp-rta/Bugs.jar_Maven_778f044e_java-8/maven-project, plexus.home=/scratch/tmp-rta/Bugs.jar_Maven_778f044e_java-8/maven-project/target/plexus-home}
{basedir=/scratch/tmp-rta/Bugs.jar_Maven_778f044e_java-8/maven-project}
{basedir=/scratch/tmp-rta/Bugs.jar_Maven_778f044e_java-8/maven-project, plexus.home=/scratch/tmp-rta/Bugs.jar_Maven_778f044e_java-8/maven-project/target/plexus-home}
{basedir=/scratch/tmp-rta/Bugs.jar_Maven_778f044e_java-8/maven-project}
{basedir=/scratch/tmp-rta/Bugs.jar_Maven_778f044e_java-8/maven-project, plexus.home=/scratch/tmp-rta/Bugs.jar_Maven_778f044e_java-8/maven-project/target/plexus-home}
{basedir=/scratch/tmp-rta/Bugs.jar_Maven_778f044e_java-8/maven-project}
{basedir=/scratch/tmp-rta/Bugs.jar_Maven_778f044e_java-8/maven-project, plexus.home=/scratch/tmp-rta/Bugs.jar_Maven_778f044e_java-8/maven-project/target/plexus-home}
{basedir=/scratch/tmp-rta/Bugs.jar_Maven_778f044e_java-8/maven-project}
{basedir=/scratch/tmp-rta/Bugs.jar_Maven_778f044e_java-8/maven-project, plexus.home=/scratch/tmp-rta/Bugs.jar_Maven_778f044e_java-8/maven-project/target/plexus-home}
{basedir=/scratch/tmp-rta/Bugs.jar_Maven_778f044e_java-8/maven-project}
{basedir=/scratch/tmp-rta/Bugs.jar_Maven_778f044e_java-8/maven-project, plexus.home=/scratch/tmp-rta/Bugs.jar_Maven_778f044e_java-8/maven-project/target/plexus-home}
{basedir=/scratch/tmp-rta/Bugs.jar_Maven_778f044e_java-8/maven-project}
{basedir=/scratch/tmp-rta/Bugs.jar_Maven_778f044e_java-8/maven-project, plexus.home=/scratch/tmp-rta/Bugs.jar_Maven_778f044e_java-8/maven-project/target/plexus-home}
{basedir=/scratch/tmp-rta/Bugs.jar_Maven_778f044e_java-8/maven-project}
{basedir=/scratch/tmp-rta/Bugs.jar_Maven_778f044e_java-8/maven-project, plexus.home=/scratch/tmp-rta/Bugs.jar_Maven_778f044e_java-8/maven-project/target/plexus-home}
{basedir=/scratch/tmp-rta/Bugs.jar_Maven_778f044e_java-8/maven-project}
{basedir=/scratch/tmp-rta/Bugs.jar_Maven_778f044e_java-8/maven-project, plexus.home=/scratch/tmp-rta/Bugs.jar_Maven_778f044e_java-8/maven-project/target/plexus-home}
{basedir=/scratch/tmp-rta/Bugs.jar_Maven_778f044e_java-8/maven-project}
{basedir=/scratch/tmp-rta/Bugs.jar_Maven_778f044e_java-8/maven-project, plexus.home=/scratch/tmp-rta/Bugs.jar_Maven_778f044e_java-8/maven-project/target/plexus-home}
{basedir=/scratch/tmp-rta/Bugs.jar_Maven_778f044e_java-8/maven-project}
{basedir=/scratch/tmp-rta/Bugs.jar_Maven_778f044e_java-8/maven-project, plexus.home=/scratch/tmp-rta/Bugs.jar_Maven_778f044e_java-8/maven-project/target/plexus-home}
{basedir=/scratch/tmp-rta/Bugs.jar_Maven_778f044e_java-8/maven-project}
{basedir=/scratch/tmp-rta/Bugs.jar_Maven_778f044e_java-8/maven-project, plexus.home=/scratch/tmp-rta/Bugs.jar_Maven_778f044e_java-8/maven-project/target/plexus-home}
{basedir=/scratch/tmp-rta/Bugs.jar_Maven_778f044e_java-8/maven-project}
{basedir=/scratch/tmp-rta/Bugs.jar_Maven_778f044e_java-8/maven-project, plexus.home=/scratch/tmp-rta/Bugs.jar_Maven_778f044e_java-8/maven-project/target/plexus-home}
{basedir=/scratch/tmp-rta/Bugs.jar_Maven_778f044e_java-8/maven-project}
{basedir=/scratch/tmp-rta/Bugs.jar_Maven_778f044e_java-8/maven-project, plexus.home=/scratch/tmp-rta/Bugs.jar_Maven_778f044e_java-8/maven-project/target/plexus-home}
Tests run: 16, Failures: 0, Errors: 0, Skipped: 0, Time elapsed: 0.277 sec
Running org.apache.maven.project.inheritance.t07.ProjectInheritanceTest
{basedir=/scratch/tmp-rta/Bugs.jar_Maven_778f044e_java-8/maven-project}
{basedir=/scratch/tmp-rta/Bugs.jar_Maven_778f044e_java-8/maven-project, plexus.home=/scratch/tmp-rta/Bugs.jar_Maven_778f044e_java-8/maven-project/target/plexus-home}
Project maven-t07:p1:pom:1.0 MavenProject: maven-t07:p1:1.0 @ /scratch/tmp-rta/Bugs.jar_Maven_778f044e_java-8/maven-project/src/test/resources/inheritance-repo/t07/p0/p1/pom.xml
Artifact: maven-test:t07-a:jar 1.0 Optional=false
Artifact: maven-test:t07-b:jar 1.0 Optional=false
Artifact: maven-test:t07-c:jar 1.0 Optional=false
Tests run: 1, Failures: 0, Errors: 0, Skipped: 0, Time elapsed: 0.105 sec
Running org.apache.maven.project.inheritance.t12scm.ProjectInheritanceTest
{basedir=/scratch/tmp-rta/Bugs.jar_Maven_778f044e_java-8/maven-project}
{basedir=/scratch/tmp-rta/Bugs.jar_Maven_778f044e_java-8/maven-project, plexus.home=/scratch/tmp-rta/Bugs.jar_Maven_778f044e_java-8/maven-project/target/plexus-home}



Child SCM URL is: http://host/viewer?path=/p0/p1
Child SCM connection is: scm:svn:http://host/p0/p1
Child SCM developer connection is: scm:svn:https://host/p0/p1
{basedir=/scratch/tmp-rta/Bugs.jar_Maven_778f044e_java-8/maven-project}
{basedir=/scratch/tmp-rta/Bugs.jar_Maven_778f044e_java-8/maven-project, plexus.home=/scratch/tmp-rta/Bugs.jar_Maven_778f044e_java-8/maven-project/target/plexus-home}



Parent SCM URL is: http://host/viewer?path=/p0
Child SCM URL is: http://host/viewer?path=/p0/p1

Parent SCM connection is: scm:svn:http://host/p0
Child SCM connection is: scm:svn:http://host/p0/p1

Parent SCM developer connection is: scm:svn:https://host/p0
Child SCM developer connection is: scm:svn:https://host/p0/p1
Tests run: 2, Failures: 0, Errors: 0, Skipped: 0, Time elapsed: 0.12 sec
Running org.apache.maven.project.SuperPomProjectBuilderTest
{basedir=/scratch/tmp-rta/Bugs.jar_Maven_778f044e_java-8/maven-project}
{basedir=/scratch/tmp-rta/Bugs.jar_Maven_778f044e_java-8/maven-project, plexus.home=/scratch/tmp-rta/Bugs.jar_Maven_778f044e_java-8/maven-project/target/plexus-home}
Tests run: 1, Failures: 0, Errors: 0, Skipped: 0, Time elapsed: 0.023 sec
Running org.apache.maven.profiles.activation.FileProfileActivatorTest
Tests run: 1, Failures: 0, Errors: 0, Skipped: 0, Time elapsed: 0.113 sec
Running org.apache.maven.project.inheritance.t02.ProjectInheritanceTest
{basedir=/scratch/tmp-rta/Bugs.jar_Maven_778f044e_java-8/maven-project}
{basedir=/scratch/tmp-rta/Bugs.jar_Maven_778f044e_java-8/maven-project, plexus.home=/scratch/tmp-rta/Bugs.jar_Maven_778f044e_java-8/maven-project/target/plexus-home}
Local repository is at: /scratch/tmp-rta/Bugs.jar_Maven_778f044e_java-8/maven-project/src/test/resources/inheritance-repo/t02
Location of project-4's POM: /scratch/tmp-rta/Bugs.jar_Maven_778f044e_java-8/maven-project/src/test/resources/inheritance-repo/t02/p0/p1/p2/p3/p4/pom.xml
Tests run: 1, Failures: 0, Errors: 0, Skipped: 0, Time elapsed: 0.308 sec
Running org.apache.maven.profiles.manager.DefaultProfileManagerTest
{basedir=/scratch/tmp-rta/Bugs.jar_Maven_778f044e_java-8/maven-project}
{basedir=/scratch/tmp-rta/Bugs.jar_Maven_778f044e_java-8/maven-project, plexus.home=/scratch/tmp-rta/Bugs.jar_Maven_778f044e_java-8/maven-project/target/plexus-home}
{basedir=/scratch/tmp-rta/Bugs.jar_Maven_778f044e_java-8/maven-project}
{basedir=/scratch/tmp-rta/Bugs.jar_Maven_778f044e_java-8/maven-project, plexus.home=/scratch/tmp-rta/Bugs.jar_Maven_778f044e_java-8/maven-project/target/plexus-home}
{basedir=/scratch/tmp-rta/Bugs.jar_Maven_778f044e_java-8/maven-project}
{basedir=/scratch/tmp-rta/Bugs.jar_Maven_778f044e_java-8/maven-project, plexus.home=/scratch/tmp-rta/Bugs.jar_Maven_778f044e_java-8/maven-project/target/plexus-home}
{basedir=/scratch/tmp-rta/Bugs.jar_Maven_778f044e_java-8/maven-project}
{basedir=/scratch/tmp-rta/Bugs.jar_Maven_778f044e_java-8/maven-project, plexus.home=/scratch/tmp-rta/Bugs.jar_Maven_778f044e_java-8/maven-project/target/plexus-home}
{basedir=/scratch/tmp-rta/Bugs.jar_Maven_778f044e_java-8/maven-project}
{basedir=/scratch/tmp-rta/Bugs.jar_Maven_778f044e_java-8/maven-project, plexus.home=/scratch/tmp-rta/Bugs.jar_Maven_778f044e_java-8/maven-project/target/plexus-home}
[WARNING] Cannot locate java version property: java.version. NOT enabling profile: notActivated
{basedir=/scratch/tmp-rta/Bugs.jar_Maven_778f044e_java-8/maven-project}
{basedir=/scratch/tmp-rta/Bugs.jar_Maven_778f044e_java-8/maven-project, plexus.home=/scratch/tmp-rta/Bugs.jar_Maven_778f044e_java-8/maven-project/target/plexus-home}
Tests run: 6, Failures: 0, Errors: 0, Skipped: 0, Time elapsed: 0.052 sec
Running org.apache.maven.project.inheritance.t04.ProjectInheritanceTest
{basedir=/scratch/tmp-rta/Bugs.jar_Maven_778f044e_java-8/maven-project}
{basedir=/scratch/tmp-rta/Bugs.jar_Maven_778f044e_java-8/maven-project, plexus.home=/scratch/tmp-rta/Bugs.jar_Maven_778f044e_java-8/maven-project/target/plexus-home}
Artifact: maven-test:t04-a:jar 1.0 Optional=false
Artifact: maven-test:t04-b:jar 1.0 Optional=false
Artifact: maven-test:t04-c:jar 1.0 Optional=false
Tests run: 1, Failures: 0, Errors: 0, Skipped: 0, Time elapsed: 0.069 sec
Running org.apache.maven.project.MavenProjectTest
{basedir=/scratch/tmp-rta/Bugs.jar_Maven_778f044e_java-8/maven-project}
{basedir=/scratch/tmp-rta/Bugs.jar_Maven_778f044e_java-8/maven-project, plexus.home=/scratch/tmp-rta/Bugs.jar_Maven_778f044e_java-8/maven-project/target/plexus-home}
{basedir=/scratch/tmp-rta/Bugs.jar_Maven_778f044e_java-8/maven-project}
{basedir=/scratch/tmp-rta/Bugs.jar_Maven_778f044e_java-8/maven-project, plexus.home=/scratch/tmp-rta/Bugs.jar_Maven_778f044e_java-8/maven-project/target/plexus-home}
{basedir=/scratch/tmp-rta/Bugs.jar_Maven_778f044e_java-8/maven-project}
{basedir=/scratch/tmp-rta/Bugs.jar_Maven_778f044e_java-8/maven-project, plexus.home=/scratch/tmp-rta/Bugs.jar_Maven_778f044e_java-8/maven-project/target/plexus-home}
{basedir=/scratch/tmp-rta/Bugs.jar_Maven_778f044e_java-8/maven-project}
{basedir=/scratch/tmp-rta/Bugs.jar_Maven_778f044e_java-8/maven-project, plexus.home=/scratch/tmp-rta/Bugs.jar_Maven_778f044e_java-8/maven-project/target/plexus-home}
{basedir=/scratch/tmp-rta/Bugs.jar_Maven_778f044e_java-8/maven-project}
{basedir=/scratch/tmp-rta/Bugs.jar_Maven_778f044e_java-8/maven-project, plexus.home=/scratch/tmp-rta/Bugs.jar_Maven_778f044e_java-8/maven-project/target/plexus-home}
{basedir=/scratch/tmp-rta/Bugs.jar_Maven_778f044e_java-8/maven-project}
{basedir=/scratch/tmp-rta/Bugs.jar_Maven_778f044e_java-8/maven-project, plexus.home=/scratch/tmp-rta/Bugs.jar_Maven_778f044e_java-8/maven-project/target/plexus-home}
{basedir=/scratch/tmp-rta/Bugs.jar_Maven_778f044e_java-8/maven-project}
{basedir=/scratch/tmp-rta/Bugs.jar_Maven_778f044e_java-8/maven-project, plexus.home=/scratch/tmp-rta/Bugs.jar_Maven_778f044e_java-8/maven-project/target/plexus-home}
Tests run: 7, Failures: 0, Errors: 0, Skipped: 0, Time elapsed: 0.113 sec
Running org.apache.maven.project.artifact.TestModelDefaultsInjector
Tests run: 0, Failures: 0, Errors: 0, Skipped: 0, Time elapsed: 0.002 sec
Running org.apache.maven.project.inheritance.t00.ProjectInheritanceTest
{basedir=/scratch/tmp-rta/Bugs.jar_Maven_778f044e_java-8/maven-project}
{basedir=/scratch/tmp-rta/Bugs.jar_Maven_778f044e_java-8/maven-project, plexus.home=/scratch/tmp-rta/Bugs.jar_Maven_778f044e_java-8/maven-project/target/plexus-home}
Tests run: 1, Failures: 0, Errors: 0, Skipped: 0, Time elapsed: 0.058 sec
Running org.apache.maven.project.builder.PomConstructionTest
{basedir=/scratch/tmp-rta/Bugs.jar_Maven_778f044e_java-8/maven-project}
{basedir=/scratch/tmp-rta/Bugs.jar_Maven_778f044e_java-8/maven-project, plexus.home=/scratch/tmp-rta/Bugs.jar_Maven_778f044e_java-8/maven-project/target/plexus-home}
{basedir=/scratch/tmp-rta/Bugs.jar_Maven_778f044e_java-8/maven-project}
{basedir=/scratch/tmp-rta/Bugs.jar_Maven_778f044e_java-8/maven-project, plexus.home=/scratch/tmp-rta/Bugs.jar_Maven_778f044e_java-8/maven-project/target/plexus-home}
{basedir=/scratch/tmp-rta/Bugs.jar_Maven_778f044e_java-8/maven-project}
{basedir=/scratch/tmp-rta/Bugs.jar_Maven_778f044e_java-8/maven-project, plexus.home=/scratch/tmp-rta/Bugs.jar_Maven_778f044e_java-8/maven-project/target/plexus-home}
{basedir=/scratch/tmp-rta/Bugs.jar_Maven_778f044e_java-8/maven-project}
{basedir=/scratch/tmp-rta/Bugs.jar_Maven_778f044e_java-8/maven-project, plexus.home=/scratch/tmp-rta/Bugs.jar_Maven_778f044e_java-8/maven-project/target/plexus-home}
{basedir=/scratch/tmp-rta/Bugs.jar_Maven_778f044e_java-8/maven-project}
{basedir=/scratch/tmp-rta/Bugs.jar_Maven_778f044e_java-8/maven-project, plexus.home=/scratch/tmp-rta/Bugs.jar_Maven_778f044e_java-8/maven-project/target/plexus-home}
{basedir=/scratch/tmp-rta/Bugs.jar_Maven_778f044e_java-8/maven-project}
{basedir=/scratch/tmp-rta/Bugs.jar_Maven_778f044e_java-8/maven-project, plexus.home=/scratch/tmp-rta/Bugs.jar_Maven_778f044e_java-8/maven-project/target/plexus-home}
{basedir=/scratch/tmp-rta/Bugs.jar_Maven_778f044e_java-8/maven-project}
{basedir=/scratch/tmp-rta/Bugs.jar_Maven_778f044e_java-8/maven-project, plexus.home=/scratch/tmp-rta/Bugs.jar_Maven_778f044e_java-8/maven-project/target/plexus-home}
{basedir=/scratch/tmp-rta/Bugs.jar_Maven_778f044e_java-8/maven-project}
{basedir=/scratch/tmp-rta/Bugs.jar_Maven_778f044e_java-8/maven-project, plexus.home=/scratch/tmp-rta/Bugs.jar_Maven_778f044e_java-8/maven-project/target/plexus-home}
{basedir=/scratch/tmp-rta/Bugs.jar_Maven_778f044e_java-8/maven-project}
{basedir=/scratch/tmp-rta/Bugs.jar_Maven_778f044e_java-8/maven-project, plexus.home=/scratch/tmp-rta/Bugs.jar_Maven_778f044e_java-8/maven-project/target/plexus-home}
{basedir=/scratch/tmp-rta/Bugs.jar_Maven_778f044e_java-8/maven-project}
{basedir=/scratch/tmp-rta/Bugs.jar_Maven_778f044e_java-8/maven-project, plexus.home=/scratch/tmp-rta/Bugs.jar_Maven_778f044e_java-8/maven-project/target/plexus-home}
{basedir=/scratch/tmp-rta/Bugs.jar_Maven_778f044e_java-8/maven-project}
{basedir=/scratch/tmp-rta/Bugs.jar_Maven_778f044e_java-8/maven-project, plexus.home=/scratch/tmp-rta/Bugs.jar_Maven_778f044e_java-8/maven-project/target/plexus-home}
{basedir=/scratch/tmp-rta/Bugs.jar_Maven_778f044e_java-8/maven-project}
{basedir=/scratch/tmp-rta/Bugs.jar_Maven_778f044e_java-8/maven-project, plexus.home=/scratch/tmp-rta/Bugs.jar_Maven_778f044e_java-8/maven-project/target/plexus-home}
{basedir=/scratch/tmp-rta/Bugs.jar_Maven_778f044e_java-8/maven-project}
{basedir=/scratch/tmp-rta/Bugs.jar_Maven_778f044e_java-8/maven-project, plexus.home=/scratch/tmp-rta/Bugs.jar_Maven_778f044e_java-8/maven-project/target/plexus-home}
{basedir=/scratch/tmp-rta/Bugs.jar_Maven_778f044e_java-8/maven-project}
{basedir=/scratch/tmp-rta/Bugs.jar_Maven_778f044e_java-8/maven-project, plexus.home=/scratch/tmp-rta/Bugs.jar_Maven_778f044e_java-8/maven-project/target/plexus-home}
{basedir=/scratch/tmp-rta/Bugs.jar_Maven_778f044e_java-8/maven-project}
{basedir=/scratch/tmp-rta/Bugs.jar_Maven_778f044e_java-8/maven-project, plexus.home=/scratch/tmp-rta/Bugs.jar_Maven_778f044e_java-8/maven-project/target/plexus-home}
{basedir=/scratch/tmp-rta/Bugs.jar_Maven_778f044e_java-8/maven-project}
{basedir=/scratch/tmp-rta/Bugs.jar_Maven_778f044e_java-8/maven-project, plexus.home=/scratch/tmp-rta/Bugs.jar_Maven_778f044e_java-8/maven-project/target/plexus-home}
{basedir=/scratch/tmp-rta/Bugs.jar_Maven_778f044e_java-8/maven-project}
{basedir=/scratch/tmp-rta/Bugs.jar_Maven_778f044e_java-8/maven-project, plexus.home=/scratch/tmp-rta/Bugs.jar_Maven_778f044e_java-8/maven-project/target/plexus-home}
{basedir=/scratch/tmp-rta/Bugs.jar_Maven_778f044e_java-8/maven-project}
{basedir=/scratch/tmp-rta/Bugs.jar_Maven_778f044e_java-8/maven-project, plexus.home=/scratch/tmp-rta/Bugs.jar_Maven_778f044e_java-8/maven-project/target/plexus-home}
{basedir=/scratch/tmp-rta/Bugs.jar_Maven_778f044e_java-8/maven-project}
{basedir=/scratch/tmp-rta/Bugs.jar_Maven_778f044e_java-8/maven-project, plexus.home=/scratch/tmp-rta/Bugs.jar_Maven_778f044e_java-8/maven-project/target/plexus-home}
{basedir=/scratch/tmp-rta/Bugs.jar_Maven_778f044e_java-8/maven-project}
{basedir=/scratch/tmp-rta/Bugs.jar_Maven_778f044e_java-8/maven-project, plexus.home=/scratch/tmp-rta/Bugs.jar_Maven_778f044e_java-8/maven-project/target/plexus-home}
{basedir=/scratch/tmp-rta/Bugs.jar_Maven_778f044e_java-8/maven-project}
{basedir=/scratch/tmp-rta/Bugs.jar_Maven_778f044e_java-8/maven-project, plexus.home=/scratch/tmp-rta/Bugs.jar_Maven_778f044e_java-8/maven-project/target/plexus-home}
{basedir=/scratch/tmp-rta/Bugs.jar_Maven_778f044e_java-8/maven-project}
{basedir=/scratch/tmp-rta/Bugs.jar_Maven_778f044e_java-8/maven-project, plexus.home=/scratch/tmp-rta/Bugs.jar_Maven_778f044e_java-8/maven-project/target/plexus-home}
{basedir=/scratch/tmp-rta/Bugs.jar_Maven_778f044e_java-8/maven-project}
{basedir=/scratch/tmp-rta/Bugs.jar_Maven_778f044e_java-8/maven-project, plexus.home=/scratch/tmp-rta/Bugs.jar_Maven_778f044e_java-8/maven-project/target/plexus-home}
{basedir=/scratch/tmp-rta/Bugs.jar_Maven_778f044e_java-8/maven-project}
{basedir=/scratch/tmp-rta/Bugs.jar_Maven_778f044e_java-8/maven-project, plexus.home=/scratch/tmp-rta/Bugs.jar_Maven_778f044e_java-8/maven-project/target/plexus-home}
{basedir=/scratch/tmp-rta/Bugs.jar_Maven_778f044e_java-8/maven-project}
{basedir=/scratch/tmp-rta/Bugs.jar_Maven_778f044e_java-8/maven-project, plexus.home=/scratch/tmp-rta/Bugs.jar_Maven_778f044e_java-8/maven-project/target/plexus-home}
{basedir=/scratch/tmp-rta/Bugs.jar_Maven_778f044e_java-8/maven-project}
{basedir=/scratch/tmp-rta/Bugs.jar_Maven_778f044e_java-8/maven-project, plexus.home=/scratch/tmp-rta/Bugs.jar_Maven_778f044e_java-8/maven-project/target/plexus-home}
{basedir=/scratch/tmp-rta/Bugs.jar_Maven_778f044e_java-8/maven-project}
{basedir=/scratch/tmp-rta/Bugs.jar_Maven_778f044e_java-8/maven-project, plexus.home=/scratch/tmp-rta/Bugs.jar_Maven_778f044e_java-8/maven-project/target/plexus-home}
{basedir=/scratch/tmp-rta/Bugs.jar_Maven_778f044e_java-8/maven-project}
{basedir=/scratch/tmp-rta/Bugs.jar_Maven_778f044e_java-8/maven-project, plexus.home=/scratch/tmp-rta/Bugs.jar_Maven_778f044e_java-8/maven-project/target/plexus-home}
{basedir=/scratch/tmp-rta/Bugs.jar_Maven_778f044e_java-8/maven-project}
{basedir=/scratch/tmp-rta/Bugs.jar_Maven_778f044e_java-8/maven-project, plexus.home=/scratch/tmp-rta/Bugs.jar_Maven_778f044e_java-8/maven-project/target/plexus-home}
[src/main/filters/child-a.properties, src/main/filters/child-c.properties, src/main/filters/child-b.properties, src/main/filters/child-d.properties, src/main/filters/parent-c.properties, src/main/filters/parent-b.properties, src/main/filters/parent-d.properties]
{basedir=/scratch/tmp-rta/Bugs.jar_Maven_778f044e_java-8/maven-project}
{basedir=/scratch/tmp-rta/Bugs.jar_Maven_778f044e_java-8/maven-project, plexus.home=/scratch/tmp-rta/Bugs.jar_Maven_778f044e_java-8/maven-project/target/plexus-home}
{basedir=/scratch/tmp-rta/Bugs.jar_Maven_778f044e_java-8/maven-project}
{basedir=/scratch/tmp-rta/Bugs.jar_Maven_778f044e_java-8/maven-project, plexus.home=/scratch/tmp-rta/Bugs.jar_Maven_778f044e_java-8/maven-project/target/plexus-home}
{basedir=/scratch/tmp-rta/Bugs.jar_Maven_778f044e_java-8/maven-project}
{basedir=/scratch/tmp-rta/Bugs.jar_Maven_778f044e_java-8/maven-project, plexus.home=/scratch/tmp-rta/Bugs.jar_Maven_778f044e_java-8/maven-project/target/plexus-home}
{basedir=/scratch/tmp-rta/Bugs.jar_Maven_778f044e_java-8/maven-project}
{basedir=/scratch/tmp-rta/Bugs.jar_Maven_778f044e_java-8/maven-project, plexus.home=/scratch/tmp-rta/Bugs.jar_Maven_778f044e_java-8/maven-project/target/plexus-home}
{basedir=/scratch/tmp-rta/Bugs.jar_Maven_778f044e_java-8/maven-project}
{basedir=/scratch/tmp-rta/Bugs.jar_Maven_778f044e_java-8/maven-project, plexus.home=/scratch/tmp-rta/Bugs.jar_Maven_778f044e_java-8/maven-project/target/plexus-home}
{basedir=/scratch/tmp-rta/Bugs.jar_Maven_778f044e_java-8/maven-project}
{basedir=/scratch/tmp-rta/Bugs.jar_Maven_778f044e_java-8/maven-project, plexus.home=/scratch/tmp-rta/Bugs.jar_Maven_778f044e_java-8/maven-project/target/plexus-home}
{basedir=/scratch/tmp-rta/Bugs.jar_Maven_778f044e_java-8/maven-project}
{basedir=/scratch/tmp-rta/Bugs.jar_Maven_778f044e_java-8/maven-project, plexus.home=/scratch/tmp-rta/Bugs.jar_Maven_778f044e_java-8/maven-project/target/plexus-home}
{basedir=/scratch/tmp-rta/Bugs.jar_Maven_778f044e_java-8/maven-project}
{basedir=/scratch/tmp-rta/Bugs.jar_Maven_778f044e_java-8/maven-project, plexus.home=/scratch/tmp-rta/Bugs.jar_Maven_778f044e_java-8/maven-project/target/plexus-home}
{basedir=/scratch/tmp-rta/Bugs.jar_Maven_778f044e_java-8/maven-project}
{basedir=/scratch/tmp-rta/Bugs.jar_Maven_778f044e_java-8/maven-project, plexus.home=/scratch/tmp-rta/Bugs.jar_Maven_778f044e_java-8/maven-project/target/plexus-home}
{basedir=/scratch/tmp-rta/Bugs.jar_Maven_778f044e_java-8/maven-project}
{basedir=/scratch/tmp-rta/Bugs.jar_Maven_778f044e_java-8/maven-project, plexus.home=/scratch/tmp-rta/Bugs.jar_Maven_778f044e_java-8/maven-project/target/plexus-home}
{basedir=/scratch/tmp-rta/Bugs.jar_Maven_778f044e_java-8/maven-project}
{basedir=/scratch/tmp-rta/Bugs.jar_Maven_778f044e_java-8/maven-project, plexus.home=/scratch/tmp-rta/Bugs.jar_Maven_778f044e_java-8/maven-project/target/plexus-home}
{basedir=/scratch/tmp-rta/Bugs.jar_Maven_778f044e_java-8/maven-project}
{basedir=/scratch/tmp-rta/Bugs.jar_Maven_778f044e_java-8/maven-project, plexus.home=/scratch/tmp-rta/Bugs.jar_Maven_778f044e_java-8/maven-project/target/plexus-home}
{basedir=/scratch/tmp-rta/Bugs.jar_Maven_778f044e_java-8/maven-project}
{basedir=/scratch/tmp-rta/Bugs.jar_Maven_778f044e_java-8/maven-project, plexus.home=/scratch/tmp-rta/Bugs.jar_Maven_778f044e_java-8/maven-project/target/plexus-home}
{basedir=/scratch/tmp-rta/Bugs.jar_Maven_778f044e_java-8/maven-project}
{basedir=/scratch/tmp-rta/Bugs.jar_Maven_778f044e_java-8/maven-project, plexus.home=/scratch/tmp-rta/Bugs.jar_Maven_778f044e_java-8/maven-project/target/plexus-home}
{basedir=/scratch/tmp-rta/Bugs.jar_Maven_778f044e_java-8/maven-project}
{basedir=/scratch/tmp-rta/Bugs.jar_Maven_778f044e_java-8/maven-project, plexus.home=/scratch/tmp-rta/Bugs.jar_Maven_778f044e_java-8/maven-project/target/plexus-home}
{basedir=/scratch/tmp-rta/Bugs.jar_Maven_778f044e_java-8/maven-project}
{basedir=/scratch/tmp-rta/Bugs.jar_Maven_778f044e_java-8/maven-project, plexus.home=/scratch/tmp-rta/Bugs.jar_Maven_778f044e_java-8/maven-project/target/plexus-home}
{basedir=/scratch/tmp-rta/Bugs.jar_Maven_778f044e_java-8/maven-project}
{basedir=/scratch/tmp-rta/Bugs.jar_Maven_778f044e_java-8/maven-project, plexus.home=/scratch/tmp-rta/Bugs.jar_Maven_778f044e_java-8/maven-project/target/plexus-home}
{basedir=/scratch/tmp-rta/Bugs.jar_Maven_778f044e_java-8/maven-project}
{basedir=/scratch/tmp-rta/Bugs.jar_Maven_778f044e_java-8/maven-project, plexus.home=/scratch/tmp-rta/Bugs.jar_Maven_778f044e_java-8/maven-project/target/plexus-home}
{basedir=/scratch/tmp-rta/Bugs.jar_Maven_778f044e_java-8/maven-project}
{basedir=/scratch/tmp-rta/Bugs.jar_Maven_778f044e_java-8/maven-project, plexus.home=/scratch/tmp-rta/Bugs.jar_Maven_778f044e_java-8/maven-project/target/plexus-home}
{basedir=/scratch/tmp-rta/Bugs.jar_Maven_778f044e_java-8/maven-project}
{basedir=/scratch/tmp-rta/Bugs.jar_Maven_778f044e_java-8/maven-project, plexus.home=/scratch/tmp-rta/Bugs.jar_Maven_778f044e_java-8/maven-project/target/plexus-home}
{basedir=/scratch/tmp-rta/Bugs.jar_Maven_778f044e_java-8/maven-project}
{basedir=/scratch/tmp-rta/Bugs.jar_Maven_778f044e_java-8/maven-project, plexus.home=/scratch/tmp-rta/Bugs.jar_Maven_778f044e_java-8/maven-project/target/plexus-home}
{basedir=/scratch/tmp-rta/Bugs.jar_Maven_778f044e_java-8/maven-project}
{basedir=/scratch/tmp-rta/Bugs.jar_Maven_778f044e_java-8/maven-project, plexus.home=/scratch/tmp-rta/Bugs.jar_Maven_778f044e_java-8/maven-project/target/plexus-home}
{basedir=/scratch/tmp-rta/Bugs.jar_Maven_778f044e_java-8/maven-project}
{basedir=/scratch/tmp-rta/Bugs.jar_Maven_778f044e_java-8/maven-project, plexus.home=/scratch/tmp-rta/Bugs.jar_Maven_778f044e_java-8/maven-project/target/plexus-home}
Tests run: 52, Failures: 0, Errors: 0, Skipped: 0, Time elapsed: 1.177 sec
Running org.apache.maven.project.inheritance.t10.ProjectInheritanceTest
{basedir=/scratch/tmp-rta/Bugs.jar_Maven_778f044e_java-8/maven-project}
{basedir=/scratch/tmp-rta/Bugs.jar_Maven_778f044e_java-8/maven-project, plexus.home=/scratch/tmp-rta/Bugs.jar_Maven_778f044e_java-8/maven-project/target/plexus-home}
Project maven-t10:p1:pom:1.0 MavenProject: maven-t10:p1:1.0 @ /scratch/tmp-rta/Bugs.jar_Maven_778f044e_java-8/maven-project/src/test/resources/inheritance-repo/t10/p0/p1/pom.xml
Tests run: 1, Failures: 0, Errors: 0, Skipped: 0, Time elapsed: 0.051 sec
Running org.apache.maven.project.TestProjectBuilder
Tests run: 0, Failures: 0, Errors: 0, Skipped: 0, Time elapsed: 0.002 sec
Running org.apache.maven.project.canonical.CanonicalProjectBuilderTest
{basedir=/scratch/tmp-rta/Bugs.jar_Maven_778f044e_java-8/maven-project}
{basedir=/scratch/tmp-rta/Bugs.jar_Maven_778f044e_java-8/maven-project, plexus.home=/scratch/tmp-rta/Bugs.jar_Maven_778f044e_java-8/maven-project/target/plexus-home}
Tests run: 1, Failures: 0, Errors: 0, Skipped: 0, Time elapsed: 0.02 sec
Running org.apache.maven.project.inheritance.t08.ProjectInheritanceTest
{basedir=/scratch/tmp-rta/Bugs.jar_Maven_778f044e_java-8/maven-project}
{basedir=/scratch/tmp-rta/Bugs.jar_Maven_778f044e_java-8/maven-project, plexus.home=/scratch/tmp-rta/Bugs.jar_Maven_778f044e_java-8/maven-project/target/plexus-home}
Project maven-t08:p1:pom:1.0 MavenProject: maven-t08:p1:1.0 @ /scratch/tmp-rta/Bugs.jar_Maven_778f044e_java-8/maven-project/src/test/resources/inheritance-repo/t08/p0/p1/pom.xml
Artifact: maven-test:t08-a:jar 1.0 Optional=false
Artifact: maven-test:t08-b:jar 1.0 Optional=false
Artifact: maven-test:t08-c:jar 1.0 Optional=false
Artifact: maven-test:t08-d:jar 1.0 Optional=true
Tests run: 1, Failures: 0, Errors: 0, Skipped: 0, Time elapsed: 0.054 sec
Running org.apache.maven.project.ModelUtilsTest
Tests run: 15, Failures: 0, Errors: 0, Skipped: 0, Time elapsed: 0.01 sec
Running org.apache.maven.project.inheritance.t11.ProjectInheritanceTest
{basedir=/scratch/tmp-rta/Bugs.jar_Maven_778f044e_java-8/maven-project}
{basedir=/scratch/tmp-rta/Bugs.jar_Maven_778f044e_java-8/maven-project, plexus.home=/scratch/tmp-rta/Bugs.jar_Maven_778f044e_java-8/maven-project/target/plexus-home}
Tests run: 1, Failures: 0, Errors: 0, Skipped: 0, Time elapsed: 0.027 sec
Running org.apache.maven.project.ProjectBuilderURITest
Original URL String:
jar:file:/c:/Program Files/maven2.1/bin/../lib/maven-project-2.1-SNAPSHOT.jar!/org/apache/maven/project/pom-4.0.0.xml
URI result:
jar:file:/c:/Program%20Files/maven2.1/bin/../lib/maven-project-2.1-SNAPSHOT.jar!/org/apache/maven/project/pom-4.0.0.xml
Tests run: 1, Failures: 0, Errors: 0, Skipped: 0, Time elapsed: 0.002 sec
Running org.apache.maven.project.artifact.MavenMetadataSourceTest
{basedir=/scratch/tmp-rta/Bugs.jar_Maven_778f044e_java-8/maven-project}
{basedir=/scratch/tmp-rta/Bugs.jar_Maven_778f044e_java-8/maven-project, plexus.home=/scratch/tmp-rta/Bugs.jar_Maven_778f044e_java-8/maven-project/target/plexus-home}
{basedir=/scratch/tmp-rta/Bugs.jar_Maven_778f044e_java-8/maven-project}
{basedir=/scratch/tmp-rta/Bugs.jar_Maven_778f044e_java-8/maven-project, plexus.home=/scratch/tmp-rta/Bugs.jar_Maven_778f044e_java-8/maven-project/target/plexus-home}
{basedir=/scratch/tmp-rta/Bugs.jar_Maven_778f044e_java-8/maven-project}
{basedir=/scratch/tmp-rta/Bugs.jar_Maven_778f044e_java-8/maven-project, plexus.home=/scratch/tmp-rta/Bugs.jar_Maven_778f044e_java-8/maven-project/target/plexus-home}
Tests run: 3, Failures: 0, Errors: 0, Skipped: 0, Time elapsed: 0.023 sec
Running org.apache.maven.project.inheritance.t06.ProjectInheritanceTest
{basedir=/scratch/tmp-rta/Bugs.jar_Maven_778f044e_java-8/maven-project}
{basedir=/scratch/tmp-rta/Bugs.jar_Maven_778f044e_java-8/maven-project, plexus.home=/scratch/tmp-rta/Bugs.jar_Maven_778f044e_java-8/maven-project/target/plexus-home}
Artifact: maven-test:t06-a:jar 1.0 Optional=false
Artifact: maven-test:t06-b:jar 1.0 Optional=false
Artifact: maven-test:t06-c:jar 1.0 Optional=false
Artifact: maven-test:t06-d:jar 1.0 Optional=false
Tests run: 1, Failures: 0, Errors: 0, Skipped: 0, Time elapsed: 0.053 sec
Running org.apache.maven.project.builder.PluginBuilderTest
Tests run: 0, Failures: 0, Errors: 0, Skipped: 0, Time elapsed: 0.002 sec
Running org.apache.maven.project.inheritance.t03.ProjectInheritanceTest
{basedir=/scratch/tmp-rta/Bugs.jar_Maven_778f044e_java-8/maven-project}
{basedir=/scratch/tmp-rta/Bugs.jar_Maven_778f044e_java-8/maven-project, plexus.home=/scratch/tmp-rta/Bugs.jar_Maven_778f044e_java-8/maven-project/target/plexus-home}
Tests run: 1, Failures: 0, Errors: 0, Skipped: 0, Time elapsed: 0.028 sec
Running org.apache.maven.profiles.injection.DefaultProfileInjectorTest
Tests run: 7, Failures: 0, Errors: 0, Skipped: 0, Time elapsed: 0.005 sec
Running org.apache.maven.project.inheritance.t01.ProjectInheritanceTest
{basedir=/scratch/tmp-rta/Bugs.jar_Maven_778f044e_java-8/maven-project}
{basedir=/scratch/tmp-rta/Bugs.jar_Maven_778f044e_java-8/maven-project, plexus.home=/scratch/tmp-rta/Bugs.jar_Maven_778f044e_java-8/maven-project/target/plexus-home}
Tests run: 1, Failures: 0, Errors: 0, Skipped: 0, Time elapsed: 0.117 sec
Running org.apache.maven.project.DefaultMavenProjectBuilderTest
{basedir=/scratch/tmp-rta/Bugs.jar_Maven_778f044e_java-8/maven-project}
{basedir=/scratch/tmp-rta/Bugs.jar_Maven_778f044e_java-8/maven-project, plexus.home=/scratch/tmp-rta/Bugs.jar_Maven_778f044e_java-8/maven-project/target/plexus-home}
{basedir=/scratch/tmp-rta/Bugs.jar_Maven_778f044e_java-8/maven-project}
{basedir=/scratch/tmp-rta/Bugs.jar_Maven_778f044e_java-8/maven-project, plexus.home=/scratch/tmp-rta/Bugs.jar_Maven_778f044e_java-8/maven-project/target/plexus-home}
Tests run: 2, Failures: 0, Errors: 0, Skipped: 0, Time elapsed: 0.049 sec
Running org.apache.maven.profiles.activation.JdkPrefixProfileActivatorTest
Tests run: 2, Failures: 0, Errors: 0, Skipped: 0, Time elapsed: 0.003 sec
Running org.apache.maven.project.injection.DefaultModelDefaultsInjectorTest
Tests run: 11, Failures: 0, Errors: 0, Skipped: 0, Time elapsed: 0.004 sec
Running org.apache.maven.project.TestArtifactResolver
Tests run: 0, Failures: 0, Errors: 0, Skipped: 0, Time elapsed: 0.002 sec
Running org.apache.maven.project.ProjectClasspathTest
{basedir=/scratch/tmp-rta/Bugs.jar_Maven_778f044e_java-8/maven-project}
{basedir=/scratch/tmp-rta/Bugs.jar_Maven_778f044e_java-8/maven-project, plexus.home=/scratch/tmp-rta/Bugs.jar_Maven_778f044e_java-8/maven-project/target/plexus-home}
Tests run: 1, Failures: 0, Errors: 0, Skipped: 0, Time elapsed: 0.021 sec

Results :

Tests run: 146, Failures: 0, Errors: 0, Skipped: 0

[INFO] ------------------------------------------------------------------------
[INFO] BUILD SUCCESS
[INFO] ------------------------------------------------------------------------
[INFO] Total time: 27.411 s
[INFO] Finished at: 2020-03-15T01:31:25-07:00
[INFO] Final Memory: 30M/981M
[INFO] ------------------------------------------------------------------------
