Picked up JAVA_TOOL_OPTIONS: -XX:CICompilerCount=2 -XX:ParallelGCThreads=2 -XX:ConcGCThreads=2 -Djdk.net.URLClassPath.disableClassPathURLCheck=true 
Picked up _JAVA_OPTIONS: -Djdk.net.URLClassPath.disableClassPathURLCheck=true
Apache Maven 3.5.0 (Red Hat 3.5.0-4.3)
Maven home: /opt/rh/rh-maven35/root/usr/share/maven
Java version: 1.7.0_80, vendor: Oracle Corporation
Java home: /scratch/jmcampos/RTA/repair_them_all_framework/jdks/jdk1.7.0_80/jre
Default locale: en_US, platform encoding: UTF-8
OS name: "linux", version: "4.14.125-1.el7.retpoline.x86_64", arch: "amd64", family: "unix"
[INFO] Scanning for projects...
[INFO] 
[INFO] ------------------------------------------------------------------------
[INFO] Building Apache Log4j SLF4J Binding 2.0-rc2-SNAPSHOT
[INFO] ------------------------------------------------------------------------
[INFO] Downloading: http://download.oracle.com/maven/org/apache/logging/log4j/log4j-api/2.0-rc2-SNAPSHOT/maven-metadata.xml
[INFO] Downloading: http://repository.apache.org/snapshots/org/apache/logging/log4j/log4j-api/2.0-rc2-SNAPSHOT/maven-metadata.xml
[INFO] Downloading: http://download.oracle.com/maven/org/apache/logging/log4j/log4j/2.0-rc2-SNAPSHOT/maven-metadata.xml
[INFO] Downloading: http://repository.apache.org/snapshots/org/apache/logging/log4j/log4j/2.0-rc2-SNAPSHOT/maven-metadata.xml
[INFO] Downloading: http://download.oracle.com/maven/org/apache/logging/log4j/log4j-core/2.0-rc2-SNAPSHOT/maven-metadata.xml
[INFO] Downloading: http://repository.apache.org/snapshots/org/apache/logging/log4j/log4j-core/2.0-rc2-SNAPSHOT/maven-metadata.xml
[INFO] 
[INFO] --- maven-remote-resources-plugin:1.1:process (default) @ log4j-slf4j-impl ---
[INFO] Setting property: classpath.resource.loader.class => 'org.codehaus.plexus.velocity.ContextClassLoaderResourceLoader'.
[INFO] Setting property: velocimacro.messages.on => 'false'.
[INFO] Setting property: resource.loader => 'classpath'.
[INFO] Setting property: resource.manager.logwhenfound => 'false'.
[INFO] 
[INFO] --- maven-resources-plugin:2.5:resources (default-resources) @ log4j-slf4j-impl ---
[debug] execute contextualize
[INFO] Using 'UTF-8' encoding to copy filtered resources.
[INFO] skip non existing resourceDirectory /scratch/tmp-rta/Bugs.jar_Logging-Log4J2_8f0c4871_java-7/log4j-slf4j-impl/src/main/resources
[INFO] Copying 3 resources
[INFO] 
[INFO] --- maven-compiler-plugin:3.1:compile (default-compile) @ log4j-slf4j-impl ---
[INFO] Changes detected - recompiling the module!
[INFO] Compiling 13 source files to /scratch/tmp-rta/Bugs.jar_Logging-Log4J2_8f0c4871_java-7/log4j-slf4j-impl/target/classes
[WARNING] bootstrap class path not set in conjunction with -source 1.6
[INFO] 
[INFO] --- maven-bundle-plugin:2.3.7:manifest (bundle-manifest) @ log4j-slf4j-impl ---
[WARNING] Manifest org.apache.logging.log4j:log4j-slf4j-impl:jar:2.0-rc2-SNAPSHOT : Superfluous export-package instructions: [org.apache.logging.log4j.*]
[INFO] 
[INFO] --- maven-resources-plugin:2.5:testResources (default-testResources) @ log4j-slf4j-impl ---
[debug] execute contextualize
[INFO] Using 'UTF-8' encoding to copy filtered resources.
[INFO] Copying 1 resource
[INFO] Copying 3 resources
[INFO] 
[INFO] --- maven-compiler-plugin:3.1:testCompile (default-testCompile) @ log4j-slf4j-impl ---
[INFO] Nothing to compile - all classes are up to date
[INFO] 
[INFO] --- maven-surefire-plugin:2.16:test (default-test) @ log4j-slf4j-impl ---
[WARNING] The parameter forkMode is deprecated since version 2.14. Use forkCount and reuseForks instead.
[INFO] 
[INFO] --- maven-surefire-plugin:2.16:test (default-tests) @ log4j-slf4j-impl ---
[WARNING] The parameter forkMode is deprecated since version 2.14. Use forkCount and reuseForks instead.
[INFO] Surefire report directory: /scratch/tmp-rta/Bugs.jar_Logging-Log4J2_8f0c4871_java-7/log4j-slf4j-impl/target/surefire-reports
[INFO] Downloading: https://repository.apache.org/content/repositories/releases/org/apache/maven/surefire/surefire-junit4/2.16/surefire-junit4-2.16.pom
[INFO] Downloaded: https://repository.apache.org/content/repositories/releases/org/apache/maven/surefire/surefire-junit4/2.16/surefire-junit4-2.16.pom (2.5 kB at 1.9 kB/s)
[INFO] Downloading: https://repository.apache.org/content/repositories/releases/org/apache/maven/surefire/surefire-providers/2.16/surefire-providers-2.16.pom
[INFO] Downloaded: https://repository.apache.org/content/repositories/releases/org/apache/maven/surefire/surefire-providers/2.16/surefire-providers-2.16.pom (2.4 kB at 2.0 kB/s)
[INFO] Downloading: https://repository.apache.org/content/repositories/releases/org/apache/maven/surefire/surefire-junit4/2.16/surefire-junit4-2.16.jar
[INFO] Downloaded: https://repository.apache.org/content/repositories/releases/org/apache/maven/surefire/surefire-junit4/2.16/surefire-junit4-2.16.jar (64 kB at 95 kB/s)

-------------------------------------------------------
 T E S T S
-------------------------------------------------------

-------------------------------------------------------
 T E S T S
-------------------------------------------------------
Picked up JAVA_TOOL_OPTIONS: -XX:CICompilerCount=2 -XX:ParallelGCThreads=2 -XX:ConcGCThreads=2 -Djdk.net.URLClassPath.disableClassPathURLCheck=true -XX:CICompilerCount=2 -XX:ParallelGCThreads=2 -XX:ConcGCThreads=2 -Djdk.net.URLClassPath.disableClassPathURLCheck=true 
Picked up _JAVA_OPTIONS: -Djdk.net.URLClassPath.disableClassPathURLCheck=true
Running org.apache.logging.slf4j.MarkerTest
Tests run: 1, Failures: 0, Errors: 0, Skipped: 0, Time elapsed: 0.064 sec - in org.apache.logging.slf4j.MarkerTest
Picked up JAVA_TOOL_OPTIONS: -XX:CICompilerCount=2 -XX:ParallelGCThreads=2 -XX:ConcGCThreads=2 -Djdk.net.URLClassPath.disableClassPathURLCheck=true -XX:CICompilerCount=2 -XX:ParallelGCThreads=2 -XX:ConcGCThreads=2 -Djdk.net.URLClassPath.disableClassPathURLCheck=true 
Picked up _JAVA_OPTIONS: -Djdk.net.URLClassPath.disableClassPathURLCheck=true
Running org.apache.logging.slf4j.SerializeTest
2020-03-12 08:00:11,363 DEBUG Found Plugin Map at jar:file:/scratch/tmp-rta/Bugs.jar_Logging-Log4J2_8f0c4871_java-7/.m2/org/apache/logging/log4j/log4j-core/2.0-rc2-SNAPSHOT/log4j-core-2.0-rc2-SNAPSHOT.jar!/org/apache/logging/log4j/core/config/plugins/Log4j2Plugins.dat
2020-03-12 08:00:11,421 DEBUG Generated plugins in 0.061068255 seconds
2020-03-12 08:00:11,464 DEBUG Generated plugins in 0.042388374 seconds
2020-03-12 08:00:11,480 DEBUG Calling createProperty on class org.apache.logging.log4j.core.config.Property for element property with params(name="filename", value="target/test.log")
2020-03-12 08:00:11,486 DEBUG Calling configureSubstitutor on class org.apache.logging.log4j.core.config.plugins.PropertiesPlugin for element properties with params(Properties={filename=target/test.log}, Configuration(LoggerTest))
2020-03-12 08:00:11,524 DEBUG Generated plugins in 0.037019099 seconds
2020-03-12 08:00:11,528 DEBUG Calling createFilter on class org.apache.logging.log4j.core.filter.ThresholdFilter for element ThresholdFilter with params(level="trace", onMatch="null", onMismatch="null")
2020-03-12 08:00:11,531 DEBUG Calling createLayout on class org.apache.logging.log4j.core.layout.PatternLayout for element PatternLayout with params(pattern="%C{1.} %m%n", Configuration(LoggerTest), null, charset="null", alwaysWriteExceptions="null", noConsoleNoAnsi="null")
2020-03-12 08:00:11,565 DEBUG Generated plugins in 0.033500885 seconds
2020-03-12 08:00:11,569 DEBUG Calling createAppender on class org.apache.logging.log4j.test.appender.ListAppender for element List with params(name="EventLogger", entryPerNewLine="null", raw="null", PatternLayout(%C{1.} %m%n), null)
2020-03-12 08:00:11,570 DEBUG Calling createLayout on class org.apache.logging.log4j.core.layout.PatternLayout for element PatternLayout with params(pattern="%C{1.} %m MDC%X%n", Configuration(LoggerTest), null, charset="null", alwaysWriteExceptions="null", noConsoleNoAnsi="null")
2020-03-12 08:00:11,573 DEBUG Calling createAppender on class org.apache.logging.log4j.core.appender.ConsoleAppender for element Console with params(PatternLayout(%C{1.} %m MDC%X%n), null, target="null", name="STDOUT", follow="null", ignoreExceptions="null")
2020-03-12 08:00:11,575 DEBUG Calling createLayout on class org.apache.logging.log4j.core.layout.PatternLayout for element PatternLayout with params(pattern="%d %p %C{1.} [%t] %m%n", Configuration(LoggerTest), null, charset="null", alwaysWriteExceptions="null", noConsoleNoAnsi="null")
2020-03-12 08:00:11,577 DEBUG Calling createAppender on class org.apache.logging.log4j.core.appender.FileAppender for element File with params(fileName="target/test.log", append="null", locking="null", name="File", immediateFlush="null", ignoreExceptions="null", bufferedIO="null", bufferSize="null", PatternLayout(%d %p %C{1.} [%t] %m%n), null, advertise="null", advertiseURI="null", Configuration(LoggerTest))
2020-03-12 08:00:11,580 DEBUG Starting FileManager target/test.log
2020-03-12 08:00:11,581 DEBUG Calling createLayout on class org.apache.logging.log4j.core.layout.PatternLayout for element PatternLayout with params(pattern="%C{1.} %m MDC%X%n%ex{0}", Configuration(LoggerTest), null, charset="null", alwaysWriteExceptions="null", noConsoleNoAnsi="null")
2020-03-12 08:00:11,587 DEBUG Calling createAppender on class org.apache.logging.log4j.test.appender.ListAppender for element List with params(name="List", entryPerNewLine="null", raw="null", PatternLayout(%C{1.} %m MDC%X%n%ex{0}), null)
2020-03-12 08:00:11,588 ERROR Appenders contains an invalid element or attribute "SLF4J"
2020-03-12 08:00:11,588 DEBUG Calling createAppenders on class org.apache.logging.log4j.core.config.plugins.AppendersPlugin for element Appenders with params(Appenders={EventLogger, STDOUT, File, List})
2020-03-12 08:00:11,590 DEBUG Calling createAppenderRef on class org.apache.logging.log4j.core.config.AppenderRef for element AppenderRef with params(ref="EventLogger", level="null", null)
2020-03-12 08:00:11,593 DEBUG Calling createLogger on class org.apache.logging.log4j.core.config.LoggerConfig for element Logger with params(additivity="false", level="info", name="EventLogger", includeLocation="null", AppenderRef={EventLogger}, Properties={}, Configuration(LoggerTest), null)
2020-03-12 08:00:11,595 DEBUG Calling createAppenderRef on class org.apache.logging.log4j.core.config.AppenderRef for element AppenderRef with params(ref="File", level="null", null)
2020-03-12 08:00:11,597 DEBUG Calling createLogger on class org.apache.logging.log4j.core.config.LoggerConfig for element Logger with params(additivity="false", level="debug", name="org.apache.logging.log4j.test2", includeLocation="null", AppenderRef={File}, Properties={}, Configuration(LoggerTest), null)
2020-03-12 08:00:11,597 DEBUG Calling createAppenderRef on class org.apache.logging.log4j.core.config.AppenderRef for element AppenderRef with params(ref="List", level="null", null)
2020-03-12 08:00:11,599 DEBUG Calling createLogger on class org.apache.logging.log4j.core.config.LoggerConfig$RootLogger for element Root with params(additivity="null", level="trace", includeLocation="null", AppenderRef={List}, Properties={}, Configuration(LoggerTest), null)
2020-03-12 08:00:11,600 DEBUG Calling createLoggers on class org.apache.logging.log4j.core.config.plugins.LoggersPlugin for element Loggers with params(Loggers={EventLogger, org.apache.logging.log4j.test2, root})
2020-03-12 08:00:11,669 DEBUG Registering MBean org.apache.logging.log4j2:type=sun.misc.Launcher$AppClassLoader@1ba4806
2020-03-12 08:00:11,673 DEBUG Registering MBean org.apache.logging.log4j2:type=sun.misc.Launcher$AppClassLoader@1ba4806,component=StatusLogger
2020-03-12 08:00:11,675 DEBUG Registering MBean org.apache.logging.log4j2:type=sun.misc.Launcher$AppClassLoader@1ba4806,component=ContextSelector
2020-03-12 08:00:11,677 DEBUG Registering MBean org.apache.logging.log4j2:type=sun.misc.Launcher$AppClassLoader@1ba4806,component=Loggers,name=org.apache.logging.log4j.test2
2020-03-12 08:00:11,678 DEBUG Registering MBean org.apache.logging.log4j2:type=sun.misc.Launcher$AppClassLoader@1ba4806,component=Loggers,name=EventLogger
2020-03-12 08:00:11,679 DEBUG Registering MBean org.apache.logging.log4j2:type=sun.misc.Launcher$AppClassLoader@1ba4806,component=Loggers,name=
2020-03-12 08:00:11,680 DEBUG Registering MBean org.apache.logging.log4j2:type=sun.misc.Launcher$AppClassLoader@1ba4806,component=Appenders,name=List
2020-03-12 08:00:11,681 DEBUG Registering MBean org.apache.logging.log4j2:type=sun.misc.Launcher$AppClassLoader@1ba4806,component=Appenders,name=EventLogger
2020-03-12 08:00:11,682 DEBUG Registering MBean org.apache.logging.log4j2:type=sun.misc.Launcher$AppClassLoader@1ba4806,component=Appenders,name=STDOUT
2020-03-12 08:00:11,682 DEBUG Registering MBean org.apache.logging.log4j2:type=sun.misc.Launcher$AppClassLoader@1ba4806,component=Appenders,name=File
2020-03-12 08:00:11,682 DEBUG Reconfiguration completed
2020-03-12 08:00:11,712 DEBUG Reconfiguration started for context sun.misc.Launcher$AppClassLoader@1ba4806
2020-03-12 08:00:11,728 DEBUG ServletContext not present - WebLookup not added
2020-03-12 08:00:11,760 DEBUG Generated plugins in 0.032054512 seconds
2020-03-12 08:00:11,790 DEBUG Generated plugins in 0.028537656 seconds
2020-03-12 08:00:11,819 DEBUG Generated plugins in 0.028648919 seconds
2020-03-12 08:00:11,820 DEBUG Shutting down FileManager target/test.log
2020-03-12 08:00:11,820 DEBUG Unregistering MBean org.apache.logging.log4j2:type=sun.misc.Launcher$AppClassLoader@1ba4806
2020-03-12 08:00:11,821 DEBUG Unregistering MBean org.apache.logging.log4j2:type=sun.misc.Launcher$AppClassLoader@1ba4806,component=StatusLogger
2020-03-12 08:00:11,821 DEBUG Unregistering MBean org.apache.logging.log4j2:type=sun.misc.Launcher$AppClassLoader@1ba4806,component=ContextSelector
2020-03-12 08:00:11,822 DEBUG Unregistering MBean org.apache.logging.log4j2:type=sun.misc.Launcher$AppClassLoader@1ba4806,component=Loggers,name=EventLogger
2020-03-12 08:00:11,823 DEBUG Unregistering MBean org.apache.logging.log4j2:type=sun.misc.Launcher$AppClassLoader@1ba4806,component=Loggers,name=org.apache.logging.log4j.test2
2020-03-12 08:00:11,823 DEBUG Unregistering MBean org.apache.logging.log4j2:type=sun.misc.Launcher$AppClassLoader@1ba4806,component=Loggers,name=
2020-03-12 08:00:11,823 DEBUG Unregistering MBean org.apache.logging.log4j2:type=sun.misc.Launcher$AppClassLoader@1ba4806,component=Appenders,name=STDOUT
2020-03-12 08:00:11,824 DEBUG Unregistering MBean org.apache.logging.log4j2:type=sun.misc.Launcher$AppClassLoader@1ba4806,component=Appenders,name=EventLogger
2020-03-12 08:00:11,824 DEBUG Unregistering MBean org.apache.logging.log4j2:type=sun.misc.Launcher$AppClassLoader@1ba4806,component=Appenders,name=List
2020-03-12 08:00:11,824 DEBUG Unregistering MBean org.apache.logging.log4j2:type=sun.misc.Launcher$AppClassLoader@1ba4806,component=Appenders,name=File
2020-03-12 08:00:11,825 DEBUG Registering MBean org.apache.logging.log4j2:type=sun.misc.Launcher$AppClassLoader@1ba4806
2020-03-12 08:00:11,826 DEBUG Registering MBean org.apache.logging.log4j2:type=sun.misc.Launcher$AppClassLoader@1ba4806,component=StatusLogger
2020-03-12 08:00:11,826 DEBUG Registering MBean org.apache.logging.log4j2:type=sun.misc.Launcher$AppClassLoader@1ba4806,component=ContextSelector
2020-03-12 08:00:11,827 DEBUG Registering MBean org.apache.logging.log4j2:type=sun.misc.Launcher$AppClassLoader@1ba4806,component=Appenders,name=Console
2020-03-12 08:00:11,827 DEBUG Reconfiguration completed
Tests run: 1, Failures: 0, Errors: 0, Skipped: 0, Time elapsed: 0.844 sec - in org.apache.logging.slf4j.SerializeTest
Picked up JAVA_TOOL_OPTIONS: -XX:CICompilerCount=2 -XX:ParallelGCThreads=2 -XX:ConcGCThreads=2 -Djdk.net.URLClassPath.disableClassPathURLCheck=true -XX:CICompilerCount=2 -XX:ParallelGCThreads=2 -XX:ConcGCThreads=2 -Djdk.net.URLClassPath.disableClassPathURLCheck=true 
Picked up _JAVA_OPTIONS: -Djdk.net.URLClassPath.disableClassPathURLCheck=true
Running org.apache.logging.slf4j.LoggerTest
2020-03-12 08:00:12,430 DEBUG Found Plugin Map at jar:file:/scratch/tmp-rta/Bugs.jar_Logging-Log4J2_8f0c4871_java-7/.m2/org/apache/logging/log4j/log4j-core/2.0-rc2-SNAPSHOT/log4j-core-2.0-rc2-SNAPSHOT.jar!/org/apache/logging/log4j/core/config/plugins/Log4j2Plugins.dat
2020-03-12 08:00:12,487 DEBUG Generated plugins in 0.060611392 seconds
2020-03-12 08:00:12,528 DEBUG Generated plugins in 0.040757397 seconds
2020-03-12 08:00:12,542 DEBUG Calling createProperty on class org.apache.logging.log4j.core.config.Property for element property with params(name="filename", value="target/test.log")
2020-03-12 08:00:12,548 DEBUG Calling configureSubstitutor on class org.apache.logging.log4j.core.config.plugins.PropertiesPlugin for element properties with params(Properties={filename=target/test.log}, Configuration(LoggerTest))
2020-03-12 08:00:12,583 DEBUG Generated plugins in 0.034653908 seconds
2020-03-12 08:00:12,586 DEBUG Calling createFilter on class org.apache.logging.log4j.core.filter.ThresholdFilter for element ThresholdFilter with params(level="trace", onMatch="null", onMismatch="null")
2020-03-12 08:00:12,588 DEBUG Calling createLayout on class org.apache.logging.log4j.core.layout.PatternLayout for element PatternLayout with params(pattern="%C{1.} %m%n", Configuration(LoggerTest), null, charset="null", alwaysWriteExceptions="null", noConsoleNoAnsi="null")
2020-03-12 08:00:12,620 DEBUG Generated plugins in 0.031441052 seconds
2020-03-12 08:00:12,624 DEBUG Calling createAppender on class org.apache.logging.log4j.test.appender.ListAppender for element List with params(name="EventLogger", entryPerNewLine="null", raw="null", PatternLayout(%C{1.} %m%n), null)
2020-03-12 08:00:12,625 DEBUG Calling createLayout on class org.apache.logging.log4j.core.layout.PatternLayout for element PatternLayout with params(pattern="%C{1.} %m MDC%X%n", Configuration(LoggerTest), null, charset="null", alwaysWriteExceptions="null", noConsoleNoAnsi="null")
2020-03-12 08:00:12,628 DEBUG Calling createAppender on class org.apache.logging.log4j.core.appender.ConsoleAppender for element Console with params(PatternLayout(%C{1.} %m MDC%X%n), null, target="null", name="STDOUT", follow="null", ignoreExceptions="null")
2020-03-12 08:00:12,629 DEBUG Calling createLayout on class org.apache.logging.log4j.core.layout.PatternLayout for element PatternLayout with params(pattern="%d %p %C{1.} [%t] %m%n", Configuration(LoggerTest), null, charset="null", alwaysWriteExceptions="null", noConsoleNoAnsi="null")
2020-03-12 08:00:12,632 DEBUG Calling createAppender on class org.apache.logging.log4j.core.appender.FileAppender for element File with params(fileName="target/test.log", append="null", locking="null", name="File", immediateFlush="null", ignoreExceptions="null", bufferedIO="null", bufferSize="null", PatternLayout(%d %p %C{1.} [%t] %m%n), null, advertise="null", advertiseURI="null", Configuration(LoggerTest))
2020-03-12 08:00:12,634 DEBUG Starting FileManager target/test.log
2020-03-12 08:00:12,635 DEBUG Calling createLayout on class org.apache.logging.log4j.core.layout.PatternLayout for element PatternLayout with params(pattern="%C{1.} %m MDC%X%n%ex{0}", Configuration(LoggerTest), null, charset="null", alwaysWriteExceptions="null", noConsoleNoAnsi="null")
2020-03-12 08:00:12,641 DEBUG Calling createAppender on class org.apache.logging.log4j.test.appender.ListAppender for element List with params(name="List", entryPerNewLine="null", raw="null", PatternLayout(%C{1.} %m MDC%X%n%ex{0}), null)
2020-03-12 08:00:12,642 ERROR Appenders contains an invalid element or attribute "SLF4J"
2020-03-12 08:00:12,642 DEBUG Calling createAppenders on class org.apache.logging.log4j.core.config.plugins.AppendersPlugin for element Appenders with params(Appenders={EventLogger, STDOUT, File, List})
2020-03-12 08:00:12,643 DEBUG Calling createAppenderRef on class org.apache.logging.log4j.core.config.AppenderRef for element AppenderRef with params(ref="EventLogger", level="null", null)
2020-03-12 08:00:12,646 DEBUG Calling createLogger on class org.apache.logging.log4j.core.config.LoggerConfig for element Logger with params(additivity="false", level="info", name="EventLogger", includeLocation="null", AppenderRef={EventLogger}, Properties={}, Configuration(LoggerTest), null)
2020-03-12 08:00:12,647 DEBUG Calling createAppenderRef on class org.apache.logging.log4j.core.config.AppenderRef for element AppenderRef with params(ref="File", level="null", null)
2020-03-12 08:00:12,649 DEBUG Calling createLogger on class org.apache.logging.log4j.core.config.LoggerConfig for element Logger with params(additivity="false", level="debug", name="org.apache.logging.log4j.test2", includeLocation="null", AppenderRef={File}, Properties={}, Configuration(LoggerTest), null)
2020-03-12 08:00:12,650 DEBUG Calling createAppenderRef on class org.apache.logging.log4j.core.config.AppenderRef for element AppenderRef with params(ref="List", level="null", null)
2020-03-12 08:00:12,651 DEBUG Calling createLogger on class org.apache.logging.log4j.core.config.LoggerConfig$RootLogger for element Root with params(additivity="null", level="trace", includeLocation="null", AppenderRef={List}, Properties={}, Configuration(LoggerTest), null)
2020-03-12 08:00:12,653 DEBUG Calling createLoggers on class org.apache.logging.log4j.core.config.plugins.LoggersPlugin for element Loggers with params(Loggers={EventLogger, org.apache.logging.log4j.test2, root})
2020-03-12 08:00:12,718 DEBUG Registering MBean org.apache.logging.log4j2:type=sun.misc.Launcher$AppClassLoader@1ba4806
2020-03-12 08:00:12,722 DEBUG Registering MBean org.apache.logging.log4j2:type=sun.misc.Launcher$AppClassLoader@1ba4806,component=StatusLogger
2020-03-12 08:00:12,724 DEBUG Registering MBean org.apache.logging.log4j2:type=sun.misc.Launcher$AppClassLoader@1ba4806,component=ContextSelector
2020-03-12 08:00:12,726 DEBUG Registering MBean org.apache.logging.log4j2:type=sun.misc.Launcher$AppClassLoader@1ba4806,component=Loggers,name=org.apache.logging.log4j.test2
2020-03-12 08:00:12,727 DEBUG Registering MBean org.apache.logging.log4j2:type=sun.misc.Launcher$AppClassLoader@1ba4806,component=Loggers,name=EventLogger
2020-03-12 08:00:12,728 DEBUG Registering MBean org.apache.logging.log4j2:type=sun.misc.Launcher$AppClassLoader@1ba4806,component=Loggers,name=
2020-03-12 08:00:12,729 DEBUG Registering MBean org.apache.logging.log4j2:type=sun.misc.Launcher$AppClassLoader@1ba4806,component=Appenders,name=List
2020-03-12 08:00:12,730 DEBUG Registering MBean org.apache.logging.log4j2:type=sun.misc.Launcher$AppClassLoader@1ba4806,component=Appenders,name=EventLogger
2020-03-12 08:00:12,731 DEBUG Registering MBean org.apache.logging.log4j2:type=sun.misc.Launcher$AppClassLoader@1ba4806,component=Appenders,name=STDOUT
2020-03-12 08:00:12,731 DEBUG Registering MBean org.apache.logging.log4j2:type=sun.misc.Launcher$AppClassLoader@1ba4806,component=Appenders,name=File
2020-03-12 08:00:12,732 DEBUG Reconfiguration completed
2020-03-12 08:00:12,836 DEBUG Reconfiguration started for context sun.misc.Launcher$AppClassLoader@1ba4806
2020-03-12 08:00:12,851 DEBUG ServletContext not present - WebLookup not added
2020-03-12 08:00:12,883 DEBUG Generated plugins in 0.030832626 seconds
2020-03-12 08:00:12,917 DEBUG Generated plugins in 0.033122303 seconds
2020-03-12 08:00:12,946 DEBUG Generated plugins in 0.028885988 seconds
2020-03-12 08:00:12,947 DEBUG Shutting down FileManager target/test.log
2020-03-12 08:00:12,948 DEBUG Unregistering MBean org.apache.logging.log4j2:type=sun.misc.Launcher$AppClassLoader@1ba4806
2020-03-12 08:00:12,949 DEBUG Unregistering MBean org.apache.logging.log4j2:type=sun.misc.Launcher$AppClassLoader@1ba4806,component=StatusLogger
2020-03-12 08:00:12,949 DEBUG Unregistering MBean org.apache.logging.log4j2:type=sun.misc.Launcher$AppClassLoader@1ba4806,component=ContextSelector
2020-03-12 08:00:12,950 DEBUG Unregistering MBean org.apache.logging.log4j2:type=sun.misc.Launcher$AppClassLoader@1ba4806,component=Loggers,name=EventLogger
2020-03-12 08:00:12,950 DEBUG Unregistering MBean org.apache.logging.log4j2:type=sun.misc.Launcher$AppClassLoader@1ba4806,component=Loggers,name=org.apache.logging.log4j.test2
2020-03-12 08:00:12,951 DEBUG Unregistering MBean org.apache.logging.log4j2:type=sun.misc.Launcher$AppClassLoader@1ba4806,component=Loggers,name=
2020-03-12 08:00:12,951 DEBUG Unregistering MBean org.apache.logging.log4j2:type=sun.misc.Launcher$AppClassLoader@1ba4806,component=Appenders,name=STDOUT
2020-03-12 08:00:12,952 DEBUG Unregistering MBean org.apache.logging.log4j2:type=sun.misc.Launcher$AppClassLoader@1ba4806,component=Appenders,name=EventLogger
2020-03-12 08:00:12,952 DEBUG Unregistering MBean org.apache.logging.log4j2:type=sun.misc.Launcher$AppClassLoader@1ba4806,component=Appenders,name=List
2020-03-12 08:00:12,952 DEBUG Unregistering MBean org.apache.logging.log4j2:type=sun.misc.Launcher$AppClassLoader@1ba4806,component=Appenders,name=File
2020-03-12 08:00:12,953 DEBUG Registering MBean org.apache.logging.log4j2:type=sun.misc.Launcher$AppClassLoader@1ba4806
2020-03-12 08:00:12,954 DEBUG Registering MBean org.apache.logging.log4j2:type=sun.misc.Launcher$AppClassLoader@1ba4806,component=StatusLogger
2020-03-12 08:00:12,954 DEBUG Registering MBean org.apache.logging.log4j2:type=sun.misc.Launcher$AppClassLoader@1ba4806,component=ContextSelector
2020-03-12 08:00:12,955 DEBUG Registering MBean org.apache.logging.log4j2:type=sun.misc.Launcher$AppClassLoader@1ba4806,component=Appenders,name=Console
2020-03-12 08:00:12,955 DEBUG Reconfiguration completed
Tests run: 11, Failures: 0, Errors: 0, Skipped: 0, Time elapsed: 0.905 sec - in org.apache.logging.slf4j.LoggerTest

Results :

Tests run: 13, Failures: 0, Errors: 0, Skipped: 0

[INFO] 
[INFO] --- maven-surefire-plugin:2.16:test (test-optional) @ log4j-slf4j-impl ---
[WARNING] The parameter forkMode is deprecated since version 2.14. Use forkCount and reuseForks instead.
[INFO] Surefire report directory: /scratch/tmp-rta/Bugs.jar_Logging-Log4J2_8f0c4871_java-7/log4j-slf4j-impl/target/surefire-reports

-------------------------------------------------------
 T E S T S
-------------------------------------------------------

-------------------------------------------------------
 T E S T S
-------------------------------------------------------
Picked up JAVA_TOOL_OPTIONS: -XX:CICompilerCount=2 -XX:ParallelGCThreads=2 -XX:ConcGCThreads=2 -Djdk.net.URLClassPath.disableClassPathURLCheck=true -XX:CICompilerCount=2 -XX:ParallelGCThreads=2 -XX:ConcGCThreads=2 -Djdk.net.URLClassPath.disableClassPathURLCheck=true 
Picked up _JAVA_OPTIONS: -Djdk.net.URLClassPath.disableClassPathURLCheck=true
Running org.apache.logging.slf4j.OptionalTest
2020-03-12 08:00:14,878 DEBUG Found Plugin Map at jar:file:/scratch/tmp-rta/Bugs.jar_Logging-Log4J2_8f0c4871_java-7/.m2/org/apache/logging/log4j/log4j-core/2.0-rc2-SNAPSHOT/log4j-core-2.0-rc2-SNAPSHOT.jar!/org/apache/logging/log4j/core/config/plugins/Log4j2Plugins.dat
2020-03-12 08:00:14,937 DEBUG Generated plugins in 0.061375613 seconds
2020-03-12 08:00:14,982 DEBUG Generated plugins in 0.044479744 seconds
2020-03-12 08:00:14,997 DEBUG Calling createProperty on class org.apache.logging.log4j.core.config.Property for element property with params(name="filename", value="target/test.log")
2020-03-12 08:00:15,003 DEBUG Calling configureSubstitutor on class org.apache.logging.log4j.core.config.plugins.PropertiesPlugin for element properties with params(Properties={filename=target/test.log}, Configuration(LoggerTest))
2020-03-12 08:00:15,042 DEBUG Generated plugins in 0.037930912 seconds
2020-03-12 08:00:15,046 DEBUG Calling createFilter on class org.apache.logging.log4j.core.filter.ThresholdFilter for element ThresholdFilter with params(level="trace", onMatch="null", onMismatch="null")
2020-03-12 08:00:15,049 DEBUG Calling createLayout on class org.apache.logging.log4j.core.layout.PatternLayout for element PatternLayout with params(pattern="%C{1.} %m%n", Configuration(LoggerTest), null, charset="null", alwaysWriteExceptions="null", noConsoleNoAnsi="null")
2020-03-12 08:00:15,082 DEBUG Generated plugins in 0.033248459 seconds
2020-03-12 08:00:15,087 DEBUG Calling createAppender on class org.apache.logging.log4j.test.appender.ListAppender for element List with params(name="EventLogger", entryPerNewLine="null", raw="null", PatternLayout(%C{1.} %m%n), null)
2020-03-12 08:00:15,088 DEBUG Calling createLayout on class org.apache.logging.log4j.core.layout.PatternLayout for element PatternLayout with params(pattern="%C{1.} %m MDC%X%n", Configuration(LoggerTest), null, charset="null", alwaysWriteExceptions="null", noConsoleNoAnsi="null")
2020-03-12 08:00:15,091 DEBUG Calling createAppender on class org.apache.logging.log4j.core.appender.ConsoleAppender for element Console with params(PatternLayout(%C{1.} %m MDC%X%n), null, target="null", name="STDOUT", follow="null", ignoreExceptions="null")
2020-03-12 08:00:15,092 DEBUG Calling createLayout on class org.apache.logging.log4j.core.layout.PatternLayout for element PatternLayout with params(pattern="%d %p %C{1.} [%t] %m%n", Configuration(LoggerTest), null, charset="null", alwaysWriteExceptions="null", noConsoleNoAnsi="null")
2020-03-12 08:00:15,095 DEBUG Calling createAppender on class org.apache.logging.log4j.core.appender.FileAppender for element File with params(fileName="target/test.log", append="null", locking="null", name="File", immediateFlush="null", ignoreExceptions="null", bufferedIO="null", bufferSize="null", PatternLayout(%d %p %C{1.} [%t] %m%n), null, advertise="null", advertiseURI="null", Configuration(LoggerTest))
2020-03-12 08:00:15,098 DEBUG Starting FileManager target/test.log
2020-03-12 08:00:15,100 DEBUG Calling createLayout on class org.apache.logging.log4j.core.layout.PatternLayout for element PatternLayout with params(pattern="%C{1.} %m MDC%X%n%ex{0}", Configuration(LoggerTest), null, charset="null", alwaysWriteExceptions="null", noConsoleNoAnsi="null")
2020-03-12 08:00:15,105 DEBUG Calling createAppender on class org.apache.logging.log4j.test.appender.ListAppender for element List with params(name="List", entryPerNewLine="null", raw="null", PatternLayout(%C{1.} %m MDC%X%n%ex{0}), null)
2020-03-12 08:00:15,106 ERROR Appenders contains an invalid element or attribute "SLF4J"
2020-03-12 08:00:15,106 DEBUG Calling createAppenders on class org.apache.logging.log4j.core.config.plugins.AppendersPlugin for element Appenders with params(Appenders={EventLogger, STDOUT, File, List})
2020-03-12 08:00:15,108 DEBUG Calling createAppenderRef on class org.apache.logging.log4j.core.config.AppenderRef for element AppenderRef with params(ref="EventLogger", level="null", null)
2020-03-12 08:00:15,111 DEBUG Calling createLogger on class org.apache.logging.log4j.core.config.LoggerConfig for element Logger with params(additivity="false", level="info", name="EventLogger", includeLocation="null", AppenderRef={EventLogger}, Properties={}, Configuration(LoggerTest), null)
2020-03-12 08:00:15,113 DEBUG Calling createAppenderRef on class org.apache.logging.log4j.core.config.AppenderRef for element AppenderRef with params(ref="File", level="null", null)
2020-03-12 08:00:15,115 DEBUG Calling createLogger on class org.apache.logging.log4j.core.config.LoggerConfig for element Logger with params(additivity="false", level="debug", name="org.apache.logging.log4j.test2", includeLocation="null", AppenderRef={File}, Properties={}, Configuration(LoggerTest), null)
2020-03-12 08:00:15,116 DEBUG Calling createAppenderRef on class org.apache.logging.log4j.core.config.AppenderRef for element AppenderRef with params(ref="List", level="null", null)
2020-03-12 08:00:15,118 DEBUG Calling createLogger on class org.apache.logging.log4j.core.config.LoggerConfig$RootLogger for element Root with params(additivity="null", level="trace", includeLocation="null", AppenderRef={List}, Properties={}, Configuration(LoggerTest), null)
2020-03-12 08:00:15,119 DEBUG Calling createLoggers on class org.apache.logging.log4j.core.config.plugins.LoggersPlugin for element Loggers with params(Loggers={EventLogger, org.apache.logging.log4j.test2, root})
2020-03-12 08:00:15,194 DEBUG Registering MBean org.apache.logging.log4j2:type=sun.misc.Launcher$AppClassLoader@6cce82cc
2020-03-12 08:00:15,198 DEBUG Registering MBean org.apache.logging.log4j2:type=sun.misc.Launcher$AppClassLoader@6cce82cc,component=StatusLogger
2020-03-12 08:00:15,201 DEBUG Registering MBean org.apache.logging.log4j2:type=sun.misc.Launcher$AppClassLoader@6cce82cc,component=ContextSelector
2020-03-12 08:00:15,203 DEBUG Registering MBean org.apache.logging.log4j2:type=sun.misc.Launcher$AppClassLoader@6cce82cc,component=Loggers,name=org.apache.logging.log4j.test2
2020-03-12 08:00:15,205 DEBUG Registering MBean org.apache.logging.log4j2:type=sun.misc.Launcher$AppClassLoader@6cce82cc,component=Loggers,name=EventLogger
2020-03-12 08:00:15,205 DEBUG Registering MBean org.apache.logging.log4j2:type=sun.misc.Launcher$AppClassLoader@6cce82cc,component=Loggers,name=
2020-03-12 08:00:15,207 DEBUG Registering MBean org.apache.logging.log4j2:type=sun.misc.Launcher$AppClassLoader@6cce82cc,component=Appenders,name=List
2020-03-12 08:00:15,208 DEBUG Registering MBean org.apache.logging.log4j2:type=sun.misc.Launcher$AppClassLoader@6cce82cc,component=Appenders,name=EventLogger
2020-03-12 08:00:15,208 DEBUG Registering MBean org.apache.logging.log4j2:type=sun.misc.Launcher$AppClassLoader@6cce82cc,component=Appenders,name=STDOUT
2020-03-12 08:00:15,209 DEBUG Registering MBean org.apache.logging.log4j2:type=sun.misc.Launcher$AppClassLoader@6cce82cc,component=Appenders,name=File
2020-03-12 08:00:15,209 DEBUG Reconfiguration completed
2020-03-12 08:00:15,240 DEBUG Reconfiguration started for context sun.misc.Launcher$AppClassLoader@6cce82cc
2020-03-12 08:00:15,257 DEBUG ServletContext not present - WebLookup not added
2020-03-12 08:00:15,289 DEBUG Generated plugins in 0.031979927 seconds
2020-03-12 08:00:15,321 DEBUG Generated plugins in 0.030240666 seconds
2020-03-12 08:00:15,354 DEBUG Generated plugins in 0.032866930 seconds
2020-03-12 08:00:15,355 DEBUG Shutting down FileManager target/test.log
2020-03-12 08:00:15,356 DEBUG Unregistering MBean org.apache.logging.log4j2:type=sun.misc.Launcher$AppClassLoader@6cce82cc
2020-03-12 08:00:15,357 DEBUG Unregistering MBean org.apache.logging.log4j2:type=sun.misc.Launcher$AppClassLoader@6cce82cc,component=StatusLogger
2020-03-12 08:00:15,357 DEBUG Unregistering MBean org.apache.logging.log4j2:type=sun.misc.Launcher$AppClassLoader@6cce82cc,component=ContextSelector
2020-03-12 08:00:15,358 DEBUG Unregistering MBean org.apache.logging.log4j2:type=sun.misc.Launcher$AppClassLoader@6cce82cc,component=Loggers,name=
2020-03-12 08:00:15,358 DEBUG Unregistering MBean org.apache.logging.log4j2:type=sun.misc.Launcher$AppClassLoader@6cce82cc,component=Loggers,name=EventLogger
2020-03-12 08:00:15,359 DEBUG Unregistering MBean org.apache.logging.log4j2:type=sun.misc.Launcher$AppClassLoader@6cce82cc,component=Loggers,name=org.apache.logging.log4j.test2
2020-03-12 08:00:15,359 DEBUG Unregistering MBean org.apache.logging.log4j2:type=sun.misc.Launcher$AppClassLoader@6cce82cc,component=Appenders,name=File
2020-03-12 08:00:15,359 DEBUG Unregistering MBean org.apache.logging.log4j2:type=sun.misc.Launcher$AppClassLoader@6cce82cc,component=Appenders,name=EventLogger
2020-03-12 08:00:15,360 DEBUG Unregistering MBean org.apache.logging.log4j2:type=sun.misc.Launcher$AppClassLoader@6cce82cc,component=Appenders,name=STDOUT
2020-03-12 08:00:15,360 DEBUG Unregistering MBean org.apache.logging.log4j2:type=sun.misc.Launcher$AppClassLoader@6cce82cc,component=Appenders,name=List
2020-03-12 08:00:15,361 DEBUG Registering MBean org.apache.logging.log4j2:type=sun.misc.Launcher$AppClassLoader@6cce82cc
2020-03-12 08:00:15,362 DEBUG Registering MBean org.apache.logging.log4j2:type=sun.misc.Launcher$AppClassLoader@6cce82cc,component=StatusLogger
2020-03-12 08:00:15,362 DEBUG Registering MBean org.apache.logging.log4j2:type=sun.misc.Launcher$AppClassLoader@6cce82cc,component=ContextSelector
2020-03-12 08:00:15,363 DEBUG Registering MBean org.apache.logging.log4j2:type=sun.misc.Launcher$AppClassLoader@6cce82cc,component=Appenders,name=Console
2020-03-12 08:00:15,363 DEBUG Reconfiguration completed
Tests run: 1, Failures: 0, Errors: 0, Skipped: 0, Time elapsed: 0.897 sec - in org.apache.logging.slf4j.OptionalTest

Results :

Tests run: 1, Failures: 0, Errors: 0, Skipped: 0

[INFO] ------------------------------------------------------------------------
[INFO] BUILD SUCCESS
[INFO] ------------------------------------------------------------------------
[INFO] Total time: 19.893 s
[INFO] Finished at: 2020-03-12T08:00:15-07:00
[INFO] Final Memory: 26M/982M
[INFO] ------------------------------------------------------------------------
