Picked up JAVA_TOOL_OPTIONS: -XX:CICompilerCount=2 -XX:ParallelGCThreads=2 -XX:ConcGCThreads=2 -Djdk.net.URLClassPath.disableClassPathURLCheck=true 
Java HotSpot(TM) 64-Bit Server VM warning: ignoring option MaxPermSize=512m; support was removed in 8.0
Picked up _JAVA_OPTIONS: -Djdk.net.URLClassPath.disableClassPathURLCheck=true
Apache Maven 3.5.0 (Red Hat 3.5.0-4.3)
Maven home: /opt/rh/rh-maven35/root/usr/share/maven
Java version: 1.8.0_181, vendor: Oracle Corporation
Java home: /scratch/jmcampos/RTA/repair_them_all_framework/jdks/jdk1.8.0_181/jre
Default locale: en_US, platform encoding: UTF-8
OS name: "linux", version: "4.14.158-1.el7.retpoline.x86_64", arch: "amd64", family: "unix"
[INFO] Scanning for projects...
[INFO] 
[INFO] ------------------------------------------------------------------------
[INFO] Building Read and write all supported navigation formats 2.23-SNAPSHOT
[INFO] ------------------------------------------------------------------------
[INFO] Downloading: https://repository.apache.org/content/repositories/snapshots/slash/navigation/common/2.23-SNAPSHOT/maven-metadata.xml
[INFO] Downloading: http://subversion.routeconverter.com/public/RouteThirdParty/slash/navigation/common/2.23-SNAPSHOT/maven-metadata.xml
[INFO] Downloading: https://repository.apache.org/content/repositories/snapshots/slash/navigation/RouteConverter/2.23-SNAPSHOT/maven-metadata.xml
[INFO] Downloading: http://subversion.routeconverter.com/public/RouteThirdParty/slash/navigation/RouteConverter/2.23-SNAPSHOT/maven-metadata.xml
[INFO] Downloading: http://subversion.routeconverter.com/public/RouteThirdParty/slash/navigation/common-navigation/2.23-SNAPSHOT/maven-metadata.xml
[INFO] Downloading: https://repository.apache.org/content/repositories/snapshots/slash/navigation/common-navigation/2.23-SNAPSHOT/maven-metadata.xml
[INFO] Downloading: https://repository.apache.org/content/repositories/snapshots/slash/navigation/gpx/2.23-SNAPSHOT/maven-metadata.xml
[INFO] Downloading: http://subversion.routeconverter.com/public/RouteThirdParty/slash/navigation/gpx/2.23-SNAPSHOT/maven-metadata.xml
[INFO] Downloading: https://repository.apache.org/content/repositories/snapshots/slash/navigation/kml/2.23-SNAPSHOT/maven-metadata.xml
[INFO] Downloading: http://subversion.routeconverter.com/public/RouteThirdParty/slash/navigation/kml/2.23-SNAPSHOT/maven-metadata.xml
[INFO] Downloading: https://repository.apache.org/content/repositories/snapshots/slash/navigation/rest/2.23-SNAPSHOT/maven-metadata.xml
[INFO] Downloading: http://subversion.routeconverter.com/public/RouteThirdParty/slash/navigation/rest/2.23-SNAPSHOT/maven-metadata.xml
[INFO] 
[INFO] --- maven-resources-plugin:3.0.2:resources (default-resources) @ navigation-formats ---
[INFO] Using 'ISO-8859-15' encoding to copy filtered resources.
[INFO] Copying 1 resource
[INFO] 
[INFO] --- maven-compiler-plugin:3.7.0:compile (default-compile) @ navigation-formats ---
[INFO] Changes detected - recompiling the module!
[INFO] Compiling 388 source files to /scratch/tmp-rta/Bears_cpesch-RouteConverter_331125693-331749933_java-8/navigation-formats/target/classes
[INFO] 
[INFO] --- maven-resources-plugin:3.0.2:testResources (default-testResources) @ navigation-formats ---
[INFO] Using 'ISO-8859-15' encoding to copy filtered resources.
[INFO] skip non existing resourceDirectory /scratch/tmp-rta/Bears_cpesch-RouteConverter_331125693-331749933_java-8/navigation-formats/src/test/resources
[INFO] 
[INFO] --- maven-compiler-plugin:3.7.0:testCompile (default-testCompile) @ navigation-formats ---
[INFO] Nothing to compile - all classes are up to date
[INFO] 
[INFO] --- maven-surefire-plugin:2.20.1:test (default-test) @ navigation-formats ---
[INFO] Downloading: http://subversion.routeconverter.com/public/RouteThirdParty/org/apache/maven/surefire/surefire-junit4/2.20.1/surefire-junit4-2.20.1.pom
[INFO] Downloading: https://repo.maven.apache.org/maven2/org/apache/maven/surefire/surefire-junit4/2.20.1/surefire-junit4-2.20.1.pom
[INFO] Downloaded: https://repo.maven.apache.org/maven2/org/apache/maven/surefire/surefire-junit4/2.20.1/surefire-junit4-2.20.1.pom (3.3 kB at 46 kB/s)
[INFO] Downloading: http://subversion.routeconverter.com/public/RouteThirdParty/org/apache/maven/surefire/surefire-providers/2.20.1/surefire-providers-2.20.1.pom
[INFO] Downloading: https://repo.maven.apache.org/maven2/org/apache/maven/surefire/surefire-providers/2.20.1/surefire-providers-2.20.1.pom
[INFO] Downloaded: https://repo.maven.apache.org/maven2/org/apache/maven/surefire/surefire-providers/2.20.1/surefire-providers-2.20.1.pom (2.6 kB at 110 kB/s)
[INFO] Downloading: http://subversion.routeconverter.com/public/RouteThirdParty/org/apache/maven/surefire/surefire-junit4/2.20.1/surefire-junit4-2.20.1.jar
[INFO] Downloading: https://repo.maven.apache.org/maven2/org/apache/maven/surefire/surefire-junit4/2.20.1/surefire-junit4-2.20.1.jar
[INFO] Downloaded: https://repo.maven.apache.org/maven2/org/apache/maven/surefire/surefire-junit4/2.20.1/surefire-junit4-2.20.1.jar (82 kB at 1.7 MB/s)
[INFO] 
[INFO] -------------------------------------------------------
[INFO]  T E S T S
[INFO] -------------------------------------------------------
[INFO] Running slash.navigation.simple.QstarzQ1000FormatTest
[INFO] Tests run: 3, Failures: 0, Errors: 0, Skipped: 0, Time elapsed: 0.117 s - in slash.navigation.simple.QstarzQ1000FormatTest
[INFO] Running slash.navigation.simple.KompassFormatTest
[INFO] Tests run: 3, Failures: 0, Errors: 0, Skipped: 0, Time elapsed: 0 s - in slash.navigation.simple.KompassFormatTest
[INFO] Running slash.navigation.simple.HaicomLoggerFormatTest
[INFO] Tests run: 4, Failures: 0, Errors: 0, Skipped: 0, Time elapsed: 0.018 s - in slash.navigation.simple.HaicomLoggerFormatTest
[INFO] Running slash.navigation.simple.Route66FormatTest
[INFO] Tests run: 3, Failures: 0, Errors: 0, Skipped: 0, Time elapsed: 0.025 s - in slash.navigation.simple.Route66FormatTest
[INFO] Running slash.navigation.simple.GpsTunerFormatTest
[INFO] Tests run: 4, Failures: 0, Errors: 0, Skipped: 0, Time elapsed: 0.001 s - in slash.navigation.simple.GpsTunerFormatTest
[INFO] Running slash.navigation.simple.SygicFormatTest
[INFO] Tests run: 4, Failures: 0, Errors: 0, Skipped: 0, Time elapsed: 0.004 s - in slash.navigation.simple.SygicFormatTest
[INFO] Running slash.navigation.simple.GoRiderGpsFormatTest
[INFO] Tests run: 3, Failures: 0, Errors: 0, Skipped: 0, Time elapsed: 0 s - in slash.navigation.simple.GoRiderGpsFormatTest
[INFO] Running slash.navigation.simple.Iblue747FormatTest
[INFO] Tests run: 3, Failures: 0, Errors: 0, Skipped: 0, Time elapsed: 0.002 s - in slash.navigation.simple.Iblue747FormatTest
[INFO] Running slash.navigation.simple.ApeMapFormatTest
[INFO] Tests run: 4, Failures: 0, Errors: 0, Skipped: 0, Time elapsed: 0.001 s - in slash.navigation.simple.ApeMapFormatTest
[INFO] Running slash.navigation.simple.KienzleGpsFormatTest
[INFO] Tests run: 4, Failures: 0, Errors: 0, Skipped: 0, Time elapsed: 0.006 s - in slash.navigation.simple.KienzleGpsFormatTest
[INFO] Running slash.navigation.simple.GlopusFormatTest
[INFO] Tests run: 2, Failures: 0, Errors: 0, Skipped: 0, Time elapsed: 0 s - in slash.navigation.simple.GlopusFormatTest
[INFO] Running slash.navigation.simple.OpelNaviFormatTest
[INFO] Tests run: 3, Failures: 0, Errors: 0, Skipped: 0, Time elapsed: 0.001 s - in slash.navigation.simple.OpelNaviFormatTest
[INFO] Running slash.navigation.simple.GroundTrackFormatTest
Mar 14, 2020 6:51:36 PM slash.navigation.simple.GroundTrackFormat parseTime
SEVERE: Could not parse time '-17:-01:-43.800'
[INFO] Tests run: 4, Failures: 0, Errors: 0, Skipped: 0, Time elapsed: 0.013 s - in slash.navigation.simple.GroundTrackFormatTest
[INFO] Running slash.navigation.columbus.ColumbusGpsType1FormatTest
Mar 14, 2020 6:51:36 PM slash.navigation.columbus.ColumbusGpsType1Format hasValidField
SEVERE: Field for '422   ,G,150911,092432,47.456091N,010.992004E,1135 ,0   ,0  ,1D,SPS ,2.0  ,1.8  ,1.0  ,         ' is invalid. Contains '1D' but expecting '[3D, 2D]'
Mar 14, 2020 6:51:36 PM slash.navigation.columbus.ColumbusGpsType1Format hasValidField
SEVERE: Field for '422   ,G,150911,092432,47.456091N,010.992004E,1135 ,0   ,0  ,2D,S ,2.0  ,1.8  ,1.0  ,         ' is invalid. Contains 'S' but expecting '[SPS, DGPS]'
[INFO] Tests run: 6, Failures: 0, Errors: 0, Skipped: 0, Time elapsed: 0.043 s - in slash.navigation.columbus.ColumbusGpsType1FormatTest
[INFO] Running slash.navigation.columbus.ColumbusGpsType2FormatTest
[INFO] Tests run: 6, Failures: 0, Errors: 0, Skipped: 0, Time elapsed: 0.008 s - in slash.navigation.columbus.ColumbusGpsType2FormatTest
[INFO] Running slash.navigation.columbus.ColumbusNavigationFormatRegistryTest
[INFO] Tests run: 6, Failures: 0, Errors: 0, Skipped: 0, Time elapsed: 0.153 s - in slash.navigation.columbus.ColumbusNavigationFormatRegistryTest
[INFO] Running slash.navigation.columbus.ColumbusGpsBinaryFormatTest
[INFO] Tests run: 2, Failures: 0, Errors: 0, Skipped: 0, Time elapsed: 0.001 s - in slash.navigation.columbus.ColumbusGpsBinaryFormatTest
[INFO] Running slash.navigation.nmn.Nmn5FormatTest
[INFO] Tests run: 5, Failures: 0, Errors: 0, Skipped: 0, Time elapsed: 0.002 s - in slash.navigation.nmn.Nmn5FormatTest
[INFO] Running slash.navigation.nmn.Nmn6FavoritesFormatTest
[INFO] Tests run: 2, Failures: 0, Errors: 0, Skipped: 0, Time elapsed: 0 s - in slash.navigation.nmn.Nmn6FavoritesFormatTest
[INFO] Running slash.navigation.nmn.NmnUrlFormatTest
[INFO] Tests run: 10, Failures: 0, Errors: 0, Skipped: 0, Time elapsed: 0.019 s - in slash.navigation.nmn.NmnUrlFormatTest
[INFO] Running slash.navigation.nmn.Nmn6FormatTest
[INFO] Tests run: 8, Failures: 0, Errors: 0, Skipped: 0, Time elapsed: 0.002 s - in slash.navigation.nmn.Nmn6FormatTest
[INFO] Running slash.navigation.nmn.NavigatingPoiWarnerFormatTest
[INFO] Tests run: 5, Failures: 0, Errors: 0, Skipped: 0, Time elapsed: 0.005 s - in slash.navigation.nmn.NavigatingPoiWarnerFormatTest
[INFO] Running slash.navigation.nmn.Nmn4FormatTest
[INFO] Tests run: 6, Failures: 0, Errors: 0, Skipped: 0, Time elapsed: 0.004 s - in slash.navigation.nmn.Nmn4FormatTest
[INFO] Running slash.navigation.base.BaseNavigationFormatTest
[INFO] Tests run: 5, Failures: 0, Errors: 0, Skipped: 0, Time elapsed: 0.001 s - in slash.navigation.base.BaseNavigationFormatTest
[INFO] Running slash.navigation.base.BaseUrlParsingFormatTest
[INFO] Tests run: 3, Failures: 0, Errors: 0, Skipped: 0, Time elapsed: 0 s - in slash.navigation.base.BaseUrlParsingFormatTest
[INFO] Running slash.navigation.base.NavigationFormatRegistryTest
[INFO] Tests run: 4, Failures: 0, Errors: 0, Skipped: 0, Time elapsed: 0.05 s - in slash.navigation.base.NavigationFormatRegistryTest
[INFO] Running slash.navigation.base.TimeZoneTest
[INFO] Tests run: 6, Failures: 0, Errors: 0, Skipped: 0, Time elapsed: 0.041 s - in slash.navigation.base.TimeZoneTest
[INFO] Running slash.navigation.base.BoundingBoxTest
[INFO] Tests run: 4, Failures: 0, Errors: 0, Skipped: 0, Time elapsed: 0.001 s - in slash.navigation.base.BoundingBoxTest
[INFO] Running slash.navigation.base.TextNavigationFormatTest
[INFO] Tests run: 1, Failures: 0, Errors: 0, Skipped: 0, Time elapsed: 0.832 s - in slash.navigation.base.TextNavigationFormatTest
[INFO] Running slash.navigation.gpx.Gpx11ExtensionsTest
[INFO] Tests run: 15, Failures: 0, Errors: 0, Skipped: 0, Time elapsed: 0.787 s - in slash.navigation.gpx.Gpx11ExtensionsTest
[INFO] Running slash.navigation.gpx.GpxFormatTest
[INFO] Tests run: 4, Failures: 0, Errors: 0, Skipped: 0, Time elapsed: 0.001 s - in slash.navigation.gpx.GpxFormatTest
[INFO] Running slash.navigation.kml.Wbt201LogTest
[INFO] Tests run: 1, Failures: 0, Errors: 0, Skipped: 0, Time elapsed: 0 s - in slash.navigation.kml.Wbt201LogTest
[INFO] Running slash.navigation.kml.TavellogTest
[INFO] Tests run: 3, Failures: 0, Errors: 0, Skipped: 0, Time elapsed: 0.001 s - in slash.navigation.kml.TavellogTest
[INFO] Running slash.navigation.kml.Navigon6310Test
[INFO] Tests run: 3, Failures: 0, Errors: 0, Skipped: 0, Time elapsed: 0 s - in slash.navigation.kml.Navigon6310Test
[INFO] Running slash.navigation.kml.Kml22FormatTest
[INFO] Tests run: 5, Failures: 0, Errors: 0, Skipped: 0, Time elapsed: 1.249 s - in slash.navigation.kml.Kml22FormatTest
[INFO] Running slash.navigation.kml.Kml21FormatTest
[INFO] Tests run: 2, Failures: 0, Errors: 0, Skipped: 0, Time elapsed: 0.206 s - in slash.navigation.kml.Kml21FormatTest
[INFO] Running slash.navigation.kml.Bt747Test
[INFO] Tests run: 2, Failures: 0, Errors: 0, Skipped: 0, Time elapsed: 0.001 s - in slash.navigation.kml.Bt747Test
[INFO] Running slash.navigation.kml.QstarzTest
[INFO] Tests run: 2, Failures: 0, Errors: 0, Skipped: 0, Time elapsed: 0 s - in slash.navigation.kml.QstarzTest
[INFO] Running slash.navigation.nmea.MagellanRouteFormatTest
[INFO] Tests run: 5, Failures: 0, Errors: 0, Skipped: 0, Time elapsed: 0 s - in slash.navigation.nmea.MagellanRouteFormatTest
[INFO] Running slash.navigation.nmea.NmeaFormatTest
Mar 14, 2020 6:51:40 PM slash.navigation.nmea.BaseNmeaFormat hasValidFix
SEVERE: Fix for '$GPRMC,060900.64,V,0000.0000,N,00000.0000,E,0,0,160709,0,W,N*25' is invalid. Contains 'N'
Mar 14, 2020 6:51:40 PM slash.navigation.nmea.BaseNmeaFormat hasValidFix
SEVERE: Fix for '$GPRMC,060914.64,V,4508.3662,N,01543.0320,E,0,0,160709,0,W,N*2A' is invalid. Contains 'N'
Mar 14, 2020 6:51:40 PM slash.navigation.nmea.BaseNmeaFormat hasValidFix
SEVERE: Fix for '$GPGGA,060901.64,0000.0000,N,00000.0000,E,0,2,60.000,0,M,0,M,0,*65' is invalid. Contains '0'
Mar 14, 2020 6:51:40 PM slash.navigation.nmea.BaseNmeaFormat hasValidFix
SEVERE: Fix for '$GPGSA,A,1,05,09,12,14,22,,,,,,,,19.9,12.6,15.3*09' is invalid. Contains '1'
Mar 14, 2020 6:51:40 PM slash.navigation.nmea.BaseNmeaFormat hasValidChecksum
SEVERE: Checksum of '$GPWPL,1924.823,N,08728.572,W,P28298_240104_0715*00' is invalid. Expected '32' but found '00'
[INFO] Tests run: 27, Failures: 0, Errors: 0, Skipped: 0, Time elapsed: 0.038 s - in slash.navigation.nmea.NmeaFormatTest
[INFO] Running slash.navigation.nmea.MagellanExploristFormatTest
[INFO] Tests run: 4, Failures: 0, Errors: 0, Skipped: 0, Time elapsed: 0 s - in slash.navigation.nmea.MagellanExploristFormatTest
[INFO] Running slash.navigation.itn.TomTomRouteFormatTest
[INFO] Tests run: 16, Failures: 0, Errors: 0, Skipped: 0, Time elapsed: 0.001 s - in slash.navigation.itn.TomTomRouteFormatTest
[INFO] Running slash.navigation.itn.TripmasterTest
Mar 14, 2020 6:51:40 PM slash.common.type.CompactCalendar parseDate
SEVERE: Could not parse 'Cesson-SÃ©vignÃ© 09:03:23' with format 'dd/MM/yyyy HH:mm:ss'
Mar 14, 2020 6:51:40 PM slash.common.type.CompactCalendar parseDate
SEVERE: Could not parse 'Herrenberg 14:03:45' with format 'dd/MM/yyyy HH:mm:ss'
Mar 14, 2020 6:51:40 PM slash.common.type.CompactCalendar parseDate
SEVERE: Could not parse 'Herrenberg 14:03:45' with format 'dd/MM/yyyy HH:mm:ss'
[INFO] Tests run: 17, Failures: 0, Errors: 0, Skipped: 0, Time elapsed: 0.014 s - in slash.navigation.itn.TripmasterTest
[INFO] Running slash.navigation.itn.TTTracklogTest
[INFO] Tests run: 4, Failures: 0, Errors: 0, Skipped: 0, Time elapsed: 0 s - in slash.navigation.itn.TTTracklogTest
[INFO] Running slash.navigation.itn.LogposTest
[INFO] Tests run: 5, Failures: 0, Errors: 0, Skipped: 0, Time elapsed: 0 s - in slash.navigation.itn.LogposTest
[INFO] Running slash.navigation.mm.MagicMapsPthFormatTest
[INFO] Tests run: 3, Failures: 0, Errors: 0, Skipped: 0, Time elapsed: 0 s - in slash.navigation.mm.MagicMapsPthFormatTest
[INFO] Running slash.navigation.mm.MagicMaps2GoFormatTest
[INFO] Tests run: 2, Failures: 0, Errors: 0, Skipped: 0, Time elapsed: 0.001 s - in slash.navigation.mm.MagicMaps2GoFormatTest
[INFO] Running slash.navigation.bcr.MTP0809FormatTest
[INFO] Tests run: 2, Failures: 0, Errors: 0, Skipped: 0, Time elapsed: 0 s - in slash.navigation.bcr.MTP0809FormatTest
[INFO] Running slash.navigation.bcr.BcrRouteTest
[INFO] Tests run: 32, Failures: 0, Errors: 0, Skipped: 0, Time elapsed: 0.007 s - in slash.navigation.bcr.BcrRouteTest
[INFO] Running slash.navigation.bcr.MG2009IntranetTest
[INFO] Tests run: 1, Failures: 0, Errors: 0, Skipped: 0, Time elapsed: 0 s - in slash.navigation.bcr.MG2009IntranetTest
[INFO] Running slash.navigation.bcr.MTP0607FormatTest
[INFO] Tests run: 12, Failures: 0, Errors: 0, Skipped: 0, Time elapsed: 0.001 s - in slash.navigation.bcr.MTP0607FormatTest
[INFO] Running slash.navigation.csv.ExcelFormatTest
[INFO] Tests run: 1, Failures: 0, Errors: 0, Skipped: 0, Time elapsed: 0.155 s - in slash.navigation.csv.ExcelFormatTest
[INFO] Running slash.navigation.tour.TourFormatTest
[INFO] Tests run: 3, Failures: 0, Errors: 0, Skipped: 0, Time elapsed: 0.001 s - in slash.navigation.tour.TourFormatTest
[INFO] Running slash.navigation.url.UrlFormatTest
[INFO] Tests run: 4, Failures: 0, Errors: 0, Skipped: 0, Time elapsed: 0 s - in slash.navigation.url.UrlFormatTest
[INFO] Running slash.navigation.url.MotoPlanerUrlFormatTest
[INFO] Tests run: 3, Failures: 0, Errors: 0, Skipped: 0, Time elapsed: 0.001 s - in slash.navigation.url.MotoPlanerUrlFormatTest
[INFO] Running slash.navigation.url.GoogleMapsUrlFormatTest
[INFO] Tests run: 19, Failures: 0, Errors: 0, Skipped: 0, Time elapsed: 0.002 s - in slash.navigation.url.GoogleMapsUrlFormatTest
[INFO] Running slash.navigation.ovl.OvlFormatTest
[INFO] Tests run: 4, Failures: 0, Errors: 0, Skipped: 0, Time elapsed: 0 s - in slash.navigation.ovl.OvlFormatTest
[INFO] Running slash.navigation.tcx.TcxFormatTest
[INFO] Tests run: 1, Failures: 0, Errors: 0, Skipped: 0, Time elapsed: 0.001 s - in slash.navigation.tcx.TcxFormatTest
[INFO] Running slash.navigation.gopal.GoPalTrackFormatTest
[INFO] Tests run: 5, Failures: 0, Errors: 0, Skipped: 0, Time elapsed: 0 s - in slash.navigation.gopal.GoPalTrackFormatTest
[INFO] Running slash.navigation.copilot.CoPilotFormatTest
[INFO] Tests run: 3, Failures: 0, Errors: 0, Skipped: 0, Time elapsed: 0 s - in slash.navigation.copilot.CoPilotFormatTest
[INFO] 
[INFO] Results:
[INFO] 
[INFO] Tests run: 333, Failures: 0, Errors: 0, Skipped: 0
[INFO] 
[INFO] ------------------------------------------------------------------------
[INFO] BUILD SUCCESS
[INFO] ------------------------------------------------------------------------
[INFO] Total time: 50.118 s
[INFO] Finished at: 2020-03-14T18:51:41-07:00
[INFO] Final Memory: 29M/1121M
[INFO] ------------------------------------------------------------------------
